Namespace(dataset='CUB200', first_split_size=20, other_split_size=20, schedule=25, schedule_type='cosine', batch_size=64, optimizer='Adam', momentum=0.9, weight_decay=0, model_type='zoo', model_name='vit_pt_imnet', max_task=-1, dataroot='data', workers=4, validation=False, train_aug=True, rand_split=True, k_patches=3, alpha_cls=0.7, alpha_patch=0.45, use_layer_wise=True, gpuid=[0], log_dir='./checkpoints/CUB200-pa-apt-v2/seed2', learner_type='pa_apt_v2', learner_name='PA_APT_V2_Learner', debug_mode=0, repeat=1, overwrite=0, oracle_flag=False, upper_bound_flag=False, memory=0, temp=2.0, DW=False, prompt_param=['1', '1', '1'], seed=2, lr=0.02, ema_coeff=0.7, config='configs/cub200_pa_apt_v2.yaml')
************************************
* STARTING TRIAL 1
************************************
=============================================
Shuffling....seed is 2
pre-shuffle:[0, 1, 2, 3, 4, 5, 6, 7, 8, 9, 10, 11, 12, 13, 14, 15, 16, 17, 18, 19, 20, 21, 22, 23, 24, 25, 26, 27, 28, 29, 30, 31, 32, 33, 34, 35, 36, 37, 38, 39, 40, 41, 42, 43, 44, 45, 46, 47, 48, 49, 50, 51, 52, 53, 54, 55, 56, 57, 58, 59, 60, 61, 62, 63, 64, 65, 66, 67, 68, 69, 70, 71, 72, 73, 74, 75, 76, 77, 78, 79, 80, 81, 82, 83, 84, 85, 86, 87, 88, 89, 90, 91, 92, 93, 94, 95, 96, 97, 98, 99, 100, 101, 102, 103, 104, 105, 106, 107, 108, 109, 110, 111, 112, 113, 114, 115, 116, 117, 118, 119, 120, 121, 122, 123, 124, 125, 126, 127, 128, 129, 130, 131, 132, 133, 134, 135, 136, 137, 138, 139, 140, 141, 142, 143, 144, 145, 146, 147, 148, 149, 150, 151, 152, 153, 154, 155, 156, 157, 158, 159, 160, 161, 162, 163, 164, 165, 166, 167, 168, 169, 170, 171, 172, 173, 174, 175, 176, 177, 178, 179, 180, 181, 182, 183, 184, 185, 186, 187, 188, 189, 190, 191, 192, 193, 194, 195, 196, 197, 198, 199]
post-shuffle:[51, 94, 55, 35, 170, 177, 20, 85, 50, 36, 30, 76, 5, 136, 182, 82, 25, 169, 166, 178, 74, 53, 32, 184, 160, 179, 138, 140, 27, 12, 48, 57, 145, 28, 19, 162, 175, 121, 18, 72, 101, 69, 49, 115, 181, 15, 193, 37, 111, 0, 158, 33, 11, 47, 80, 126, 183, 16, 198, 91, 58, 70, 2, 67, 8, 199, 10, 3, 77, 22, 168, 96, 86, 4, 189, 88, 99, 31, 84, 17, 107, 123, 29, 103, 117, 161, 105, 73, 173, 13, 24, 1, 195, 185, 79, 87, 151, 65, 62, 26, 147, 144, 52, 75, 186, 159, 109, 66, 137, 191, 122, 133, 142, 38, 39, 61, 98, 157, 192, 129, 112, 197, 149, 194, 104, 152, 120, 56, 124, 132, 89, 141, 116, 146, 153, 176, 127, 71, 125, 63, 135, 118, 102, 41, 150, 154, 90, 172, 167, 106, 114, 46, 165, 131, 196, 156, 180, 34, 44, 83, 164, 6, 59, 60, 45, 143, 42, 134, 108, 97, 81, 119, 93, 7, 187, 68, 128, 113, 139, 95, 130, 100, 163, 110, 40, 174, 148, 9, 190, 54, 155, 64, 78, 171, 188, 43, 92, 21, 23, 14]
=============================================
*****************************************
====================== 1 =======================
Incremental class: Old valid output dimension: 0
Incremental class: New Valid output dimension: 20
/root/miniconda3/envs/apt/lib/python3.10/site-packages/torch/utils/data/dataloader.py:557: UserWarning: This DataLoader will create 4 worker processes in total. Our suggested max number of worker in current system is 3, which is smaller than what this DataLoader is going to create. Please be aware that excessive worker creation might get DataLoader running slow or even freeze, lower the worker number to avoid potential slowness/freeze if necessary.
  warnings.warn(_create_warning_msg(
Overwriting ...
/root/dl_project/Additive-Prompt-Tuning/learners/default.py:239: FutureWarning: You are using `torch.load` with `weights_only=False` (the current default value), which uses the default pickle module implicitly. It is possible to construct malicious pickle data which will execute arbitrary code during unpickling (See https://github.com/pytorch/pytorch/blob/main/SECURITY.md#untrusted-models for more details). In a future release, the default value for `weights_only` will be flipped to `True`. This limits the functions that could be executed during unpickling. Arbitrary objects will no longer be allowed to be loaded via this mode unless they are explicitly allowlisted by the user via `torch.serialization.add_safe_globals`. We recommend you start setting `weights_only=True` for any use case where you don't have full control of the loaded file. Please open an issue on GitHub for any issues related to this experimental feature.
  model_dict = torch.load(filename + 'class.pth')
Optimizer is reset!
*****************************************
LR: 0.02
Epoch:1/25
 * Loss 1.273 | Train Acc 67.188
LR: 0.02
Epoch:2/25
 * Loss 0.338 | Train Acc 87.695
LR: 0.01995803031515996
Epoch:3/25
 * Loss 0.199 | Train Acc 92.773
LR: 0.019832297406084384
Epoch:4/25
 * Loss 0.189 | Train Acc 94.727
LR: 0.01962332896983008
Epoch:5/25
 * Loss 0.209 | Train Acc 94.531
LR: 0.019332002040338147
Epoch:6/25
 * Loss 0.179 | Train Acc 94.141
LR: 0.01895953930755021
Epoch:7/25
 * Loss 0.171 | Train Acc 93.945
LR: 0.018507503985817242
Epoch:8/25
 * Loss 0.224 | Train Acc 93.555
LR: 0.017977793253138218
Epoch:9/25
 * Loss 0.171 | Train Acc 95.117
LR: 0.017372630288763825
Epoch:10/25
 * Loss 0.167 | Train Acc 94.727
LR: 0.016694554942583234
Epoch:11/25
 * Loss 0.178 | Train Acc 93.945
LR: 0.015946413075454142
Epoch:12/25
 * Loss 0.123 | Train Acc 96.289
LR: 0.015131344615214457
Epoch:13/25
 * Loss 0.190 | Train Acc 94.336
LR: 0.014252770378504108
Epoch:14/25
 * Loss 0.138 | Train Acc 96.289
LR: 0.013314377713705425
Epoch:15/25
 * Loss 0.142 | Train Acc 95.312
LR: 0.012320105025258196
Epoch:16/25
 * Loss 0.162 | Train Acc 93.945
LR: 0.011274125244300335
Epoch:17/25
 * Loss 0.117 | Train Acc 96.289
LR: 0.010180828315007424
Epoch:18/25
 * Loss 0.117 | Train Acc 95.898
LR: 0.009044802770135373
Epoch:19/25
 * Loss 0.089 | Train Acc 97.070
LR: 0.007870816473093028
Epoch:20/25
 * Loss 0.101 | Train Acc 97.656
LR: 0.00666379660736973
Epoch:21/25
 * Loss 0.110 | Train Acc 96.289
LR: 0.005428808997301486
Epoch:22/25
 * Loss 0.132 | Train Acc 96.289
LR: 0.004171036846965889
Epoch:23/25
 * Loss 0.127 | Train Acc 96.094
LR: 0.0028957589864379565
Epoch:24/25
 * Loss 0.124 | Train Acc 97.070
LR: 0.0016083277167066668
Epoch:25/25
 * Loss 0.112 | Train Acc 96.680
=> Saving class model to: ./checkpoints/CUB200-pa-apt-v2/seed2/models/repeat-1/task-1/
=> Save Done
validation split name: 1 local = False
 * Val Acc 98.438, Total time 2.35
====================== 2 =======================
Incremental class: Old valid output dimension: 20
Incremental class: New Valid output dimension: 40
Overwriting ...
Optimizer is reset!
*****************************************
LR: 0.02
Epoch:1/25
 * Loss 1.053 | Train Acc 73.047
LR: 0.02
Epoch:2/25
 * Loss 0.246 | Train Acc 92.383
LR: 0.01995803031515996
Epoch:3/25
 * Loss 0.212 | Train Acc 93.555
LR: 0.019832297406084384
Epoch:4/25
 * Loss 0.160 | Train Acc 94.727
LR: 0.01962332896983008
Epoch:5/25
 * Loss 0.163 | Train Acc 94.727
LR: 0.019332002040338147
Epoch:6/25
 * Loss 0.146 | Train Acc 95.312
LR: 0.01895953930755021
Epoch:7/25
 * Loss 0.201 | Train Acc 94.336
LR: 0.018507503985817242
Epoch:8/25
 * Loss 0.173 | Train Acc 94.727
LR: 0.017977793253138218
Epoch:9/25
 * Loss 0.108 | Train Acc 96.875
LR: 0.017372630288763825
Epoch:10/25
 * Loss 0.118 | Train Acc 97.266
LR: 0.016694554942583234
Epoch:11/25
 * Loss 0.160 | Train Acc 95.117
LR: 0.015946413075454142
Epoch:12/25
 * Loss 0.138 | Train Acc 96.680
LR: 0.015131344615214457
Epoch:13/25
 * Loss 0.089 | Train Acc 97.070
LR: 0.014252770378504108
Epoch:14/25
 * Loss 0.101 | Train Acc 96.875
LR: 0.013314377713705425
Epoch:15/25
 * Loss 0.111 | Train Acc 97.070
LR: 0.012320105025258196
Epoch:16/25
 * Loss 0.086 | Train Acc 97.656
LR: 0.011274125244300335
Epoch:17/25
 * Loss 0.101 | Train Acc 97.070
LR: 0.010180828315007424
Epoch:18/25
 * Loss 0.073 | Train Acc 98.438
LR: 0.009044802770135373
Epoch:19/25
 * Loss 0.121 | Train Acc 95.508
LR: 0.007870816473093028
Epoch:20/25
 * Loss 0.098 | Train Acc 96.875
LR: 0.00666379660736973
Epoch:21/25
 * Loss 0.093 | Train Acc 97.070
LR: 0.005428808997301486
Epoch:22/25
 * Loss 0.093 | Train Acc 97.461
LR: 0.004171036846965889
Epoch:23/25
 * Loss 0.111 | Train Acc 97.070
LR: 0.0028957589864379565
Epoch:24/25
 * Loss 0.087 | Train Acc 97.266
LR: 0.0016083277167066668
Epoch:25/25
 * Loss 0.098 | Train Acc 97.266
Merging prompt ... 
Applied Selective PPF: alpha_cls=0.7, alpha_patch=0.5
=> Saving class model to: ./checkpoints/CUB200-pa-apt-v2/seed2/models/repeat-1/task-2/
=> Save Done
validation split name: 1 local = False
 * Val Acc 92.361, Total time 2.36
validation split name: 2 local = False
 * Val Acc 97.266, Total time 2.06
====================== 3 =======================
Incremental class: Old valid output dimension: 40
Incremental class: New Valid output dimension: 60
Overwriting ...
Optimizer is reset!
*****************************************
LR: 0.02
Epoch:1/25
 * Loss 0.982 | Train Acc 74.023
LR: 0.02
Epoch:2/25
 * Loss 0.283 | Train Acc 91.016
LR: 0.01995803031515996
Epoch:3/25
 * Loss 0.206 | Train Acc 94.727
LR: 0.019832297406084384
Epoch:4/25
 * Loss 0.226 | Train Acc 92.383
LR: 0.01962332896983008
Epoch:5/25
 * Loss 0.160 | Train Acc 94.922
LR: 0.019332002040338147
Epoch:6/25
 * Loss 0.160 | Train Acc 94.727
LR: 0.01895953930755021
Epoch:7/25
 * Loss 0.148 | Train Acc 95.117
LR: 0.018507503985817242
Epoch:8/25
 * Loss 0.130 | Train Acc 96.094
LR: 0.017977793253138218
Epoch:9/25
 * Loss 0.142 | Train Acc 96.680
LR: 0.017372630288763825
Epoch:10/25
 * Loss 0.094 | Train Acc 96.875
LR: 0.016694554942583234
Epoch:11/25
 * Loss 0.164 | Train Acc 95.898
LR: 0.015946413075454142
Epoch:12/25
 * Loss 0.173 | Train Acc 95.508
LR: 0.015131344615214457
Epoch:13/25
 * Loss 0.135 | Train Acc 96.094
LR: 0.014252770378504108
Epoch:14/25
 * Loss 0.106 | Train Acc 96.484
LR: 0.013314377713705425
Epoch:15/25
 * Loss 0.097 | Train Acc 96.875
LR: 0.012320105025258196
Epoch:16/25
 * Loss 0.104 | Train Acc 95.898
LR: 0.011274125244300335
Epoch:17/25
 * Loss 0.109 | Train Acc 96.094
LR: 0.010180828315007424
Epoch:18/25
 * Loss 0.091 | Train Acc 98.047
LR: 0.009044802770135373
Epoch:19/25
 * Loss 0.117 | Train Acc 96.680
LR: 0.007870816473093028
Epoch:20/25
 * Loss 0.102 | Train Acc 97.070
LR: 0.00666379660736973
Epoch:21/25
 * Loss 0.076 | Train Acc 98.438
LR: 0.005428808997301486
Epoch:22/25
 * Loss 0.133 | Train Acc 96.484
LR: 0.004171036846965889
Epoch:23/25
 * Loss 0.117 | Train Acc 96.875
LR: 0.0028957589864379565
Epoch:24/25
 * Loss 0.126 | Train Acc 95.898
LR: 0.0016083277167066668
Epoch:25/25
 * Loss 0.122 | Train Acc 96.289
Merging prompt ... 
Applied Selective PPF: alpha_cls=0.7, alpha_patch=0.5
=> Saving class model to: ./checkpoints/CUB200-pa-apt-v2/seed2/models/repeat-1/task-3/
=> Save Done
validation split name: 1 local = False
 * Val Acc 91.840, Total time 2.40
validation split name: 2 local = False
 * Val Acc 93.945, Total time 2.05
validation split name: 3 local = False
 * Val Acc 90.039, Total time 2.10
====================== 4 =======================
Incremental class: Old valid output dimension: 60
Incremental class: New Valid output dimension: 80
Overwriting ...
Optimizer is reset!
*****************************************
LR: 0.02
Epoch:1/25
 * Loss 0.855 | Train Acc 77.148
LR: 0.02
Epoch:2/25
 * Loss 0.211 | Train Acc 93.750
LR: 0.01995803031515996
Epoch:3/25
 * Loss 0.172 | Train Acc 94.727
LR: 0.019832297406084384
Epoch:4/25
 * Loss 0.184 | Train Acc 94.727
LR: 0.01962332896983008
Epoch:5/25
 * Loss 0.149 | Train Acc 95.898
LR: 0.019332002040338147
Epoch:6/25
 * Loss 0.190 | Train Acc 94.336
LR: 0.01895953930755021
Epoch:7/25
 * Loss 0.146 | Train Acc 95.508
LR: 0.018507503985817242
Epoch:8/25
 * Loss 0.128 | Train Acc 96.484
LR: 0.017977793253138218
Epoch:9/25
 * Loss 0.089 | Train Acc 98.047
LR: 0.017372630288763825
Epoch:10/25
 * Loss 0.144 | Train Acc 95.508
LR: 0.016694554942583234
Epoch:11/25
 * Loss 0.108 | Train Acc 97.070
LR: 0.015946413075454142
Epoch:12/25
 * Loss 0.114 | Train Acc 96.680
LR: 0.015131344615214457
Epoch:13/25
 * Loss 0.111 | Train Acc 95.703
LR: 0.014252770378504108
Epoch:14/25
 * Loss 0.113 | Train Acc 96.484
LR: 0.013314377713705425
Epoch:15/25
 * Loss 0.148 | Train Acc 95.898
LR: 0.012320105025258196
Epoch:16/25
 * Loss 0.119 | Train Acc 96.484
LR: 0.011274125244300335
Epoch:17/25
 * Loss 0.091 | Train Acc 97.266
LR: 0.010180828315007424
Epoch:18/25
 * Loss 0.086 | Train Acc 97.656
LR: 0.009044802770135373
Epoch:19/25
 * Loss 0.070 | Train Acc 98.438
LR: 0.007870816473093028
Epoch:20/25
 * Loss 0.066 | Train Acc 98.047
LR: 0.00666379660736973
Epoch:21/25
 * Loss 0.110 | Train Acc 96.289
LR: 0.005428808997301486
Epoch:22/25
 * Loss 0.102 | Train Acc 97.070
LR: 0.004171036846965889
Epoch:23/25
 * Loss 0.062 | Train Acc 98.047
LR: 0.0028957589864379565
Epoch:24/25
 * Loss 0.078 | Train Acc 97.461
LR: 0.0016083277167066668
Epoch:25/25
 * Loss 0.073 | Train Acc 97.656
Merging prompt ... 
Applied Selective PPF: alpha_cls=0.7, alpha_patch=0.5
=> Saving class model to: ./checkpoints/CUB200-pa-apt-v2/seed2/models/repeat-1/task-4/
=> Save Done
validation split name: 1 local = False
 * Val Acc 90.451, Total time 2.44
validation split name: 2 local = False
 * Val Acc 92.969, Total time 2.03
validation split name: 3 local = False
 * Val Acc 90.430, Total time 2.13
validation split name: 4 local = False
 * Val Acc 88.281, Total time 2.10
====================== 5 =======================
Incremental class: Old valid output dimension: 80
Incremental class: New Valid output dimension: 100
Overwriting ...
Optimizer is reset!
*****************************************
LR: 0.02
Epoch:1/25
 * Loss 0.868 | Train Acc 75.391
LR: 0.02
Epoch:2/25
 * Loss 0.230 | Train Acc 91.992
LR: 0.01995803031515996
Epoch:3/25
 * Loss 0.217 | Train Acc 92.969
LR: 0.019832297406084384
Epoch:4/25
 * Loss 0.163 | Train Acc 94.727
LR: 0.01962332896983008
Epoch:5/25
 * Loss 0.181 | Train Acc 94.531
LR: 0.019332002040338147
Epoch:6/25
 * Loss 0.151 | Train Acc 95.312
LR: 0.01895953930755021
Epoch:7/25
 * Loss 0.142 | Train Acc 96.484
LR: 0.018507503985817242
Epoch:8/25
 * Loss 0.148 | Train Acc 95.312
LR: 0.017977793253138218
Epoch:9/25
 * Loss 0.132 | Train Acc 95.898
LR: 0.017372630288763825
Epoch:10/25
 * Loss 0.153 | Train Acc 95.508
LR: 0.016694554942583234
Epoch:11/25
 * Loss 0.126 | Train Acc 96.875
LR: 0.015946413075454142
Epoch:12/25
 * Loss 0.104 | Train Acc 97.070
LR: 0.015131344615214457
Epoch:13/25
 * Loss 0.161 | Train Acc 96.094
LR: 0.014252770378504108
Epoch:14/25
 * Loss 0.126 | Train Acc 96.680
LR: 0.013314377713705425
Epoch:15/25
 * Loss 0.093 | Train Acc 98.242
LR: 0.012320105025258196
Epoch:16/25
 * Loss 0.071 | Train Acc 98.633
LR: 0.011274125244300335
Epoch:17/25
 * Loss 0.120 | Train Acc 96.289
LR: 0.010180828315007424
Epoch:18/25
 * Loss 0.103 | Train Acc 97.852
LR: 0.009044802770135373
Epoch:19/25
 * Loss 0.052 | Train Acc 98.828
LR: 0.007870816473093028
Epoch:20/25
 * Loss 0.085 | Train Acc 97.852
LR: 0.00666379660736973
Epoch:21/25
 * Loss 0.103 | Train Acc 98.047
LR: 0.005428808997301486
Epoch:22/25
 * Loss 0.111 | Train Acc 96.484
LR: 0.004171036846965889
Epoch:23/25
 * Loss 0.127 | Train Acc 96.484
LR: 0.0028957589864379565
Epoch:24/25
 * Loss 0.072 | Train Acc 98.242
LR: 0.0016083277167066668
Epoch:25/25
 * Loss 0.089 | Train Acc 97.656
Merging prompt ... 
Applied Selective PPF: alpha_cls=0.7, alpha_patch=0.5
=> Saving class model to: ./checkpoints/CUB200-pa-apt-v2/seed2/models/repeat-1/task-5/
=> Save Done
validation split name: 1 local = False
 * Val Acc 87.326, Total time 2.50
validation split name: 2 local = False
 * Val Acc 90.820, Total time 2.05
validation split name: 3 local = False
 * Val Acc 87.109, Total time 2.17
validation split name: 4 local = False
 * Val Acc 85.352, Total time 2.14
validation split name: 5 local = False
 * Val Acc 78.320, Total time 2.13
====================== 6 =======================
Incremental class: Old valid output dimension: 100
Incremental class: New Valid output dimension: 120
Overwriting ...
Optimizer is reset!
*****************************************
LR: 0.02
Epoch:1/25
 * Loss 0.862 | Train Acc 73.633
LR: 0.02
Epoch:2/25
 * Loss 0.322 | Train Acc 90.039
LR: 0.01995803031515996
Epoch:3/25
 * Loss 0.328 | Train Acc 89.453
LR: 0.019832297406084384
Epoch:4/25
 * Loss 0.236 | Train Acc 91.992
LR: 0.01962332896983008
Epoch:5/25
 * Loss 0.234 | Train Acc 92.969
LR: 0.019332002040338147
Epoch:6/25
 * Loss 0.248 | Train Acc 92.773
LR: 0.01895953930755021
Epoch:7/25
 * Loss 0.158 | Train Acc 95.117
LR: 0.018507503985817242
Epoch:8/25
 * Loss 0.213 | Train Acc 93.164
LR: 0.017977793253138218
Epoch:9/25
 * Loss 0.198 | Train Acc 93.750
LR: 0.017372630288763825
Epoch:10/25
 * Loss 0.171 | Train Acc 95.117
LR: 0.016694554942583234
Epoch:11/25
 * Loss 0.167 | Train Acc 94.141
LR: 0.015946413075454142
Epoch:12/25
 * Loss 0.153 | Train Acc 94.727
LR: 0.015131344615214457
Epoch:13/25
 * Loss 0.128 | Train Acc 95.898
LR: 0.014252770378504108
Epoch:14/25
 * Loss 0.184 | Train Acc 94.336
LR: 0.013314377713705425
Epoch:15/25
 * Loss 0.172 | Train Acc 94.922
LR: 0.012320105025258196
Epoch:16/25
 * Loss 0.113 | Train Acc 97.070
LR: 0.011274125244300335
Epoch:17/25
 * Loss 0.126 | Train Acc 96.289
LR: 0.010180828315007424
Epoch:18/25
 * Loss 0.131 | Train Acc 96.289
LR: 0.009044802770135373
Epoch:19/25
 * Loss 0.128 | Train Acc 96.680
LR: 0.007870816473093028
Epoch:20/25
 * Loss 0.098 | Train Acc 97.852
LR: 0.00666379660736973
Epoch:21/25
 * Loss 0.167 | Train Acc 95.312
LR: 0.005428808997301486
Epoch:22/25
 * Loss 0.124 | Train Acc 95.898
LR: 0.004171036846965889
Epoch:23/25
 * Loss 0.156 | Train Acc 95.312
LR: 0.0028957589864379565
Epoch:24/25
 * Loss 0.124 | Train Acc 96.094
LR: 0.0016083277167066668
Epoch:25/25
 * Loss 0.172 | Train Acc 93.555
Merging prompt ... 
Applied Selective PPF: alpha_cls=0.7, alpha_patch=0.5
=> Saving class model to: ./checkpoints/CUB200-pa-apt-v2/seed2/models/repeat-1/task-6/
=> Save Done
validation split name: 1 local = False
 * Val Acc 87.500, Total time 2.26
validation split name: 2 local = False
 * Val Acc 90.039, Total time 2.11
validation split name: 3 local = False
 * Val Acc 86.523, Total time 2.16
validation split name: 4 local = False
 * Val Acc 84.961, Total time 2.16
validation split name: 5 local = False
 * Val Acc 74.609, Total time 2.22
validation split name: 6 local = False
 * Val Acc 79.688, Total time 2.40
====================== 7 =======================
Incremental class: Old valid output dimension: 120
Incremental class: New Valid output dimension: 140
Overwriting ...
Optimizer is reset!
*****************************************
LR: 0.02
Epoch:1/25
 * Loss 1.152 | Train Acc 67.578
LR: 0.02
Epoch:2/25
 * Loss 0.322 | Train Acc 89.258
LR: 0.01995803031515996
Epoch:3/25
 * Loss 0.227 | Train Acc 92.969
LR: 0.019832297406084384
Epoch:4/25
 * Loss 0.216 | Train Acc 93.164
LR: 0.01962332896983008
Epoch:5/25
 * Loss 0.207 | Train Acc 93.750
LR: 0.019332002040338147
Epoch:6/25
 * Loss 0.162 | Train Acc 95.312
LR: 0.01895953930755021
Epoch:7/25
 * Loss 0.179 | Train Acc 95.117
LR: 0.018507503985817242
Epoch:8/25
 * Loss 0.172 | Train Acc 93.750
LR: 0.017977793253138218
Epoch:9/25
 * Loss 0.194 | Train Acc 93.555
LR: 0.017372630288763825
Epoch:10/25
 * Loss 0.139 | Train Acc 96.680
LR: 0.016694554942583234
Epoch:11/25
 * Loss 0.141 | Train Acc 96.094
LR: 0.015946413075454142
Epoch:12/25
 * Loss 0.140 | Train Acc 96.094
LR: 0.015131344615214457
Epoch:13/25
 * Loss 0.145 | Train Acc 95.312
LR: 0.014252770378504108
Epoch:14/25
 * Loss 0.117 | Train Acc 96.680
LR: 0.013314377713705425
Epoch:15/25
 * Loss 0.134 | Train Acc 95.508
LR: 0.012320105025258196
Epoch:16/25
 * Loss 0.140 | Train Acc 96.289
LR: 0.011274125244300335
Epoch:17/25
 * Loss 0.127 | Train Acc 96.094
LR: 0.010180828315007424
Epoch:18/25
 * Loss 0.120 | Train Acc 96.094
LR: 0.009044802770135373
Epoch:19/25
 * Loss 0.116 | Train Acc 96.680
LR: 0.007870816473093028
Epoch:20/25
 * Loss 0.078 | Train Acc 98.047
LR: 0.00666379660736973
Epoch:21/25
 * Loss 0.102 | Train Acc 96.875
LR: 0.005428808997301486
Epoch:22/25
 * Loss 0.129 | Train Acc 96.680
LR: 0.004171036846965889
Epoch:23/25
 * Loss 0.097 | Train Acc 97.461
LR: 0.0028957589864379565
Epoch:24/25
 * Loss 0.101 | Train Acc 96.484
LR: 0.0016083277167066668
Epoch:25/25
 * Loss 0.142 | Train Acc 96.094
Merging prompt ... 
Applied Selective PPF: alpha_cls=0.7, alpha_patch=0.5
=> Saving class model to: ./checkpoints/CUB200-pa-apt-v2/seed2/models/repeat-1/task-7/
=> Save Done
validation split name: 1 local = False
 * Val Acc 87.153, Total time 2.39
validation split name: 2 local = False
 * Val Acc 87.891, Total time 2.22
validation split name: 3 local = False
 * Val Acc 83.203, Total time 2.16
validation split name: 4 local = False
 * Val Acc 85.156, Total time 2.16
validation split name: 5 local = False
 * Val Acc 75.391, Total time 2.18
validation split name: 6 local = False
 * Val Acc 78.472, Total time 2.35
validation split name: 7 local = False
 * Val Acc 77.778, Total time 2.38
====================== 8 =======================
Incremental class: Old valid output dimension: 140
Incremental class: New Valid output dimension: 160
Overwriting ...
Optimizer is reset!
*****************************************
LR: 0.02
Epoch:1/25
 * Loss 1.015 | Train Acc 73.828
LR: 0.02
Epoch:2/25
 * Loss 0.352 | Train Acc 89.648
LR: 0.01995803031515996
Epoch:3/25
 * Loss 0.284 | Train Acc 90.820
LR: 0.019832297406084384
Epoch:4/25
 * Loss 0.214 | Train Acc 93.359
LR: 0.01962332896983008
Epoch:5/25
 * Loss 0.204 | Train Acc 94.141
LR: 0.019332002040338147
Epoch:6/25
 * Loss 0.206 | Train Acc 93.359
LR: 0.01895953930755021
Epoch:7/25
 * Loss 0.162 | Train Acc 94.531
LR: 0.018507503985817242
Epoch:8/25
 * Loss 0.174 | Train Acc 94.531
LR: 0.017977793253138218
Epoch:9/25
 * Loss 0.156 | Train Acc 94.922
LR: 0.017372630288763825
Epoch:10/25
 * Loss 0.153 | Train Acc 95.508
LR: 0.016694554942583234
Epoch:11/25
 * Loss 0.220 | Train Acc 93.359
LR: 0.015946413075454142
Epoch:12/25
 * Loss 0.130 | Train Acc 96.484
LR: 0.015131344615214457
Epoch:13/25
 * Loss 0.156 | Train Acc 95.312
LR: 0.014252770378504108
Epoch:14/25
 * Loss 0.179 | Train Acc 93.945
LR: 0.013314377713705425
Epoch:15/25
 * Loss 0.126 | Train Acc 96.484
LR: 0.012320105025258196
Epoch:16/25
 * Loss 0.113 | Train Acc 96.484
LR: 0.011274125244300335
Epoch:17/25
 * Loss 0.139 | Train Acc 95.117
LR: 0.010180828315007424
Epoch:18/25
 * Loss 0.177 | Train Acc 95.312
LR: 0.009044802770135373
Epoch:19/25
 * Loss 0.149 | Train Acc 95.898
LR: 0.007870816473093028
Epoch:20/25
 * Loss 0.143 | Train Acc 95.312
LR: 0.00666379660736973
Epoch:21/25
 * Loss 0.118 | Train Acc 96.289
LR: 0.005428808997301486
Epoch:22/25
 * Loss 0.154 | Train Acc 94.727
LR: 0.004171036846965889
Epoch:23/25
 * Loss 0.112 | Train Acc 97.070
LR: 0.0028957589864379565
Epoch:24/25
 * Loss 0.077 | Train Acc 97.656
LR: 0.0016083277167066668
Epoch:25/25
 * Loss 0.142 | Train Acc 96.289
Merging prompt ... 
Applied Selective PPF: alpha_cls=0.7, alpha_patch=0.5
=> Saving class model to: ./checkpoints/CUB200-pa-apt-v2/seed2/models/repeat-1/task-8/
=> Save Done
validation split name: 1 local = False
 * Val Acc 85.417, Total time 2.34
validation split name: 2 local = False
 * Val Acc 87.305, Total time 2.06
validation split name: 3 local = False
 * Val Acc 83.398, Total time 2.58
validation split name: 4 local = False
 * Val Acc 85.156, Total time 2.18
validation split name: 5 local = False
 * Val Acc 74.609, Total time 2.12
validation split name: 6 local = False
 * Val Acc 78.299, Total time 2.37
validation split name: 7 local = False
 * Val Acc 76.910, Total time 2.28
validation split name: 8 local = False
 * Val Acc 83.160, Total time 2.37
====================== 9 =======================
Incremental class: Old valid output dimension: 160
Incremental class: New Valid output dimension: 180
Overwriting ...
Optimizer is reset!
*****************************************
LR: 0.02
Epoch:1/25
 * Loss 0.977 | Train Acc 72.461
LR: 0.02
Epoch:2/25
 * Loss 0.195 | Train Acc 93.750
LR: 0.01995803031515996
Epoch:3/25
 * Loss 0.255 | Train Acc 91.797
LR: 0.019832297406084384
Epoch:4/25
 * Loss 0.187 | Train Acc 94.336
LR: 0.01962332896983008
Epoch:5/25
 * Loss 0.189 | Train Acc 93.359
LR: 0.019332002040338147
Epoch:6/25
 * Loss 0.158 | Train Acc 94.336
LR: 0.01895953930755021
Epoch:7/25
 * Loss 0.144 | Train Acc 94.531
LR: 0.018507503985817242
Epoch:8/25
 * Loss 0.124 | Train Acc 96.289
LR: 0.017977793253138218
Epoch:9/25
 * Loss 0.125 | Train Acc 95.508
LR: 0.017372630288763825
Epoch:10/25
 * Loss 0.141 | Train Acc 95.508
LR: 0.016694554942583234
Epoch:11/25
 * Loss 0.114 | Train Acc 96.875
LR: 0.015946413075454142
Epoch:12/25
 * Loss 0.104 | Train Acc 97.070
LR: 0.015131344615214457
Epoch:13/25
 * Loss 0.120 | Train Acc 96.484
LR: 0.014252770378504108
Epoch:14/25
 * Loss 0.170 | Train Acc 95.898
LR: 0.013314377713705425
Epoch:15/25
 * Loss 0.088 | Train Acc 97.070
LR: 0.012320105025258196
Epoch:16/25
 * Loss 0.103 | Train Acc 97.070
LR: 0.011274125244300335
Epoch:17/25
 * Loss 0.097 | Train Acc 97.070
LR: 0.010180828315007424
Epoch:18/25
 * Loss 0.140 | Train Acc 95.703
LR: 0.009044802770135373
Epoch:19/25
 * Loss 0.118 | Train Acc 96.680
LR: 0.007870816473093028
Epoch:20/25
 * Loss 0.099 | Train Acc 97.461
LR: 0.00666379660736973
Epoch:21/25
 * Loss 0.085 | Train Acc 97.461
LR: 0.005428808997301486
Epoch:22/25
 * Loss 0.120 | Train Acc 96.680
LR: 0.004171036846965889
Epoch:23/25
 * Loss 0.080 | Train Acc 97.852
LR: 0.0028957589864379565
Epoch:24/25
 * Loss 0.091 | Train Acc 97.461
LR: 0.0016083277167066668
Epoch:25/25
 * Loss 0.076 | Train Acc 98.047
Merging prompt ... 
Applied Selective PPF: alpha_cls=0.7, alpha_patch=0.5
=> Saving class model to: ./checkpoints/CUB200-pa-apt-v2/seed2/models/repeat-1/task-9/
=> Save Done
validation split name: 1 local = False
 * Val Acc 84.201, Total time 2.31
validation split name: 2 local = False
 * Val Acc 86.328, Total time 2.18
validation split name: 3 local = False
 * Val Acc 77.344, Total time 2.29
validation split name: 4 local = False
 * Val Acc 82.617, Total time 2.08
validation split name: 5 local = False
 * Val Acc 74.023, Total time 2.24
validation split name: 6 local = False
 * Val Acc 76.389, Total time 2.23
validation split name: 7 local = False
 * Val Acc 75.347, Total time 2.41
validation split name: 8 local = False
 * Val Acc 81.597, Total time 2.26
validation split name: 9 local = False
 * Val Acc 77.344, Total time 2.15
====================== 10 =======================
Incremental class: Old valid output dimension: 180
Incremental class: New Valid output dimension: 200
Overwriting ...
Optimizer is reset!
*****************************************
LR: 0.02
Epoch:1/25
 * Loss 0.947 | Train Acc 74.414
LR: 0.02
Epoch:2/25
 * Loss 0.310 | Train Acc 90.820
LR: 0.01995803031515996
Epoch:3/25
 * Loss 0.224 | Train Acc 93.555
LR: 0.019832297406084384
Epoch:4/25
 * Loss 0.240 | Train Acc 92.578
LR: 0.01962332896983008
Epoch:5/25
 * Loss 0.163 | Train Acc 94.727
LR: 0.019332002040338147
Epoch:6/25
 * Loss 0.183 | Train Acc 93.750
LR: 0.01895953930755021
Epoch:7/25
 * Loss 0.150 | Train Acc 95.312
LR: 0.018507503985817242
Epoch:8/25
 * Loss 0.170 | Train Acc 95.898
LR: 0.017977793253138218
Epoch:9/25
 * Loss 0.152 | Train Acc 95.508
LR: 0.017372630288763825
Epoch:10/25
 * Loss 0.140 | Train Acc 95.898
LR: 0.016694554942583234
Epoch:11/25
 * Loss 0.157 | Train Acc 94.922
LR: 0.015946413075454142
Epoch:12/25
 * Loss 0.127 | Train Acc 97.070
LR: 0.015131344615214457
Epoch:13/25
 * Loss 0.082 | Train Acc 97.461
LR: 0.014252770378504108
Epoch:14/25
 * Loss 0.137 | Train Acc 96.094
LR: 0.013314377713705425
Epoch:15/25
 * Loss 0.163 | Train Acc 95.703
LR: 0.012320105025258196
Epoch:16/25
 * Loss 0.105 | Train Acc 96.289
LR: 0.011274125244300335
Epoch:17/25
 * Loss 0.122 | Train Acc 95.898
LR: 0.010180828315007424
Epoch:18/25
 * Loss 0.123 | Train Acc 96.875
LR: 0.009044802770135373
Epoch:19/25
 * Loss 0.133 | Train Acc 96.680
LR: 0.007870816473093028
Epoch:20/25
 * Loss 0.138 | Train Acc 95.703
LR: 0.00666379660736973
Epoch:21/25
 * Loss 0.126 | Train Acc 96.484
LR: 0.005428808997301486
Epoch:22/25
 * Loss 0.102 | Train Acc 97.070
LR: 0.004171036846965889
Epoch:23/25
 * Loss 0.099 | Train Acc 97.852
LR: 0.0028957589864379565
Epoch:24/25
 * Loss 0.082 | Train Acc 97.852
LR: 0.0016083277167066668
Epoch:25/25
 * Loss 0.123 | Train Acc 96.680
Merging prompt ... 
Applied Selective PPF: alpha_cls=0.7, alpha_patch=0.5
=> Saving class model to: ./checkpoints/CUB200-pa-apt-v2/seed2/models/repeat-1/task-10/
=> Save Done
validation split name: 1 local = False
 * Val Acc 82.465, Total time 2.36
validation split name: 2 local = False
 * Val Acc 85.742, Total time 2.12
validation split name: 3 local = False
 * Val Acc 76.562, Total time 2.51
validation split name: 4 local = False
 * Val Acc 81.641, Total time 2.28
validation split name: 5 local = False
 * Val Acc 73.242, Total time 2.19
validation split name: 6 local = False
 * Val Acc 75.694, Total time 2.30
validation split name: 7 local = False
 * Val Acc 72.569, Total time 2.30
validation split name: 8 local = False
 * Val Acc 80.729, Total time 2.23
validation split name: 9 local = False
 * Val Acc 73.828, Total time 2.16
validation split name: 10 local = False
 * Val Acc 79.340, Total time 2.36
*****************************************
Incremental class: Old valid output dimension: 0
Incremental class: New Valid output dimension: 20
=> Load Done
===global validation====
test task 1, using model 1
validation split name: 1 local = False
 * Val Acc 98.438, Total time 2.47
Incremental class: Old valid output dimension: 20
Incremental class: New Valid output dimension: 40
=> Load Done
===global validation====
test task 1, using model 2
validation split name: 1 local = False
 * Val Acc 92.361, Total time 2.37
test task 2, using model 2
validation split name: 2 local = False
 * Val Acc 97.266, Total time 2.30
Incremental class: Old valid output dimension: 40
Incremental class: New Valid output dimension: 60
=> Load Done
===global validation====
test task 1, using model 3
validation split name: 1 local = False
 * Val Acc 91.840, Total time 2.40
test task 2, using model 3
validation split name: 2 local = False
 * Val Acc 93.945, Total time 2.20
test task 3, using model 3
validation split name: 3 local = False
 * Val Acc 90.039, Total time 2.29
Incremental class: Old valid output dimension: 60
Incremental class: New Valid output dimension: 80
=> Load Done
===global validation====
test task 1, using model 4
validation split name: 1 local = False
 * Val Acc 90.451, Total time 2.44
test task 2, using model 4
validation split name: 2 local = False
 * Val Acc 92.969, Total time 2.23
test task 3, using model 4
validation split name: 3 local = False
 * Val Acc 90.430, Total time 2.18
test task 4, using model 4
validation split name: 4 local = False
 * Val Acc 88.281, Total time 2.19
Incremental class: Old valid output dimension: 80
Incremental class: New Valid output dimension: 100
=> Load Done
===global validation====
test task 1, using model 5
validation split name: 1 local = False
 * Val Acc 87.326, Total time 2.47
test task 2, using model 5
validation split name: 2 local = False
 * Val Acc 90.820, Total time 2.27
test task 3, using model 5
validation split name: 3 local = False
 * Val Acc 87.109, Total time 2.24
test task 4, using model 5
validation split name: 4 local = False
 * Val Acc 85.352, Total time 2.22
test task 5, using model 5
validation split name: 5 local = False
 * Val Acc 78.320, Total time 2.21
Incremental class: Old valid output dimension: 100
Incremental class: New Valid output dimension: 120
=> Load Done
===global validation====
test task 1, using model 6
validation split name: 1 local = False
 * Val Acc 87.500, Total time 2.43
test task 2, using model 6
validation split name: 2 local = False
 * Val Acc 90.039, Total time 2.17
test task 3, using model 6
validation split name: 3 local = False
 * Val Acc 86.523, Total time 2.39
test task 4, using model 6
validation split name: 4 local = False
 * Val Acc 84.961, Total time 2.21
test task 5, using model 6
validation split name: 5 local = False
 * Val Acc 74.609, Total time 2.12
test task 6, using model 6
validation split name: 6 local = False
 * Val Acc 79.688, Total time 2.48
Incremental class: Old valid output dimension: 120
Incremental class: New Valid output dimension: 140
=> Load Done
===global validation====
test task 1, using model 7
validation split name: 1 local = False
 * Val Acc 87.153, Total time 2.45
test task 2, using model 7
validation split name: 2 local = False
 * Val Acc 87.891, Total time 2.19
test task 3, using model 7
validation split name: 3 local = False
 * Val Acc 83.203, Total time 2.36
test task 4, using model 7
validation split name: 4 local = False
 * Val Acc 85.156, Total time 2.23
test task 5, using model 7
validation split name: 5 local = False
 * Val Acc 75.391, Total time 2.17
test task 6, using model 7
validation split name: 6 local = False
 * Val Acc 78.472, Total time 2.45
test task 7, using model 7
validation split name: 7 local = False
 * Val Acc 77.778, Total time 2.35
Incremental class: Old valid output dimension: 140
Incremental class: New Valid output dimension: 160
=> Load Done
===global validation====
test task 1, using model 8
validation split name: 1 local = False
 * Val Acc 85.417, Total time 2.43
test task 2, using model 8
validation split name: 2 local = False
 * Val Acc 87.305, Total time 2.28
test task 3, using model 8
validation split name: 3 local = False
 * Val Acc 83.398, Total time 2.32
test task 4, using model 8
validation split name: 4 local = False
 * Val Acc 85.156, Total time 2.27
test task 5, using model 8
validation split name: 5 local = False
 * Val Acc 74.609, Total time 2.26
test task 6, using model 8
validation split name: 6 local = False
 * Val Acc 78.299, Total time 2.48
test task 7, using model 8
validation split name: 7 local = False
 * Val Acc 76.910, Total time 2.48
test task 8, using model 8
validation split name: 8 local = False
 * Val Acc 83.160, Total time 2.39
Incremental class: Old valid output dimension: 160
Incremental class: New Valid output dimension: 180
=> Load Done
===global validation====
test task 1, using model 9
validation split name: 1 local = False
 * Val Acc 84.201, Total time 2.39
test task 2, using model 9
validation split name: 2 local = False
 * Val Acc 86.328, Total time 2.25
test task 3, using model 9
validation split name: 3 local = False
 * Val Acc 77.344, Total time 2.20
test task 4, using model 9
validation split name: 4 local = False
 * Val Acc 82.617, Total time 2.27
test task 5, using model 9
validation split name: 5 local = False
 * Val Acc 74.023, Total time 2.30
test task 6, using model 9
validation split name: 6 local = False
 * Val Acc 76.389, Total time 2.56
test task 7, using model 9
validation split name: 7 local = False
 * Val Acc 75.347, Total time 2.39
test task 8, using model 9
validation split name: 8 local = False
 * Val Acc 81.597, Total time 2.51
test task 9, using model 9
validation split name: 9 local = False
 * Val Acc 77.344, Total time 2.20
Incremental class: Old valid output dimension: 180
Incremental class: New Valid output dimension: 200
=> Load Done
===global validation====
test task 1, using model 10
validation split name: 1 local = False
 * Val Acc 82.465, Total time 2.49
test task 2, using model 10
validation split name: 2 local = False
 * Val Acc 85.742, Total time 2.25
test task 3, using model 10
validation split name: 3 local = False
 * Val Acc 76.562, Total time 2.23
test task 4, using model 10
validation split name: 4 local = False
 * Val Acc 81.641, Total time 2.40
test task 5, using model 10
validation split name: 5 local = False
 * Val Acc 73.242, Total time 2.20
test task 6, using model 10
validation split name: 6 local = False
 * Val Acc 75.694, Total time 2.48
test task 7, using model 10
validation split name: 7 local = False
 * Val Acc 72.569, Total time 2.42
test task 8, using model 10
validation split name: 8 local = False
 * Val Acc 80.729, Total time 2.45
test task 9, using model 10
validation split name: 9 local = False
 * Val Acc 73.828, Total time 2.24
test task 10, using model 10
validation split name: 10 local = False
 * Val Acc 79.340, Total time 2.40
coda_forgetting= (np.float64(1.9591397676611797), np.float64(0.0))
general_forgetting= (np.float64(7.537615740740741), np.float64(0.0))
acctable, {'1': OrderedDict([('1', 98.4375), ('2', 92.36111111111111), ('3', 91.84027777777777), ('4', 90.45138888888889), ('5', 87.32638888888889), ('6', 87.5), ('7', 87.15277777777777), ('8', 85.41666666666667), ('9', 84.20138888888889), ('10', 82.46527777777777)]), '2': OrderedDict([('2', 97.265625), ('3', 93.9453125), ('4', 92.96875), ('5', 90.8203125), ('6', 90.0390625), ('7', 87.890625), ('8', 87.3046875), ('9', 86.328125), ('10', 85.7421875)]), '3': OrderedDict([('3', 90.0390625), ('4', 90.4296875), ('5', 87.109375), ('6', 86.5234375), ('7', 83.203125), ('8', 83.3984375), ('9', 77.34375), ('10', 76.5625)]), '4': OrderedDict([('4', 88.28125), ('5', 85.3515625), ('6', 84.9609375), ('7', 85.15625), ('8', 85.15625), ('9', 82.6171875), ('10', 81.640625)]), '5': OrderedDict([('5', 78.3203125), ('6', 74.609375), ('7', 75.390625), ('8', 74.609375), ('9', 74.0234375), ('10', 73.2421875)]), '6': OrderedDict([('6', 79.6875), ('7', 78.47222222222223), ('8', 78.29861111111111), ('9', 76.38888888888889), ('10', 75.69444444444444)]), '7': OrderedDict([('7', 77.77777777777777), ('8', 76.90972222222223), ('9', 75.34722222222223), ('10', 72.56944444444444)]), '8': OrderedDict([('8', 83.15972222222223), ('9', 81.59722222222223), ('10', 80.72916666666667)]), '9': OrderedDict([('9', 77.34375), ('10', 73.828125)]), '10': OrderedDict([('10', 79.34027777777777)])}
dropmatrix: [[98.4375, 92.36111111111111, 91.84027777777777, 90.45138888888889, 87.32638888888889, 87.5, 87.15277777777777, 85.41666666666667, 84.20138888888889, 82.46527777777777], [97.265625, 93.9453125, 92.96875, 90.8203125, 90.0390625, 87.890625, 87.3046875, 86.328125, 85.7421875], [90.0390625, 90.4296875, 87.109375, 86.5234375, 83.203125, 83.3984375, 77.34375, 76.5625], [88.28125, 85.3515625, 84.9609375, 85.15625, 85.15625, 82.6171875, 81.640625], [78.3203125, 74.609375, 75.390625, 74.609375, 74.0234375, 73.2421875], [79.6875, 78.47222222222223, 78.29861111111111, 76.38888888888889, 75.69444444444444], [77.77777777777777, 76.90972222222223, 75.34722222222223, 72.56944444444444], [83.15972222222223, 81.59722222222223, 80.72916666666667], [77.34375, 73.828125], [79.34027777777777]]
global acc [[98.4375    ]
 [94.81336806]
 [91.94155093]
 [90.5327691 ]
 [85.78559028]
 [83.88671875]
 [82.14905754]
 [81.78168403]
 [79.46566358]
 [78.18142361]]
pt acc [[[98.4375    ]
  [92.36111111]
  [91.84027778]
  [90.45138889]
  [87.32638889]
  [87.5       ]
  [87.15277778]
  [85.41666667]
  [84.20138889]
  [82.46527778]]

 [[ 0.        ]
  [97.265625  ]
  [93.9453125 ]
  [92.96875   ]
  [90.8203125 ]
  [90.0390625 ]
  [87.890625  ]
  [87.3046875 ]
  [86.328125  ]
  [85.7421875 ]]

 [[ 0.        ]
  [ 0.        ]
  [90.0390625 ]
  [90.4296875 ]
  [87.109375  ]
  [86.5234375 ]
  [83.203125  ]
  [83.3984375 ]
  [77.34375   ]
  [76.5625    ]]

 [[ 0.        ]
  [ 0.        ]
  [ 0.        ]
  [88.28125   ]
  [85.3515625 ]
  [84.9609375 ]
  [85.15625   ]
  [85.15625   ]
  [82.6171875 ]
  [81.640625  ]]

 [[ 0.        ]
  [ 0.        ]
  [ 0.        ]
  [ 0.        ]
  [78.3203125 ]
  [74.609375  ]
  [75.390625  ]
  [74.609375  ]
  [74.0234375 ]
  [73.2421875 ]]

 [[ 0.        ]
  [ 0.        ]
  [ 0.        ]
  [ 0.        ]
  [ 0.        ]
  [79.6875    ]
  [78.47222222]
  [78.29861111]
  [76.38888889]
  [75.69444444]]

 [[ 0.        ]
  [ 0.        ]
  [ 0.        ]
  [ 0.        ]
  [ 0.        ]
  [ 0.        ]
  [77.77777778]
  [76.90972222]
  [75.34722222]
  [72.56944444]]

 [[ 0.        ]
  [ 0.        ]
  [ 0.        ]
  [ 0.        ]
  [ 0.        ]
  [ 0.        ]
  [ 0.        ]
  [83.15972222]
  [81.59722222]
  [80.72916667]]

 [[ 0.        ]
  [ 0.        ]
  [ 0.        ]
  [ 0.        ]
  [ 0.        ]
  [ 0.        ]
  [ 0.        ]
  [ 0.        ]
  [77.34375   ]
  [73.828125  ]]

 [[ 0.        ]
  [ 0.        ]
  [ 0.        ]
  [ 0.        ]
  [ 0.        ]
  [ 0.        ]
  [ 0.        ]
  [ 0.        ]
  [ 0.        ]
  [79.34027778]]]
===Summary of experiment repeats: 1 / 1 ===
acc  | mean: 78.18142361111111 std: 0.0
78.18 \pm 0.0
time  | mean: 0.21959646821022033 std: 0.0
0.22 \pm 0.0
[]
/root/miniconda3/envs/apt/lib/python3.10/site-packages/numpy/_core/fromnumeric.py:3860: RuntimeWarning: Mean of empty slice.
  return _methods._mean(a, axis=axis, dtype=dtype,
/root/miniconda3/envs/apt/lib/python3.10/site-packages/numpy/_core/_methods.py:145: RuntimeWarning: invalid value encountered in scalar divide
  ret = ret.dtype.type(ret / rcount)
/root/miniconda3/envs/apt/lib/python3.10/site-packages/numpy/_core/_methods.py:223: RuntimeWarning: Degrees of freedom <= 0 for slice
  ret = _var(a, axis=axis, dtype=dtype, out=out, ddof=ddof,
/root/miniconda3/envs/apt/lib/python3.10/site-packages/numpy/_core/_methods.py:181: RuntimeWarning: invalid value encountered in divide
  arrmean = um.true_divide(arrmean, div, out=arrmean,
/root/miniconda3/envs/apt/lib/python3.10/site-packages/numpy/_core/_methods.py:215: RuntimeWarning: invalid value encountered in scalar divide
  ret = ret.dtype.type(ret / rcount)
forgetting , nan \pm nan
