Namespace(dataset='CUB200', first_split_size=20, other_split_size=20, schedule=25, schedule_type='cosine', batch_size=64, optimizer='Adam', momentum=0.9, weight_decay=0, model_type='zoo', model_name='vit_pt_imnet', max_task=-1, dataroot='data', workers=4, validation=False, train_aug=True, rand_split=True, k_patches=3, alpha_cls=0.7, alpha_patch=0.45, use_layer_wise=True, gpuid=[0], log_dir='./checkpoints/CUB200-pa-apt-v2/seed3', learner_type='pa_apt_v2', learner_name='PA_APT_V2_Learner', debug_mode=0, repeat=1, overwrite=0, oracle_flag=False, upper_bound_flag=False, memory=0, temp=2.0, DW=False, prompt_param=['1', '1', '1'], seed=3, lr=0.02, ema_coeff=0.7, config='configs/cub200_pa_apt_v2.yaml')
************************************
* STARTING TRIAL 1
************************************
=============================================
Shuffling....seed is 3
pre-shuffle:[0, 1, 2, 3, 4, 5, 6, 7, 8, 9, 10, 11, 12, 13, 14, 15, 16, 17, 18, 19, 20, 21, 22, 23, 24, 25, 26, 27, 28, 29, 30, 31, 32, 33, 34, 35, 36, 37, 38, 39, 40, 41, 42, 43, 44, 45, 46, 47, 48, 49, 50, 51, 52, 53, 54, 55, 56, 57, 58, 59, 60, 61, 62, 63, 64, 65, 66, 67, 68, 69, 70, 71, 72, 73, 74, 75, 76, 77, 78, 79, 80, 81, 82, 83, 84, 85, 86, 87, 88, 89, 90, 91, 92, 93, 94, 95, 96, 97, 98, 99, 100, 101, 102, 103, 104, 105, 106, 107, 108, 109, 110, 111, 112, 113, 114, 115, 116, 117, 118, 119, 120, 121, 122, 123, 124, 125, 126, 127, 128, 129, 130, 131, 132, 133, 134, 135, 136, 137, 138, 139, 140, 141, 142, 143, 144, 145, 146, 147, 148, 149, 150, 151, 152, 153, 154, 155, 156, 157, 158, 159, 160, 161, 162, 163, 164, 165, 166, 167, 168, 169, 170, 171, 172, 173, 174, 175, 176, 177, 178, 179, 180, 181, 182, 183, 184, 185, 186, 187, 188, 189, 190, 191, 192, 193, 194, 195, 196, 197, 198, 199]
post-shuffle:[158, 62, 14, 69, 47, 137, 110, 6, 116, 88, 130, 100, 118, 67, 79, 56, 142, 199, 36, 12, 194, 197, 32, 174, 28, 27, 127, 82, 166, 112, 18, 134, 45, 128, 23, 135, 73, 87, 65, 144, 85, 63, 122, 125, 22, 29, 124, 103, 51, 170, 182, 80, 57, 95, 153, 1, 20, 181, 172, 50, 195, 21, 192, 74, 84, 90, 173, 106, 149, 167, 156, 92, 185, 183, 191, 58, 108, 180, 17, 46, 168, 43, 105, 117, 196, 145, 115, 119, 25, 96, 131, 76, 13, 161, 0, 39, 4, 30, 64, 35, 70, 42, 75, 91, 48, 150, 97, 78, 146, 5, 15, 157, 53, 143, 132, 37, 2, 19, 114, 52, 8, 102, 44, 11, 61, 81, 159, 123, 169, 31, 72, 177, 54, 26, 83, 41, 71, 164, 86, 175, 104, 136, 89, 98, 129, 107, 165, 111, 186, 55, 126, 189, 9, 24, 93, 34, 113, 147, 178, 109, 171, 152, 179, 68, 7, 77, 10, 198, 40, 190, 188, 99, 133, 176, 162, 184, 38, 163, 101, 193, 140, 138, 187, 49, 59, 141, 66, 120, 3, 155, 16, 148, 160, 121, 154, 94, 33, 139, 151, 60]
=============================================
*****************************************
====================== 1 =======================
Incremental class: Old valid output dimension: 0
Incremental class: New Valid output dimension: 20
/root/miniconda3/envs/apt/lib/python3.10/site-packages/torch/utils/data/dataloader.py:557: UserWarning: This DataLoader will create 4 worker processes in total. Our suggested max number of worker in current system is 3, which is smaller than what this DataLoader is going to create. Please be aware that excessive worker creation might get DataLoader running slow or even freeze, lower the worker number to avoid potential slowness/freeze if necessary.
  warnings.warn(_create_warning_msg(
Overwriting ...
/root/dl_project/Additive-Prompt-Tuning/learners/default.py:239: FutureWarning: You are using `torch.load` with `weights_only=False` (the current default value), which uses the default pickle module implicitly. It is possible to construct malicious pickle data which will execute arbitrary code during unpickling (See https://github.com/pytorch/pytorch/blob/main/SECURITY.md#untrusted-models for more details). In a future release, the default value for `weights_only` will be flipped to `True`. This limits the functions that could be executed during unpickling. Arbitrary objects will no longer be allowed to be loaded via this mode unless they are explicitly allowlisted by the user via `torch.serialization.add_safe_globals`. We recommend you start setting `weights_only=True` for any use case where you don't have full control of the loaded file. Please open an issue on GitHub for any issues related to this experimental feature.
  model_dict = torch.load(filename + 'class.pth')
Optimizer is reset!
*****************************************
LR: 0.02
Epoch:1/25
 * Loss 1.046 | Train Acc 70.703
LR: 0.02
Epoch:2/25
 * Loss 0.300 | Train Acc 90.625
LR: 0.01995803031515996
Epoch:3/25
 * Loss 0.230 | Train Acc 92.578
LR: 0.019832297406084384
Epoch:4/25
 * Loss 0.230 | Train Acc 93.359
LR: 0.01962332896983008
Epoch:5/25
 * Loss 0.195 | Train Acc 94.531
LR: 0.019332002040338147
Epoch:6/25
 * Loss 0.167 | Train Acc 95.117
LR: 0.01895953930755021
Epoch:7/25
 * Loss 0.196 | Train Acc 94.727
LR: 0.018507503985817242
Epoch:8/25
 * Loss 0.181 | Train Acc 95.703
LR: 0.017977793253138218
Epoch:9/25
 * Loss 0.162 | Train Acc 94.531
LR: 0.017372630288763825
Epoch:10/25
 * Loss 0.166 | Train Acc 95.703
LR: 0.016694554942583234
Epoch:11/25
 * Loss 0.198 | Train Acc 93.945
LR: 0.015946413075454142
Epoch:12/25
 * Loss 0.177 | Train Acc 94.727
LR: 0.015131344615214457
Epoch:13/25
 * Loss 0.162 | Train Acc 95.703
LR: 0.014252770378504108
Epoch:14/25
 * Loss 0.142 | Train Acc 96.289
LR: 0.013314377713705425
Epoch:15/25
 * Loss 0.171 | Train Acc 94.727
LR: 0.012320105025258196
Epoch:16/25
 * Loss 0.167 | Train Acc 94.336
LR: 0.011274125244300335
Epoch:17/25
 * Loss 0.112 | Train Acc 96.094
LR: 0.010180828315007424
Epoch:18/25
 * Loss 0.156 | Train Acc 94.727
LR: 0.009044802770135373
Epoch:19/25
 * Loss 0.123 | Train Acc 96.875
LR: 0.007870816473093028
Epoch:20/25
 * Loss 0.154 | Train Acc 95.508
LR: 0.00666379660736973
Epoch:21/25
 * Loss 0.116 | Train Acc 97.266
LR: 0.005428808997301486
Epoch:22/25
 * Loss 0.125 | Train Acc 95.898
LR: 0.004171036846965889
Epoch:23/25
 * Loss 0.128 | Train Acc 96.875
LR: 0.0028957589864379565
Epoch:24/25
 * Loss 0.134 | Train Acc 95.703
LR: 0.0016083277167066668
Epoch:25/25
 * Loss 0.111 | Train Acc 96.680
=> Saving class model to: ./checkpoints/CUB200-pa-apt-v2/seed3/models/repeat-1/task-1/
=> Save Done
validation split name: 1 local = False
 * Val Acc 95.833, Total time 2.37
====================== 2 =======================
Incremental class: Old valid output dimension: 20
Incremental class: New Valid output dimension: 40
Overwriting ...
Optimizer is reset!
*****************************************
LR: 0.02
Epoch:1/25
 * Loss 1.084 | Train Acc 72.656
LR: 0.02
Epoch:2/25
 * Loss 0.277 | Train Acc 91.797
LR: 0.01995803031515996
Epoch:3/25
 * Loss 0.240 | Train Acc 93.164
LR: 0.019832297406084384
Epoch:4/25
 * Loss 0.185 | Train Acc 94.531
LR: 0.01962332896983008
Epoch:5/25
 * Loss 0.110 | Train Acc 97.266
LR: 0.019332002040338147
Epoch:6/25
 * Loss 0.125 | Train Acc 96.484
LR: 0.01895953930755021
Epoch:7/25
 * Loss 0.161 | Train Acc 95.117
LR: 0.018507503985817242
Epoch:8/25
 * Loss 0.141 | Train Acc 95.312
LR: 0.017977793253138218
Epoch:9/25
 * Loss 0.119 | Train Acc 96.680
LR: 0.017372630288763825
Epoch:10/25
 * Loss 0.128 | Train Acc 95.898
LR: 0.016694554942583234
Epoch:11/25
 * Loss 0.115 | Train Acc 96.484
LR: 0.015946413075454142
Epoch:12/25
 * Loss 0.106 | Train Acc 97.070
LR: 0.015131344615214457
Epoch:13/25
 * Loss 0.089 | Train Acc 97.266
LR: 0.014252770378504108
Epoch:14/25
 * Loss 0.117 | Train Acc 97.070
LR: 0.013314377713705425
Epoch:15/25
 * Loss 0.083 | Train Acc 97.461
LR: 0.012320105025258196
Epoch:16/25
 * Loss 0.090 | Train Acc 97.266
LR: 0.011274125244300335
Epoch:17/25
 * Loss 0.072 | Train Acc 98.047
LR: 0.010180828315007424
Epoch:18/25
 * Loss 0.096 | Train Acc 97.070
LR: 0.009044802770135373
Epoch:19/25
 * Loss 0.067 | Train Acc 97.852
LR: 0.007870816473093028
Epoch:20/25
 * Loss 0.094 | Train Acc 97.266
LR: 0.00666379660736973
Epoch:21/25
 * Loss 0.093 | Train Acc 97.070
LR: 0.005428808997301486
Epoch:22/25
 * Loss 0.073 | Train Acc 97.461
LR: 0.004171036846965889
Epoch:23/25
 * Loss 0.092 | Train Acc 97.461
LR: 0.0028957589864379565
Epoch:24/25
 * Loss 0.082 | Train Acc 97.461
LR: 0.0016083277167066668
Epoch:25/25
 * Loss 0.100 | Train Acc 96.875
Merging prompt ... 
Applied Selective PPF: alpha_cls=0.7, alpha_patch=0.5
=> Saving class model to: ./checkpoints/CUB200-pa-apt-v2/seed3/models/repeat-1/task-2/
=> Save Done
validation split name: 1 local = False
 * Val Acc 87.847, Total time 2.38
validation split name: 2 local = False
 * Val Acc 95.508, Total time 2.11
====================== 3 =======================
Incremental class: Old valid output dimension: 40
Incremental class: New Valid output dimension: 60
Overwriting ...
Optimizer is reset!
*****************************************
LR: 0.02
Epoch:1/25
 * Loss 1.045 | Train Acc 71.680
LR: 0.02
Epoch:2/25
 * Loss 0.299 | Train Acc 91.016
LR: 0.01995803031515996
Epoch:3/25
 * Loss 0.209 | Train Acc 93.359
LR: 0.019832297406084384
Epoch:4/25
 * Loss 0.215 | Train Acc 92.969
LR: 0.01962332896983008
Epoch:5/25
 * Loss 0.169 | Train Acc 95.117
LR: 0.019332002040338147
Epoch:6/25
 * Loss 0.186 | Train Acc 95.117
LR: 0.01895953930755021
Epoch:7/25
 * Loss 0.184 | Train Acc 95.312
LR: 0.018507503985817242
Epoch:8/25
 * Loss 0.115 | Train Acc 96.680
LR: 0.017977793253138218
Epoch:9/25
 * Loss 0.132 | Train Acc 96.094
LR: 0.017372630288763825
Epoch:10/25
 * Loss 0.131 | Train Acc 97.070
LR: 0.016694554942583234
Epoch:11/25
 * Loss 0.162 | Train Acc 94.922
LR: 0.015946413075454142
Epoch:12/25
 * Loss 0.120 | Train Acc 96.484
LR: 0.015131344615214457
Epoch:13/25
 * Loss 0.131 | Train Acc 96.289
LR: 0.014252770378504108
Epoch:14/25
 * Loss 0.157 | Train Acc 95.508
LR: 0.013314377713705425
Epoch:15/25
 * Loss 0.111 | Train Acc 96.484
LR: 0.012320105025258196
Epoch:16/25
 * Loss 0.115 | Train Acc 96.484
LR: 0.011274125244300335
Epoch:17/25
 * Loss 0.123 | Train Acc 96.680
LR: 0.010180828315007424
Epoch:18/25
 * Loss 0.119 | Train Acc 97.070
LR: 0.009044802770135373
Epoch:19/25
 * Loss 0.135 | Train Acc 96.484
LR: 0.007870816473093028
Epoch:20/25
 * Loss 0.090 | Train Acc 97.852
LR: 0.00666379660736973
Epoch:21/25
 * Loss 0.115 | Train Acc 96.875
LR: 0.005428808997301486
Epoch:22/25
 * Loss 0.109 | Train Acc 96.875
LR: 0.004171036846965889
Epoch:23/25
 * Loss 0.121 | Train Acc 97.070
LR: 0.0028957589864379565
Epoch:24/25
 * Loss 0.075 | Train Acc 98.047
LR: 0.0016083277167066668
Epoch:25/25
 * Loss 0.124 | Train Acc 96.484
Merging prompt ... 
Applied Selective PPF: alpha_cls=0.7, alpha_patch=0.5
=> Saving class model to: ./checkpoints/CUB200-pa-apt-v2/seed3/models/repeat-1/task-3/
=> Save Done
validation split name: 1 local = False
 * Val Acc 87.500, Total time 2.34
validation split name: 2 local = False
 * Val Acc 92.969, Total time 2.16
validation split name: 3 local = False
 * Val Acc 96.528, Total time 2.41
====================== 4 =======================
Incremental class: Old valid output dimension: 60
Incremental class: New Valid output dimension: 80
Overwriting ...
Optimizer is reset!
*****************************************
LR: 0.02
Epoch:1/25
 * Loss 0.898 | Train Acc 76.758
LR: 0.02
Epoch:2/25
 * Loss 0.231 | Train Acc 94.336
LR: 0.01995803031515996
Epoch:3/25
 * Loss 0.203 | Train Acc 93.555
LR: 0.019832297406084384
Epoch:4/25
 * Loss 0.162 | Train Acc 95.312
LR: 0.01962332896983008
Epoch:5/25
 * Loss 0.130 | Train Acc 96.289
LR: 0.019332002040338147
Epoch:6/25
 * Loss 0.153 | Train Acc 96.289
LR: 0.01895953930755021
Epoch:7/25
 * Loss 0.146 | Train Acc 95.508
LR: 0.018507503985817242
Epoch:8/25
 * Loss 0.141 | Train Acc 95.898
LR: 0.017977793253138218
Epoch:9/25
 * Loss 0.110 | Train Acc 96.484
LR: 0.017372630288763825
Epoch:10/25
 * Loss 0.095 | Train Acc 96.875
LR: 0.016694554942583234
Epoch:11/25
 * Loss 0.110 | Train Acc 96.094
LR: 0.015946413075454142
Epoch:12/25
 * Loss 0.089 | Train Acc 97.461
LR: 0.015131344615214457
Epoch:13/25
 * Loss 0.098 | Train Acc 96.875
LR: 0.014252770378504108
Epoch:14/25
 * Loss 0.125 | Train Acc 97.070
LR: 0.013314377713705425
Epoch:15/25
 * Loss 0.143 | Train Acc 96.094
LR: 0.012320105025258196
Epoch:16/25
 * Loss 0.097 | Train Acc 97.266
LR: 0.011274125244300335
Epoch:17/25
 * Loss 0.113 | Train Acc 96.875
LR: 0.010180828315007424
Epoch:18/25
 * Loss 0.108 | Train Acc 97.266
LR: 0.009044802770135373
Epoch:19/25
 * Loss 0.085 | Train Acc 98.047
LR: 0.007870816473093028
Epoch:20/25
 * Loss 0.083 | Train Acc 97.266
LR: 0.00666379660736973
Epoch:21/25
 * Loss 0.109 | Train Acc 96.289
LR: 0.005428808997301486
Epoch:22/25
 * Loss 0.088 | Train Acc 98.047
LR: 0.004171036846965889
Epoch:23/25
 * Loss 0.107 | Train Acc 96.289
LR: 0.0028957589864379565
Epoch:24/25
 * Loss 0.090 | Train Acc 97.461
LR: 0.0016083277167066668
Epoch:25/25
 * Loss 0.095 | Train Acc 97.461
Merging prompt ... 
Applied Selective PPF: alpha_cls=0.7, alpha_patch=0.5
=> Saving class model to: ./checkpoints/CUB200-pa-apt-v2/seed3/models/repeat-1/task-4/
=> Save Done
validation split name: 1 local = False
 * Val Acc 86.979, Total time 2.30
validation split name: 2 local = False
 * Val Acc 91.992, Total time 2.21
validation split name: 3 local = False
 * Val Acc 94.271, Total time 2.28
validation split name: 4 local = False
 * Val Acc 93.750, Total time 2.39
====================== 5 =======================
Incremental class: Old valid output dimension: 80
Incremental class: New Valid output dimension: 100
Overwriting ...
Optimizer is reset!
*****************************************
LR: 0.02
Epoch:1/25
 * Loss 1.262 | Train Acc 64.062
LR: 0.02
Epoch:2/25
 * Loss 0.462 | Train Acc 85.742
LR: 0.01995803031515996
Epoch:3/25
 * Loss 0.299 | Train Acc 91.016
LR: 0.019832297406084384
Epoch:4/25
 * Loss 0.310 | Train Acc 90.430
LR: 0.01962332896983008
Epoch:5/25
 * Loss 0.226 | Train Acc 93.164
LR: 0.019332002040338147
Epoch:6/25
 * Loss 0.192 | Train Acc 94.531
LR: 0.01895953930755021
Epoch:7/25
 * Loss 0.153 | Train Acc 94.922
LR: 0.018507503985817242
Epoch:8/25
 * Loss 0.156 | Train Acc 95.312
LR: 0.017977793253138218
Epoch:9/25
 * Loss 0.163 | Train Acc 95.312
LR: 0.017372630288763825
Epoch:10/25
 * Loss 0.185 | Train Acc 93.750
LR: 0.016694554942583234
Epoch:11/25
 * Loss 0.197 | Train Acc 94.531
LR: 0.015946413075454142
Epoch:12/25
 * Loss 0.162 | Train Acc 95.703
LR: 0.015131344615214457
Epoch:13/25
 * Loss 0.137 | Train Acc 96.289
LR: 0.014252770378504108
Epoch:14/25
 * Loss 0.138 | Train Acc 95.312
LR: 0.013314377713705425
Epoch:15/25
 * Loss 0.185 | Train Acc 94.336
LR: 0.012320105025258196
Epoch:16/25
 * Loss 0.143 | Train Acc 96.094
LR: 0.011274125244300335
Epoch:17/25
 * Loss 0.111 | Train Acc 97.266
LR: 0.010180828315007424
Epoch:18/25
 * Loss 0.073 | Train Acc 98.047
LR: 0.009044802770135373
Epoch:19/25
 * Loss 0.098 | Train Acc 97.070
LR: 0.007870816473093028
Epoch:20/25
 * Loss 0.127 | Train Acc 96.680
LR: 0.00666379660736973
Epoch:21/25
 * Loss 0.136 | Train Acc 96.094
LR: 0.005428808997301486
Epoch:22/25
 * Loss 0.107 | Train Acc 97.656
LR: 0.004171036846965889
Epoch:23/25
 * Loss 0.136 | Train Acc 96.484
LR: 0.0028957589864379565
Epoch:24/25
 * Loss 0.122 | Train Acc 95.703
LR: 0.0016083277167066668
Epoch:25/25
 * Loss 0.105 | Train Acc 97.461
Merging prompt ... 
Applied Selective PPF: alpha_cls=0.7, alpha_patch=0.5
=> Saving class model to: ./checkpoints/CUB200-pa-apt-v2/seed3/models/repeat-1/task-5/
=> Save Done
validation split name: 1 local = False
 * Val Acc 83.507, Total time 3.34
validation split name: 2 local = False
 * Val Acc 85.352, Total time 4.70
validation split name: 3 local = False
 * Val Acc 87.500, Total time 4.30
validation split name: 4 local = False
 * Val Acc 90.625, Total time 3.60
validation split name: 5 local = False
 * Val Acc 82.031, Total time 4.80
====================== 6 =======================
Incremental class: Old valid output dimension: 100
Incremental class: New Valid output dimension: 120
Overwriting ...
Optimizer is reset!
*****************************************
LR: 0.02
Epoch:1/25
 * Loss 0.966 | Train Acc 74.609
LR: 0.02
Epoch:2/25
 * Loss 0.247 | Train Acc 92.383
LR: 0.01995803031515996
Epoch:3/25
 * Loss 0.233 | Train Acc 93.750
LR: 0.019832297406084384
Epoch:4/25
 * Loss 0.242 | Train Acc 92.969
LR: 0.01962332896983008
Epoch:5/25
 * Loss 0.183 | Train Acc 93.555
LR: 0.019332002040338147
Epoch:6/25
 * Loss 0.209 | Train Acc 92.969
LR: 0.01895953930755021
Epoch:7/25
 * Loss 0.209 | Train Acc 93.750
LR: 0.018507503985817242
Epoch:8/25
 * Loss 0.151 | Train Acc 95.312
LR: 0.017977793253138218
Epoch:9/25
 * Loss 0.156 | Train Acc 94.531
LR: 0.017372630288763825
Epoch:10/25
 * Loss 0.156 | Train Acc 94.922
LR: 0.016694554942583234
Epoch:11/25
 * Loss 0.114 | Train Acc 96.680
LR: 0.015946413075454142
Epoch:12/25
 * Loss 0.146 | Train Acc 95.703
LR: 0.015131344615214457
Epoch:13/25
 * Loss 0.170 | Train Acc 94.922
LR: 0.014252770378504108
Epoch:14/25
 * Loss 0.108 | Train Acc 96.875
LR: 0.013314377713705425
Epoch:15/25
 * Loss 0.153 | Train Acc 95.312
LR: 0.012320105025258196
Epoch:16/25
 * Loss 0.107 | Train Acc 97.266
LR: 0.011274125244300335
Epoch:17/25
 * Loss 0.120 | Train Acc 96.680
LR: 0.010180828315007424
Epoch:18/25
 * Loss 0.101 | Train Acc 97.656
LR: 0.009044802770135373
Epoch:19/25
 * Loss 0.109 | Train Acc 96.875
LR: 0.007870816473093028
Epoch:20/25
 * Loss 0.122 | Train Acc 96.680
LR: 0.00666379660736973
Epoch:21/25
 * Loss 0.107 | Train Acc 96.680
LR: 0.005428808997301486
Epoch:22/25
 * Loss 0.112 | Train Acc 97.266
LR: 0.004171036846965889
Epoch:23/25
 * Loss 0.158 | Train Acc 94.727
LR: 0.0028957589864379565
Epoch:24/25
 * Loss 0.121 | Train Acc 96.484
LR: 0.0016083277167066668
Epoch:25/25
 * Loss 0.138 | Train Acc 95.508
Merging prompt ... 
Applied Selective PPF: alpha_cls=0.7, alpha_patch=0.5
=> Saving class model to: ./checkpoints/CUB200-pa-apt-v2/seed3/models/repeat-1/task-6/
=> Save Done
validation split name: 1 local = False
 * Val Acc 80.556, Total time 3.92
validation split name: 2 local = False
 * Val Acc 85.352, Total time 3.90
validation split name: 3 local = False
 * Val Acc 86.979, Total time 4.99
validation split name: 4 local = False
 * Val Acc 89.410, Total time 3.86
validation split name: 5 local = False
 * Val Acc 78.516, Total time 3.98
validation split name: 6 local = False
 * Val Acc 84.766, Total time 4.51
====================== 7 =======================
Incremental class: Old valid output dimension: 120
Incremental class: New Valid output dimension: 140
Overwriting ...
Optimizer is reset!
*****************************************
LR: 0.02
Epoch:1/25
 * Loss 1.089 | Train Acc 70.312
LR: 0.02
Epoch:2/25
 * Loss 0.344 | Train Acc 89.648
LR: 0.01995803031515996
Epoch:3/25
 * Loss 0.206 | Train Acc 93.555
LR: 0.019832297406084384
Epoch:4/25
 * Loss 0.247 | Train Acc 92.969
LR: 0.01962332896983008
Epoch:5/25
 * Loss 0.163 | Train Acc 95.703
LR: 0.019332002040338147
Epoch:6/25
 * Loss 0.158 | Train Acc 94.922
LR: 0.01895953930755021
Epoch:7/25
 * Loss 0.136 | Train Acc 95.508
LR: 0.018507503985817242
Epoch:8/25
 * Loss 0.145 | Train Acc 95.703
LR: 0.017977793253138218
Epoch:9/25
 * Loss 0.195 | Train Acc 94.141
LR: 0.017372630288763825
Epoch:10/25
 * Loss 0.106 | Train Acc 96.094
LR: 0.016694554942583234
Epoch:11/25
 * Loss 0.152 | Train Acc 95.508
LR: 0.015946413075454142
Epoch:12/25
 * Loss 0.136 | Train Acc 96.094
LR: 0.015131344615214457
Epoch:13/25
 * Loss 0.132 | Train Acc 96.680
LR: 0.014252770378504108
Epoch:14/25
 * Loss 0.124 | Train Acc 96.484
LR: 0.013314377713705425
Epoch:15/25
 * Loss 0.110 | Train Acc 96.094
LR: 0.012320105025258196
Epoch:16/25
 * Loss 0.144 | Train Acc 95.898
LR: 0.011274125244300335
Epoch:17/25
 * Loss 0.121 | Train Acc 96.875
LR: 0.010180828315007424
Epoch:18/25
 * Loss 0.124 | Train Acc 96.289
LR: 0.009044802770135373
Epoch:19/25
 * Loss 0.096 | Train Acc 97.656
LR: 0.007870816473093028
Epoch:20/25
 * Loss 0.095 | Train Acc 97.070
LR: 0.00666379660736973
Epoch:21/25
 * Loss 0.140 | Train Acc 95.898
LR: 0.005428808997301486
Epoch:22/25
 * Loss 0.117 | Train Acc 97.070
LR: 0.004171036846965889
Epoch:23/25
 * Loss 0.122 | Train Acc 96.484
LR: 0.0028957589864379565
Epoch:24/25
 * Loss 0.110 | Train Acc 96.680
LR: 0.0016083277167066668
Epoch:25/25
 * Loss 0.123 | Train Acc 96.484
Merging prompt ... 
Applied Selective PPF: alpha_cls=0.7, alpha_patch=0.5
=> Saving class model to: ./checkpoints/CUB200-pa-apt-v2/seed3/models/repeat-1/task-7/
=> Save Done
validation split name: 1 local = False
 * Val Acc 78.993, Total time 2.32
validation split name: 2 local = False
 * Val Acc 81.641, Total time 2.03
validation split name: 3 local = False
 * Val Acc 83.333, Total time 2.33
validation split name: 4 local = False
 * Val Acc 89.236, Total time 2.32
validation split name: 5 local = False
 * Val Acc 76.953, Total time 2.12
validation split name: 6 local = False
 * Val Acc 84.766, Total time 2.22
validation split name: 7 local = False
 * Val Acc 85.590, Total time 2.31
====================== 8 =======================
Incremental class: Old valid output dimension: 140
Incremental class: New Valid output dimension: 160
Overwriting ...
Optimizer is reset!
*****************************************
LR: 0.02
Epoch:1/25
 * Loss 0.824 | Train Acc 78.320
LR: 0.02
Epoch:2/25
 * Loss 0.214 | Train Acc 92.969
LR: 0.01995803031515996
Epoch:3/25
 * Loss 0.151 | Train Acc 96.484
LR: 0.019832297406084384
Epoch:4/25
 * Loss 0.152 | Train Acc 95.703
LR: 0.01962332896983008
Epoch:5/25
 * Loss 0.164 | Train Acc 94.922
LR: 0.019332002040338147
Epoch:6/25
 * Loss 0.085 | Train Acc 96.875
LR: 0.01895953930755021
Epoch:7/25
 * Loss 0.072 | Train Acc 98.242
LR: 0.018507503985817242
Epoch:8/25
 * Loss 0.150 | Train Acc 94.922
LR: 0.017977793253138218
Epoch:9/25
 * Loss 0.124 | Train Acc 96.094
LR: 0.017372630288763825
Epoch:10/25
 * Loss 0.096 | Train Acc 97.266
LR: 0.016694554942583234
Epoch:11/25
 * Loss 0.112 | Train Acc 97.266
LR: 0.015946413075454142
Epoch:12/25
 * Loss 0.120 | Train Acc 96.484
LR: 0.015131344615214457
Epoch:13/25
 * Loss 0.101 | Train Acc 97.461
LR: 0.014252770378504108
Epoch:14/25
 * Loss 0.113 | Train Acc 96.875
LR: 0.013314377713705425
Epoch:15/25
 * Loss 0.111 | Train Acc 96.875
LR: 0.012320105025258196
Epoch:16/25
 * Loss 0.081 | Train Acc 98.047
LR: 0.011274125244300335
Epoch:17/25
 * Loss 0.075 | Train Acc 97.656
LR: 0.010180828315007424
Epoch:18/25
 * Loss 0.099 | Train Acc 97.070
LR: 0.009044802770135373
Epoch:19/25
 * Loss 0.085 | Train Acc 97.852
LR: 0.007870816473093028
Epoch:20/25
 * Loss 0.092 | Train Acc 97.070
LR: 0.00666379660736973
Epoch:21/25
 * Loss 0.067 | Train Acc 98.242
LR: 0.005428808997301486
Epoch:22/25
 * Loss 0.081 | Train Acc 96.680
LR: 0.004171036846965889
Epoch:23/25
 * Loss 0.114 | Train Acc 96.680
LR: 0.0028957589864379565
Epoch:24/25
 * Loss 0.043 | Train Acc 99.023
LR: 0.0016083277167066668
Epoch:25/25
 * Loss 0.085 | Train Acc 97.266
Merging prompt ... 
Applied Selective PPF: alpha_cls=0.7, alpha_patch=0.5
=> Saving class model to: ./checkpoints/CUB200-pa-apt-v2/seed3/models/repeat-1/task-8/
=> Save Done
validation split name: 1 local = False
 * Val Acc 75.347, Total time 3.03
validation split name: 2 local = False
 * Val Acc 77.344, Total time 4.60
validation split name: 3 local = False
 * Val Acc 81.424, Total time 4.24
validation split name: 4 local = False
 * Val Acc 87.326, Total time 3.61
validation split name: 5 local = False
 * Val Acc 73.633, Total time 4.88
validation split name: 6 local = False
 * Val Acc 83.789, Total time 4.50
validation split name: 7 local = False
 * Val Acc 84.549, Total time 3.47
validation split name: 8 local = False
 * Val Acc 86.285, Total time 5.33
====================== 9 =======================
Incremental class: Old valid output dimension: 160
Incremental class: New Valid output dimension: 180
Overwriting ...
Optimizer is reset!
*****************************************
LR: 0.02
Epoch:1/25
 * Loss 1.061 | Train Acc 69.727
LR: 0.02
Epoch:2/25
 * Loss 0.255 | Train Acc 92.969
LR: 0.01995803031515996
Epoch:3/25
 * Loss 0.248 | Train Acc 91.211
LR: 0.019832297406084384
Epoch:4/25
 * Loss 0.218 | Train Acc 93.164
LR: 0.01962332896983008
Epoch:5/25
 * Loss 0.244 | Train Acc 94.141
LR: 0.019332002040338147
Epoch:6/25
 * Loss 0.165 | Train Acc 95.312
LR: 0.01895953930755021
Epoch:7/25
 * Loss 0.154 | Train Acc 94.922
LR: 0.018507503985817242
Epoch:8/25
 * Loss 0.151 | Train Acc 95.508
LR: 0.017977793253138218
Epoch:9/25
 * Loss 0.133 | Train Acc 96.094
LR: 0.017372630288763825
Epoch:10/25
 * Loss 0.119 | Train Acc 96.484
LR: 0.016694554942583234
Epoch:11/25
 * Loss 0.158 | Train Acc 95.898
LR: 0.015946413075454142
Epoch:12/25
 * Loss 0.100 | Train Acc 97.266
LR: 0.015131344615214457
Epoch:13/25
 * Loss 0.147 | Train Acc 96.094
LR: 0.014252770378504108
Epoch:14/25
 * Loss 0.116 | Train Acc 96.289
LR: 0.013314377713705425
Epoch:15/25
 * Loss 0.123 | Train Acc 96.875
LR: 0.012320105025258196
Epoch:16/25
 * Loss 0.108 | Train Acc 96.680
LR: 0.011274125244300335
Epoch:17/25
 * Loss 0.118 | Train Acc 96.680
LR: 0.010180828315007424
Epoch:18/25
 * Loss 0.140 | Train Acc 96.875
LR: 0.009044802770135373
Epoch:19/25
 * Loss 0.104 | Train Acc 97.070
LR: 0.007870816473093028
Epoch:20/25
 * Loss 0.075 | Train Acc 98.242
LR: 0.00666379660736973
Epoch:21/25
 * Loss 0.098 | Train Acc 97.461
LR: 0.005428808997301486
Epoch:22/25
 * Loss 0.122 | Train Acc 97.070
LR: 0.004171036846965889
Epoch:23/25
 * Loss 0.096 | Train Acc 97.656
LR: 0.0028957589864379565
Epoch:24/25
 * Loss 0.124 | Train Acc 96.484
LR: 0.0016083277167066668
Epoch:25/25
 * Loss 0.098 | Train Acc 97.266
Merging prompt ... 
Applied Selective PPF: alpha_cls=0.7, alpha_patch=0.5
=> Saving class model to: ./checkpoints/CUB200-pa-apt-v2/seed3/models/repeat-1/task-9/
=> Save Done
validation split name: 1 local = False
 * Val Acc 72.222, Total time 3.22
validation split name: 2 local = False
 * Val Acc 77.539, Total time 4.43
validation split name: 3 local = False
 * Val Acc 82.292, Total time 4.07
validation split name: 4 local = False
 * Val Acc 83.333, Total time 3.99
validation split name: 5 local = False
 * Val Acc 72.461, Total time 4.53
validation split name: 6 local = False
 * Val Acc 83.789, Total time 2.81
validation split name: 7 local = False
 * Val Acc 82.986, Total time 5.15
validation split name: 8 local = False
 * Val Acc 86.458, Total time 5.21
validation split name: 9 local = False
 * Val Acc 83.854, Total time 2.94
====================== 10 =======================
Incremental class: Old valid output dimension: 180
Incremental class: New Valid output dimension: 200
Overwriting ...
Optimizer is reset!
*****************************************
LR: 0.02
Epoch:1/25
 * Loss 0.859 | Train Acc 72.070
LR: 0.02
Epoch:2/25
 * Loss 0.332 | Train Acc 88.086
LR: 0.01995803031515996
Epoch:3/25
 * Loss 0.270 | Train Acc 90.234
LR: 0.019832297406084384
Epoch:4/25
 * Loss 0.248 | Train Acc 91.406
LR: 0.01962332896983008
Epoch:5/25
 * Loss 0.191 | Train Acc 94.727
LR: 0.019332002040338147
Epoch:6/25
 * Loss 0.138 | Train Acc 94.531
LR: 0.01895953930755021
Epoch:7/25
 * Loss 0.253 | Train Acc 91.797
LR: 0.018507503985817242
Epoch:8/25
 * Loss 0.171 | Train Acc 94.531
LR: 0.017977793253138218
Epoch:9/25
 * Loss 0.188 | Train Acc 92.773
LR: 0.017372630288763825
Epoch:10/25
 * Loss 0.136 | Train Acc 96.094
LR: 0.016694554942583234
Epoch:11/25
 * Loss 0.166 | Train Acc 94.141
LR: 0.015946413075454142
Epoch:12/25
 * Loss 0.188 | Train Acc 94.141
LR: 0.015131344615214457
Epoch:13/25
 * Loss 0.154 | Train Acc 94.336
LR: 0.014252770378504108
Epoch:14/25
 * Loss 0.116 | Train Acc 96.875
LR: 0.013314377713705425
Epoch:15/25
 * Loss 0.129 | Train Acc 96.289
LR: 0.012320105025258196
Epoch:16/25
 * Loss 0.115 | Train Acc 96.680
LR: 0.011274125244300335
Epoch:17/25
 * Loss 0.092 | Train Acc 97.852
LR: 0.010180828315007424
Epoch:18/25
 * Loss 0.145 | Train Acc 95.898
LR: 0.009044802770135373
Epoch:19/25
 * Loss 0.138 | Train Acc 95.508
LR: 0.007870816473093028
Epoch:20/25
 * Loss 0.112 | Train Acc 96.680
LR: 0.00666379660736973
Epoch:21/25
 * Loss 0.121 | Train Acc 96.875
LR: 0.005428808997301486
Epoch:22/25
 * Loss 0.098 | Train Acc 97.266
LR: 0.004171036846965889
Epoch:23/25
 * Loss 0.100 | Train Acc 97.266
LR: 0.0028957589864379565
Epoch:24/25
 * Loss 0.094 | Train Acc 97.852
LR: 0.0016083277167066668
Epoch:25/25
 * Loss 0.131 | Train Acc 95.898
Merging prompt ... 
Applied Selective PPF: alpha_cls=0.7, alpha_patch=0.5
=> Saving class model to: ./checkpoints/CUB200-pa-apt-v2/seed3/models/repeat-1/task-10/
=> Save Done
validation split name: 1 local = False
 * Val Acc 72.222, Total time 2.42
validation split name: 2 local = False
 * Val Acc 72.461, Total time 2.12
validation split name: 3 local = False
 * Val Acc 80.729, Total time 2.26
validation split name: 4 local = False
 * Val Acc 82.812, Total time 2.39
validation split name: 5 local = False
 * Val Acc 68.945, Total time 2.17
validation split name: 6 local = False
 * Val Acc 83.398, Total time 2.14
validation split name: 7 local = False
 * Val Acc 82.639, Total time 2.29
validation split name: 8 local = False
 * Val Acc 82.812, Total time 2.32
validation split name: 9 local = False
 * Val Acc 83.507, Total time 2.34
validation split name: 10 local = False
 * Val Acc 78.125, Total time 2.14
*****************************************
Incremental class: Old valid output dimension: 0
Incremental class: New Valid output dimension: 20
=> Load Done
===global validation====
test task 1, using model 1
validation split name: 1 local = False
 * Val Acc 95.833, Total time 2.49
Incremental class: Old valid output dimension: 20
Incremental class: New Valid output dimension: 40
=> Load Done
===global validation====
test task 1, using model 2
validation split name: 1 local = False
 * Val Acc 87.847, Total time 2.40
test task 2, using model 2
validation split name: 2 local = False
 * Val Acc 95.508, Total time 2.63
Incremental class: Old valid output dimension: 40
Incremental class: New Valid output dimension: 60
=> Load Done
===global validation====
test task 1, using model 3
validation split name: 1 local = False
 * Val Acc 87.500, Total time 2.50
test task 2, using model 3
validation split name: 2 local = False
 * Val Acc 92.969, Total time 2.19
test task 3, using model 3
validation split name: 3 local = False
 * Val Acc 96.528, Total time 3.03
Incremental class: Old valid output dimension: 60
Incremental class: New Valid output dimension: 80
=> Load Done
===global validation====
test task 1, using model 4
validation split name: 1 local = False
 * Val Acc 86.979, Total time 2.56
test task 2, using model 4
validation split name: 2 local = False
 * Val Acc 91.992, Total time 2.38
test task 3, using model 4
validation split name: 3 local = False
 * Val Acc 94.271, Total time 2.40
test task 4, using model 4
validation split name: 4 local = False
 * Val Acc 93.750, Total time 2.77
Incremental class: Old valid output dimension: 80
Incremental class: New Valid output dimension: 100
=> Load Done
===global validation====
test task 1, using model 5
validation split name: 1 local = False
 * Val Acc 83.507, Total time 2.60
test task 2, using model 5
validation split name: 2 local = False
 * Val Acc 85.352, Total time 2.38
test task 3, using model 5
validation split name: 3 local = False
 * Val Acc 87.500, Total time 2.55
test task 4, using model 5
validation split name: 4 local = False
 * Val Acc 90.625, Total time 2.51
test task 5, using model 5
validation split name: 5 local = False
 * Val Acc 82.031, Total time 2.17
Incremental class: Old valid output dimension: 100
Incremental class: New Valid output dimension: 120
=> Load Done
===global validation====
test task 1, using model 6
validation split name: 1 local = False
 * Val Acc 80.556, Total time 2.43
test task 2, using model 6
validation split name: 2 local = False
 * Val Acc 85.352, Total time 2.52
test task 3, using model 6
validation split name: 3 local = False
 * Val Acc 86.979, Total time 2.53
test task 4, using model 6
validation split name: 4 local = False
 * Val Acc 89.410, Total time 2.86
test task 5, using model 6
validation split name: 5 local = False
 * Val Acc 78.516, Total time 2.25
test task 6, using model 6
validation split name: 6 local = False
 * Val Acc 84.766, Total time 2.29
Incremental class: Old valid output dimension: 120
Incremental class: New Valid output dimension: 140
=> Load Done
===global validation====
test task 1, using model 7
validation split name: 1 local = False
 * Val Acc 78.993, Total time 2.63
test task 2, using model 7
validation split name: 2 local = False
 * Val Acc 81.641, Total time 2.53
test task 3, using model 7
validation split name: 3 local = False
 * Val Acc 83.333, Total time 2.50
test task 4, using model 7
validation split name: 4 local = False
 * Val Acc 89.236, Total time 2.43
test task 5, using model 7
validation split name: 5 local = False
 * Val Acc 76.953, Total time 2.53
test task 6, using model 7
validation split name: 6 local = False
 * Val Acc 84.766, Total time 2.22
test task 7, using model 7
validation split name: 7 local = False
 * Val Acc 85.590, Total time 2.43
Incremental class: Old valid output dimension: 140
Incremental class: New Valid output dimension: 160
=> Load Done
===global validation====
test task 1, using model 8
validation split name: 1 local = False
 * Val Acc 75.347, Total time 2.56
test task 2, using model 8
validation split name: 2 local = False
 * Val Acc 77.344, Total time 2.40
test task 3, using model 8
validation split name: 3 local = False
 * Val Acc 81.424, Total time 2.80
test task 4, using model 8
validation split name: 4 local = False
 * Val Acc 87.326, Total time 2.42
test task 5, using model 8
validation split name: 5 local = False
 * Val Acc 73.633, Total time 2.35
test task 6, using model 8
validation split name: 6 local = False
 * Val Acc 83.789, Total time 2.41
test task 7, using model 8
validation split name: 7 local = False
 * Val Acc 84.549, Total time 2.43
test task 8, using model 8
validation split name: 8 local = False
 * Val Acc 86.285, Total time 2.48
Incremental class: Old valid output dimension: 160
Incremental class: New Valid output dimension: 180
=> Load Done
===global validation====
test task 1, using model 9
validation split name: 1 local = False
 * Val Acc 72.222, Total time 2.46
test task 2, using model 9
validation split name: 2 local = False
 * Val Acc 77.539, Total time 2.34
test task 3, using model 9
validation split name: 3 local = False
 * Val Acc 82.292, Total time 2.76
test task 4, using model 9
validation split name: 4 local = False
 * Val Acc 83.333, Total time 2.50
test task 5, using model 9
validation split name: 5 local = False
 * Val Acc 72.461, Total time 2.38
test task 6, using model 9
validation split name: 6 local = False
 * Val Acc 83.789, Total time 2.24
test task 7, using model 9
validation split name: 7 local = False
 * Val Acc 82.986, Total time 2.89
test task 8, using model 9
validation split name: 8 local = False
 * Val Acc 86.458, Total time 2.62
test task 9, using model 9
validation split name: 9 local = False
 * Val Acc 83.854, Total time 2.62
Incremental class: Old valid output dimension: 180
Incremental class: New Valid output dimension: 200
=> Load Done
===global validation====
test task 1, using model 10
validation split name: 1 local = False
 * Val Acc 72.222, Total time 2.96
test task 2, using model 10
validation split name: 2 local = False
 * Val Acc 72.461, Total time 2.98
test task 3, using model 10
validation split name: 3 local = False
 * Val Acc 80.729, Total time 2.98
test task 4, using model 10
validation split name: 4 local = False
 * Val Acc 82.812, Total time 3.03
test task 5, using model 10
validation split name: 5 local = False
 * Val Acc 68.945, Total time 2.77
test task 6, using model 10
validation split name: 6 local = False
 * Val Acc 83.398, Total time 4.51
test task 7, using model 10
validation split name: 7 local = False
 * Val Acc 82.639, Total time 4.69
test task 8, using model 10
validation split name: 8 local = False
 * Val Acc 82.812, Total time 3.80
test task 9, using model 10
validation split name: 9 local = False
 * Val Acc 83.507, Total time 5.60
test task 10, using model 10
validation split name: 10 local = False
 * Val Acc 78.125, Total time 5.55
coda_forgetting= (np.float64(2.7034753989687426), np.float64(0.0))
general_forgetting= (np.float64(10.513117283950615), np.float64(0.0))
acctable, {'1': OrderedDict([('1', 95.83333333333333), ('2', 87.84722222222223), ('3', 87.5), ('4', 86.97916666666667), ('5', 83.50694444444444), ('6', 80.55555555555556), ('7', 78.99305555555556), ('8', 75.34722222222223), ('9', 72.22222222222223), ('10', 72.22222222222223)]), '2': OrderedDict([('2', 95.5078125), ('3', 92.96875), ('4', 91.9921875), ('5', 85.3515625), ('6', 85.3515625), ('7', 81.640625), ('8', 77.34375), ('9', 77.5390625), ('10', 72.4609375)]), '3': OrderedDict([('3', 96.52777777777777), ('4', 94.27083333333333), ('5', 87.5), ('6', 86.97916666666667), ('7', 83.33333333333333), ('8', 81.42361111111111), ('9', 82.29166666666667), ('10', 80.72916666666667)]), '4': OrderedDict([('4', 93.75), ('5', 90.625), ('6', 89.40972222222223), ('7', 89.23611111111111), ('8', 87.32638888888889), ('9', 83.33333333333333), ('10', 82.8125)]), '5': OrderedDict([('5', 82.03125), ('6', 78.515625), ('7', 76.953125), ('8', 73.6328125), ('9', 72.4609375), ('10', 68.9453125)]), '6': OrderedDict([('6', 84.765625), ('7', 84.765625), ('8', 83.7890625), ('9', 83.7890625), ('10', 83.3984375)]), '7': OrderedDict([('7', 85.59027777777777), ('8', 84.54861111111111), ('9', 82.98611111111111), ('10', 82.63888888888889)]), '8': OrderedDict([('8', 86.28472222222223), ('9', 86.45833333333333), ('10', 82.8125)]), '9': OrderedDict([('9', 83.85416666666667), ('10', 83.50694444444444)]), '10': OrderedDict([('10', 78.125)])}
dropmatrix: [[95.83333333333333, 87.84722222222223, 87.5, 86.97916666666667, 83.50694444444444, 80.55555555555556, 78.99305555555556, 75.34722222222223, 72.22222222222223, 72.22222222222223], [95.5078125, 92.96875, 91.9921875, 85.3515625, 85.3515625, 81.640625, 77.34375, 77.5390625, 72.4609375], [96.52777777777777, 94.27083333333333, 87.5, 86.97916666666667, 83.33333333333333, 81.42361111111111, 82.29166666666667, 80.72916666666667], [93.75, 90.625, 89.40972222222223, 89.23611111111111, 87.32638888888889, 83.33333333333333, 82.8125], [82.03125, 78.515625, 76.953125, 73.6328125, 72.4609375, 68.9453125], [84.765625, 84.765625, 83.7890625, 83.7890625, 83.3984375], [85.59027777777777, 84.54861111111111, 82.98611111111111, 82.63888888888889], [86.28472222222223, 86.45833333333333, 82.8125], [83.85416666666667, 83.50694444444444], [78.125]]
global acc [[95.83333333]
 [91.67751736]
 [92.33217593]
 [91.74804688]
 [85.80295139]
 [84.26287616]
 [82.93030754]
 [81.21202257]
 [80.54832176]
 [78.76519097]]
pt acc [[[95.83333333]
  [87.84722222]
  [87.5       ]
  [86.97916667]
  [83.50694444]
  [80.55555556]
  [78.99305556]
  [75.34722222]
  [72.22222222]
  [72.22222222]]

 [[ 0.        ]
  [95.5078125 ]
  [92.96875   ]
  [91.9921875 ]
  [85.3515625 ]
  [85.3515625 ]
  [81.640625  ]
  [77.34375   ]
  [77.5390625 ]
  [72.4609375 ]]

 [[ 0.        ]
  [ 0.        ]
  [96.52777778]
  [94.27083333]
  [87.5       ]
  [86.97916667]
  [83.33333333]
  [81.42361111]
  [82.29166667]
  [80.72916667]]

 [[ 0.        ]
  [ 0.        ]
  [ 0.        ]
  [93.75      ]
  [90.625     ]
  [89.40972222]
  [89.23611111]
  [87.32638889]
  [83.33333333]
  [82.8125    ]]

 [[ 0.        ]
  [ 0.        ]
  [ 0.        ]
  [ 0.        ]
  [82.03125   ]
  [78.515625  ]
  [76.953125  ]
  [73.6328125 ]
  [72.4609375 ]
  [68.9453125 ]]

 [[ 0.        ]
  [ 0.        ]
  [ 0.        ]
  [ 0.        ]
  [ 0.        ]
  [84.765625  ]
  [84.765625  ]
  [83.7890625 ]
  [83.7890625 ]
  [83.3984375 ]]

 [[ 0.        ]
  [ 0.        ]
  [ 0.        ]
  [ 0.        ]
  [ 0.        ]
  [ 0.        ]
  [85.59027778]
  [84.54861111]
  [82.98611111]
  [82.63888889]]

 [[ 0.        ]
  [ 0.        ]
  [ 0.        ]
  [ 0.        ]
  [ 0.        ]
  [ 0.        ]
  [ 0.        ]
  [86.28472222]
  [86.45833333]
  [82.8125    ]]

 [[ 0.        ]
  [ 0.        ]
  [ 0.        ]
  [ 0.        ]
  [ 0.        ]
  [ 0.        ]
  [ 0.        ]
  [ 0.        ]
  [83.85416667]
  [83.50694444]]

 [[ 0.        ]
  [ 0.        ]
  [ 0.        ]
  [ 0.        ]
  [ 0.        ]
  [ 0.        ]
  [ 0.        ]
  [ 0.        ]
  [ 0.        ]
  [78.125     ]]]
===Summary of experiment repeats: 1 / 1 ===
acc  | mean: 78.76519097222223 std: 0.0
78.77 \pm 0.0
time  | mean: 0.3128666472434998 std: 0.0
0.31 \pm 0.0
[]
/root/miniconda3/envs/apt/lib/python3.10/site-packages/numpy/_core/fromnumeric.py:3860: RuntimeWarning: Mean of empty slice.
  return _methods._mean(a, axis=axis, dtype=dtype,
/root/miniconda3/envs/apt/lib/python3.10/site-packages/numpy/_core/_methods.py:145: RuntimeWarning: invalid value encountered in scalar divide
  ret = ret.dtype.type(ret / rcount)
/root/miniconda3/envs/apt/lib/python3.10/site-packages/numpy/_core/_methods.py:223: RuntimeWarning: Degrees of freedom <= 0 for slice
  ret = _var(a, axis=axis, dtype=dtype, out=out, ddof=ddof,
/root/miniconda3/envs/apt/lib/python3.10/site-packages/numpy/_core/_methods.py:181: RuntimeWarning: invalid value encountered in divide
  arrmean = um.true_divide(arrmean, div, out=arrmean,
/root/miniconda3/envs/apt/lib/python3.10/site-packages/numpy/_core/_methods.py:215: RuntimeWarning: invalid value encountered in scalar divide
  ret = ret.dtype.type(ret / rcount)
forgetting , nan \pm nan
