Namespace(dataset='CUB200', first_split_size=20, other_split_size=20, schedule=25, schedule_type='cosine', batch_size=64, optimizer='Adam', momentum=0.9, weight_decay=0, model_type='zoo', model_name='vit_pt_imnet', max_task=-1, dataroot='data', workers=4, validation=False, train_aug=True, rand_split=True, gpuid=[0], log_dir='./checkpoints/CUB200-pa-apt/seed3', learner_type='pa_apt', learner_name='PA_APT_Learner', debug_mode=0, repeat=1, overwrite=0, oracle_flag=False, upper_bound_flag=False, memory=0, temp=2.0, DW=False, prompt_param=['0.01'], seed=3, lr=0.02, ema_coeff=0.7, config='configs/cub200_pa_apt.yaml')
************************************
* STARTING TRIAL 1
************************************
=============================================
Shuffling....seed is 3
pre-shuffle:[0, 1, 2, 3, 4, 5, 6, 7, 8, 9, 10, 11, 12, 13, 14, 15, 16, 17, 18, 19, 20, 21, 22, 23, 24, 25, 26, 27, 28, 29, 30, 31, 32, 33, 34, 35, 36, 37, 38, 39, 40, 41, 42, 43, 44, 45, 46, 47, 48, 49, 50, 51, 52, 53, 54, 55, 56, 57, 58, 59, 60, 61, 62, 63, 64, 65, 66, 67, 68, 69, 70, 71, 72, 73, 74, 75, 76, 77, 78, 79, 80, 81, 82, 83, 84, 85, 86, 87, 88, 89, 90, 91, 92, 93, 94, 95, 96, 97, 98, 99, 100, 101, 102, 103, 104, 105, 106, 107, 108, 109, 110, 111, 112, 113, 114, 115, 116, 117, 118, 119, 120, 121, 122, 123, 124, 125, 126, 127, 128, 129, 130, 131, 132, 133, 134, 135, 136, 137, 138, 139, 140, 141, 142, 143, 144, 145, 146, 147, 148, 149, 150, 151, 152, 153, 154, 155, 156, 157, 158, 159, 160, 161, 162, 163, 164, 165, 166, 167, 168, 169, 170, 171, 172, 173, 174, 175, 176, 177, 178, 179, 180, 181, 182, 183, 184, 185, 186, 187, 188, 189, 190, 191, 192, 193, 194, 195, 196, 197, 198, 199]
post-shuffle:[158, 62, 14, 69, 47, 137, 110, 6, 116, 88, 130, 100, 118, 67, 79, 56, 142, 199, 36, 12, 194, 197, 32, 174, 28, 27, 127, 82, 166, 112, 18, 134, 45, 128, 23, 135, 73, 87, 65, 144, 85, 63, 122, 125, 22, 29, 124, 103, 51, 170, 182, 80, 57, 95, 153, 1, 20, 181, 172, 50, 195, 21, 192, 74, 84, 90, 173, 106, 149, 167, 156, 92, 185, 183, 191, 58, 108, 180, 17, 46, 168, 43, 105, 117, 196, 145, 115, 119, 25, 96, 131, 76, 13, 161, 0, 39, 4, 30, 64, 35, 70, 42, 75, 91, 48, 150, 97, 78, 146, 5, 15, 157, 53, 143, 132, 37, 2, 19, 114, 52, 8, 102, 44, 11, 61, 81, 159, 123, 169, 31, 72, 177, 54, 26, 83, 41, 71, 164, 86, 175, 104, 136, 89, 98, 129, 107, 165, 111, 186, 55, 126, 189, 9, 24, 93, 34, 113, 147, 178, 109, 171, 152, 179, 68, 7, 77, 10, 198, 40, 190, 188, 99, 133, 176, 162, 184, 38, 163, 101, 193, 140, 138, 187, 49, 59, 141, 66, 120, 3, 155, 16, 148, 160, 121, 154, 94, 33, 139, 151, 60]
=============================================
*****************************************
====================== 1 =======================
Incremental class: Old valid output dimension: 0
Incremental class: New Valid output dimension: 20
/root/miniconda3/envs/apt/lib/python3.10/site-packages/torch/utils/data/dataloader.py:557: UserWarning: This DataLoader will create 4 worker processes in total. Our suggested max number of worker in current system is 3, which is smaller than what this DataLoader is going to create. Please be aware that excessive worker creation might get DataLoader running slow or even freeze, lower the worker number to avoid potential slowness/freeze if necessary.
  warnings.warn(_create_warning_msg(
Overwriting ...
/root/dl_project/Additive-Prompt-Tuning/learners/default.py:239: FutureWarning: You are using `torch.load` with `weights_only=False` (the current default value), which uses the default pickle module implicitly. It is possible to construct malicious pickle data which will execute arbitrary code during unpickling (See https://github.com/pytorch/pytorch/blob/main/SECURITY.md#untrusted-models for more details). In a future release, the default value for `weights_only` will be flipped to `True`. This limits the functions that could be executed during unpickling. Arbitrary objects will no longer be allowed to be loaded via this mode unless they are explicitly allowlisted by the user via `torch.serialization.add_safe_globals`. We recommend you start setting `weights_only=True` for any use case where you don't have full control of the loaded file. Please open an issue on GitHub for any issues related to this experimental feature.
  model_dict = torch.load(filename + 'class.pth')
Optimizer is reset!
*****************************************
LR: 0.02
Epoch:1/25
 * Loss 1.048 | Train Acc 70.508
LR: 0.02
Epoch:2/25
 * Loss 0.305 | Train Acc 90.820
LR: 0.01995803031515996
Epoch:3/25
 * Loss 0.235 | Train Acc 92.773
LR: 0.019832297406084384
Epoch:4/25
 * Loss 0.223 | Train Acc 93.359
LR: 0.01962332896983008
Epoch:5/25
 * Loss 0.193 | Train Acc 94.336
LR: 0.019332002040338147
Epoch:6/25
 * Loss 0.157 | Train Acc 95.508
LR: 0.01895953930755021
Epoch:7/25
 * Loss 0.203 | Train Acc 93.359
LR: 0.018507503985817242
Epoch:8/25
 * Loss 0.183 | Train Acc 94.531
LR: 0.017977793253138218
Epoch:9/25
 * Loss 0.161 | Train Acc 95.312
LR: 0.017372630288763825
Epoch:10/25
 * Loss 0.167 | Train Acc 95.312
LR: 0.016694554942583234
Epoch:11/25
 * Loss 0.194 | Train Acc 95.117
LR: 0.015946413075454142
Epoch:12/25
 * Loss 0.175 | Train Acc 94.922
LR: 0.015131344615214457
Epoch:13/25
 * Loss 0.162 | Train Acc 95.898
LR: 0.014252770378504108
Epoch:14/25
 * Loss 0.139 | Train Acc 96.094
LR: 0.013314377713705425
Epoch:15/25
 * Loss 0.173 | Train Acc 95.312
LR: 0.012320105025258196
Epoch:16/25
 * Loss 0.167 | Train Acc 94.141
LR: 0.011274125244300335
Epoch:17/25
 * Loss 0.114 | Train Acc 96.289
LR: 0.010180828315007424
Epoch:18/25
 * Loss 0.154 | Train Acc 95.117
LR: 0.009044802770135373
Epoch:19/25
 * Loss 0.116 | Train Acc 96.875
LR: 0.007870816473093028
Epoch:20/25
 * Loss 0.153 | Train Acc 95.117
LR: 0.00666379660736973
Epoch:21/25
 * Loss 0.116 | Train Acc 97.070
LR: 0.005428808997301486
Epoch:22/25
 * Loss 0.125 | Train Acc 96.680
LR: 0.004171036846965889
Epoch:23/25
 * Loss 0.121 | Train Acc 96.484
LR: 0.0028957589864379565
Epoch:24/25
 * Loss 0.128 | Train Acc 95.898
LR: 0.0016083277167066668
Epoch:25/25
 * Loss 0.107 | Train Acc 96.875
=> Saving class model to: ./checkpoints/CUB200-pa-apt/seed3/models/repeat-1/task-1/
=> Save Done
validation split name: 1 local = False
 * Val Acc 96.354, Total time 2.41
====================== 2 =======================
Incremental class: Old valid output dimension: 20
Incremental class: New Valid output dimension: 40
Overwriting ...
Optimizer is reset!
*****************************************
LR: 0.02
Epoch:1/25
 * Loss 1.087 | Train Acc 72.461
LR: 0.02
Epoch:2/25
 * Loss 0.277 | Train Acc 91.406
LR: 0.01995803031515996
Epoch:3/25
 * Loss 0.249 | Train Acc 92.773
LR: 0.019832297406084384
Epoch:4/25
 * Loss 0.179 | Train Acc 94.922
LR: 0.01962332896983008
Epoch:5/25
 * Loss 0.100 | Train Acc 97.461
LR: 0.019332002040338147
Epoch:6/25
 * Loss 0.129 | Train Acc 96.484
LR: 0.01895953930755021
Epoch:7/25
 * Loss 0.162 | Train Acc 95.117
LR: 0.018507503985817242
Epoch:8/25
 * Loss 0.144 | Train Acc 95.703
LR: 0.017977793253138218
Epoch:9/25
 * Loss 0.114 | Train Acc 96.484
LR: 0.017372630288763825
Epoch:10/25
 * Loss 0.130 | Train Acc 96.484
LR: 0.016694554942583234
Epoch:11/25
 * Loss 0.128 | Train Acc 95.898
LR: 0.015946413075454142
Epoch:12/25
 * Loss 0.100 | Train Acc 96.875
LR: 0.015131344615214457
Epoch:13/25
 * Loss 0.090 | Train Acc 97.656
LR: 0.014252770378504108
Epoch:14/25
 * Loss 0.116 | Train Acc 97.070
LR: 0.013314377713705425
Epoch:15/25
 * Loss 0.077 | Train Acc 97.656
LR: 0.012320105025258196
Epoch:16/25
 * Loss 0.094 | Train Acc 97.852
LR: 0.011274125244300335
Epoch:17/25
 * Loss 0.074 | Train Acc 97.461
LR: 0.010180828315007424
Epoch:18/25
 * Loss 0.095 | Train Acc 97.461
LR: 0.009044802770135373
Epoch:19/25
 * Loss 0.067 | Train Acc 97.461
LR: 0.007870816473093028
Epoch:20/25
 * Loss 0.093 | Train Acc 97.461
LR: 0.00666379660736973
Epoch:21/25
 * Loss 0.089 | Train Acc 96.680
LR: 0.005428808997301486
Epoch:22/25
 * Loss 0.063 | Train Acc 98.242
LR: 0.004171036846965889
Epoch:23/25
 * Loss 0.097 | Train Acc 97.266
LR: 0.0028957589864379565
Epoch:24/25
 * Loss 0.081 | Train Acc 97.461
LR: 0.0016083277167066668
Epoch:25/25
 * Loss 0.099 | Train Acc 96.680
Merging prompt ... 
=> Saving class model to: ./checkpoints/CUB200-pa-apt/seed3/models/repeat-1/task-2/
=> Save Done
validation split name: 1 local = False
 * Val Acc 86.979, Total time 2.33
validation split name: 2 local = False
 * Val Acc 95.508, Total time 2.12
====================== 3 =======================
Incremental class: Old valid output dimension: 40
Incremental class: New Valid output dimension: 60
Overwriting ...
Optimizer is reset!
*****************************************
LR: 0.02
Epoch:1/25
 * Loss 1.055 | Train Acc 71.484
LR: 0.02
Epoch:2/25
 * Loss 0.304 | Train Acc 90.234
LR: 0.01995803031515996
Epoch:3/25
 * Loss 0.226 | Train Acc 92.188
LR: 0.019832297406084384
Epoch:4/25
 * Loss 0.230 | Train Acc 91.797
LR: 0.01962332896983008
Epoch:5/25
 * Loss 0.172 | Train Acc 94.922
LR: 0.019332002040338147
Epoch:6/25
 * Loss 0.183 | Train Acc 94.141
LR: 0.01895953930755021
Epoch:7/25
 * Loss 0.177 | Train Acc 94.727
LR: 0.018507503985817242
Epoch:8/25
 * Loss 0.110 | Train Acc 97.266
LR: 0.017977793253138218
Epoch:9/25
 * Loss 0.139 | Train Acc 95.508
LR: 0.017372630288763825
Epoch:10/25
 * Loss 0.133 | Train Acc 96.484
LR: 0.016694554942583234
Epoch:11/25
 * Loss 0.167 | Train Acc 94.922
LR: 0.015946413075454142
Epoch:12/25
 * Loss 0.124 | Train Acc 96.484
LR: 0.015131344615214457
Epoch:13/25
 * Loss 0.134 | Train Acc 95.703
LR: 0.014252770378504108
Epoch:14/25
 * Loss 0.152 | Train Acc 95.117
LR: 0.013314377713705425
Epoch:15/25
 * Loss 0.116 | Train Acc 96.484
LR: 0.012320105025258196
Epoch:16/25
 * Loss 0.117 | Train Acc 96.875
LR: 0.011274125244300335
Epoch:17/25
 * Loss 0.128 | Train Acc 96.289
LR: 0.010180828315007424
Epoch:18/25
 * Loss 0.120 | Train Acc 96.680
LR: 0.009044802770135373
Epoch:19/25
 * Loss 0.140 | Train Acc 96.484
LR: 0.007870816473093028
Epoch:20/25
 * Loss 0.093 | Train Acc 97.656
LR: 0.00666379660736973
Epoch:21/25
 * Loss 0.112 | Train Acc 97.461
LR: 0.005428808997301486
Epoch:22/25
 * Loss 0.111 | Train Acc 96.484
LR: 0.004171036846965889
Epoch:23/25
 * Loss 0.125 | Train Acc 97.266
LR: 0.0028957589864379565
Epoch:24/25
 * Loss 0.077 | Train Acc 98.242
LR: 0.0016083277167066668
Epoch:25/25
 * Loss 0.128 | Train Acc 96.289
Merging prompt ... 
=> Saving class model to: ./checkpoints/CUB200-pa-apt/seed3/models/repeat-1/task-3/
=> Save Done
validation split name: 1 local = False
 * Val Acc 86.979, Total time 2.33
validation split name: 2 local = False
 * Val Acc 93.164, Total time 2.06
validation split name: 3 local = False
 * Val Acc 96.007, Total time 2.31
====================== 4 =======================
Incremental class: Old valid output dimension: 60
Incremental class: New Valid output dimension: 80
Overwriting ...
Optimizer is reset!
*****************************************
LR: 0.02
Epoch:1/25
 * Loss 0.886 | Train Acc 76.562
LR: 0.02
Epoch:2/25
 * Loss 0.226 | Train Acc 94.922
LR: 0.01995803031515996
Epoch:3/25
 * Loss 0.214 | Train Acc 94.336
LR: 0.019832297406084384
Epoch:4/25
 * Loss 0.160 | Train Acc 94.922
LR: 0.01962332896983008
Epoch:5/25
 * Loss 0.141 | Train Acc 95.703
LR: 0.019332002040338147
Epoch:6/25
 * Loss 0.158 | Train Acc 95.703
LR: 0.01895953930755021
Epoch:7/25
 * Loss 0.155 | Train Acc 95.117
LR: 0.018507503985817242
Epoch:8/25
 * Loss 0.139 | Train Acc 95.898
LR: 0.017977793253138218
Epoch:9/25
 * Loss 0.106 | Train Acc 96.875
LR: 0.017372630288763825
Epoch:10/25
 * Loss 0.091 | Train Acc 97.461
LR: 0.016694554942583234
Epoch:11/25
 * Loss 0.119 | Train Acc 96.289
LR: 0.015946413075454142
Epoch:12/25
 * Loss 0.080 | Train Acc 98.047
LR: 0.015131344615214457
Epoch:13/25
 * Loss 0.091 | Train Acc 97.266
LR: 0.014252770378504108
Epoch:14/25
 * Loss 0.119 | Train Acc 96.875
LR: 0.013314377713705425
Epoch:15/25
 * Loss 0.145 | Train Acc 95.508
LR: 0.012320105025258196
Epoch:16/25
 * Loss 0.097 | Train Acc 97.070
LR: 0.011274125244300335
Epoch:17/25
 * Loss 0.104 | Train Acc 97.656
LR: 0.010180828315007424
Epoch:18/25
 * Loss 0.108 | Train Acc 97.656
LR: 0.009044802770135373
Epoch:19/25
 * Loss 0.081 | Train Acc 98.242
LR: 0.007870816473093028
Epoch:20/25
 * Loss 0.080 | Train Acc 96.680
LR: 0.00666379660736973
Epoch:21/25
 * Loss 0.113 | Train Acc 96.094
LR: 0.005428808997301486
Epoch:22/25
 * Loss 0.093 | Train Acc 97.852
LR: 0.004171036846965889
Epoch:23/25
 * Loss 0.109 | Train Acc 96.484
LR: 0.0028957589864379565
Epoch:24/25
 * Loss 0.091 | Train Acc 97.656
LR: 0.0016083277167066668
Epoch:25/25
 * Loss 0.088 | Train Acc 97.461
Merging prompt ... 
=> Saving class model to: ./checkpoints/CUB200-pa-apt/seed3/models/repeat-1/task-4/
=> Save Done
validation split name: 1 local = False
 * Val Acc 86.285, Total time 2.27
validation split name: 2 local = False
 * Val Acc 92.578, Total time 2.02
validation split name: 3 local = False
 * Val Acc 95.139, Total time 2.36
validation split name: 4 local = False
 * Val Acc 93.576, Total time 2.31
====================== 5 =======================
Incremental class: Old valid output dimension: 80
Incremental class: New Valid output dimension: 100
Overwriting ...
Optimizer is reset!
*****************************************
LR: 0.02
Epoch:1/25
 * Loss 1.270 | Train Acc 64.648
LR: 0.02
Epoch:2/25
 * Loss 0.459 | Train Acc 86.133
LR: 0.01995803031515996
Epoch:3/25
 * Loss 0.318 | Train Acc 90.430
LR: 0.019832297406084384
Epoch:4/25
 * Loss 0.291 | Train Acc 91.016
LR: 0.01962332896983008
Epoch:5/25
 * Loss 0.223 | Train Acc 92.773
LR: 0.019332002040338147
Epoch:6/25
 * Loss 0.199 | Train Acc 94.922
LR: 0.01895953930755021
Epoch:7/25
 * Loss 0.151 | Train Acc 95.898
LR: 0.018507503985817242
Epoch:8/25
 * Loss 0.150 | Train Acc 95.703
LR: 0.017977793253138218
Epoch:9/25
 * Loss 0.164 | Train Acc 94.922
LR: 0.017372630288763825
Epoch:10/25
 * Loss 0.179 | Train Acc 95.312
LR: 0.016694554942583234
Epoch:11/25
 * Loss 0.193 | Train Acc 93.750
LR: 0.015946413075454142
Epoch:12/25
 * Loss 0.154 | Train Acc 95.312
LR: 0.015131344615214457
Epoch:13/25
 * Loss 0.134 | Train Acc 96.875
LR: 0.014252770378504108
Epoch:14/25
 * Loss 0.136 | Train Acc 95.898
LR: 0.013314377713705425
Epoch:15/25
 * Loss 0.178 | Train Acc 95.117
LR: 0.012320105025258196
Epoch:16/25
 * Loss 0.144 | Train Acc 95.312
LR: 0.011274125244300335
Epoch:17/25
 * Loss 0.115 | Train Acc 96.875
LR: 0.010180828315007424
Epoch:18/25
 * Loss 0.071 | Train Acc 98.242
LR: 0.009044802770135373
Epoch:19/25
 * Loss 0.100 | Train Acc 97.461
LR: 0.007870816473093028
Epoch:20/25
 * Loss 0.127 | Train Acc 96.484
LR: 0.00666379660736973
Epoch:21/25
 * Loss 0.139 | Train Acc 96.094
LR: 0.005428808997301486
Epoch:22/25
 * Loss 0.116 | Train Acc 97.656
LR: 0.004171036846965889
Epoch:23/25
 * Loss 0.131 | Train Acc 96.289
LR: 0.0028957589864379565
Epoch:24/25
 * Loss 0.116 | Train Acc 96.484
LR: 0.0016083277167066668
Epoch:25/25
 * Loss 0.104 | Train Acc 97.266
Merging prompt ... 
=> Saving class model to: ./checkpoints/CUB200-pa-apt/seed3/models/repeat-1/task-5/
=> Save Done
validation split name: 1 local = False
 * Val Acc 83.507, Total time 2.47
validation split name: 2 local = False
 * Val Acc 86.133, Total time 2.24
validation split name: 3 local = False
 * Val Acc 87.847, Total time 2.48
validation split name: 4 local = False
 * Val Acc 90.278, Total time 2.57
validation split name: 5 local = False
 * Val Acc 80.859, Total time 2.19
====================== 6 =======================
Incremental class: Old valid output dimension: 100
Incremental class: New Valid output dimension: 120
Overwriting ...
Optimizer is reset!
*****************************************
LR: 0.02
Epoch:1/25
 * Loss 0.991 | Train Acc 75.977
LR: 0.02
Epoch:2/25
 * Loss 0.263 | Train Acc 91.016
LR: 0.01995803031515996
Epoch:3/25
 * Loss 0.233 | Train Acc 92.969
LR: 0.019832297406084384
Epoch:4/25
 * Loss 0.249 | Train Acc 91.992
LR: 0.01962332896983008
Epoch:5/25
 * Loss 0.197 | Train Acc 92.969
LR: 0.019332002040338147
Epoch:6/25
 * Loss 0.204 | Train Acc 94.141
LR: 0.01895953930755021
Epoch:7/25
 * Loss 0.206 | Train Acc 94.141
LR: 0.018507503985817242
Epoch:8/25
 * Loss 0.157 | Train Acc 94.922
LR: 0.017977793253138218
Epoch:9/25
 * Loss 0.158 | Train Acc 94.922
LR: 0.017372630288763825
Epoch:10/25
 * Loss 0.155 | Train Acc 95.312
LR: 0.016694554942583234
Epoch:11/25
 * Loss 0.126 | Train Acc 95.703
LR: 0.015946413075454142
Epoch:12/25
 * Loss 0.152 | Train Acc 94.922
LR: 0.015131344615214457
Epoch:13/25
 * Loss 0.173 | Train Acc 95.703
LR: 0.014252770378504108
Epoch:14/25
 * Loss 0.117 | Train Acc 95.898
LR: 0.013314377713705425
Epoch:15/25
 * Loss 0.158 | Train Acc 95.117
LR: 0.012320105025258196
Epoch:16/25
 * Loss 0.100 | Train Acc 97.461
LR: 0.011274125244300335
Epoch:17/25
 * Loss 0.126 | Train Acc 96.289
LR: 0.010180828315007424
Epoch:18/25
 * Loss 0.101 | Train Acc 97.070
LR: 0.009044802770135373
Epoch:19/25
 * Loss 0.109 | Train Acc 96.484
LR: 0.007870816473093028
Epoch:20/25
 * Loss 0.119 | Train Acc 97.070
LR: 0.00666379660736973
Epoch:21/25
 * Loss 0.094 | Train Acc 97.266
LR: 0.005428808997301486
Epoch:22/25
 * Loss 0.112 | Train Acc 96.875
LR: 0.004171036846965889
Epoch:23/25
 * Loss 0.147 | Train Acc 94.922
LR: 0.0028957589864379565
Epoch:24/25
 * Loss 0.118 | Train Acc 97.070
LR: 0.0016083277167066668
Epoch:25/25
 * Loss 0.130 | Train Acc 96.289
Merging prompt ... 
=> Saving class model to: ./checkpoints/CUB200-pa-apt/seed3/models/repeat-1/task-6/
=> Save Done
validation split name: 1 local = False
 * Val Acc 80.035, Total time 2.35
validation split name: 2 local = False
 * Val Acc 85.156, Total time 2.13
validation split name: 3 local = False
 * Val Acc 87.153, Total time 2.33
validation split name: 4 local = False
 * Val Acc 90.104, Total time 2.47
validation split name: 5 local = False
 * Val Acc 76.172, Total time 2.22
validation split name: 6 local = False
 * Val Acc 84.180, Total time 2.18
====================== 7 =======================
Incremental class: Old valid output dimension: 120
Incremental class: New Valid output dimension: 140
Overwriting ...
Optimizer is reset!
*****************************************
LR: 0.02
Epoch:1/25
 * Loss 1.100 | Train Acc 70.898
LR: 0.02
Epoch:2/25
 * Loss 0.349 | Train Acc 88.672
LR: 0.01995803031515996
Epoch:3/25
 * Loss 0.220 | Train Acc 92.578
LR: 0.019832297406084384
Epoch:4/25
 * Loss 0.253 | Train Acc 92.773
LR: 0.01962332896983008
Epoch:5/25
 * Loss 0.156 | Train Acc 95.703
LR: 0.019332002040338147
Epoch:6/25
 * Loss 0.150 | Train Acc 95.703
LR: 0.01895953930755021
Epoch:7/25
 * Loss 0.155 | Train Acc 94.727
LR: 0.018507503985817242
Epoch:8/25
 * Loss 0.146 | Train Acc 95.508
LR: 0.017977793253138218
Epoch:9/25
 * Loss 0.193 | Train Acc 94.336
LR: 0.017372630288763825
Epoch:10/25
 * Loss 0.107 | Train Acc 96.875
LR: 0.016694554942583234
Epoch:11/25
 * Loss 0.157 | Train Acc 95.508
LR: 0.015946413075454142
Epoch:12/25
 * Loss 0.133 | Train Acc 96.289
LR: 0.015131344615214457
Epoch:13/25
 * Loss 0.131 | Train Acc 96.875
LR: 0.014252770378504108
Epoch:14/25
 * Loss 0.125 | Train Acc 96.680
LR: 0.013314377713705425
Epoch:15/25
 * Loss 0.101 | Train Acc 97.070
LR: 0.012320105025258196
Epoch:16/25
 * Loss 0.142 | Train Acc 96.289
LR: 0.011274125244300335
Epoch:17/25
 * Loss 0.119 | Train Acc 96.289
LR: 0.010180828315007424
Epoch:18/25
 * Loss 0.112 | Train Acc 97.461
LR: 0.009044802770135373
Epoch:19/25
 * Loss 0.100 | Train Acc 97.656
LR: 0.007870816473093028
Epoch:20/25
 * Loss 0.094 | Train Acc 97.070
LR: 0.00666379660736973
Epoch:21/25
 * Loss 0.141 | Train Acc 95.703
LR: 0.005428808997301486
Epoch:22/25
 * Loss 0.118 | Train Acc 96.484
LR: 0.004171036846965889
Epoch:23/25
 * Loss 0.123 | Train Acc 97.656
LR: 0.0028957589864379565
Epoch:24/25
 * Loss 0.101 | Train Acc 97.266
LR: 0.0016083277167066668
Epoch:25/25
 * Loss 0.132 | Train Acc 95.898
Merging prompt ... 
=> Saving class model to: ./checkpoints/CUB200-pa-apt/seed3/models/repeat-1/task-7/
=> Save Done
validation split name: 1 local = False
 * Val Acc 79.514, Total time 2.39
validation split name: 2 local = False
 * Val Acc 82.227, Total time 2.16
validation split name: 3 local = False
 * Val Acc 84.375, Total time 2.35
validation split name: 4 local = False
 * Val Acc 90.104, Total time 2.46
validation split name: 5 local = False
 * Val Acc 74.805, Total time 2.24
validation split name: 6 local = False
 * Val Acc 83.984, Total time 2.26
validation split name: 7 local = False
 * Val Acc 86.285, Total time 2.40
====================== 8 =======================
Incremental class: Old valid output dimension: 140
Incremental class: New Valid output dimension: 160
Overwriting ...
Optimizer is reset!
*****************************************
LR: 0.02
Epoch:1/25
 * Loss 0.831 | Train Acc 78.516
LR: 0.02
Epoch:2/25
 * Loss 0.201 | Train Acc 93.359
LR: 0.01995803031515996
Epoch:3/25
 * Loss 0.140 | Train Acc 96.680
LR: 0.019832297406084384
Epoch:4/25
 * Loss 0.152 | Train Acc 95.508
LR: 0.01962332896983008
Epoch:5/25
 * Loss 0.168 | Train Acc 94.922
LR: 0.019332002040338147
Epoch:6/25
 * Loss 0.083 | Train Acc 96.875
LR: 0.01895953930755021
Epoch:7/25
 * Loss 0.077 | Train Acc 97.461
LR: 0.018507503985817242
Epoch:8/25
 * Loss 0.148 | Train Acc 95.508
LR: 0.017977793253138218
Epoch:9/25
 * Loss 0.108 | Train Acc 96.875
LR: 0.017372630288763825
Epoch:10/25
 * Loss 0.093 | Train Acc 97.266
LR: 0.016694554942583234
Epoch:11/25
 * Loss 0.104 | Train Acc 97.266
LR: 0.015946413075454142
Epoch:12/25
 * Loss 0.125 | Train Acc 96.289
LR: 0.015131344615214457
Epoch:13/25
 * Loss 0.102 | Train Acc 96.875
LR: 0.014252770378504108
Epoch:14/25
 * Loss 0.109 | Train Acc 96.094
LR: 0.013314377713705425
Epoch:15/25
 * Loss 0.110 | Train Acc 96.680
LR: 0.012320105025258196
Epoch:16/25
 * Loss 0.076 | Train Acc 98.047
LR: 0.011274125244300335
Epoch:17/25
 * Loss 0.068 | Train Acc 98.047
LR: 0.010180828315007424
Epoch:18/25
 * Loss 0.104 | Train Acc 97.461
LR: 0.009044802770135373
Epoch:19/25
 * Loss 0.093 | Train Acc 97.266
LR: 0.007870816473093028
Epoch:20/25
 * Loss 0.101 | Train Acc 97.070
LR: 0.00666379660736973
Epoch:21/25
 * Loss 0.063 | Train Acc 98.438
LR: 0.005428808997301486
Epoch:22/25
 * Loss 0.074 | Train Acc 97.266
LR: 0.004171036846965889
Epoch:23/25
 * Loss 0.111 | Train Acc 96.875
LR: 0.0028957589864379565
Epoch:24/25
 * Loss 0.056 | Train Acc 98.438
LR: 0.0016083277167066668
Epoch:25/25
 * Loss 0.090 | Train Acc 96.875
Merging prompt ... 
=> Saving class model to: ./checkpoints/CUB200-pa-apt/seed3/models/repeat-1/task-8/
=> Save Done
validation split name: 1 local = False
 * Val Acc 76.736, Total time 2.48
validation split name: 2 local = False
 * Val Acc 78.906, Total time 2.21
validation split name: 3 local = False
 * Val Acc 82.812, Total time 2.38
validation split name: 4 local = False
 * Val Acc 88.889, Total time 2.44
validation split name: 5 local = False
 * Val Acc 70.898, Total time 2.25
validation split name: 6 local = False
 * Val Acc 83.203, Total time 2.27
validation split name: 7 local = False
 * Val Acc 85.243, Total time 2.39
validation split name: 8 local = False
 * Val Acc 85.417, Total time 2.35
====================== 9 =======================
Incremental class: Old valid output dimension: 160
Incremental class: New Valid output dimension: 180
Overwriting ...
Optimizer is reset!
*****************************************
LR: 0.02
Epoch:1/25
 * Loss 1.097 | Train Acc 68.945
LR: 0.02
Epoch:2/25
 * Loss 0.253 | Train Acc 92.188
LR: 0.01995803031515996
Epoch:3/25
 * Loss 0.245 | Train Acc 91.211
LR: 0.019832297406084384
Epoch:4/25
 * Loss 0.218 | Train Acc 92.969
LR: 0.01962332896983008
Epoch:5/25
 * Loss 0.239 | Train Acc 92.773
LR: 0.019332002040338147
Epoch:6/25
 * Loss 0.144 | Train Acc 95.898
LR: 0.01895953930755021
Epoch:7/25
 * Loss 0.147 | Train Acc 95.898
LR: 0.018507503985817242
Epoch:8/25
 * Loss 0.173 | Train Acc 94.727
LR: 0.017977793253138218
Epoch:9/25
 * Loss 0.139 | Train Acc 95.508
LR: 0.017372630288763825
Epoch:10/25
 * Loss 0.111 | Train Acc 96.680
LR: 0.016694554942583234
Epoch:11/25
 * Loss 0.150 | Train Acc 95.898
LR: 0.015946413075454142
Epoch:12/25
 * Loss 0.105 | Train Acc 97.070
LR: 0.015131344615214457
Epoch:13/25
 * Loss 0.145 | Train Acc 95.898
LR: 0.014252770378504108
Epoch:14/25
 * Loss 0.118 | Train Acc 96.289
LR: 0.013314377713705425
Epoch:15/25
 * Loss 0.137 | Train Acc 95.508
LR: 0.012320105025258196
Epoch:16/25
 * Loss 0.101 | Train Acc 96.680
LR: 0.011274125244300335
Epoch:17/25
 * Loss 0.123 | Train Acc 96.484
LR: 0.010180828315007424
Epoch:18/25
 * Loss 0.132 | Train Acc 97.070
LR: 0.009044802770135373
Epoch:19/25
 * Loss 0.115 | Train Acc 96.680
LR: 0.007870816473093028
Epoch:20/25
 * Loss 0.073 | Train Acc 98.242
LR: 0.00666379660736973
Epoch:21/25
 * Loss 0.100 | Train Acc 97.070
LR: 0.005428808997301486
Epoch:22/25
 * Loss 0.119 | Train Acc 96.680
LR: 0.004171036846965889
Epoch:23/25
 * Loss 0.104 | Train Acc 96.484
LR: 0.0028957589864379565
Epoch:24/25
 * Loss 0.116 | Train Acc 96.289
LR: 0.0016083277167066668
Epoch:25/25
 * Loss 0.096 | Train Acc 97.656
Merging prompt ... 
=> Saving class model to: ./checkpoints/CUB200-pa-apt/seed3/models/repeat-1/task-9/
=> Save Done
validation split name: 1 local = False
 * Val Acc 73.090, Total time 2.43
validation split name: 2 local = False
 * Val Acc 79.102, Total time 2.08
validation split name: 3 local = False
 * Val Acc 82.118, Total time 2.31
validation split name: 4 local = False
 * Val Acc 83.681, Total time 2.41
validation split name: 5 local = False
 * Val Acc 70.508, Total time 2.24
validation split name: 6 local = False
 * Val Acc 83.203, Total time 2.18
validation split name: 7 local = False
 * Val Acc 84.549, Total time 2.35
validation split name: 8 local = False
 * Val Acc 85.590, Total time 2.40
validation split name: 9 local = False
 * Val Acc 85.938, Total time 2.40
====================== 10 =======================
Incremental class: Old valid output dimension: 180
Incremental class: New Valid output dimension: 200
Overwriting ...
Optimizer is reset!
*****************************************
LR: 0.02
Epoch:1/25
 * Loss 0.867 | Train Acc 73.828
LR: 0.02
Epoch:2/25
 * Loss 0.343 | Train Acc 87.695
LR: 0.01995803031515996
Epoch:3/25
 * Loss 0.281 | Train Acc 90.625
LR: 0.019832297406084384
Epoch:4/25
 * Loss 0.257 | Train Acc 90.430
LR: 0.01962332896983008
Epoch:5/25
 * Loss 0.195 | Train Acc 95.312
LR: 0.019332002040338147
Epoch:6/25
 * Loss 0.135 | Train Acc 95.703
LR: 0.01895953930755021
Epoch:7/25
 * Loss 0.233 | Train Acc 93.750
LR: 0.018507503985817242
Epoch:8/25
 * Loss 0.161 | Train Acc 94.922
LR: 0.017977793253138218
Epoch:9/25
 * Loss 0.186 | Train Acc 93.164
LR: 0.017372630288763825
Epoch:10/25
 * Loss 0.132 | Train Acc 96.289
LR: 0.016694554942583234
Epoch:11/25
 * Loss 0.175 | Train Acc 93.359
LR: 0.015946413075454142
Epoch:12/25
 * Loss 0.175 | Train Acc 95.117
LR: 0.015131344615214457
Epoch:13/25
 * Loss 0.142 | Train Acc 95.508
LR: 0.014252770378504108
Epoch:14/25
 * Loss 0.111 | Train Acc 97.070
LR: 0.013314377713705425
Epoch:15/25
 * Loss 0.127 | Train Acc 96.875
LR: 0.012320105025258196
Epoch:16/25
 * Loss 0.111 | Train Acc 97.461
LR: 0.011274125244300335
Epoch:17/25
 * Loss 0.092 | Train Acc 97.461
LR: 0.010180828315007424
Epoch:18/25
 * Loss 0.145 | Train Acc 95.898
LR: 0.009044802770135373
Epoch:19/25
 * Loss 0.137 | Train Acc 94.727
LR: 0.007870816473093028
Epoch:20/25
 * Loss 0.110 | Train Acc 97.461
LR: 0.00666379660736973
Epoch:21/25
 * Loss 0.131 | Train Acc 96.680
LR: 0.005428808997301486
Epoch:22/25
 * Loss 0.098 | Train Acc 97.461
LR: 0.004171036846965889
Epoch:23/25
 * Loss 0.106 | Train Acc 98.047
LR: 0.0028957589864379565
Epoch:24/25
 * Loss 0.094 | Train Acc 98.047
LR: 0.0016083277167066668
Epoch:25/25
 * Loss 0.126 | Train Acc 96.289
Merging prompt ... 
=> Saving class model to: ./checkpoints/CUB200-pa-apt/seed3/models/repeat-1/task-10/
=> Save Done
validation split name: 1 local = False
 * Val Acc 71.007, Total time 2.37
validation split name: 2 local = False
 * Val Acc 75.000, Total time 2.21
validation split name: 3 local = False
 * Val Acc 80.729, Total time 2.35
validation split name: 4 local = False
 * Val Acc 83.681, Total time 2.50
validation split name: 5 local = False
 * Val Acc 68.555, Total time 2.29
validation split name: 6 local = False
 * Val Acc 83.398, Total time 2.22
validation split name: 7 local = False
 * Val Acc 83.681, Total time 2.42
validation split name: 8 local = False
 * Val Acc 80.556, Total time 2.38
validation split name: 9 local = False
 * Val Acc 87.153, Total time 2.41
validation split name: 10 local = False
 * Val Acc 76.172, Total time 2.20
*****************************************
Incremental class: Old valid output dimension: 0
Incremental class: New Valid output dimension: 20
=> Load Done
===global validation====
test task 1, using model 1
validation split name: 1 local = False
 * Val Acc 96.354, Total time 2.33
Incremental class: Old valid output dimension: 20
Incremental class: New Valid output dimension: 40
=> Load Done
===global validation====
test task 1, using model 2
validation split name: 1 local = False
 * Val Acc 86.979, Total time 2.49
test task 2, using model 2
validation split name: 2 local = False
 * Val Acc 95.508, Total time 2.20
Incremental class: Old valid output dimension: 40
Incremental class: New Valid output dimension: 60
=> Load Done
===global validation====
test task 1, using model 3
validation split name: 1 local = False
 * Val Acc 86.979, Total time 2.38
test task 2, using model 3
validation split name: 2 local = False
 * Val Acc 93.164, Total time 2.26
test task 3, using model 3
validation split name: 3 local = False
 * Val Acc 96.007, Total time 2.39
Incremental class: Old valid output dimension: 60
Incremental class: New Valid output dimension: 80
=> Load Done
===global validation====
test task 1, using model 4
validation split name: 1 local = False
 * Val Acc 86.285, Total time 2.38
test task 2, using model 4
validation split name: 2 local = False
 * Val Acc 92.578, Total time 2.19
test task 3, using model 4
validation split name: 3 local = False
 * Val Acc 95.139, Total time 2.38
test task 4, using model 4
validation split name: 4 local = False
 * Val Acc 93.576, Total time 2.41
Incremental class: Old valid output dimension: 80
Incremental class: New Valid output dimension: 100
=> Load Done
===global validation====
test task 1, using model 5
validation split name: 1 local = False
 * Val Acc 83.507, Total time 2.40
test task 2, using model 5
validation split name: 2 local = False
 * Val Acc 86.133, Total time 2.18
test task 3, using model 5
validation split name: 3 local = False
 * Val Acc 87.847, Total time 2.55
test task 4, using model 5
validation split name: 4 local = False
 * Val Acc 90.278, Total time 2.56
test task 5, using model 5
validation split name: 5 local = False
 * Val Acc 80.859, Total time 2.30
Incremental class: Old valid output dimension: 100
Incremental class: New Valid output dimension: 120
=> Load Done
===global validation====
test task 1, using model 6
validation split name: 1 local = False
 * Val Acc 80.035, Total time 2.44
test task 2, using model 6
validation split name: 2 local = False
 * Val Acc 85.156, Total time 2.27
test task 3, using model 6
validation split name: 3 local = False
 * Val Acc 87.153, Total time 2.41
test task 4, using model 6
validation split name: 4 local = False
 * Val Acc 90.104, Total time 2.54
test task 5, using model 6
validation split name: 5 local = False
 * Val Acc 76.172, Total time 2.35
test task 6, using model 6
validation split name: 6 local = False
 * Val Acc 84.180, Total time 2.25
Incremental class: Old valid output dimension: 120
Incremental class: New Valid output dimension: 140
=> Load Done
===global validation====
test task 1, using model 7
validation split name: 1 local = False
 * Val Acc 79.514, Total time 2.41
test task 2, using model 7
validation split name: 2 local = False
 * Val Acc 82.227, Total time 2.32
test task 3, using model 7
validation split name: 3 local = False
 * Val Acc 84.375, Total time 2.41
test task 4, using model 7
validation split name: 4 local = False
 * Val Acc 90.104, Total time 2.88
test task 5, using model 7
validation split name: 5 local = False
 * Val Acc 74.805, Total time 2.67
test task 6, using model 7
validation split name: 6 local = False
 * Val Acc 83.984, Total time 2.81
test task 7, using model 7
validation split name: 7 local = False
 * Val Acc 86.285, Total time 3.67
Incremental class: Old valid output dimension: 140
Incremental class: New Valid output dimension: 160
=> Load Done
===global validation====
test task 1, using model 8
validation split name: 1 local = False
 * Val Acc 76.736, Total time 4.91
test task 2, using model 8
validation split name: 2 local = False
 * Val Acc 78.906, Total time 4.43
test task 3, using model 8
validation split name: 3 local = False
 * Val Acc 82.812, Total time 5.03
test task 4, using model 8
validation split name: 4 local = False
 * Val Acc 88.889, Total time 5.09
test task 5, using model 8
validation split name: 5 local = False
 * Val Acc 70.898, Total time 4.72
test task 6, using model 8
validation split name: 6 local = False
 * Val Acc 83.203, Total time 4.66
test task 7, using model 8
validation split name: 7 local = False
 * Val Acc 85.243, Total time 4.88
test task 8, using model 8
validation split name: 8 local = False
 * Val Acc 85.417, Total time 4.95
Incremental class: Old valid output dimension: 160
Incremental class: New Valid output dimension: 180
=> Load Done
===global validation====
test task 1, using model 9
validation split name: 1 local = False
 * Val Acc 73.090, Total time 4.82
test task 2, using model 9
validation split name: 2 local = False
 * Val Acc 79.102, Total time 3.69
test task 3, using model 9
validation split name: 3 local = False
 * Val Acc 82.118, Total time 4.89
test task 4, using model 9
validation split name: 4 local = False
 * Val Acc 83.681, Total time 5.01
test task 5, using model 9
validation split name: 5 local = False
 * Val Acc 70.508, Total time 4.64
test task 6, using model 9
validation split name: 6 local = False
 * Val Acc 83.203, Total time 4.57
test task 7, using model 9
validation split name: 7 local = False
 * Val Acc 84.549, Total time 4.95
test task 8, using model 9
validation split name: 8 local = False
 * Val Acc 85.590, Total time 4.87
test task 9, using model 9
validation split name: 9 local = False
 * Val Acc 85.938, Total time 4.87
Incremental class: Old valid output dimension: 180
Incremental class: New Valid output dimension: 200
=> Load Done
===global validation====
test task 1, using model 10
validation split name: 1 local = False
 * Val Acc 71.007, Total time 5.06
test task 2, using model 10
validation split name: 2 local = False
 * Val Acc 75.000, Total time 4.24
test task 3, using model 10
validation split name: 3 local = False
 * Val Acc 80.729, Total time 4.08
test task 4, using model 10
validation split name: 4 local = False
 * Val Acc 83.681, Total time 5.00
test task 5, using model 10
validation split name: 5 local = False
 * Val Acc 68.555, Total time 4.38
test task 6, using model 10
validation split name: 6 local = False
 * Val Acc 83.398, Total time 4.46
test task 7, using model 10
validation split name: 7 local = False
 * Val Acc 83.681, Total time 4.68
test task 8, using model 10
validation split name: 8 local = False
 * Val Acc 80.556, Total time 5.07
test task 9, using model 10
validation split name: 9 local = False
 * Val Acc 87.153, Total time 4.94
test task 10, using model 10
validation split name: 10 local = False
 * Val Acc 76.172, Total time 4.54
coda_forgetting= (np.float64(2.715878106322261), np.float64(0.0))
general_forgetting= (np.float64(10.04050925925926), np.float64(0.0))
acctable, {'1': OrderedDict([('1', 96.35416666666667), ('2', 86.97916666666667), ('3', 86.97916666666667), ('4', 86.28472222222223), ('5', 83.50694444444444), ('6', 80.03472222222223), ('7', 79.51388888888889), ('8', 76.73611111111111), ('9', 73.09027777777777), ('10', 71.00694444444444)]), '2': OrderedDict([('2', 95.5078125), ('3', 93.1640625), ('4', 92.578125), ('5', 86.1328125), ('6', 85.15625), ('7', 82.2265625), ('8', 78.90625), ('9', 79.1015625), ('10', 75.0)]), '3': OrderedDict([('3', 96.00694444444444), ('4', 95.13888888888889), ('5', 87.84722222222223), ('6', 87.15277777777777), ('7', 84.375), ('8', 82.8125), ('9', 82.11805555555556), ('10', 80.72916666666667)]), '4': OrderedDict([('4', 93.57638888888889), ('5', 90.27777777777777), ('6', 90.10416666666667), ('7', 90.10416666666667), ('8', 88.88888888888889), ('9', 83.68055555555556), ('10', 83.68055555555556)]), '5': OrderedDict([('5', 80.859375), ('6', 76.171875), ('7', 74.8046875), ('8', 70.8984375), ('9', 70.5078125), ('10', 68.5546875)]), '6': OrderedDict([('6', 84.1796875), ('7', 83.984375), ('8', 83.203125), ('9', 83.203125), ('10', 83.3984375)]), '7': OrderedDict([('7', 86.28472222222223), ('8', 85.24305555555556), ('9', 84.54861111111111), ('10', 83.68055555555556)]), '8': OrderedDict([('8', 85.41666666666667), ('9', 85.59027777777777), ('10', 80.55555555555556)]), '9': OrderedDict([('9', 85.9375), ('10', 87.15277777777777)]), '10': OrderedDict([('10', 76.171875)])}
dropmatrix: [[96.35416666666667, 86.97916666666667, 86.97916666666667, 86.28472222222223, 83.50694444444444, 80.03472222222223, 79.51388888888889, 76.73611111111111, 73.09027777777777, 71.00694444444444], [95.5078125, 93.1640625, 92.578125, 86.1328125, 85.15625, 82.2265625, 78.90625, 79.1015625, 75.0], [96.00694444444444, 95.13888888888889, 87.84722222222223, 87.15277777777777, 84.375, 82.8125, 82.11805555555556, 80.72916666666667], [93.57638888888889, 90.27777777777777, 90.10416666666667, 90.10416666666667, 88.88888888888889, 83.68055555555556, 83.68055555555556], [80.859375, 76.171875, 74.8046875, 70.8984375, 70.5078125, 68.5546875], [84.1796875, 83.984375, 83.203125, 83.203125, 83.3984375], [86.28472222222223, 85.24305555555556, 84.54861111111111, 83.68055555555556], [85.41666666666667, 85.59027777777777, 80.55555555555556], [85.9375, 87.15277777777777], [76.171875]]
global acc [[96.35416667]
 [91.24348958]
 [92.05005787]
 [91.89453125]
 [85.72482639]
 [83.79991319]
 [83.04191468]
 [81.51312934]
 [80.86419753]
 [78.99305556]]
pt acc [[[96.35416667]
  [86.97916667]
  [86.97916667]
  [86.28472222]
  [83.50694444]
  [80.03472222]
  [79.51388889]
  [76.73611111]
  [73.09027778]
  [71.00694444]]

 [[ 0.        ]
  [95.5078125 ]
  [93.1640625 ]
  [92.578125  ]
  [86.1328125 ]
  [85.15625   ]
  [82.2265625 ]
  [78.90625   ]
  [79.1015625 ]
  [75.        ]]

 [[ 0.        ]
  [ 0.        ]
  [96.00694444]
  [95.13888889]
  [87.84722222]
  [87.15277778]
  [84.375     ]
  [82.8125    ]
  [82.11805556]
  [80.72916667]]

 [[ 0.        ]
  [ 0.        ]
  [ 0.        ]
  [93.57638889]
  [90.27777778]
  [90.10416667]
  [90.10416667]
  [88.88888889]
  [83.68055556]
  [83.68055556]]

 [[ 0.        ]
  [ 0.        ]
  [ 0.        ]
  [ 0.        ]
  [80.859375  ]
  [76.171875  ]
  [74.8046875 ]
  [70.8984375 ]
  [70.5078125 ]
  [68.5546875 ]]

 [[ 0.        ]
  [ 0.        ]
  [ 0.        ]
  [ 0.        ]
  [ 0.        ]
  [84.1796875 ]
  [83.984375  ]
  [83.203125  ]
  [83.203125  ]
  [83.3984375 ]]

 [[ 0.        ]
  [ 0.        ]
  [ 0.        ]
  [ 0.        ]
  [ 0.        ]
  [ 0.        ]
  [86.28472222]
  [85.24305556]
  [84.54861111]
  [83.68055556]]

 [[ 0.        ]
  [ 0.        ]
  [ 0.        ]
  [ 0.        ]
  [ 0.        ]
  [ 0.        ]
  [ 0.        ]
  [85.41666667]
  [85.59027778]
  [80.55555556]]

 [[ 0.        ]
  [ 0.        ]
  [ 0.        ]
  [ 0.        ]
  [ 0.        ]
  [ 0.        ]
  [ 0.        ]
  [ 0.        ]
  [85.9375    ]
  [87.15277778]]

 [[ 0.        ]
  [ 0.        ]
  [ 0.        ]
  [ 0.        ]
  [ 0.        ]
  [ 0.        ]
  [ 0.        ]
  [ 0.        ]
  [ 0.        ]
  [76.171875  ]]]
===Summary of experiment repeats: 1 / 1 ===
acc  | mean: 78.99305555555557 std: 0.0
78.99 \pm 0.0
time  | mean: 0.22169801712036133 std: 0.0
0.22 \pm 0.0
[]
/root/miniconda3/envs/apt/lib/python3.10/site-packages/numpy/_core/fromnumeric.py:3860: RuntimeWarning: Mean of empty slice.
  return _methods._mean(a, axis=axis, dtype=dtype,
/root/miniconda3/envs/apt/lib/python3.10/site-packages/numpy/_core/_methods.py:145: RuntimeWarning: invalid value encountered in scalar divide
  ret = ret.dtype.type(ret / rcount)
/root/miniconda3/envs/apt/lib/python3.10/site-packages/numpy/_core/_methods.py:223: RuntimeWarning: Degrees of freedom <= 0 for slice
  ret = _var(a, axis=axis, dtype=dtype, out=out, ddof=ddof,
/root/miniconda3/envs/apt/lib/python3.10/site-packages/numpy/_core/_methods.py:181: RuntimeWarning: invalid value encountered in divide
  arrmean = um.true_divide(arrmean, div, out=arrmean,
/root/miniconda3/envs/apt/lib/python3.10/site-packages/numpy/_core/_methods.py:215: RuntimeWarning: invalid value encountered in scalar divide
  ret = ret.dtype.type(ret / rcount)
forgetting , nan \pm nan
