Namespace(dataset='CUB200', first_split_size=20, other_split_size=20, schedule=25, schedule_type='cosine', batch_size=64, optimizer='Adam', momentum=0.9, weight_decay=0, model_type='zoo', model_name='vit_pt_imnet', max_task=-1, dataroot='data', workers=4, validation=False, train_aug=True, rand_split=True, gpuid=[0], log_dir='./checkpoints/CUB200-pa-apt/seed1', learner_type='pa_apt', learner_name='PA_APT_Learner', debug_mode=0, repeat=1, overwrite=0, oracle_flag=False, upper_bound_flag=False, memory=0, temp=2.0, DW=False, prompt_param=['0.01'], seed=1, lr=0.02, ema_coeff=0.7, config='configs/cub200_pa_apt.yaml')
************************************
* STARTING TRIAL 1
************************************
=============================================
Shuffling....seed is 1
pre-shuffle:[0, 1, 2, 3, 4, 5, 6, 7, 8, 9, 10, 11, 12, 13, 14, 15, 16, 17, 18, 19, 20, 21, 22, 23, 24, 25, 26, 27, 28, 29, 30, 31, 32, 33, 34, 35, 36, 37, 38, 39, 40, 41, 42, 43, 44, 45, 46, 47, 48, 49, 50, 51, 52, 53, 54, 55, 56, 57, 58, 59, 60, 61, 62, 63, 64, 65, 66, 67, 68, 69, 70, 71, 72, 73, 74, 75, 76, 77, 78, 79, 80, 81, 82, 83, 84, 85, 86, 87, 88, 89, 90, 91, 92, 93, 94, 95, 96, 97, 98, 99, 100, 101, 102, 103, 104, 105, 106, 107, 108, 109, 110, 111, 112, 113, 114, 115, 116, 117, 118, 119, 120, 121, 122, 123, 124, 125, 126, 127, 128, 129, 130, 131, 132, 133, 134, 135, 136, 137, 138, 139, 140, 141, 142, 143, 144, 145, 146, 147, 148, 149, 150, 151, 152, 153, 154, 155, 156, 157, 158, 159, 160, 161, 162, 163, 164, 165, 166, 167, 168, 169, 170, 171, 172, 173, 174, 175, 176, 177, 178, 179, 180, 181, 182, 183, 184, 185, 186, 187, 188, 189, 190, 191, 192, 193, 194, 195, 196, 197, 198, 199]
post-shuffle:[33, 146, 79, 19, 23, 131, 12, 187, 174, 32, 86, 123, 109, 171, 42, 170, 179, 31, 36, 10, 180, 9, 121, 27, 57, 157, 96, 163, 160, 41, 43, 18, 169, 154, 119, 159, 15, 17, 63, 28, 76, 183, 4, 168, 80, 104, 161, 156, 37, 35, 11, 40, 14, 192, 134, 38, 94, 102, 113, 105, 111, 67, 87, 83, 91, 188, 89, 116, 52, 101, 167, 198, 139, 46, 61, 164, 54, 175, 71, 191, 196, 92, 49, 181, 140, 144, 125, 199, 177, 45, 73, 130, 186, 51, 136, 70, 69, 149, 98, 1, 29, 64, 132, 21, 82, 118, 153, 147, 78, 143, 90, 39, 152, 60, 3, 137, 133, 148, 50, 107, 66, 20, 184, 13, 197, 84, 182, 22, 95, 93, 44, 176, 103, 62, 122, 8, 100, 150, 127, 72, 77, 48, 129, 165, 128, 85, 194, 75, 47, 25, 142, 106, 172, 74, 117, 162, 158, 88, 59, 141, 193, 112, 56, 135, 173, 108, 55, 189, 2, 138, 190, 6, 5, 185, 81, 26, 151, 58, 68, 114, 178, 0, 155, 110, 99, 7, 124, 24, 53, 97, 166, 120, 115, 126, 30, 65, 16, 195, 145, 34]
=============================================
*****************************************
====================== 1 =======================
Incremental class: Old valid output dimension: 0
Incremental class: New Valid output dimension: 20
/root/miniconda3/envs/apt/lib/python3.10/site-packages/torch/utils/data/dataloader.py:557: UserWarning: This DataLoader will create 4 worker processes in total. Our suggested max number of worker in current system is 3, which is smaller than what this DataLoader is going to create. Please be aware that excessive worker creation might get DataLoader running slow or even freeze, lower the worker number to avoid potential slowness/freeze if necessary.
  warnings.warn(_create_warning_msg(
Overwriting ...
/root/dl_project/Additive-Prompt-Tuning/learners/default.py:239: FutureWarning: You are using `torch.load` with `weights_only=False` (the current default value), which uses the default pickle module implicitly. It is possible to construct malicious pickle data which will execute arbitrary code during unpickling (See https://github.com/pytorch/pytorch/blob/main/SECURITY.md#untrusted-models for more details). In a future release, the default value for `weights_only` will be flipped to `True`. This limits the functions that could be executed during unpickling. Arbitrary objects will no longer be allowed to be loaded via this mode unless they are explicitly allowlisted by the user via `torch.serialization.add_safe_globals`. We recommend you start setting `weights_only=True` for any use case where you don't have full control of the loaded file. Please open an issue on GitHub for any issues related to this experimental feature.
  model_dict = torch.load(filename + 'class.pth')
Optimizer is reset!
*****************************************
LR: 0.02
Epoch:1/25
 * Loss 1.106 | Train Acc 67.383
LR: 0.02
Epoch:2/25
 * Loss 0.349 | Train Acc 87.695
LR: 0.01995803031515996
Epoch:3/25
 * Loss 0.262 | Train Acc 91.211
LR: 0.019832297406084384
Epoch:4/25
 * Loss 0.273 | Train Acc 90.820
LR: 0.01962332896983008
Epoch:5/25
 * Loss 0.221 | Train Acc 92.773
LR: 0.019332002040338147
Epoch:6/25
 * Loss 0.182 | Train Acc 94.336
LR: 0.01895953930755021
Epoch:7/25
 * Loss 0.184 | Train Acc 94.531
LR: 0.018507503985817242
Epoch:8/25
 * Loss 0.216 | Train Acc 93.555
LR: 0.017977793253138218
Epoch:9/25
 * Loss 0.203 | Train Acc 93.164
LR: 0.017372630288763825
Epoch:10/25
 * Loss 0.209 | Train Acc 93.750
LR: 0.016694554942583234
Epoch:11/25
 * Loss 0.149 | Train Acc 95.508
LR: 0.015946413075454142
Epoch:12/25
 * Loss 0.129 | Train Acc 96.680
LR: 0.015131344615214457
Epoch:13/25
 * Loss 0.150 | Train Acc 95.312
LR: 0.014252770378504108
Epoch:14/25
 * Loss 0.144 | Train Acc 95.508
LR: 0.013314377713705425
Epoch:15/25
 * Loss 0.125 | Train Acc 96.484
LR: 0.012320105025258196
Epoch:16/25
 * Loss 0.151 | Train Acc 95.703
LR: 0.011274125244300335
Epoch:17/25
 * Loss 0.190 | Train Acc 93.750
LR: 0.010180828315007424
Epoch:18/25
 * Loss 0.136 | Train Acc 95.898
LR: 0.009044802770135373
Epoch:19/25
 * Loss 0.114 | Train Acc 96.680
LR: 0.007870816473093028
Epoch:20/25
 * Loss 0.120 | Train Acc 97.070
LR: 0.00666379660736973
Epoch:21/25
 * Loss 0.150 | Train Acc 95.312
LR: 0.005428808997301486
Epoch:22/25
 * Loss 0.095 | Train Acc 96.875
LR: 0.004171036846965889
Epoch:23/25
 * Loss 0.099 | Train Acc 97.656
LR: 0.0028957589864379565
Epoch:24/25
 * Loss 0.120 | Train Acc 97.461
LR: 0.0016083277167066668
Epoch:25/25
 * Loss 0.106 | Train Acc 96.875
=> Saving class model to: ./checkpoints/CUB200-pa-apt/seed1/models/repeat-1/task-1/
=> Save Done
validation split name: 1 local = False
 * Val Acc 96.680, Total time 2.07
====================== 2 =======================
Incremental class: Old valid output dimension: 20
Incremental class: New Valid output dimension: 40
Overwriting ...
Optimizer is reset!
*****************************************
LR: 0.02
Epoch:1/25
 * Loss 0.953 | Train Acc 75.391
LR: 0.02
Epoch:2/25
 * Loss 0.356 | Train Acc 89.453
LR: 0.01995803031515996
Epoch:3/25
 * Loss 0.286 | Train Acc 90.625
LR: 0.019832297406084384
Epoch:4/25
 * Loss 0.221 | Train Acc 93.164
LR: 0.01962332896983008
Epoch:5/25
 * Loss 0.203 | Train Acc 95.117
LR: 0.019332002040338147
Epoch:6/25
 * Loss 0.164 | Train Acc 95.312
LR: 0.01895953930755021
Epoch:7/25
 * Loss 0.201 | Train Acc 94.922
LR: 0.018507503985817242
Epoch:8/25
 * Loss 0.220 | Train Acc 93.359
LR: 0.017977793253138218
Epoch:9/25
 * Loss 0.212 | Train Acc 93.750
LR: 0.017372630288763825
Epoch:10/25
 * Loss 0.221 | Train Acc 94.531
LR: 0.016694554942583234
Epoch:11/25
 * Loss 0.104 | Train Acc 96.875
LR: 0.015946413075454142
Epoch:12/25
 * Loss 0.139 | Train Acc 95.898
LR: 0.015131344615214457
Epoch:13/25
 * Loss 0.221 | Train Acc 93.555
LR: 0.014252770378504108
Epoch:14/25
 * Loss 0.149 | Train Acc 95.312
LR: 0.013314377713705425
Epoch:15/25
 * Loss 0.141 | Train Acc 95.898
LR: 0.012320105025258196
Epoch:16/25
 * Loss 0.152 | Train Acc 95.312
LR: 0.011274125244300335
Epoch:17/25
 * Loss 0.127 | Train Acc 96.680
LR: 0.010180828315007424
Epoch:18/25
 * Loss 0.130 | Train Acc 97.070
LR: 0.009044802770135373
Epoch:19/25
 * Loss 0.142 | Train Acc 95.508
LR: 0.007870816473093028
Epoch:20/25
 * Loss 0.129 | Train Acc 96.875
LR: 0.00666379660736973
Epoch:21/25
 * Loss 0.125 | Train Acc 97.266
LR: 0.005428808997301486
Epoch:22/25
 * Loss 0.102 | Train Acc 97.070
LR: 0.004171036846965889
Epoch:23/25
 * Loss 0.093 | Train Acc 97.461
LR: 0.0028957589864379565
Epoch:24/25
 * Loss 0.145 | Train Acc 95.508
LR: 0.0016083277167066668
Epoch:25/25
 * Loss 0.156 | Train Acc 95.508
Merging prompt ... 
=> Saving class model to: ./checkpoints/CUB200-pa-apt/seed1/models/repeat-1/task-2/
=> Save Done
validation split name: 1 local = False
 * Val Acc 96.289, Total time 2.11
validation split name: 2 local = False
 * Val Acc 93.750, Total time 2.16
====================== 3 =======================
Incremental class: Old valid output dimension: 40
Incremental class: New Valid output dimension: 60
Overwriting ...
Optimizer is reset!
*****************************************
LR: 0.02
Epoch:1/25
 * Loss 1.205 | Train Acc 70.117
LR: 0.02
Epoch:2/25
 * Loss 0.353 | Train Acc 89.062
LR: 0.01995803031515996
Epoch:3/25
 * Loss 0.306 | Train Acc 91.992
LR: 0.019832297406084384
Epoch:4/25
 * Loss 0.213 | Train Acc 92.969
LR: 0.01962332896983008
Epoch:5/25
 * Loss 0.212 | Train Acc 95.508
LR: 0.019332002040338147
Epoch:6/25
 * Loss 0.209 | Train Acc 93.359
LR: 0.01895953930755021
Epoch:7/25
 * Loss 0.142 | Train Acc 96.289
LR: 0.018507503985817242
Epoch:8/25
 * Loss 0.128 | Train Acc 96.094
LR: 0.017977793253138218
Epoch:9/25
 * Loss 0.153 | Train Acc 95.898
LR: 0.017372630288763825
Epoch:10/25
 * Loss 0.172 | Train Acc 94.922
LR: 0.016694554942583234
Epoch:11/25
 * Loss 0.144 | Train Acc 95.898
LR: 0.015946413075454142
Epoch:12/25
 * Loss 0.141 | Train Acc 96.094
LR: 0.015131344615214457
Epoch:13/25
 * Loss 0.148 | Train Acc 96.094
LR: 0.014252770378504108
Epoch:14/25
 * Loss 0.160 | Train Acc 95.117
LR: 0.013314377713705425
Epoch:15/25
 * Loss 0.190 | Train Acc 94.531
LR: 0.012320105025258196
Epoch:16/25
 * Loss 0.134 | Train Acc 96.094
LR: 0.011274125244300335
Epoch:17/25
 * Loss 0.130 | Train Acc 96.289
LR: 0.010180828315007424
Epoch:18/25
 * Loss 0.168 | Train Acc 94.727
LR: 0.009044802770135373
Epoch:19/25
 * Loss 0.108 | Train Acc 97.266
LR: 0.007870816473093028
Epoch:20/25
 * Loss 0.135 | Train Acc 96.289
LR: 0.00666379660736973
Epoch:21/25
 * Loss 0.159 | Train Acc 96.094
LR: 0.005428808997301486
Epoch:22/25
 * Loss 0.094 | Train Acc 97.070
LR: 0.004171036846965889
Epoch:23/25
 * Loss 0.115 | Train Acc 96.094
LR: 0.0028957589864379565
Epoch:24/25
 * Loss 0.117 | Train Acc 96.875
LR: 0.0016083277167066668
Epoch:25/25
 * Loss 0.162 | Train Acc 95.508
Merging prompt ... 
=> Saving class model to: ./checkpoints/CUB200-pa-apt/seed1/models/repeat-1/task-3/
=> Save Done
validation split name: 1 local = False
 * Val Acc 95.508, Total time 2.11
validation split name: 2 local = False
 * Val Acc 89.844, Total time 2.16
validation split name: 3 local = False
 * Val Acc 82.118, Total time 2.29
====================== 4 =======================
Incremental class: Old valid output dimension: 60
Incremental class: New Valid output dimension: 80
Overwriting ...
Optimizer is reset!
*****************************************
LR: 0.02
Epoch:1/25
 * Loss 0.876 | Train Acc 77.734
LR: 0.02
Epoch:2/25
 * Loss 0.236 | Train Acc 92.773
LR: 0.01995803031515996
Epoch:3/25
 * Loss 0.170 | Train Acc 94.727
LR: 0.019832297406084384
Epoch:4/25
 * Loss 0.113 | Train Acc 96.094
LR: 0.01962332896983008
Epoch:5/25
 * Loss 0.127 | Train Acc 96.484
LR: 0.019332002040338147
Epoch:6/25
 * Loss 0.098 | Train Acc 96.875
LR: 0.01895953930755021
Epoch:7/25
 * Loss 0.134 | Train Acc 95.898
LR: 0.018507503985817242
Epoch:8/25
 * Loss 0.132 | Train Acc 95.703
LR: 0.017977793253138218
Epoch:9/25
 * Loss 0.179 | Train Acc 93.945
LR: 0.017372630288763825
Epoch:10/25
 * Loss 0.116 | Train Acc 97.266
LR: 0.016694554942583234
Epoch:11/25
 * Loss 0.118 | Train Acc 96.484
LR: 0.015946413075454142
Epoch:12/25
 * Loss 0.103 | Train Acc 97.656
LR: 0.015131344615214457
Epoch:13/25
 * Loss 0.075 | Train Acc 98.438
LR: 0.014252770378504108
Epoch:14/25
 * Loss 0.097 | Train Acc 97.266
LR: 0.013314377713705425
Epoch:15/25
 * Loss 0.083 | Train Acc 97.070
LR: 0.012320105025258196
Epoch:16/25
 * Loss 0.132 | Train Acc 95.703
LR: 0.011274125244300335
Epoch:17/25
 * Loss 0.046 | Train Acc 98.633
LR: 0.010180828315007424
Epoch:18/25
 * Loss 0.093 | Train Acc 97.461
LR: 0.009044802770135373
Epoch:19/25
 * Loss 0.118 | Train Acc 96.094
LR: 0.007870816473093028
Epoch:20/25
 * Loss 0.119 | Train Acc 96.094
LR: 0.00666379660736973
Epoch:21/25
 * Loss 0.086 | Train Acc 98.242
LR: 0.005428808997301486
Epoch:22/25
 * Loss 0.103 | Train Acc 97.070
LR: 0.004171036846965889
Epoch:23/25
 * Loss 0.083 | Train Acc 97.266
LR: 0.0028957589864379565
Epoch:24/25
 * Loss 0.088 | Train Acc 97.461
LR: 0.0016083277167066668
Epoch:25/25
 * Loss 0.090 | Train Acc 97.852
Merging prompt ... 
=> Saving class model to: ./checkpoints/CUB200-pa-apt/seed1/models/repeat-1/task-4/
=> Save Done
validation split name: 1 local = False
 * Val Acc 95.312, Total time 2.21
validation split name: 2 local = False
 * Val Acc 87.695, Total time 2.12
validation split name: 3 local = False
 * Val Acc 79.514, Total time 2.53
validation split name: 4 local = False
 * Val Acc 97.222, Total time 2.32
====================== 5 =======================
Incremental class: Old valid output dimension: 80
Incremental class: New Valid output dimension: 100
Overwriting ...
Optimizer is reset!
*****************************************
LR: 0.02
Epoch:1/25
 * Loss 0.924 | Train Acc 75.000
LR: 0.02
Epoch:2/25
 * Loss 0.270 | Train Acc 92.383
LR: 0.01995803031515996
Epoch:3/25
 * Loss 0.159 | Train Acc 95.117
LR: 0.019832297406084384
Epoch:4/25
 * Loss 0.176 | Train Acc 93.945
LR: 0.01962332896983008
Epoch:5/25
 * Loss 0.189 | Train Acc 94.922
LR: 0.019332002040338147
Epoch:6/25
 * Loss 0.124 | Train Acc 96.094
LR: 0.01895953930755021
Epoch:7/25
 * Loss 0.131 | Train Acc 96.484
LR: 0.018507503985817242
Epoch:8/25
 * Loss 0.097 | Train Acc 97.266
LR: 0.017977793253138218
Epoch:9/25
 * Loss 0.122 | Train Acc 96.289
LR: 0.017372630288763825
Epoch:10/25
 * Loss 0.167 | Train Acc 94.531
LR: 0.016694554942583234
Epoch:11/25
 * Loss 0.143 | Train Acc 95.312
LR: 0.015946413075454142
Epoch:12/25
 * Loss 0.103 | Train Acc 96.875
LR: 0.015131344615214457
Epoch:13/25
 * Loss 0.138 | Train Acc 94.531
LR: 0.014252770378504108
Epoch:14/25
 * Loss 0.152 | Train Acc 94.922
LR: 0.013314377713705425
Epoch:15/25
 * Loss 0.171 | Train Acc 94.922
LR: 0.012320105025258196
Epoch:16/25
 * Loss 0.097 | Train Acc 97.070
LR: 0.011274125244300335
Epoch:17/25
 * Loss 0.112 | Train Acc 96.484
LR: 0.010180828315007424
Epoch:18/25
 * Loss 0.123 | Train Acc 96.289
LR: 0.009044802770135373
Epoch:19/25
 * Loss 0.087 | Train Acc 96.875
LR: 0.007870816473093028
Epoch:20/25
 * Loss 0.104 | Train Acc 96.680
LR: 0.00666379660736973
Epoch:21/25
 * Loss 0.122 | Train Acc 97.070
LR: 0.005428808997301486
Epoch:22/25
 * Loss 0.109 | Train Acc 96.680
LR: 0.004171036846965889
Epoch:23/25
 * Loss 0.115 | Train Acc 96.484
LR: 0.0028957589864379565
Epoch:24/25
 * Loss 0.086 | Train Acc 97.852
LR: 0.0016083277167066668
Epoch:25/25
 * Loss 0.128 | Train Acc 96.289
Merging prompt ... 
=> Saving class model to: ./checkpoints/CUB200-pa-apt/seed1/models/repeat-1/task-5/
=> Save Done
validation split name: 1 local = False
 * Val Acc 94.531, Total time 2.13
validation split name: 2 local = False
 * Val Acc 80.859, Total time 2.01
validation split name: 3 local = False
 * Val Acc 79.167, Total time 2.23
validation split name: 4 local = False
 * Val Acc 96.354, Total time 2.26
validation split name: 5 local = False
 * Val Acc 83.854, Total time 2.37
====================== 6 =======================
Incremental class: Old valid output dimension: 100
Incremental class: New Valid output dimension: 120
Overwriting ...
Optimizer is reset!
*****************************************
LR: 0.02
Epoch:1/25
 * Loss 0.998 | Train Acc 68.945
LR: 0.02
Epoch:2/25
 * Loss 0.396 | Train Acc 87.305
LR: 0.01995803031515996
Epoch:3/25
 * Loss 0.316 | Train Acc 89.648
LR: 0.019832297406084384
Epoch:4/25
 * Loss 0.250 | Train Acc 92.188
LR: 0.01962332896983008
Epoch:5/25
 * Loss 0.221 | Train Acc 92.773
LR: 0.019332002040338147
Epoch:6/25
 * Loss 0.179 | Train Acc 93.555
LR: 0.01895953930755021
Epoch:7/25
 * Loss 0.172 | Train Acc 95.312
LR: 0.018507503985817242
Epoch:8/25
 * Loss 0.206 | Train Acc 92.578
LR: 0.017977793253138218
Epoch:9/25
 * Loss 0.137 | Train Acc 96.484
LR: 0.017372630288763825
Epoch:10/25
 * Loss 0.200 | Train Acc 93.945
LR: 0.016694554942583234
Epoch:11/25
 * Loss 0.141 | Train Acc 95.703
LR: 0.015946413075454142
Epoch:12/25
 * Loss 0.174 | Train Acc 93.750
LR: 0.015131344615214457
Epoch:13/25
 * Loss 0.183 | Train Acc 93.555
LR: 0.014252770378504108
Epoch:14/25
 * Loss 0.125 | Train Acc 96.484
LR: 0.013314377713705425
Epoch:15/25
 * Loss 0.137 | Train Acc 95.117
LR: 0.012320105025258196
Epoch:16/25
 * Loss 0.138 | Train Acc 96.289
LR: 0.011274125244300335
Epoch:17/25
 * Loss 0.148 | Train Acc 96.094
LR: 0.010180828315007424
Epoch:18/25
 * Loss 0.141 | Train Acc 95.508
LR: 0.009044802770135373
Epoch:19/25
 * Loss 0.129 | Train Acc 95.898
LR: 0.007870816473093028
Epoch:20/25
 * Loss 0.140 | Train Acc 96.094
LR: 0.00666379660736973
Epoch:21/25
 * Loss 0.102 | Train Acc 97.266
LR: 0.005428808997301486
Epoch:22/25
 * Loss 0.135 | Train Acc 96.484
LR: 0.004171036846965889
Epoch:23/25
 * Loss 0.131 | Train Acc 96.484
LR: 0.0028957589864379565
Epoch:24/25
 * Loss 0.133 | Train Acc 95.898
LR: 0.0016083277167066668
Epoch:25/25
 * Loss 0.128 | Train Acc 95.703
Merging prompt ... 
=> Saving class model to: ./checkpoints/CUB200-pa-apt/seed1/models/repeat-1/task-6/
=> Save Done
validation split name: 1 local = False
 * Val Acc 89.258, Total time 2.15
validation split name: 2 local = False
 * Val Acc 76.953, Total time 2.01
validation split name: 3 local = False
 * Val Acc 75.000, Total time 2.47
validation split name: 4 local = False
 * Val Acc 95.312, Total time 2.32
validation split name: 5 local = False
 * Val Acc 80.729, Total time 2.42
validation split name: 6 local = False
 * Val Acc 77.778, Total time 2.45
====================== 7 =======================
Incremental class: Old valid output dimension: 120
Incremental class: New Valid output dimension: 140
Overwriting ...
Optimizer is reset!
*****************************************
LR: 0.02
Epoch:1/25
 * Loss 1.043 | Train Acc 71.875
LR: 0.02
Epoch:2/25
 * Loss 0.288 | Train Acc 89.258
LR: 0.01995803031515996
Epoch:3/25
 * Loss 0.212 | Train Acc 91.992
LR: 0.019832297406084384
Epoch:4/25
 * Loss 0.230 | Train Acc 91.992
LR: 0.01962332896983008
Epoch:5/25
 * Loss 0.192 | Train Acc 94.141
LR: 0.019332002040338147
Epoch:6/25
 * Loss 0.219 | Train Acc 91.797
LR: 0.01895953930755021
Epoch:7/25
 * Loss 0.144 | Train Acc 95.703
LR: 0.018507503985817242
Epoch:8/25
 * Loss 0.159 | Train Acc 94.922
LR: 0.017977793253138218
Epoch:9/25
 * Loss 0.178 | Train Acc 94.336
LR: 0.017372630288763825
Epoch:10/25
 * Loss 0.144 | Train Acc 94.922
LR: 0.016694554942583234
Epoch:11/25
 * Loss 0.131 | Train Acc 95.312
LR: 0.015946413075454142
Epoch:12/25
 * Loss 0.116 | Train Acc 97.070
LR: 0.015131344615214457
Epoch:13/25
 * Loss 0.117 | Train Acc 97.070
LR: 0.014252770378504108
Epoch:14/25
 * Loss 0.121 | Train Acc 96.680
LR: 0.013314377713705425
Epoch:15/25
 * Loss 0.118 | Train Acc 97.070
LR: 0.012320105025258196
Epoch:16/25
 * Loss 0.111 | Train Acc 97.266
LR: 0.011274125244300335
Epoch:17/25
 * Loss 0.098 | Train Acc 96.680
LR: 0.010180828315007424
Epoch:18/25
 * Loss 0.133 | Train Acc 95.898
LR: 0.009044802770135373
Epoch:19/25
 * Loss 0.122 | Train Acc 96.094
LR: 0.007870816473093028
Epoch:20/25
 * Loss 0.106 | Train Acc 96.680
LR: 0.00666379660736973
Epoch:21/25
 * Loss 0.081 | Train Acc 97.656
LR: 0.005428808997301486
Epoch:22/25
 * Loss 0.115 | Train Acc 96.484
LR: 0.004171036846965889
Epoch:23/25
 * Loss 0.107 | Train Acc 96.484
LR: 0.0028957589864379565
Epoch:24/25
 * Loss 0.087 | Train Acc 96.680
LR: 0.0016083277167066668
Epoch:25/25
 * Loss 0.120 | Train Acc 96.680
Merging prompt ... 
=> Saving class model to: ./checkpoints/CUB200-pa-apt/seed1/models/repeat-1/task-7/
=> Save Done
validation split name: 1 local = False
 * Val Acc 88.477, Total time 2.08
validation split name: 2 local = False
 * Val Acc 75.781, Total time 2.27
validation split name: 3 local = False
 * Val Acc 71.354, Total time 2.38
validation split name: 4 local = False
 * Val Acc 94.097, Total time 2.33
validation split name: 5 local = False
 * Val Acc 78.993, Total time 2.38
validation split name: 6 local = False
 * Val Acc 75.694, Total time 2.38
validation split name: 7 local = False
 * Val Acc 81.250, Total time 2.23
====================== 8 =======================
Incremental class: Old valid output dimension: 140
Incremental class: New Valid output dimension: 160
Overwriting ...
Optimizer is reset!
*****************************************
LR: 0.02
Epoch:1/25
 * Loss 0.967 | Train Acc 71.875
LR: 0.02
Epoch:2/25
 * Loss 0.280 | Train Acc 91.797
LR: 0.01995803031515996
Epoch:3/25
 * Loss 0.213 | Train Acc 93.750
LR: 0.019832297406084384
Epoch:4/25
 * Loss 0.187 | Train Acc 94.727
LR: 0.01962332896983008
Epoch:5/25
 * Loss 0.165 | Train Acc 95.312
LR: 0.019332002040338147
Epoch:6/25
 * Loss 0.152 | Train Acc 95.117
LR: 0.01895953930755021
Epoch:7/25
 * Loss 0.170 | Train Acc 94.531
LR: 0.018507503985817242
Epoch:8/25
 * Loss 0.173 | Train Acc 94.531
LR: 0.017977793253138218
Epoch:9/25
 * Loss 0.153 | Train Acc 95.312
LR: 0.017372630288763825
Epoch:10/25
 * Loss 0.133 | Train Acc 95.312
LR: 0.016694554942583234
Epoch:11/25
 * Loss 0.126 | Train Acc 96.289
LR: 0.015946413075454142
Epoch:12/25
 * Loss 0.102 | Train Acc 97.070
LR: 0.015131344615214457
Epoch:13/25
 * Loss 0.117 | Train Acc 96.484
LR: 0.014252770378504108
Epoch:14/25
 * Loss 0.116 | Train Acc 96.484
LR: 0.013314377713705425
Epoch:15/25
 * Loss 0.121 | Train Acc 96.094
LR: 0.012320105025258196
Epoch:16/25
 * Loss 0.142 | Train Acc 96.289
LR: 0.011274125244300335
Epoch:17/25
 * Loss 0.108 | Train Acc 97.266
LR: 0.010180828315007424
Epoch:18/25
 * Loss 0.100 | Train Acc 97.266
LR: 0.009044802770135373
Epoch:19/25
 * Loss 0.128 | Train Acc 95.898
LR: 0.007870816473093028
Epoch:20/25
 * Loss 0.068 | Train Acc 98.047
LR: 0.00666379660736973
Epoch:21/25
 * Loss 0.101 | Train Acc 96.875
LR: 0.005428808997301486
Epoch:22/25
 * Loss 0.135 | Train Acc 96.094
LR: 0.004171036846965889
Epoch:23/25
 * Loss 0.091 | Train Acc 97.461
LR: 0.0028957589864379565
Epoch:24/25
 * Loss 0.093 | Train Acc 97.070
LR: 0.0016083277167066668
Epoch:25/25
 * Loss 0.123 | Train Acc 96.484
Merging prompt ... 
=> Saving class model to: ./checkpoints/CUB200-pa-apt/seed1/models/repeat-1/task-8/
=> Save Done
validation split name: 1 local = False
 * Val Acc 86.914, Total time 2.15
validation split name: 2 local = False
 * Val Acc 75.391, Total time 2.08
validation split name: 3 local = False
 * Val Acc 71.354, Total time 2.29
validation split name: 4 local = False
 * Val Acc 92.535, Total time 2.28
validation split name: 5 local = False
 * Val Acc 79.167, Total time 2.36
validation split name: 6 local = False
 * Val Acc 71.181, Total time 2.38
validation split name: 7 local = False
 * Val Acc 77.083, Total time 2.28
validation split name: 8 local = False
 * Val Acc 81.944, Total time 2.22
====================== 9 =======================
Incremental class: Old valid output dimension: 160
Incremental class: New Valid output dimension: 180
Overwriting ...
Optimizer is reset!
*****************************************
LR: 0.02
Epoch:1/25
 * Loss 0.801 | Train Acc 76.367
LR: 0.02
Epoch:2/25
 * Loss 0.292 | Train Acc 91.406
LR: 0.01995803031515996
Epoch:3/25
 * Loss 0.175 | Train Acc 95.117
LR: 0.019832297406084384
Epoch:4/25
 * Loss 0.175 | Train Acc 95.508
LR: 0.01962332896983008
Epoch:5/25
 * Loss 0.136 | Train Acc 95.508
LR: 0.019332002040338147
Epoch:6/25
 * Loss 0.174 | Train Acc 95.117
LR: 0.01895953930755021
Epoch:7/25
 * Loss 0.126 | Train Acc 97.070
LR: 0.018507503985817242
Epoch:8/25
 * Loss 0.195 | Train Acc 93.945
LR: 0.017977793253138218
Epoch:9/25
 * Loss 0.107 | Train Acc 97.070
LR: 0.017372630288763825
Epoch:10/25
 * Loss 0.118 | Train Acc 96.289
LR: 0.016694554942583234
Epoch:11/25
 * Loss 0.137 | Train Acc 95.508
LR: 0.015946413075454142
Epoch:12/25
 * Loss 0.143 | Train Acc 95.703
LR: 0.015131344615214457
Epoch:13/25
 * Loss 0.097 | Train Acc 98.438
LR: 0.014252770378504108
Epoch:14/25
 * Loss 0.114 | Train Acc 96.680
LR: 0.013314377713705425
Epoch:15/25
 * Loss 0.125 | Train Acc 96.484
LR: 0.012320105025258196
Epoch:16/25
 * Loss 0.109 | Train Acc 97.852
LR: 0.011274125244300335
Epoch:17/25
 * Loss 0.128 | Train Acc 95.703
LR: 0.010180828315007424
Epoch:18/25
 * Loss 0.124 | Train Acc 95.898
LR: 0.009044802770135373
Epoch:19/25
 * Loss 0.090 | Train Acc 97.852
LR: 0.007870816473093028
Epoch:20/25
 * Loss 0.107 | Train Acc 97.070
LR: 0.00666379660736973
Epoch:21/25
 * Loss 0.094 | Train Acc 97.461
LR: 0.005428808997301486
Epoch:22/25
 * Loss 0.091 | Train Acc 97.461
LR: 0.004171036846965889
Epoch:23/25
 * Loss 0.111 | Train Acc 97.070
LR: 0.0028957589864379565
Epoch:24/25
 * Loss 0.120 | Train Acc 96.484
LR: 0.0016083277167066668
Epoch:25/25
 * Loss 0.102 | Train Acc 97.070
Merging prompt ... 
=> Saving class model to: ./checkpoints/CUB200-pa-apt/seed1/models/repeat-1/task-9/
=> Save Done
validation split name: 1 local = False
 * Val Acc 86.523, Total time 2.19
validation split name: 2 local = False
 * Val Acc 74.609, Total time 2.21
validation split name: 3 local = False
 * Val Acc 70.833, Total time 2.33
validation split name: 4 local = False
 * Val Acc 89.583, Total time 2.41
validation split name: 5 local = False
 * Val Acc 75.174, Total time 2.34
validation split name: 6 local = False
 * Val Acc 69.792, Total time 2.28
validation split name: 7 local = False
 * Val Acc 77.257, Total time 2.25
validation split name: 8 local = False
 * Val Acc 80.729, Total time 2.30
validation split name: 9 local = False
 * Val Acc 86.914, Total time 2.25
====================== 10 =======================
Incremental class: Old valid output dimension: 180
Incremental class: New Valid output dimension: 200
Overwriting ...
Optimizer is reset!
*****************************************
LR: 0.02
Epoch:1/25
 * Loss 0.895 | Train Acc 75.195
LR: 0.02
Epoch:2/25
 * Loss 0.191 | Train Acc 93.164
LR: 0.01995803031515996
Epoch:3/25
 * Loss 0.164 | Train Acc 94.922
LR: 0.019832297406084384
Epoch:4/25
 * Loss 0.149 | Train Acc 95.898
LR: 0.01962332896983008
Epoch:5/25
 * Loss 0.155 | Train Acc 94.922
LR: 0.019332002040338147
Epoch:6/25
 * Loss 0.105 | Train Acc 96.289
LR: 0.01895953930755021
Epoch:7/25
 * Loss 0.102 | Train Acc 97.656
LR: 0.018507503985817242
Epoch:8/25
 * Loss 0.138 | Train Acc 95.898
LR: 0.017977793253138218
Epoch:9/25
 * Loss 0.114 | Train Acc 96.484
LR: 0.017372630288763825
Epoch:10/25
 * Loss 0.131 | Train Acc 96.289
LR: 0.016694554942583234
Epoch:11/25
 * Loss 0.096 | Train Acc 96.875
LR: 0.015946413075454142
Epoch:12/25
 * Loss 0.108 | Train Acc 97.266
LR: 0.015131344615214457
Epoch:13/25
 * Loss 0.082 | Train Acc 97.461
LR: 0.014252770378504108
Epoch:14/25
 * Loss 0.059 | Train Acc 98.438
LR: 0.013314377713705425
Epoch:15/25
 * Loss 0.103 | Train Acc 96.875
LR: 0.012320105025258196
Epoch:16/25
 * Loss 0.138 | Train Acc 95.508
LR: 0.011274125244300335
Epoch:17/25
 * Loss 0.046 | Train Acc 98.633
LR: 0.010180828315007424
Epoch:18/25
 * Loss 0.107 | Train Acc 96.484
LR: 0.009044802770135373
Epoch:19/25
 * Loss 0.057 | Train Acc 98.438
LR: 0.007870816473093028
Epoch:20/25
 * Loss 0.097 | Train Acc 97.070
LR: 0.00666379660736973
Epoch:21/25
 * Loss 0.061 | Train Acc 98.242
LR: 0.005428808997301486
Epoch:22/25
 * Loss 0.084 | Train Acc 98.242
LR: 0.004171036846965889
Epoch:23/25
 * Loss 0.113 | Train Acc 97.266
LR: 0.0028957589864379565
Epoch:24/25
 * Loss 0.073 | Train Acc 97.852
LR: 0.0016083277167066668
Epoch:25/25
 * Loss 0.064 | Train Acc 98.438
Merging prompt ... 
=> Saving class model to: ./checkpoints/CUB200-pa-apt/seed1/models/repeat-1/task-10/
=> Save Done
validation split name: 1 local = False
 * Val Acc 86.133, Total time 2.19
validation split name: 2 local = False
 * Val Acc 74.805, Total time 2.11
validation split name: 3 local = False
 * Val Acc 70.833, Total time 2.37
validation split name: 4 local = False
 * Val Acc 89.410, Total time 2.38
validation split name: 5 local = False
 * Val Acc 73.958, Total time 2.28
validation split name: 6 local = False
 * Val Acc 65.799, Total time 2.34
validation split name: 7 local = False
 * Val Acc 75.174, Total time 2.35
validation split name: 8 local = False
 * Val Acc 77.431, Total time 2.24
validation split name: 9 local = False
 * Val Acc 86.133, Total time 2.10
validation split name: 10 local = False
 * Val Acc 81.250, Total time 2.07
*****************************************
Incremental class: Old valid output dimension: 0
Incremental class: New Valid output dimension: 20
=> Load Done
===global validation====
test task 1, using model 1
validation split name: 1 local = False
 * Val Acc 96.680, Total time 2.29
Incremental class: Old valid output dimension: 20
Incremental class: New Valid output dimension: 40
=> Load Done
===global validation====
test task 1, using model 2
validation split name: 1 local = False
 * Val Acc 96.289, Total time 2.19
test task 2, using model 2
validation split name: 2 local = False
 * Val Acc 93.750, Total time 2.23
Incremental class: Old valid output dimension: 40
Incremental class: New Valid output dimension: 60
=> Load Done
===global validation====
test task 1, using model 3
validation split name: 1 local = False
 * Val Acc 95.508, Total time 2.23
test task 2, using model 3
validation split name: 2 local = False
 * Val Acc 89.844, Total time 2.21
test task 3, using model 3
validation split name: 3 local = False
 * Val Acc 82.118, Total time 2.43
Incremental class: Old valid output dimension: 60
Incremental class: New Valid output dimension: 80
=> Load Done
===global validation====
test task 1, using model 4
validation split name: 1 local = False
 * Val Acc 95.312, Total time 2.24
test task 2, using model 4
validation split name: 2 local = False
 * Val Acc 87.695, Total time 2.23
test task 3, using model 4
validation split name: 3 local = False
 * Val Acc 79.514, Total time 2.47
test task 4, using model 4
validation split name: 4 local = False
 * Val Acc 97.222, Total time 2.43
Incremental class: Old valid output dimension: 80
Incremental class: New Valid output dimension: 100
=> Load Done
===global validation====
test task 1, using model 5
validation split name: 1 local = False
 * Val Acc 94.531, Total time 2.16
test task 2, using model 5
validation split name: 2 local = False
 * Val Acc 80.859, Total time 2.15
test task 3, using model 5
validation split name: 3 local = False
 * Val Acc 79.167, Total time 2.45
test task 4, using model 5
validation split name: 4 local = False
 * Val Acc 96.354, Total time 2.30
test task 5, using model 5
validation split name: 5 local = False
 * Val Acc 83.854, Total time 2.41
Incremental class: Old valid output dimension: 100
Incremental class: New Valid output dimension: 120
=> Load Done
===global validation====
test task 1, using model 6
validation split name: 1 local = False
 * Val Acc 89.258, Total time 2.24
test task 2, using model 6
validation split name: 2 local = False
 * Val Acc 76.953, Total time 2.13
test task 3, using model 6
validation split name: 3 local = False
 * Val Acc 75.000, Total time 2.30
test task 4, using model 6
validation split name: 4 local = False
 * Val Acc 95.312, Total time 2.40
test task 5, using model 6
validation split name: 5 local = False
 * Val Acc 80.729, Total time 2.30
test task 6, using model 6
validation split name: 6 local = False
 * Val Acc 77.778, Total time 2.34
Incremental class: Old valid output dimension: 120
Incremental class: New Valid output dimension: 140
=> Load Done
===global validation====
test task 1, using model 7
validation split name: 1 local = False
 * Val Acc 88.477, Total time 2.28
test task 2, using model 7
validation split name: 2 local = False
 * Val Acc 75.781, Total time 2.19
test task 3, using model 7
validation split name: 3 local = False
 * Val Acc 71.354, Total time 2.39
test task 4, using model 7
validation split name: 4 local = False
 * Val Acc 94.097, Total time 2.37
test task 5, using model 7
validation split name: 5 local = False
 * Val Acc 78.993, Total time 2.37
test task 6, using model 7
validation split name: 6 local = False
 * Val Acc 75.694, Total time 2.44
test task 7, using model 7
validation split name: 7 local = False
 * Val Acc 81.250, Total time 2.39
Incremental class: Old valid output dimension: 140
Incremental class: New Valid output dimension: 160
=> Load Done
===global validation====
test task 1, using model 8
validation split name: 1 local = False
 * Val Acc 86.914, Total time 2.15
test task 2, using model 8
validation split name: 2 local = False
 * Val Acc 75.391, Total time 2.35
test task 3, using model 8
validation split name: 3 local = False
 * Val Acc 71.354, Total time 2.46
test task 4, using model 8
validation split name: 4 local = False
 * Val Acc 92.535, Total time 2.43
test task 5, using model 8
validation split name: 5 local = False
 * Val Acc 79.167, Total time 2.36
test task 6, using model 8
validation split name: 6 local = False
 * Val Acc 71.181, Total time 2.37
test task 7, using model 8
validation split name: 7 local = False
 * Val Acc 77.083, Total time 2.30
test task 8, using model 8
validation split name: 8 local = False
 * Val Acc 81.944, Total time 2.47
Incremental class: Old valid output dimension: 160
Incremental class: New Valid output dimension: 180
=> Load Done
===global validation====
test task 1, using model 9
validation split name: 1 local = False
 * Val Acc 86.523, Total time 2.16
test task 2, using model 9
validation split name: 2 local = False
 * Val Acc 74.609, Total time 2.23
test task 3, using model 9
validation split name: 3 local = False
 * Val Acc 70.833, Total time 2.41
test task 4, using model 9
validation split name: 4 local = False
 * Val Acc 89.583, Total time 2.39
test task 5, using model 9
validation split name: 5 local = False
 * Val Acc 75.174, Total time 2.33
test task 6, using model 9
validation split name: 6 local = False
 * Val Acc 69.792, Total time 2.31
test task 7, using model 9
validation split name: 7 local = False
 * Val Acc 77.257, Total time 2.33
test task 8, using model 9
validation split name: 8 local = False
 * Val Acc 80.729, Total time 2.41
test task 9, using model 9
validation split name: 9 local = False
 * Val Acc 86.914, Total time 2.25
Incremental class: Old valid output dimension: 180
Incremental class: New Valid output dimension: 200
=> Load Done
===global validation====
test task 1, using model 10
validation split name: 1 local = False
 * Val Acc 86.133, Total time 2.28
test task 2, using model 10
validation split name: 2 local = False
 * Val Acc 74.805, Total time 2.39
test task 3, using model 10
validation split name: 3 local = False
 * Val Acc 70.833, Total time 2.50
test task 4, using model 10
validation split name: 4 local = False
 * Val Acc 89.410, Total time 2.52
test task 5, using model 10
validation split name: 5 local = False
 * Val Acc 73.958, Total time 2.36
test task 6, using model 10
validation split name: 6 local = False
 * Val Acc 65.799, Total time 2.39
test task 7, using model 10
validation split name: 7 local = False
 * Val Acc 75.174, Total time 2.34
test task 8, using model 10
validation split name: 8 local = False
 * Val Acc 77.431, Total time 2.38
test task 9, using model 10
validation split name: 9 local = False
 * Val Acc 86.133, Total time 2.21
test task 10, using model 10
validation split name: 10 local = False
 * Val Acc 81.250, Total time 2.21
coda_forgetting= (np.float64(1.8080165772584762), np.float64(0.0))
general_forgetting= (np.float64(9.092881944444445), np.float64(0.0))
acctable, {'1': OrderedDict([('1', 96.6796875), ('2', 96.2890625), ('3', 95.5078125), ('4', 95.3125), ('5', 94.53125), ('6', 89.2578125), ('7', 88.4765625), ('8', 86.9140625), ('9', 86.5234375), ('10', 86.1328125)]), '2': OrderedDict([('2', 93.75), ('3', 89.84375), ('4', 87.6953125), ('5', 80.859375), ('6', 76.953125), ('7', 75.78125), ('8', 75.390625), ('9', 74.609375), ('10', 74.8046875)]), '3': OrderedDict([('3', 82.11805555555556), ('4', 79.51388888888889), ('5', 79.16666666666667), ('6', 75.0), ('7', 71.35416666666667), ('8', 71.35416666666667), ('9', 70.83333333333333), ('10', 70.83333333333333)]), '4': OrderedDict([('4', 97.22222222222223), ('5', 96.35416666666667), ('6', 95.3125), ('7', 94.09722222222223), ('8', 92.53472222222223), ('9', 89.58333333333333), ('10', 89.40972222222223)]), '5': OrderedDict([('5', 83.85416666666667), ('6', 80.72916666666667), ('7', 78.99305555555556), ('8', 79.16666666666667), ('9', 75.17361111111111), ('10', 73.95833333333333)]), '6': OrderedDict([('6', 77.77777777777777), ('7', 75.69444444444444), ('8', 71.18055555555556), ('9', 69.79166666666667), ('10', 65.79861111111111)]), '7': OrderedDict([('7', 81.25), ('8', 77.08333333333333), ('9', 77.25694444444444), ('10', 75.17361111111111)]), '8': OrderedDict([('8', 81.94444444444444), ('9', 80.72916666666667), ('10', 77.43055555555556)]), '9': OrderedDict([('9', 86.9140625), ('10', 86.1328125)]), '10': OrderedDict([('10', 81.25)])}
dropmatrix: [[96.6796875, 96.2890625, 95.5078125, 95.3125, 94.53125, 89.2578125, 88.4765625, 86.9140625, 86.5234375, 86.1328125], [93.75, 89.84375, 87.6953125, 80.859375, 76.953125, 75.78125, 75.390625, 74.609375, 74.8046875], [82.11805555555556, 79.51388888888889, 79.16666666666667, 75.0, 71.35416666666667, 71.35416666666667, 70.83333333333333, 70.83333333333333], [97.22222222222223, 96.35416666666667, 95.3125, 94.09722222222223, 92.53472222222223, 89.58333333333333, 89.40972222222223], [83.85416666666667, 80.72916666666667, 78.99305555555556, 79.16666666666667, 75.17361111111111, 73.95833333333333], [77.77777777777777, 75.69444444444444, 71.18055555555556, 69.79166666666667, 65.79861111111111], [81.25, 77.08333333333333, 77.25694444444444, 75.17361111111111], [81.94444444444444, 80.72916666666667, 77.43055555555556], [86.9140625, 86.1328125], [81.25]]
global acc [[96.6796875 ]
 [95.01953125]
 [89.15653935]
 [89.9359809 ]
 [86.953125  ]
 [82.50506366]
 [80.80667163]
 [79.44607205]
 [79.0461034 ]
 [78.09244792]]
pt acc [[[96.6796875 ]
  [96.2890625 ]
  [95.5078125 ]
  [95.3125    ]
  [94.53125   ]
  [89.2578125 ]
  [88.4765625 ]
  [86.9140625 ]
  [86.5234375 ]
  [86.1328125 ]]

 [[ 0.        ]
  [93.75      ]
  [89.84375   ]
  [87.6953125 ]
  [80.859375  ]
  [76.953125  ]
  [75.78125   ]
  [75.390625  ]
  [74.609375  ]
  [74.8046875 ]]

 [[ 0.        ]
  [ 0.        ]
  [82.11805556]
  [79.51388889]
  [79.16666667]
  [75.        ]
  [71.35416667]
  [71.35416667]
  [70.83333333]
  [70.83333333]]

 [[ 0.        ]
  [ 0.        ]
  [ 0.        ]
  [97.22222222]
  [96.35416667]
  [95.3125    ]
  [94.09722222]
  [92.53472222]
  [89.58333333]
  [89.40972222]]

 [[ 0.        ]
  [ 0.        ]
  [ 0.        ]
  [ 0.        ]
  [83.85416667]
  [80.72916667]
  [78.99305556]
  [79.16666667]
  [75.17361111]
  [73.95833333]]

 [[ 0.        ]
  [ 0.        ]
  [ 0.        ]
  [ 0.        ]
  [ 0.        ]
  [77.77777778]
  [75.69444444]
  [71.18055556]
  [69.79166667]
  [65.79861111]]

 [[ 0.        ]
  [ 0.        ]
  [ 0.        ]
  [ 0.        ]
  [ 0.        ]
  [ 0.        ]
  [81.25      ]
  [77.08333333]
  [77.25694444]
  [75.17361111]]

 [[ 0.        ]
  [ 0.        ]
  [ 0.        ]
  [ 0.        ]
  [ 0.        ]
  [ 0.        ]
  [ 0.        ]
  [81.94444444]
  [80.72916667]
  [77.43055556]]

 [[ 0.        ]
  [ 0.        ]
  [ 0.        ]
  [ 0.        ]
  [ 0.        ]
  [ 0.        ]
  [ 0.        ]
  [ 0.        ]
  [86.9140625 ]
  [86.1328125 ]]

 [[ 0.        ]
  [ 0.        ]
  [ 0.        ]
  [ 0.        ]
  [ 0.        ]
  [ 0.        ]
  [ 0.        ]
  [ 0.        ]
  [ 0.        ]
  [81.25      ]]]
===Summary of experiment repeats: 1 / 1 ===
acc  | mean: 78.09244791666666 std: 0.0
78.09 \pm 0.0
time  | mean: 0.21078998923301698 std: 0.0
0.21 \pm 0.0
[]
/root/miniconda3/envs/apt/lib/python3.10/site-packages/numpy/_core/fromnumeric.py:3860: RuntimeWarning: Mean of empty slice.
  return _methods._mean(a, axis=axis, dtype=dtype,
/root/miniconda3/envs/apt/lib/python3.10/site-packages/numpy/_core/_methods.py:145: RuntimeWarning: invalid value encountered in scalar divide
  ret = ret.dtype.type(ret / rcount)
/root/miniconda3/envs/apt/lib/python3.10/site-packages/numpy/_core/_methods.py:223: RuntimeWarning: Degrees of freedom <= 0 for slice
  ret = _var(a, axis=axis, dtype=dtype, out=out, ddof=ddof,
/root/miniconda3/envs/apt/lib/python3.10/site-packages/numpy/_core/_methods.py:181: RuntimeWarning: invalid value encountered in divide
  arrmean = um.true_divide(arrmean, div, out=arrmean,
/root/miniconda3/envs/apt/lib/python3.10/site-packages/numpy/_core/_methods.py:215: RuntimeWarning: invalid value encountered in scalar divide
  ret = ret.dtype.type(ret / rcount)
forgetting , nan \pm nan
