Running with V3 Config:
Namespace(config='configs/cub200_v3.yaml', seed=3, gpuid=[0], log_dir='./checkpoints/CUB200-v3/seed3', repeat=1, overwrite=0, lr=0.02, ema_coeff=0.7, schedule=25, type='pa_apt_v3', name='CUB200', k_patches=3, use_layer_wise=True, alpha_cls=0.7, alpha_patch=0.45, use_importance_for_cls=True, importance_temperature=2.5, adjust_range=0.12, min_alpha=0.55, max_alpha=0.85, prompt_param=[0.01], batch_size=64, schedule_type='cosine', optimizer='Adam', dataset='CUB200', first_split_size=20, other_split_size=20, dataroot='data', workers=4, validation=False, train_aug=True, rand_split=True, model_name='vit_pt_imnet', model_type='zoo', learner_type='pa_apt_v3', learner_name='PA_APT_V3_Learner', debug_mode=0, oracle_flag=False, upper_bound_flag=False, memory=0, temp=2.0, DW=False, momentum=0.9, weight_decay=0, max_task=-1)
************************************
* STARTING TRIAL (Seed 3)
************************************
=============================================
Shuffling....seed is 3
pre-shuffle:[0, 1, 2, 3, 4, 5, 6, 7, 8, 9, 10, 11, 12, 13, 14, 15, 16, 17, 18, 19, 20, 21, 22, 23, 24, 25, 26, 27, 28, 29, 30, 31, 32, 33, 34, 35, 36, 37, 38, 39, 40, 41, 42, 43, 44, 45, 46, 47, 48, 49, 50, 51, 52, 53, 54, 55, 56, 57, 58, 59, 60, 61, 62, 63, 64, 65, 66, 67, 68, 69, 70, 71, 72, 73, 74, 75, 76, 77, 78, 79, 80, 81, 82, 83, 84, 85, 86, 87, 88, 89, 90, 91, 92, 93, 94, 95, 96, 97, 98, 99, 100, 101, 102, 103, 104, 105, 106, 107, 108, 109, 110, 111, 112, 113, 114, 115, 116, 117, 118, 119, 120, 121, 122, 123, 124, 125, 126, 127, 128, 129, 130, 131, 132, 133, 134, 135, 136, 137, 138, 139, 140, 141, 142, 143, 144, 145, 146, 147, 148, 149, 150, 151, 152, 153, 154, 155, 156, 157, 158, 159, 160, 161, 162, 163, 164, 165, 166, 167, 168, 169, 170, 171, 172, 173, 174, 175, 176, 177, 178, 179, 180, 181, 182, 183, 184, 185, 186, 187, 188, 189, 190, 191, 192, 193, 194, 195, 196, 197, 198, 199]
post-shuffle:[158, 62, 14, 69, 47, 137, 110, 6, 116, 88, 130, 100, 118, 67, 79, 56, 142, 199, 36, 12, 194, 197, 32, 174, 28, 27, 127, 82, 166, 112, 18, 134, 45, 128, 23, 135, 73, 87, 65, 144, 85, 63, 122, 125, 22, 29, 124, 103, 51, 170, 182, 80, 57, 95, 153, 1, 20, 181, 172, 50, 195, 21, 192, 74, 84, 90, 173, 106, 149, 167, 156, 92, 185, 183, 191, 58, 108, 180, 17, 46, 168, 43, 105, 117, 196, 145, 115, 119, 25, 96, 131, 76, 13, 161, 0, 39, 4, 30, 64, 35, 70, 42, 75, 91, 48, 150, 97, 78, 146, 5, 15, 157, 53, 143, 132, 37, 2, 19, 114, 52, 8, 102, 44, 11, 61, 81, 159, 123, 169, 31, 72, 177, 54, 26, 83, 41, 71, 164, 86, 175, 104, 136, 89, 98, 129, 107, 165, 111, 186, 55, 126, 189, 9, 24, 93, 34, 113, 147, 178, 109, 171, 152, 179, 68, 7, 77, 10, 198, 40, 190, 188, 99, 133, 176, 162, 184, 38, 163, 101, 193, 140, 138, 187, 49, 59, 141, 66, 120, 3, 155, 16, 148, 160, 121, 154, 94, 33, 139, 151, 60]
=============================================
*****************************************
====================== 1 =======================
Incremental class: Old valid output dimension: 0
Incremental class: New Valid output dimension: 20
/root/miniconda3/envs/apt/lib/python3.10/site-packages/torch/utils/data/dataloader.py:557: UserWarning: This DataLoader will create 4 worker processes in total. Our suggested max number of worker in current system is 3, which is smaller than what this DataLoader is going to create. Please be aware that excessive worker creation might get DataLoader running slow or even freeze, lower the worker number to avoid potential slowness/freeze if necessary.
  warnings.warn(_create_warning_msg(
Overwriting ...
/root/dl_project/Additive-Prompt-Tuning/learners/default.py:239: FutureWarning: You are using `torch.load` with `weights_only=False` (the current default value), which uses the default pickle module implicitly. It is possible to construct malicious pickle data which will execute arbitrary code during unpickling (See https://github.com/pytorch/pytorch/blob/main/SECURITY.md#untrusted-models for more details). In a future release, the default value for `weights_only` will be flipped to `True`. This limits the functions that could be executed during unpickling. Arbitrary objects will no longer be allowed to be loaded via this mode unless they are explicitly allowlisted by the user via `torch.serialization.add_safe_globals`. We recommend you start setting `weights_only=True` for any use case where you don't have full control of the loaded file. Please open an issue on GitHub for any issues related to this experimental feature.
  model_dict = torch.load(filename + 'class.pth')
Optimizer is reset!
*****************************************
LR: 0.02
Epoch:1/25
 * Loss 1.131 | Train Acc 70.117
LR: 0.02
Epoch:2/25
 * Loss 0.425 | Train Acc 86.719
LR: 0.01995803031515996
Epoch:3/25
 * Loss 0.368 | Train Acc 88.867
LR: 0.019832297406084384
Epoch:4/25
 * Loss 0.249 | Train Acc 91.797
LR: 0.01962332896983008
Epoch:5/25
 * Loss 0.179 | Train Acc 93.945
LR: 0.019332002040338147
Epoch:6/25
 * Loss 0.213 | Train Acc 93.945
LR: 0.01895953930755021
Epoch:7/25
 * Loss 0.193 | Train Acc 94.531
LR: 0.018507503985817242
Epoch:8/25
 * Loss 0.205 | Train Acc 93.945
LR: 0.017977793253138218
Epoch:9/25
 * Loss 0.158 | Train Acc 94.922
LR: 0.017372630288763825
Epoch:10/25
 * Loss 0.156 | Train Acc 95.117
LR: 0.016694554942583234
Epoch:11/25
 * Loss 0.206 | Train Acc 94.336
LR: 0.015946413075454142
Epoch:12/25
 * Loss 0.155 | Train Acc 95.898
LR: 0.015131344615214457
Epoch:13/25
 * Loss 0.182 | Train Acc 95.703
LR: 0.014252770378504108
Epoch:14/25
 * Loss 0.166 | Train Acc 94.727
LR: 0.013314377713705425
Epoch:15/25
 * Loss 0.148 | Train Acc 95.117
LR: 0.012320105025258196
Epoch:16/25
 * Loss 0.150 | Train Acc 94.922
LR: 0.011274125244300335
Epoch:17/25
 * Loss 0.125 | Train Acc 96.680
LR: 0.010180828315007424
Epoch:18/25
 * Loss 0.134 | Train Acc 96.289
LR: 0.009044802770135373
Epoch:19/25
 * Loss 0.105 | Train Acc 97.266
LR: 0.007870816473093028
Epoch:20/25
 * Loss 0.124 | Train Acc 96.680
LR: 0.00666379660736973
Epoch:21/25
 * Loss 0.120 | Train Acc 96.289
LR: 0.005428808997301486
Epoch:22/25
 * Loss 0.104 | Train Acc 97.266
LR: 0.004171036846965889
Epoch:23/25
 * Loss 0.125 | Train Acc 96.289
LR: 0.0028957589864379565
Epoch:24/25
 * Loss 0.204 | Train Acc 93.555
LR: 0.0016083277167066668
Epoch:25/25
 * Loss 0.081 | Train Acc 98.633
=> Saving class model to: ./checkpoints/CUB200-v3/seed3/models/repeat-1/task-1/
=> Save Done
validation split name: 1 local = False
 * Val Acc 96.528, Total time 2.26
====================== 2 =======================
Incremental class: Old valid output dimension: 20
Incremental class: New Valid output dimension: 40
Overwriting ...
Optimizer is reset!
*****************************************
LR: 0.02
Epoch:1/25
 * Loss 0.791 | Train Acc 77.148
LR: 0.02
Epoch:2/25
 * Loss 0.270 | Train Acc 91.992
LR: 0.01995803031515996
Epoch:3/25
 * Loss 0.218 | Train Acc 93.555
LR: 0.019832297406084384
Epoch:4/25
 * Loss 0.170 | Train Acc 95.312
LR: 0.01962332896983008
Epoch:5/25
 * Loss 0.206 | Train Acc 93.555
LR: 0.019332002040338147
Epoch:6/25
 * Loss 0.132 | Train Acc 95.508
LR: 0.01895953930755021
Epoch:7/25
 * Loss 0.102 | Train Acc 96.680
LR: 0.018507503985817242
Epoch:8/25
 * Loss 0.137 | Train Acc 96.289
LR: 0.017977793253138218
Epoch:9/25
 * Loss 0.083 | Train Acc 98.047
LR: 0.017372630288763825
Epoch:10/25
 * Loss 0.097 | Train Acc 97.461
LR: 0.016694554942583234
Epoch:11/25
 * Loss 0.133 | Train Acc 97.070
LR: 0.015946413075454142
Epoch:12/25
 * Loss 0.156 | Train Acc 95.312
LR: 0.015131344615214457
Epoch:13/25
 * Loss 0.119 | Train Acc 97.070
LR: 0.014252770378504108
Epoch:14/25
 * Loss 0.107 | Train Acc 96.289
LR: 0.013314377713705425
Epoch:15/25
 * Loss 0.058 | Train Acc 98.633
LR: 0.012320105025258196
Epoch:16/25
 * Loss 0.096 | Train Acc 97.461
LR: 0.011274125244300335
Epoch:17/25
 * Loss 0.110 | Train Acc 97.461
LR: 0.010180828315007424
Epoch:18/25
 * Loss 0.102 | Train Acc 96.680
LR: 0.009044802770135373
Epoch:19/25
 * Loss 0.120 | Train Acc 96.289
LR: 0.007870816473093028
Epoch:20/25
 * Loss 0.090 | Train Acc 97.461
LR: 0.00666379660736973
Epoch:21/25
 * Loss 0.096 | Train Acc 97.852
LR: 0.005428808997301486
Epoch:22/25
 * Loss 0.097 | Train Acc 97.656
LR: 0.004171036846965889
Epoch:23/25
 * Loss 0.108 | Train Acc 95.898
LR: 0.0028957589864379565
Epoch:24/25
 * Loss 0.069 | Train Acc 98.242
LR: 0.0016083277167066668
Epoch:25/25
 * Loss 0.085 | Train Acc 97.852
Computing Fisher for CLS prompts...
CLS Fisher computed over 0 samples
Hybrid Fusion: CLS (Importance=True), Patches (Alpha=0.45)
=> Saving class model to: ./checkpoints/CUB200-v3/seed3/models/repeat-1/task-2/
=> Save Done
validation split name: 1 local = False
 * Val Acc 95.486, Total time 2.37
validation split name: 2 local = False
 * Val Acc 87.305, Total time 2.22
====================== 3 =======================
Incremental class: Old valid output dimension: 40
Incremental class: New Valid output dimension: 60
Overwriting ...
Optimizer is reset!
*****************************************
LR: 0.02
Epoch:1/25
 * Loss 1.021 | Train Acc 70.508
LR: 0.02
Epoch:2/25
 * Loss 0.276 | Train Acc 89.648
LR: 0.01995803031515996
Epoch:3/25
 * Loss 0.274 | Train Acc 91.211
LR: 0.019832297406084384
Epoch:4/25
 * Loss 0.214 | Train Acc 92.188
LR: 0.01962332896983008
Epoch:5/25
 * Loss 0.181 | Train Acc 94.336
LR: 0.019332002040338147
Epoch:6/25
 * Loss 0.173 | Train Acc 94.141
LR: 0.01895953930755021
Epoch:7/25
 * Loss 0.203 | Train Acc 92.969
LR: 0.018507503985817242
Epoch:8/25
 * Loss 0.170 | Train Acc 93.945
LR: 0.017977793253138218
Epoch:9/25
 * Loss 0.165 | Train Acc 94.336
LR: 0.017372630288763825
Epoch:10/25
 * Loss 0.125 | Train Acc 97.070
LR: 0.016694554942583234
Epoch:11/25
 * Loss 0.133 | Train Acc 96.484
LR: 0.015946413075454142
Epoch:12/25
 * Loss 0.163 | Train Acc 94.336
LR: 0.015131344615214457
Epoch:13/25
 * Loss 0.160 | Train Acc 93.945
LR: 0.014252770378504108
Epoch:14/25
 * Loss 0.123 | Train Acc 96.680
LR: 0.013314377713705425
Epoch:15/25
 * Loss 0.134 | Train Acc 96.094
LR: 0.012320105025258196
Epoch:16/25
 * Loss 0.144 | Train Acc 95.312
LR: 0.011274125244300335
Epoch:17/25
 * Loss 0.144 | Train Acc 96.289
LR: 0.010180828315007424
Epoch:18/25
 * Loss 0.126 | Train Acc 96.484
LR: 0.009044802770135373
Epoch:19/25
 * Loss 0.130 | Train Acc 96.680
LR: 0.007870816473093028
Epoch:20/25
 * Loss 0.143 | Train Acc 96.094
LR: 0.00666379660736973
Epoch:21/25
 * Loss 0.157 | Train Acc 95.508
LR: 0.005428808997301486
Epoch:22/25
 * Loss 0.075 | Train Acc 98.633
LR: 0.004171036846965889
Epoch:23/25
 * Loss 0.106 | Train Acc 97.070
LR: 0.0028957589864379565
Epoch:24/25
 * Loss 0.123 | Train Acc 95.898
LR: 0.0016083277167066668
Epoch:25/25
 * Loss 0.107 | Train Acc 96.680
Computing Fisher for CLS prompts...
CLS Fisher computed over 0 samples
Hybrid Fusion: CLS (Importance=True), Patches (Alpha=0.45)
=> Saving class model to: ./checkpoints/CUB200-v3/seed3/models/repeat-1/task-3/
=> Save Done
validation split name: 1 local = False
 * Val Acc 94.618, Total time 2.39
validation split name: 2 local = False
 * Val Acc 85.156, Total time 2.18
validation split name: 3 local = False
 * Val Acc 90.625, Total time 2.33
====================== 4 =======================
Incremental class: Old valid output dimension: 60
Incremental class: New Valid output dimension: 80
Overwriting ...
Optimizer is reset!
*****************************************
LR: 0.02
Epoch:1/25
 * Loss 0.957 | Train Acc 74.414
LR: 0.02
Epoch:2/25
 * Loss 0.242 | Train Acc 92.383
LR: 0.01995803031515996
Epoch:3/25
 * Loss 0.153 | Train Acc 95.117
LR: 0.019832297406084384
Epoch:4/25
 * Loss 0.128 | Train Acc 95.312
LR: 0.01962332896983008
Epoch:5/25
 * Loss 0.147 | Train Acc 96.289
LR: 0.019332002040338147
Epoch:6/25
 * Loss 0.130 | Train Acc 95.703
LR: 0.01895953930755021
Epoch:7/25
 * Loss 0.131 | Train Acc 96.094
LR: 0.018507503985817242
Epoch:8/25
 * Loss 0.136 | Train Acc 94.336
LR: 0.017977793253138218
Epoch:9/25
 * Loss 0.140 | Train Acc 95.703
LR: 0.017372630288763825
Epoch:10/25
 * Loss 0.139 | Train Acc 95.508
LR: 0.016694554942583234
Epoch:11/25
 * Loss 0.126 | Train Acc 96.484
LR: 0.015946413075454142
Epoch:12/25
 * Loss 0.092 | Train Acc 97.070
LR: 0.015131344615214457
Epoch:13/25
 * Loss 0.086 | Train Acc 97.852
LR: 0.014252770378504108
Epoch:14/25
 * Loss 0.104 | Train Acc 97.070
LR: 0.013314377713705425
Epoch:15/25
 * Loss 0.091 | Train Acc 97.656
LR: 0.012320105025258196
Epoch:16/25
 * Loss 0.095 | Train Acc 97.266
LR: 0.011274125244300335
Epoch:17/25
 * Loss 0.104 | Train Acc 96.875
LR: 0.010180828315007424
Epoch:18/25
 * Loss 0.100 | Train Acc 96.289
LR: 0.009044802770135373
Epoch:19/25
 * Loss 0.097 | Train Acc 96.289
LR: 0.007870816473093028
Epoch:20/25
 * Loss 0.108 | Train Acc 96.875
LR: 0.00666379660736973
Epoch:21/25
 * Loss 0.104 | Train Acc 97.266
LR: 0.005428808997301486
Epoch:22/25
 * Loss 0.085 | Train Acc 97.461
LR: 0.004171036846965889
Epoch:23/25
 * Loss 0.093 | Train Acc 97.461
LR: 0.0028957589864379565
Epoch:24/25
 * Loss 0.090 | Train Acc 96.875
LR: 0.0016083277167066668
Epoch:25/25
 * Loss 0.114 | Train Acc 95.898
Computing Fisher for CLS prompts...
CLS Fisher computed over 0 samples
Hybrid Fusion: CLS (Importance=True), Patches (Alpha=0.45)
=> Saving class model to: ./checkpoints/CUB200-v3/seed3/models/repeat-1/task-4/
=> Save Done
validation split name: 1 local = False
 * Val Acc 94.097, Total time 2.64
validation split name: 2 local = False
 * Val Acc 83.594, Total time 2.31
validation split name: 3 local = False
 * Val Acc 88.021, Total time 2.39
validation split name: 4 local = False
 * Val Acc 95.486, Total time 2.38
====================== 5 =======================
Incremental class: Old valid output dimension: 80
Incremental class: New Valid output dimension: 100
Overwriting ...
Optimizer is reset!
*****************************************
LR: 0.02
Epoch:1/25
 * Loss 1.221 | Train Acc 68.164
LR: 0.02
Epoch:2/25
 * Loss 0.473 | Train Acc 84.961
LR: 0.01995803031515996
Epoch:3/25
 * Loss 0.340 | Train Acc 89.648
LR: 0.019832297406084384
Epoch:4/25
 * Loss 0.242 | Train Acc 91.797
LR: 0.01962332896983008
Epoch:5/25
 * Loss 0.214 | Train Acc 93.750
LR: 0.019332002040338147
Epoch:6/25
 * Loss 0.267 | Train Acc 91.602
LR: 0.01895953930755021
Epoch:7/25
 * Loss 0.203 | Train Acc 93.555
LR: 0.018507503985817242
Epoch:8/25
 * Loss 0.147 | Train Acc 95.703
LR: 0.017977793253138218
Epoch:9/25
 * Loss 0.168 | Train Acc 95.117
LR: 0.017372630288763825
Epoch:10/25
 * Loss 0.169 | Train Acc 95.703
LR: 0.016694554942583234
Epoch:11/25
 * Loss 0.152 | Train Acc 95.703
LR: 0.015946413075454142
Epoch:12/25
 * Loss 0.210 | Train Acc 93.750
LR: 0.015131344615214457
Epoch:13/25
 * Loss 0.147 | Train Acc 96.094
LR: 0.014252770378504108
Epoch:14/25
 * Loss 0.177 | Train Acc 94.531
LR: 0.013314377713705425
Epoch:15/25
 * Loss 0.177 | Train Acc 95.703
LR: 0.012320105025258196
Epoch:16/25
 * Loss 0.169 | Train Acc 95.312
LR: 0.011274125244300335
Epoch:17/25
 * Loss 0.123 | Train Acc 97.266
LR: 0.010180828315007424
Epoch:18/25
 * Loss 0.130 | Train Acc 96.680
LR: 0.009044802770135373
Epoch:19/25
 * Loss 0.165 | Train Acc 95.508
LR: 0.007870816473093028
Epoch:20/25
 * Loss 0.150 | Train Acc 95.703
LR: 0.00666379660736973
Epoch:21/25
 * Loss 0.108 | Train Acc 97.070
LR: 0.005428808997301486
Epoch:22/25
 * Loss 0.129 | Train Acc 96.484
LR: 0.004171036846965889
Epoch:23/25
 * Loss 0.129 | Train Acc 95.703
LR: 0.0028957589864379565
Epoch:24/25
 * Loss 0.127 | Train Acc 95.703
LR: 0.0016083277167066668
Epoch:25/25
 * Loss 0.118 | Train Acc 96.484
Computing Fisher for CLS prompts...
CLS Fisher computed over 0 samples
Hybrid Fusion: CLS (Importance=True), Patches (Alpha=0.45)
=> Saving class model to: ./checkpoints/CUB200-v3/seed3/models/repeat-1/task-5/
=> Save Done
validation split name: 1 local = False
 * Val Acc 93.229, Total time 2.33
validation split name: 2 local = False
 * Val Acc 80.469, Total time 2.35
validation split name: 3 local = False
 * Val Acc 85.243, Total time 2.31
validation split name: 4 local = False
 * Val Acc 94.271, Total time 2.47
validation split name: 5 local = False
 * Val Acc 62.500, Total time 2.19
====================== 6 =======================
Incremental class: Old valid output dimension: 100
Incremental class: New Valid output dimension: 120
Overwriting ...
Optimizer is reset!
*****************************************
LR: 0.02
Epoch:1/25
 * Loss 1.000 | Train Acc 74.023
LR: 0.02
Epoch:2/25
 * Loss 0.291 | Train Acc 91.016
LR: 0.01995803031515996
Epoch:3/25
 * Loss 0.222 | Train Acc 92.969
LR: 0.019832297406084384
Epoch:4/25
 * Loss 0.259 | Train Acc 91.797
LR: 0.01962332896983008
Epoch:5/25
 * Loss 0.204 | Train Acc 93.945
LR: 0.019332002040338147
Epoch:6/25
 * Loss 0.140 | Train Acc 95.508
LR: 0.01895953930755021
Epoch:7/25
 * Loss 0.203 | Train Acc 94.531
LR: 0.018507503985817242
Epoch:8/25
 * Loss 0.131 | Train Acc 96.289
LR: 0.017977793253138218
Epoch:9/25
 * Loss 0.188 | Train Acc 94.141
LR: 0.017372630288763825
Epoch:10/25
 * Loss 0.179 | Train Acc 94.727
LR: 0.016694554942583234
Epoch:11/25
 * Loss 0.139 | Train Acc 96.484
LR: 0.015946413075454142
Epoch:12/25
 * Loss 0.134 | Train Acc 96.680
LR: 0.015131344615214457
Epoch:13/25
 * Loss 0.132 | Train Acc 95.898
LR: 0.014252770378504108
Epoch:14/25
 * Loss 0.166 | Train Acc 94.727
LR: 0.013314377713705425
Epoch:15/25
 * Loss 0.127 | Train Acc 95.312
LR: 0.012320105025258196
Epoch:16/25
 * Loss 0.088 | Train Acc 97.461
LR: 0.011274125244300335
Epoch:17/25
 * Loss 0.156 | Train Acc 94.922
LR: 0.010180828315007424
Epoch:18/25
 * Loss 0.161 | Train Acc 94.922
LR: 0.009044802770135373
Epoch:19/25
 * Loss 0.157 | Train Acc 95.508
LR: 0.007870816473093028
Epoch:20/25
 * Loss 0.086 | Train Acc 97.461
LR: 0.00666379660736973
Epoch:21/25
 * Loss 0.119 | Train Acc 96.680
LR: 0.005428808997301486
Epoch:22/25
 * Loss 0.135 | Train Acc 97.070
LR: 0.004171036846965889
Epoch:23/25
 * Loss 0.152 | Train Acc 95.312
LR: 0.0028957589864379565
Epoch:24/25
 * Loss 0.159 | Train Acc 94.531
LR: 0.0016083277167066668
Epoch:25/25
 * Loss 0.123 | Train Acc 95.508
Computing Fisher for CLS prompts...
CLS Fisher computed over 0 samples
Hybrid Fusion: CLS (Importance=True), Patches (Alpha=0.45)
=> Saving class model to: ./checkpoints/CUB200-v3/seed3/models/repeat-1/task-6/
=> Save Done
validation split name: 1 local = False
 * Val Acc 81.424, Total time 2.45
validation split name: 2 local = False
 * Val Acc 80.273, Total time 2.26
validation split name: 3 local = False
 * Val Acc 81.771, Total time 2.59
validation split name: 4 local = False
 * Val Acc 94.271, Total time 2.55
validation split name: 5 local = False
 * Val Acc 58.008, Total time 2.31
validation split name: 6 local = False
 * Val Acc 80.469, Total time 2.18
====================== 7 =======================
Incremental class: Old valid output dimension: 120
Incremental class: New Valid output dimension: 140
Overwriting ...
Optimizer is reset!
*****************************************
LR: 0.02
Epoch:1/25
 * Loss 0.941 | Train Acc 71.289
LR: 0.02
Epoch:2/25
 * Loss 0.293 | Train Acc 90.625
LR: 0.01995803031515996
Epoch:3/25
 * Loss 0.260 | Train Acc 91.797
LR: 0.019832297406084384
Epoch:4/25
 * Loss 0.206 | Train Acc 93.750
LR: 0.01962332896983008
Epoch:5/25
 * Loss 0.178 | Train Acc 94.531
LR: 0.019332002040338147
Epoch:6/25
 * Loss 0.181 | Train Acc 94.727
LR: 0.01895953930755021
Epoch:7/25
 * Loss 0.170 | Train Acc 95.117
LR: 0.018507503985817242
Epoch:8/25
 * Loss 0.159 | Train Acc 94.922
LR: 0.017977793253138218
Epoch:9/25
 * Loss 0.139 | Train Acc 96.680
LR: 0.017372630288763825
Epoch:10/25
 * Loss 0.121 | Train Acc 95.508
LR: 0.016694554942583234
Epoch:11/25
 * Loss 0.130 | Train Acc 97.070
LR: 0.015946413075454142
Epoch:12/25
 * Loss 0.146 | Train Acc 95.312
LR: 0.015131344615214457
Epoch:13/25
 * Loss 0.143 | Train Acc 95.703
LR: 0.014252770378504108
Epoch:14/25
 * Loss 0.178 | Train Acc 94.141
LR: 0.013314377713705425
Epoch:15/25
 * Loss 0.151 | Train Acc 95.508
LR: 0.012320105025258196
Epoch:16/25
 * Loss 0.109 | Train Acc 97.070
LR: 0.011274125244300335
Epoch:17/25
 * Loss 0.110 | Train Acc 97.266
LR: 0.010180828315007424
Epoch:18/25
 * Loss 0.118 | Train Acc 96.680
LR: 0.009044802770135373
Epoch:19/25
 * Loss 0.109 | Train Acc 97.656
LR: 0.007870816473093028
Epoch:20/25
 * Loss 0.087 | Train Acc 97.852
LR: 0.00666379660736973
Epoch:21/25
 * Loss 0.097 | Train Acc 97.656
LR: 0.005428808997301486
Epoch:22/25
 * Loss 0.124 | Train Acc 96.094
LR: 0.004171036846965889
Epoch:23/25
 * Loss 0.114 | Train Acc 96.875
LR: 0.0028957589864379565
Epoch:24/25
 * Loss 0.133 | Train Acc 96.289
LR: 0.0016083277167066668
Epoch:25/25
 * Loss 0.099 | Train Acc 97.070
Computing Fisher for CLS prompts...
CLS Fisher computed over 0 samples
Hybrid Fusion: CLS (Importance=True), Patches (Alpha=0.45)
=> Saving class model to: ./checkpoints/CUB200-v3/seed3/models/repeat-1/task-7/
=> Save Done
validation split name: 1 local = False
 * Val Acc 81.424, Total time 2.44
validation split name: 2 local = False
 * Val Acc 77.930, Total time 2.27
validation split name: 3 local = False
 * Val Acc 80.556, Total time 2.44
validation split name: 4 local = False
 * Val Acc 94.271, Total time 2.44
validation split name: 5 local = False
 * Val Acc 56.055, Total time 2.33
validation split name: 6 local = False
 * Val Acc 80.273, Total time 2.25
validation split name: 7 local = False
 * Val Acc 78.472, Total time 2.43
====================== 8 =======================
Incremental class: Old valid output dimension: 140
Incremental class: New Valid output dimension: 160
Overwriting ...
Optimizer is reset!
*****************************************
LR: 0.02
Epoch:1/25
 * Loss 0.843 | Train Acc 78.320
LR: 0.02
Epoch:2/25
 * Loss 0.174 | Train Acc 94.922
LR: 0.01995803031515996
Epoch:3/25
 * Loss 0.144 | Train Acc 96.484
LR: 0.019832297406084384
Epoch:4/25
 * Loss 0.156 | Train Acc 95.312
LR: 0.01962332896983008
Epoch:5/25
 * Loss 0.155 | Train Acc 95.703
LR: 0.019332002040338147
Epoch:6/25
 * Loss 0.140 | Train Acc 95.508
LR: 0.01895953930755021
Epoch:7/25
 * Loss 0.116 | Train Acc 96.680
LR: 0.018507503985817242
Epoch:8/25
 * Loss 0.087 | Train Acc 96.875
LR: 0.017977793253138218
Epoch:9/25
 * Loss 0.133 | Train Acc 96.289
LR: 0.017372630288763825
Epoch:10/25
 * Loss 0.110 | Train Acc 96.680
LR: 0.016694554942583234
Epoch:11/25
 * Loss 0.083 | Train Acc 97.852
LR: 0.015946413075454142
Epoch:12/25
 * Loss 0.092 | Train Acc 97.461
LR: 0.015131344615214457
Epoch:13/25
 * Loss 0.067 | Train Acc 97.852
LR: 0.014252770378504108
Epoch:14/25
 * Loss 0.116 | Train Acc 96.484
LR: 0.013314377713705425
Epoch:15/25
 * Loss 0.141 | Train Acc 96.094
LR: 0.012320105025258196
Epoch:16/25
 * Loss 0.063 | Train Acc 97.656
LR: 0.011274125244300335
Epoch:17/25
 * Loss 0.086 | Train Acc 97.656
LR: 0.010180828315007424
Epoch:18/25
 * Loss 0.079 | Train Acc 97.852
LR: 0.009044802770135373
Epoch:19/25
 * Loss 0.065 | Train Acc 97.852
LR: 0.007870816473093028
Epoch:20/25
 * Loss 0.086 | Train Acc 96.680
LR: 0.00666379660736973
Epoch:21/25
 * Loss 0.127 | Train Acc 96.289
LR: 0.005428808997301486
Epoch:22/25
 * Loss 0.075 | Train Acc 97.852
LR: 0.004171036846965889
Epoch:23/25
 * Loss 0.113 | Train Acc 96.680
LR: 0.0028957589864379565
Epoch:24/25
 * Loss 0.112 | Train Acc 96.289
LR: 0.0016083277167066668
Epoch:25/25
 * Loss 0.112 | Train Acc 96.484
Computing Fisher for CLS prompts...
CLS Fisher computed over 0 samples
Hybrid Fusion: CLS (Importance=True), Patches (Alpha=0.45)
=> Saving class model to: ./checkpoints/CUB200-v3/seed3/models/repeat-1/task-8/
=> Save Done
validation split name: 1 local = False
 * Val Acc 80.729, Total time 2.53
validation split name: 2 local = False
 * Val Acc 74.023, Total time 2.16
validation split name: 3 local = False
 * Val Acc 75.868, Total time 2.35
validation split name: 4 local = False
 * Val Acc 92.535, Total time 2.44
validation split name: 5 local = False
 * Val Acc 51.367, Total time 2.12
validation split name: 6 local = False
 * Val Acc 79.883, Total time 2.20
validation split name: 7 local = False
 * Val Acc 77.431, Total time 2.41
validation split name: 8 local = False
 * Val Acc 73.264, Total time 2.36
====================== 9 =======================
Incremental class: Old valid output dimension: 160
Incremental class: New Valid output dimension: 180
Overwriting ...
Optimizer is reset!
*****************************************
LR: 0.02
Epoch:1/25
 * Loss 1.179 | Train Acc 70.703
LR: 0.02
Epoch:2/25
 * Loss 0.337 | Train Acc 90.820
LR: 0.01995803031515996
Epoch:3/25
 * Loss 0.244 | Train Acc 91.992
LR: 0.019832297406084384
Epoch:4/25
 * Loss 0.212 | Train Acc 94.531
LR: 0.01962332896983008
Epoch:5/25
 * Loss 0.196 | Train Acc 93.750
LR: 0.019332002040338147
Epoch:6/25
 * Loss 0.228 | Train Acc 94.141
LR: 0.01895953930755021
Epoch:7/25
 * Loss 0.148 | Train Acc 95.117
LR: 0.018507503985817242
Epoch:8/25
 * Loss 0.215 | Train Acc 93.359
LR: 0.017977793253138218
Epoch:9/25
 * Loss 0.206 | Train Acc 93.750
LR: 0.017372630288763825
Epoch:10/25
 * Loss 0.181 | Train Acc 94.336
LR: 0.016694554942583234
Epoch:11/25
 * Loss 0.164 | Train Acc 95.117
LR: 0.015946413075454142
Epoch:12/25
 * Loss 0.173 | Train Acc 94.531
LR: 0.015131344615214457
Epoch:13/25
 * Loss 0.162 | Train Acc 96.094
LR: 0.014252770378504108
Epoch:14/25
 * Loss 0.124 | Train Acc 97.266
LR: 0.013314377713705425
Epoch:15/25
 * Loss 0.122 | Train Acc 96.680
LR: 0.012320105025258196
Epoch:16/25
 * Loss 0.086 | Train Acc 98.633
LR: 0.011274125244300335
Epoch:17/25
 * Loss 0.077 | Train Acc 97.656
LR: 0.010180828315007424
Epoch:18/25
 * Loss 0.128 | Train Acc 96.680
LR: 0.009044802770135373
Epoch:19/25
 * Loss 0.154 | Train Acc 94.531
LR: 0.007870816473093028
Epoch:20/25
 * Loss 0.135 | Train Acc 95.508
LR: 0.00666379660736973
Epoch:21/25
 * Loss 0.103 | Train Acc 97.461
LR: 0.005428808997301486
Epoch:22/25
 * Loss 0.156 | Train Acc 96.094
LR: 0.004171036846965889
Epoch:23/25
 * Loss 0.085 | Train Acc 97.266
LR: 0.0028957589864379565
Epoch:24/25
 * Loss 0.138 | Train Acc 96.680
LR: 0.0016083277167066668
Epoch:25/25
 * Loss 0.097 | Train Acc 97.656
Computing Fisher for CLS prompts...
CLS Fisher computed over 0 samples
Hybrid Fusion: CLS (Importance=True), Patches (Alpha=0.45)
=> Saving class model to: ./checkpoints/CUB200-v3/seed3/models/repeat-1/task-9/
=> Save Done
validation split name: 1 local = False
 * Val Acc 78.646, Total time 2.32
validation split name: 2 local = False
 * Val Acc 74.023, Total time 2.31
validation split name: 3 local = False
 * Val Acc 74.653, Total time 2.40
validation split name: 4 local = False
 * Val Acc 90.104, Total time 2.39
validation split name: 5 local = False
 * Val Acc 51.172, Total time 2.19
validation split name: 6 local = False
 * Val Acc 79.688, Total time 2.16
validation split name: 7 local = False
 * Val Acc 76.736, Total time 2.52
validation split name: 8 local = False
 * Val Acc 71.354, Total time 2.72
validation split name: 9 local = False
 * Val Acc 69.792, Total time 2.44
====================== 10 =======================
Incremental class: Old valid output dimension: 180
Incremental class: New Valid output dimension: 200
Overwriting ...
Optimizer is reset!
*****************************************
LR: 0.02
Epoch:1/25
 * Loss 1.185 | Train Acc 70.508
LR: 0.02
Epoch:2/25
 * Loss 0.347 | Train Acc 90.234
LR: 0.01995803031515996
Epoch:3/25
 * Loss 0.290 | Train Acc 90.234
LR: 0.019832297406084384
Epoch:4/25
 * Loss 0.233 | Train Acc 91.992
LR: 0.01962332896983008
Epoch:5/25
 * Loss 0.199 | Train Acc 93.945
LR: 0.019332002040338147
Epoch:6/25
 * Loss 0.212 | Train Acc 93.359
LR: 0.01895953930755021
Epoch:7/25
 * Loss 0.194 | Train Acc 94.531
LR: 0.018507503985817242
Epoch:8/25
 * Loss 0.188 | Train Acc 95.117
LR: 0.017977793253138218
Epoch:9/25
 * Loss 0.160 | Train Acc 94.922
LR: 0.017372630288763825
Epoch:10/25
 * Loss 0.151 | Train Acc 95.898
LR: 0.016694554942583234
Epoch:11/25
 * Loss 0.187 | Train Acc 93.359
LR: 0.015946413075454142
Epoch:12/25
 * Loss 0.167 | Train Acc 95.508
LR: 0.015131344615214457
Epoch:13/25
 * Loss 0.148 | Train Acc 95.703
LR: 0.014252770378504108
Epoch:14/25
 * Loss 0.155 | Train Acc 95.117
LR: 0.013314377713705425
Epoch:15/25
 * Loss 0.168 | Train Acc 94.727
LR: 0.012320105025258196
Epoch:16/25
 * Loss 0.136 | Train Acc 95.898
LR: 0.011274125244300335
Epoch:17/25
 * Loss 0.143 | Train Acc 95.703
LR: 0.010180828315007424
Epoch:18/25
 * Loss 0.164 | Train Acc 95.312
LR: 0.009044802770135373
Epoch:19/25
 * Loss 0.180 | Train Acc 94.922
LR: 0.007870816473093028
Epoch:20/25
 * Loss 0.116 | Train Acc 96.680
LR: 0.00666379660736973
Epoch:21/25
 * Loss 0.120 | Train Acc 96.289
LR: 0.005428808997301486
Epoch:22/25
 * Loss 0.139 | Train Acc 95.703
LR: 0.004171036846965889
Epoch:23/25
 * Loss 0.124 | Train Acc 97.461
LR: 0.0028957589864379565
Epoch:24/25
 * Loss 0.107 | Train Acc 97.461
LR: 0.0016083277167066668
Epoch:25/25
 * Loss 0.106 | Train Acc 96.875
Computing Fisher for CLS prompts...
CLS Fisher computed over 0 samples
Hybrid Fusion: CLS (Importance=True), Patches (Alpha=0.45)
=> Saving class model to: ./checkpoints/CUB200-v3/seed3/models/repeat-1/task-10/
=> Save Done
validation split name: 1 local = False
 * Val Acc 78.472, Total time 2.35
validation split name: 2 local = False
 * Val Acc 72.266, Total time 2.34
validation split name: 3 local = False
 * Val Acc 73.958, Total time 2.34
validation split name: 4 local = False
 * Val Acc 89.931, Total time 2.35
validation split name: 5 local = False
 * Val Acc 47.266, Total time 2.31
validation split name: 6 local = False
 * Val Acc 79.297, Total time 2.35
validation split name: 7 local = False
 * Val Acc 75.694, Total time 2.36
validation split name: 8 local = False
 * Val Acc 68.229, Total time 2.46
validation split name: 9 local = False
 * Val Acc 68.750, Total time 2.45
validation split name: 10 local = False
 * Val Acc 63.281, Total time 2.66
*****************************************
Incremental class: Old valid output dimension: 0
Incremental class: New Valid output dimension: 20
=> Load Done
===global validation====
test task 1, using model 1
validation split name: 1 local = False
 * Val Acc 96.528, Total time 2.43
Incremental class: Old valid output dimension: 20
Incremental class: New Valid output dimension: 40
Hybrid Fusion: CLS (Importance=True), Patches (Alpha=0.45)
=> Load Done
===global validation====
test task 1, using model 2
validation split name: 1 local = False
 * Val Acc 95.486, Total time 2.42
test task 2, using model 2
validation split name: 2 local = False
 * Val Acc 87.305, Total time 2.20
Incremental class: Old valid output dimension: 40
Incremental class: New Valid output dimension: 60
Hybrid Fusion: CLS (Importance=True), Patches (Alpha=0.45)
=> Load Done
===global validation====
test task 1, using model 3
validation split name: 1 local = False
 * Val Acc 94.618, Total time 2.45
test task 2, using model 3
validation split name: 2 local = False
 * Val Acc 85.156, Total time 2.25
test task 3, using model 3
validation split name: 3 local = False
 * Val Acc 90.625, Total time 2.36
Incremental class: Old valid output dimension: 60
Incremental class: New Valid output dimension: 80
Hybrid Fusion: CLS (Importance=True), Patches (Alpha=0.45)
=> Load Done
===global validation====
test task 1, using model 4
validation split name: 1 local = False
 * Val Acc 94.097, Total time 2.46
test task 2, using model 4
validation split name: 2 local = False
 * Val Acc 83.594, Total time 2.14
test task 3, using model 4
validation split name: 3 local = False
 * Val Acc 88.021, Total time 2.33
test task 4, using model 4
validation split name: 4 local = False
 * Val Acc 95.486, Total time 2.47
Incremental class: Old valid output dimension: 80
Incremental class: New Valid output dimension: 100
Hybrid Fusion: CLS (Importance=True), Patches (Alpha=0.45)
=> Load Done
===global validation====
test task 1, using model 5
validation split name: 1 local = False
 * Val Acc 93.229, Total time 2.36
test task 2, using model 5
validation split name: 2 local = False
 * Val Acc 80.469, Total time 2.18
test task 3, using model 5
validation split name: 3 local = False
 * Val Acc 85.243, Total time 2.50
test task 4, using model 5
validation split name: 4 local = False
 * Val Acc 94.271, Total time 2.38
test task 5, using model 5
validation split name: 5 local = False
 * Val Acc 62.500, Total time 2.24
Incremental class: Old valid output dimension: 100
Incremental class: New Valid output dimension: 120
Hybrid Fusion: CLS (Importance=True), Patches (Alpha=0.45)
=> Load Done
===global validation====
test task 1, using model 6
validation split name: 1 local = False
 * Val Acc 81.424, Total time 2.48
test task 2, using model 6
validation split name: 2 local = False
 * Val Acc 80.273, Total time 2.21
test task 3, using model 6
validation split name: 3 local = False
 * Val Acc 81.771, Total time 2.39
test task 4, using model 6
validation split name: 4 local = False
 * Val Acc 94.271, Total time 2.33
test task 5, using model 6
validation split name: 5 local = False
 * Val Acc 58.008, Total time 2.28
test task 6, using model 6
validation split name: 6 local = False
 * Val Acc 80.469, Total time 2.21
Incremental class: Old valid output dimension: 120
Incremental class: New Valid output dimension: 140
Hybrid Fusion: CLS (Importance=True), Patches (Alpha=0.45)
=> Load Done
===global validation====
test task 1, using model 7
validation split name: 1 local = False
 * Val Acc 81.424, Total time 2.53
test task 2, using model 7
validation split name: 2 local = False
 * Val Acc 77.930, Total time 2.22
test task 3, using model 7
validation split name: 3 local = False
 * Val Acc 80.556, Total time 2.47
test task 4, using model 7
validation split name: 4 local = False
 * Val Acc 94.271, Total time 2.54
test task 5, using model 7
validation split name: 5 local = False
 * Val Acc 56.055, Total time 2.30
test task 6, using model 7
validation split name: 6 local = False
 * Val Acc 80.273, Total time 2.32
test task 7, using model 7
validation split name: 7 local = False
 * Val Acc 78.472, Total time 2.45
Incremental class: Old valid output dimension: 140
Incremental class: New Valid output dimension: 160
Hybrid Fusion: CLS (Importance=True), Patches (Alpha=0.45)
=> Load Done
===global validation====
test task 1, using model 8
validation split name: 1 local = False
 * Val Acc 80.729, Total time 2.53
test task 2, using model 8
validation split name: 2 local = False
 * Val Acc 74.023, Total time 2.17
test task 3, using model 8
validation split name: 3 local = False
 * Val Acc 75.868, Total time 2.40
test task 4, using model 8
validation split name: 4 local = False
 * Val Acc 92.535, Total time 2.38
test task 5, using model 8
validation split name: 5 local = False
 * Val Acc 51.367, Total time 2.29
test task 6, using model 8
validation split name: 6 local = False
 * Val Acc 79.883, Total time 2.22
test task 7, using model 8
validation split name: 7 local = False
 * Val Acc 77.431, Total time 2.46
test task 8, using model 8
validation split name: 8 local = False
 * Val Acc 73.264, Total time 2.34
Incremental class: Old valid output dimension: 160
Incremental class: New Valid output dimension: 180
Hybrid Fusion: CLS (Importance=True), Patches (Alpha=0.45)
=> Load Done
===global validation====
test task 1, using model 9
validation split name: 1 local = False
 * Val Acc 78.646, Total time 2.49
test task 2, using model 9
validation split name: 2 local = False
 * Val Acc 74.023, Total time 2.17
test task 3, using model 9
validation split name: 3 local = False
 * Val Acc 74.653, Total time 2.31
test task 4, using model 9
validation split name: 4 local = False
 * Val Acc 90.104, Total time 2.47
test task 5, using model 9
validation split name: 5 local = False
 * Val Acc 51.172, Total time 2.27
test task 6, using model 9
validation split name: 6 local = False
 * Val Acc 79.688, Total time 2.16
test task 7, using model 9
validation split name: 7 local = False
 * Val Acc 76.736, Total time 2.52
test task 8, using model 9
validation split name: 8 local = False
 * Val Acc 71.354, Total time 2.40
test task 9, using model 9
validation split name: 9 local = False
 * Val Acc 69.792, Total time 2.39
Incremental class: Old valid output dimension: 180
Incremental class: New Valid output dimension: 200
Hybrid Fusion: CLS (Importance=True), Patches (Alpha=0.45)
=> Load Done
===global validation====
test task 1, using model 10
validation split name: 1 local = False
 * Val Acc 78.472, Total time 2.57
test task 2, using model 10
validation split name: 2 local = False
 * Val Acc 72.266, Total time 2.22
test task 3, using model 10
validation split name: 3 local = False
 * Val Acc 73.958, Total time 2.41
test task 4, using model 10
validation split name: 4 local = False
 * Val Acc 89.931, Total time 2.39
test task 5, using model 10
validation split name: 5 local = False
 * Val Acc 47.266, Total time 2.31
test task 6, using model 10
validation split name: 6 local = False
 * Val Acc 79.297, Total time 2.37
test task 7, using model 10
validation split name: 7 local = False
 * Val Acc 75.694, Total time 2.41
test task 8, using model 10
validation split name: 8 local = False
 * Val Acc 68.229, Total time 2.40
test task 9, using model 10
validation split name: 9 local = False
 * Val Acc 68.750, Total time 2.43
test task 10, using model 10
validation split name: 10 local = False
 * Val Acc 63.281, Total time 2.24
coda_forgetting= (np.float64(1.7733421976043497), np.float64(0.0))
general_forgetting= (np.float64(8.953028549382715), np.float64(0.0))
acctable, {'1': OrderedDict([('1', 96.52777777777777), ('2', 95.48611111111111), ('3', 94.61805555555556), ('4', 94.09722222222223), ('5', 93.22916666666667), ('6', 81.42361111111111), ('7', 81.42361111111111), ('8', 80.72916666666667), ('9', 78.64583333333333), ('10', 78.47222222222223)]), '2': OrderedDict([('2', 87.3046875), ('3', 85.15625), ('4', 83.59375), ('5', 80.46875), ('6', 80.2734375), ('7', 77.9296875), ('8', 74.0234375), ('9', 74.0234375), ('10', 72.265625)]), '3': OrderedDict([('3', 90.625), ('4', 88.02083333333333), ('5', 85.24305555555556), ('6', 81.77083333333333), ('7', 80.55555555555556), ('8', 75.86805555555556), ('9', 74.65277777777777), ('10', 73.95833333333333)]), '4': OrderedDict([('4', 95.48611111111111), ('5', 94.27083333333333), ('6', 94.27083333333333), ('7', 94.27083333333333), ('8', 92.53472222222223), ('9', 90.10416666666667), ('10', 89.93055555555556)]), '5': OrderedDict([('5', 62.5), ('6', 58.0078125), ('7', 56.0546875), ('8', 51.3671875), ('9', 51.171875), ('10', 47.265625)]), '6': OrderedDict([('6', 80.46875), ('7', 80.2734375), ('8', 79.8828125), ('9', 79.6875), ('10', 79.296875)]), '7': OrderedDict([('7', 78.47222222222223), ('8', 77.43055555555556), ('9', 76.73611111111111), ('10', 75.69444444444444)]), '8': OrderedDict([('8', 73.26388888888889), ('9', 71.35416666666667), ('10', 68.22916666666667)]), '9': OrderedDict([('9', 69.79166666666667), ('10', 68.75)]), '10': OrderedDict([('10', 63.28125)])}
dropmatrix: [[96.52777777777777, 95.48611111111111, 94.61805555555556, 94.09722222222223, 93.22916666666667, 81.42361111111111, 81.42361111111111, 80.72916666666667, 78.64583333333333, 78.47222222222223], [87.3046875, 85.15625, 83.59375, 80.46875, 80.2734375, 77.9296875, 74.0234375, 74.0234375, 72.265625], [90.625, 88.02083333333333, 85.24305555555556, 81.77083333333333, 80.55555555555556, 75.86805555555556, 74.65277777777777, 73.95833333333333], [95.48611111111111, 94.27083333333333, 94.27083333333333, 94.27083333333333, 92.53472222222223, 90.10416666666667, 89.93055555555556], [62.5, 58.0078125, 56.0546875, 51.3671875, 51.171875, 47.265625], [80.46875, 80.2734375, 79.8828125, 79.6875, 79.296875], [78.47222222222223, 77.43055555555556, 76.73611111111111, 75.69444444444444], [73.26388888888889, 71.35416666666667, 68.22916666666667], [69.79166666666667, 68.75], [63.28125]]
global acc [[96.52777778]
 [91.39539931]
 [90.13310185]
 [90.29947917]
 [83.14236111]
 [79.36921296]
 [78.42571925]
 [75.6374783 ]
 [74.01861497]
 [71.71440972]]
pt acc [[[96.52777778]
  [95.48611111]
  [94.61805556]
  [94.09722222]
  [93.22916667]
  [81.42361111]
  [81.42361111]
  [80.72916667]
  [78.64583333]
  [78.47222222]]

 [[ 0.        ]
  [87.3046875 ]
  [85.15625   ]
  [83.59375   ]
  [80.46875   ]
  [80.2734375 ]
  [77.9296875 ]
  [74.0234375 ]
  [74.0234375 ]
  [72.265625  ]]

 [[ 0.        ]
  [ 0.        ]
  [90.625     ]
  [88.02083333]
  [85.24305556]
  [81.77083333]
  [80.55555556]
  [75.86805556]
  [74.65277778]
  [73.95833333]]

 [[ 0.        ]
  [ 0.        ]
  [ 0.        ]
  [95.48611111]
  [94.27083333]
  [94.27083333]
  [94.27083333]
  [92.53472222]
  [90.10416667]
  [89.93055556]]

 [[ 0.        ]
  [ 0.        ]
  [ 0.        ]
  [ 0.        ]
  [62.5       ]
  [58.0078125 ]
  [56.0546875 ]
  [51.3671875 ]
  [51.171875  ]
  [47.265625  ]]

 [[ 0.        ]
  [ 0.        ]
  [ 0.        ]
  [ 0.        ]
  [ 0.        ]
  [80.46875   ]
  [80.2734375 ]
  [79.8828125 ]
  [79.6875    ]
  [79.296875  ]]

 [[ 0.        ]
  [ 0.        ]
  [ 0.        ]
  [ 0.        ]
  [ 0.        ]
  [ 0.        ]
  [78.47222222]
  [77.43055556]
  [76.73611111]
  [75.69444444]]

 [[ 0.        ]
  [ 0.        ]
  [ 0.        ]
  [ 0.        ]
  [ 0.        ]
  [ 0.        ]
  [ 0.        ]
  [73.26388889]
  [71.35416667]
  [68.22916667]]

 [[ 0.        ]
  [ 0.        ]
  [ 0.        ]
  [ 0.        ]
  [ 0.        ]
  [ 0.        ]
  [ 0.        ]
  [ 0.        ]
  [69.79166667]
  [68.75      ]]

 [[ 0.        ]
  [ 0.        ]
  [ 0.        ]
  [ 0.        ]
  [ 0.        ]
  [ 0.        ]
  [ 0.        ]
  [ 0.        ]
  [ 0.        ]
  [63.28125   ]]]
===Summary of experiment repeats: 1 / 1 ===
acc  | mean: 71.71440972222221 std: 0.0
71.71 \pm 0.0
time  | mean: 0.2348480176925659 std: 0.0
0.23 \pm 0.0
