Running with V3 Config:
Namespace(config='configs/cub200_v3.yaml', seed=1, gpuid=[0], log_dir='./checkpoints/CUB200-v3/seed1', repeat=1, overwrite=0, lr=0.02, ema_coeff=0.7, schedule=25, type='pa_apt_v3', name='CUB200', k_patches=3, use_layer_wise=True, alpha_cls=0.7, alpha_patch=0.45, use_importance_for_cls=True, importance_temperature=2.5, adjust_range=0.12, min_alpha=0.55, max_alpha=0.85, prompt_param=[0.01], batch_size=64, schedule_type='cosine', optimizer='Adam', dataset='CUB200', first_split_size=20, other_split_size=20, dataroot='data', workers=4, validation=False, train_aug=True, rand_split=True, model_name='vit_pt_imnet', model_type='zoo', learner_type='pa_apt_v3', learner_name='PA_APT_V3_Learner', debug_mode=0, oracle_flag=False, upper_bound_flag=False, memory=0, temp=2.0, DW=False, momentum=0.9, weight_decay=0, max_task=-1)
************************************
* STARTING TRIAL (Seed 1)
************************************
=============================================
Shuffling....seed is 1
pre-shuffle:[0, 1, 2, 3, 4, 5, 6, 7, 8, 9, 10, 11, 12, 13, 14, 15, 16, 17, 18, 19, 20, 21, 22, 23, 24, 25, 26, 27, 28, 29, 30, 31, 32, 33, 34, 35, 36, 37, 38, 39, 40, 41, 42, 43, 44, 45, 46, 47, 48, 49, 50, 51, 52, 53, 54, 55, 56, 57, 58, 59, 60, 61, 62, 63, 64, 65, 66, 67, 68, 69, 70, 71, 72, 73, 74, 75, 76, 77, 78, 79, 80, 81, 82, 83, 84, 85, 86, 87, 88, 89, 90, 91, 92, 93, 94, 95, 96, 97, 98, 99, 100, 101, 102, 103, 104, 105, 106, 107, 108, 109, 110, 111, 112, 113, 114, 115, 116, 117, 118, 119, 120, 121, 122, 123, 124, 125, 126, 127, 128, 129, 130, 131, 132, 133, 134, 135, 136, 137, 138, 139, 140, 141, 142, 143, 144, 145, 146, 147, 148, 149, 150, 151, 152, 153, 154, 155, 156, 157, 158, 159, 160, 161, 162, 163, 164, 165, 166, 167, 168, 169, 170, 171, 172, 173, 174, 175, 176, 177, 178, 179, 180, 181, 182, 183, 184, 185, 186, 187, 188, 189, 190, 191, 192, 193, 194, 195, 196, 197, 198, 199]
post-shuffle:[33, 146, 79, 19, 23, 131, 12, 187, 174, 32, 86, 123, 109, 171, 42, 170, 179, 31, 36, 10, 180, 9, 121, 27, 57, 157, 96, 163, 160, 41, 43, 18, 169, 154, 119, 159, 15, 17, 63, 28, 76, 183, 4, 168, 80, 104, 161, 156, 37, 35, 11, 40, 14, 192, 134, 38, 94, 102, 113, 105, 111, 67, 87, 83, 91, 188, 89, 116, 52, 101, 167, 198, 139, 46, 61, 164, 54, 175, 71, 191, 196, 92, 49, 181, 140, 144, 125, 199, 177, 45, 73, 130, 186, 51, 136, 70, 69, 149, 98, 1, 29, 64, 132, 21, 82, 118, 153, 147, 78, 143, 90, 39, 152, 60, 3, 137, 133, 148, 50, 107, 66, 20, 184, 13, 197, 84, 182, 22, 95, 93, 44, 176, 103, 62, 122, 8, 100, 150, 127, 72, 77, 48, 129, 165, 128, 85, 194, 75, 47, 25, 142, 106, 172, 74, 117, 162, 158, 88, 59, 141, 193, 112, 56, 135, 173, 108, 55, 189, 2, 138, 190, 6, 5, 185, 81, 26, 151, 58, 68, 114, 178, 0, 155, 110, 99, 7, 124, 24, 53, 97, 166, 120, 115, 126, 30, 65, 16, 195, 145, 34]
=============================================
*****************************************
====================== 1 =======================
Incremental class: Old valid output dimension: 0
Incremental class: New Valid output dimension: 20
/root/miniconda3/envs/apt/lib/python3.10/site-packages/torch/utils/data/dataloader.py:557: UserWarning: This DataLoader will create 4 worker processes in total. Our suggested max number of worker in current system is 3, which is smaller than what this DataLoader is going to create. Please be aware that excessive worker creation might get DataLoader running slow or even freeze, lower the worker number to avoid potential slowness/freeze if necessary.
  warnings.warn(_create_warning_msg(
Overwriting ...
/root/dl_project/Additive-Prompt-Tuning/learners/default.py:239: FutureWarning: You are using `torch.load` with `weights_only=False` (the current default value), which uses the default pickle module implicitly. It is possible to construct malicious pickle data which will execute arbitrary code during unpickling (See https://github.com/pytorch/pytorch/blob/main/SECURITY.md#untrusted-models for more details). In a future release, the default value for `weights_only` will be flipped to `True`. This limits the functions that could be executed during unpickling. Arbitrary objects will no longer be allowed to be loaded via this mode unless they are explicitly allowlisted by the user via `torch.serialization.add_safe_globals`. We recommend you start setting `weights_only=True` for any use case where you don't have full control of the loaded file. Please open an issue on GitHub for any issues related to this experimental feature.
  model_dict = torch.load(filename + 'class.pth')
=> Load Done
Optimizer is reset!
*****************************************
=> Saving class model to: ./checkpoints/CUB200-v3/seed1/models/repeat-1/task-1/
=> Save Done
validation split name: 1 local = False
 * Val Acc 96.680, Total time 3.68
====================== 2 =======================
Incremental class: Old valid output dimension: 20
Incremental class: New Valid output dimension: 40
Overwriting ...
=> Load Done
Optimizer is reset!
*****************************************
Computing Fisher for CLS prompts...
CLS Fisher computed over 0 samples
Hybrid Fusion: CLS (Importance=True), Patches (Alpha=0.45)
=> Saving class model to: ./checkpoints/CUB200-v3/seed1/models/repeat-1/task-2/
=> Save Done
validation split name: 1 local = False
 * Val Acc 94.727, Total time 4.74
validation split name: 2 local = False
 * Val Acc 92.773, Total time 4.45
====================== 3 =======================
Incremental class: Old valid output dimension: 40
Incremental class: New Valid output dimension: 60
Overwriting ...
=> Load Done
Optimizer is reset!
*****************************************
Computing Fisher for CLS prompts...
CLS Fisher computed over 0 samples
Hybrid Fusion: CLS (Importance=True), Patches (Alpha=0.45)
=> Saving class model to: ./checkpoints/CUB200-v3/seed1/models/repeat-1/task-3/
=> Save Done
validation split name: 1 local = False
 * Val Acc 88.281, Total time 4.04
validation split name: 2 local = False
 * Val Acc 88.477, Total time 4.99
validation split name: 3 local = False
 * Val Acc 77.778, Total time 3.12
====================== 4 =======================
Incremental class: Old valid output dimension: 60
Incremental class: New Valid output dimension: 80
Overwriting ...
=> Load Done
Optimizer is reset!
*****************************************
Computing Fisher for CLS prompts...
CLS Fisher computed over 0 samples
Hybrid Fusion: CLS (Importance=True), Patches (Alpha=0.45)
=> Saving class model to: ./checkpoints/CUB200-v3/seed1/models/repeat-1/task-4/
=> Save Done
validation split name: 1 local = False
 * Val Acc 85.156, Total time 2.76
validation split name: 2 local = False
 * Val Acc 82.422, Total time 3.14
validation split name: 3 local = False
 * Val Acc 73.264, Total time 3.49
validation split name: 4 local = False
 * Val Acc 95.833, Total time 3.31
====================== 5 =======================
Incremental class: Old valid output dimension: 80
Incremental class: New Valid output dimension: 100
Overwriting ...
=> Load Done
Optimizer is reset!
*****************************************
Computing Fisher for CLS prompts...
CLS Fisher computed over 0 samples
Hybrid Fusion: CLS (Importance=True), Patches (Alpha=0.45)
=> Saving class model to: ./checkpoints/CUB200-v3/seed1/models/repeat-1/task-5/
=> Save Done
validation split name: 1 local = False
 * Val Acc 81.055, Total time 4.06
validation split name: 2 local = False
 * Val Acc 77.539, Total time 3.56
validation split name: 3 local = False
 * Val Acc 72.569, Total time 3.00
validation split name: 4 local = False
 * Val Acc 94.965, Total time 3.90
validation split name: 5 local = False
 * Val Acc 84.201, Total time 3.09
====================== 6 =======================
Incremental class: Old valid output dimension: 100
Incremental class: New Valid output dimension: 120
Overwriting ...
=> Load Done
Optimizer is reset!
*****************************************
Computing Fisher for CLS prompts...
CLS Fisher computed over 0 samples
Hybrid Fusion: CLS (Importance=True), Patches (Alpha=0.45)
=> Saving class model to: ./checkpoints/CUB200-v3/seed1/models/repeat-1/task-6/
=> Save Done
validation split name: 1 local = False
 * Val Acc 79.883, Total time 3.15
validation split name: 2 local = False
 * Val Acc 75.781, Total time 4.08
validation split name: 3 local = False
 * Val Acc 71.007, Total time 4.67
validation split name: 4 local = False
 * Val Acc 94.618, Total time 5.00
validation split name: 5 local = False
 * Val Acc 80.556, Total time 4.13
validation split name: 6 local = False
 * Val Acc 69.965, Total time 3.89
====================== 7 =======================
Incremental class: Old valid output dimension: 120
Incremental class: New Valid output dimension: 140
Overwriting ...
=> Load Done
Optimizer is reset!
*****************************************
Computing Fisher for CLS prompts...
CLS Fisher computed over 0 samples
Hybrid Fusion: CLS (Importance=True), Patches (Alpha=0.45)
=> Saving class model to: ./checkpoints/CUB200-v3/seed1/models/repeat-1/task-7/
=> Save Done
validation split name: 1 local = False
 * Val Acc 79.297, Total time 3.21
validation split name: 2 local = False
 * Val Acc 74.023, Total time 2.77
validation split name: 3 local = False
 * Val Acc 64.236, Total time 3.81
validation split name: 4 local = False
 * Val Acc 94.271, Total time 3.48
validation split name: 5 local = False
 * Val Acc 80.208, Total time 2.90
validation split name: 6 local = False
 * Val Acc 68.924, Total time 4.03
validation split name: 7 local = False
 * Val Acc 75.868, Total time 3.30
====================== 8 =======================
Incremental class: Old valid output dimension: 140
Incremental class: New Valid output dimension: 160
Overwriting ...
=> Load Done
Optimizer is reset!
*****************************************
Computing Fisher for CLS prompts...
CLS Fisher computed over 0 samples
Hybrid Fusion: CLS (Importance=True), Patches (Alpha=0.45)
=> Saving class model to: ./checkpoints/CUB200-v3/seed1/models/repeat-1/task-8/
=> Save Done
validation split name: 1 local = False
 * Val Acc 79.102, Total time 4.36
validation split name: 2 local = False
 * Val Acc 73.438, Total time 2.40
validation split name: 3 local = False
 * Val Acc 63.542, Total time 4.07
validation split name: 4 local = False
 * Val Acc 93.056, Total time 3.48
validation split name: 5 local = False
 * Val Acc 78.472, Total time 3.35
validation split name: 6 local = False
 * Val Acc 66.146, Total time 3.47
validation split name: 7 local = False
 * Val Acc 73.611, Total time 3.61
validation split name: 8 local = False
 * Val Acc 77.083, Total time 3.23
====================== 9 =======================
Incremental class: Old valid output dimension: 160
Incremental class: New Valid output dimension: 180
Overwriting ...
=> Load Done
Optimizer is reset!
*****************************************
Computing Fisher for CLS prompts...
CLS Fisher computed over 0 samples
Hybrid Fusion: CLS (Importance=True), Patches (Alpha=0.45)
=> Saving class model to: ./checkpoints/CUB200-v3/seed1/models/repeat-1/task-9/
=> Save Done
validation split name: 1 local = False
 * Val Acc 79.102, Total time 3.10
validation split name: 2 local = False
 * Val Acc 70.703, Total time 2.80
validation split name: 3 local = False
 * Val Acc 63.021, Total time 3.33
validation split name: 4 local = False
 * Val Acc 92.014, Total time 3.41
validation split name: 5 local = False
 * Val Acc 78.125, Total time 3.59
validation split name: 6 local = False
 * Val Acc 64.931, Total time 3.13
validation split name: 7 local = False
 * Val Acc 73.264, Total time 4.32
validation split name: 8 local = False
 * Val Acc 76.736, Total time 3.78
validation split name: 9 local = False
 * Val Acc 75.781, Total time 3.77
====================== 10 =======================
Incremental class: Old valid output dimension: 180
Incremental class: New Valid output dimension: 200
Overwriting ...
=> Load Done
Optimizer is reset!
*****************************************
Computing Fisher for CLS prompts...
CLS Fisher computed over 0 samples
Hybrid Fusion: CLS (Importance=True), Patches (Alpha=0.45)
=> Saving class model to: ./checkpoints/CUB200-v3/seed1/models/repeat-1/task-10/
=> Save Done
validation split name: 1 local = False
 * Val Acc 78.125, Total time 4.61
validation split name: 2 local = False
 * Val Acc 69.922, Total time 4.77
validation split name: 3 local = False
 * Val Acc 63.021, Total time 4.82
validation split name: 4 local = False
 * Val Acc 91.146, Total time 3.17
validation split name: 5 local = False
 * Val Acc 75.868, Total time 3.96
validation split name: 6 local = False
 * Val Acc 57.465, Total time 3.25
validation split name: 7 local = False
 * Val Acc 72.049, Total time 3.57
validation split name: 8 local = False
 * Val Acc 73.785, Total time 3.78
validation split name: 9 local = False
 * Val Acc 74.023, Total time 2.75
validation split name: 10 local = False
 * Val Acc 68.945, Total time 3.61
*****************************************
Incremental class: Old valid output dimension: 0
Incremental class: New Valid output dimension: 20
=> Load Done
===global validation====
test task 1, using model 1
validation split name: 1 local = False
 * Val Acc 96.680, Total time 3.49
Incremental class: Old valid output dimension: 20
Incremental class: New Valid output dimension: 40
Hybrid Fusion: CLS (Importance=True), Patches (Alpha=0.45)
=> Load Done
===global validation====
test task 1, using model 2
validation split name: 1 local = False
 * Val Acc 94.727, Total time 3.32
test task 2, using model 2
validation split name: 2 local = False
 * Val Acc 92.773, Total time 2.70
Incremental class: Old valid output dimension: 40
Incremental class: New Valid output dimension: 60
Hybrid Fusion: CLS (Importance=True), Patches (Alpha=0.45)
=> Load Done
===global validation====
test task 1, using model 3
validation split name: 1 local = False
 * Val Acc 88.281, Total time 2.71
test task 2, using model 3
validation split name: 2 local = False
 * Val Acc 88.477, Total time 3.74
test task 3, using model 3
validation split name: 3 local = False
 * Val Acc 77.778, Total time 3.80
Incremental class: Old valid output dimension: 60
Incremental class: New Valid output dimension: 80
Hybrid Fusion: CLS (Importance=True), Patches (Alpha=0.45)
=> Load Done
===global validation====
test task 1, using model 4
validation split name: 1 local = False
 * Val Acc 85.156, Total time 2.92
test task 2, using model 4
validation split name: 2 local = False
 * Val Acc 82.422, Total time 3.32
test task 3, using model 4
validation split name: 3 local = False
 * Val Acc 73.264, Total time 3.47
test task 4, using model 4
validation split name: 4 local = False
 * Val Acc 95.833, Total time 3.27
Incremental class: Old valid output dimension: 80
Incremental class: New Valid output dimension: 100
Hybrid Fusion: CLS (Importance=True), Patches (Alpha=0.45)
=> Load Done
===global validation====
test task 1, using model 5
validation split name: 1 local = False
 * Val Acc 81.055, Total time 2.72
test task 2, using model 5
validation split name: 2 local = False
 * Val Acc 77.539, Total time 2.22
test task 3, using model 5
validation split name: 3 local = False
 * Val Acc 72.569, Total time 2.37
test task 4, using model 5
validation split name: 4 local = False
 * Val Acc 94.965, Total time 2.42
test task 5, using model 5
validation split name: 5 local = False
 * Val Acc 84.201, Total time 2.36
Incremental class: Old valid output dimension: 100
Incremental class: New Valid output dimension: 120
Hybrid Fusion: CLS (Importance=True), Patches (Alpha=0.45)
=> Load Done
===global validation====
test task 1, using model 6
validation split name: 1 local = False
 * Val Acc 79.883, Total time 2.45
test task 2, using model 6
validation split name: 2 local = False
 * Val Acc 75.781, Total time 2.26
test task 3, using model 6
validation split name: 3 local = False
 * Val Acc 71.007, Total time 2.37
test task 4, using model 6
validation split name: 4 local = False
 * Val Acc 94.618, Total time 2.44
test task 5, using model 6
validation split name: 5 local = False
 * Val Acc 80.556, Total time 2.37
test task 6, using model 6
validation split name: 6 local = False
 * Val Acc 69.965, Total time 2.37
Incremental class: Old valid output dimension: 120
Incremental class: New Valid output dimension: 140
Hybrid Fusion: CLS (Importance=True), Patches (Alpha=0.45)
=> Load Done
===global validation====
test task 1, using model 7
validation split name: 1 local = False
 * Val Acc 79.297, Total time 2.49
test task 2, using model 7
validation split name: 2 local = False
 * Val Acc 74.023, Total time 2.38
test task 3, using model 7
validation split name: 3 local = False
 * Val Acc 64.236, Total time 2.61
test task 4, using model 7
validation split name: 4 local = False
 * Val Acc 94.271, Total time 2.42
test task 5, using model 7
validation split name: 5 local = False
 * Val Acc 80.208, Total time 2.29
test task 6, using model 7
validation split name: 6 local = False
 * Val Acc 68.924, Total time 2.45
test task 7, using model 7
validation split name: 7 local = False
 * Val Acc 75.868, Total time 2.42
Incremental class: Old valid output dimension: 140
Incremental class: New Valid output dimension: 160
Hybrid Fusion: CLS (Importance=True), Patches (Alpha=0.45)
=> Load Done
===global validation====
test task 1, using model 8
validation split name: 1 local = False
 * Val Acc 79.102, Total time 2.14
test task 2, using model 8
validation split name: 2 local = False
 * Val Acc 73.438, Total time 2.29
test task 3, using model 8
validation split name: 3 local = False
 * Val Acc 63.542, Total time 2.29
test task 4, using model 8
validation split name: 4 local = False
 * Val Acc 93.056, Total time 2.35
test task 5, using model 8
validation split name: 5 local = False
 * Val Acc 78.472, Total time 2.48
test task 6, using model 8
validation split name: 6 local = False
 * Val Acc 66.146, Total time 2.44
test task 7, using model 8
validation split name: 7 local = False
 * Val Acc 73.611, Total time 2.42
test task 8, using model 8
validation split name: 8 local = False
 * Val Acc 77.083, Total time 2.42
Incremental class: Old valid output dimension: 160
Incremental class: New Valid output dimension: 180
Hybrid Fusion: CLS (Importance=True), Patches (Alpha=0.45)
=> Load Done
===global validation====
test task 1, using model 9
validation split name: 1 local = False
 * Val Acc 79.102, Total time 2.25
test task 2, using model 9
validation split name: 2 local = False
 * Val Acc 70.703, Total time 2.21
test task 3, using model 9
validation split name: 3 local = False
 * Val Acc 63.021, Total time 2.33
test task 4, using model 9
validation split name: 4 local = False
 * Val Acc 92.014, Total time 2.39
test task 5, using model 9
validation split name: 5 local = False
 * Val Acc 78.125, Total time 2.44
test task 6, using model 9
validation split name: 6 local = False
 * Val Acc 64.931, Total time 2.32
test task 7, using model 9
validation split name: 7 local = False
 * Val Acc 73.264, Total time 2.51
test task 8, using model 9
validation split name: 8 local = False
 * Val Acc 76.736, Total time 2.59
test task 9, using model 9
validation split name: 9 local = False
 * Val Acc 75.781, Total time 2.19
Incremental class: Old valid output dimension: 180
Incremental class: New Valid output dimension: 200
Hybrid Fusion: CLS (Importance=True), Patches (Alpha=0.45)
=> Load Done
===global validation====
test task 1, using model 10
validation split name: 1 local = False
 * Val Acc 78.125, Total time 2.23
test task 2, using model 10
validation split name: 2 local = False
 * Val Acc 69.922, Total time 2.22
test task 3, using model 10
validation split name: 3 local = False
 * Val Acc 63.021, Total time 2.60
test task 4, using model 10
validation split name: 4 local = False
 * Val Acc 91.146, Total time 2.39
test task 5, using model 10
validation split name: 5 local = False
 * Val Acc 75.868, Total time 2.34
test task 6, using model 10
validation split name: 6 local = False
 * Val Acc 57.465, Total time 2.30
test task 7, using model 10
validation split name: 7 local = False
 * Val Acc 72.049, Total time 2.46
test task 8, using model 10
validation split name: 8 local = False
 * Val Acc 73.785, Total time 2.44
test task 9, using model 10
validation split name: 9 local = False
 * Val Acc 74.023, Total time 2.15
test task 10, using model 10
validation split name: 10 local = False
 * Val Acc 68.945, Total time 2.10
coda_forgetting= (np.float64(2.4702400089408183), np.float64(0.0))
general_forgetting= (np.float64(10.062210648148145), np.float64(0.0))
acctable, {'1': OrderedDict([('1', 96.6796875), ('2', 94.7265625), ('3', 88.28125), ('4', 85.15625), ('5', 81.0546875), ('6', 79.8828125), ('7', 79.296875), ('8', 79.1015625), ('9', 79.1015625), ('10', 78.125)]), '2': OrderedDict([('2', 92.7734375), ('3', 88.4765625), ('4', 82.421875), ('5', 77.5390625), ('6', 75.78125), ('7', 74.0234375), ('8', 73.4375), ('9', 70.703125), ('10', 69.921875)]), '3': OrderedDict([('3', 77.77777777777777), ('4', 73.26388888888889), ('5', 72.56944444444444), ('6', 71.00694444444444), ('7', 64.23611111111111), ('8', 63.541666666666664), ('9', 63.020833333333336), ('10', 63.020833333333336)]), '4': OrderedDict([('4', 95.83333333333333), ('5', 94.96527777777777), ('6', 94.61805555555556), ('7', 94.27083333333333), ('8', 93.05555555555556), ('9', 92.01388888888889), ('10', 91.14583333333333)]), '5': OrderedDict([('5', 84.20138888888889), ('6', 80.55555555555556), ('7', 80.20833333333333), ('8', 78.47222222222223), ('9', 78.125), ('10', 75.86805555555556)]), '6': OrderedDict([('6', 69.96527777777777), ('7', 68.92361111111111), ('8', 66.14583333333333), ('9', 64.93055555555556), ('10', 57.46527777777778)]), '7': OrderedDict([('7', 75.86805555555556), ('8', 73.61111111111111), ('9', 73.26388888888889), ('10', 72.04861111111111)]), '8': OrderedDict([('8', 77.08333333333333), ('9', 76.73611111111111), ('10', 73.78472222222223)]), '9': OrderedDict([('9', 75.78125), ('10', 74.0234375)]), '10': OrderedDict([('10', 68.9453125)])}
dropmatrix: [[96.6796875, 94.7265625, 88.28125, 85.15625, 81.0546875, 79.8828125, 79.296875, 79.1015625, 79.1015625, 78.125], [92.7734375, 88.4765625, 82.421875, 77.5390625, 75.78125, 74.0234375, 73.4375, 70.703125, 69.921875], [77.77777777777777, 73.26388888888889, 72.56944444444444, 71.00694444444444, 64.23611111111111, 63.541666666666664, 63.020833333333336, 63.020833333333336], [95.83333333333333, 94.96527777777777, 94.61805555555556, 94.27083333333333, 93.05555555555556, 92.01388888888889, 91.14583333333333], [84.20138888888889, 80.55555555555556, 80.20833333333333, 78.47222222222223, 78.125, 75.86805555555556], [69.96527777777777, 68.92361111111111, 66.14583333333333, 64.93055555555556, 57.46527777777778], [75.86805555555556, 73.61111111111111, 73.26388888888889, 72.04861111111111], [77.08333333333333, 76.73611111111111, 73.78472222222223], [75.78125, 74.0234375], [68.9453125]]
global acc [[96.6796875 ]
 [93.75      ]
 [84.84519676]
 [84.16883681]
 [82.06597222]
 [78.63498264]
 [76.68960813]
 [75.55609809]
 [74.85291281]
 [72.43489583]]
pt acc [[[96.6796875 ]
  [94.7265625 ]
  [88.28125   ]
  [85.15625   ]
  [81.0546875 ]
  [79.8828125 ]
  [79.296875  ]
  [79.1015625 ]
  [79.1015625 ]
  [78.125     ]]

 [[ 0.        ]
  [92.7734375 ]
  [88.4765625 ]
  [82.421875  ]
  [77.5390625 ]
  [75.78125   ]
  [74.0234375 ]
  [73.4375    ]
  [70.703125  ]
  [69.921875  ]]

 [[ 0.        ]
  [ 0.        ]
  [77.77777778]
  [73.26388889]
  [72.56944444]
  [71.00694444]
  [64.23611111]
  [63.54166667]
  [63.02083333]
  [63.02083333]]

 [[ 0.        ]
  [ 0.        ]
  [ 0.        ]
  [95.83333333]
  [94.96527778]
  [94.61805556]
  [94.27083333]
  [93.05555556]
  [92.01388889]
  [91.14583333]]

 [[ 0.        ]
  [ 0.        ]
  [ 0.        ]
  [ 0.        ]
  [84.20138889]
  [80.55555556]
  [80.20833333]
  [78.47222222]
  [78.125     ]
  [75.86805556]]

 [[ 0.        ]
  [ 0.        ]
  [ 0.        ]
  [ 0.        ]
  [ 0.        ]
  [69.96527778]
  [68.92361111]
  [66.14583333]
  [64.93055556]
  [57.46527778]]

 [[ 0.        ]
  [ 0.        ]
  [ 0.        ]
  [ 0.        ]
  [ 0.        ]
  [ 0.        ]
  [75.86805556]
  [73.61111111]
  [73.26388889]
  [72.04861111]]

 [[ 0.        ]
  [ 0.        ]
  [ 0.        ]
  [ 0.        ]
  [ 0.        ]
  [ 0.        ]
  [ 0.        ]
  [77.08333333]
  [76.73611111]
  [73.78472222]]

 [[ 0.        ]
  [ 0.        ]
  [ 0.        ]
  [ 0.        ]
  [ 0.        ]
  [ 0.        ]
  [ 0.        ]
  [ 0.        ]
  [75.78125   ]
  [74.0234375 ]]

 [[ 0.        ]
  [ 0.        ]
  [ 0.        ]
  [ 0.        ]
  [ 0.        ]
  [ 0.        ]
  [ 0.        ]
  [ 0.        ]
  [ 0.        ]
  [68.9453125 ]]]
===Summary of experiment repeats: 1 / 1 ===
acc  | mean: 72.43489583333333 std: 0.0
72.43 \pm 0.0
time  | mean: 0.0 std: 0.0
0.0 \pm 0.0
