Namespace(dataset='CIFAR100', first_split_size=10, other_split_size=10, schedule_type='cosine', optimizer='Adam', momentum=0.9, weight_decay=0, model_type='zoo', model_name='vit_pt_imnet', max_task=-1, dataroot='data', workers=4, validation=False, train_aug=True, rand_split=True, gpuid=[0], log_dir='./checkpoints/cifar-100-pa-apt/seed1', learner_type='pa_apt', learner_name='PA_APT_Learner', debug_mode=0, repeat=1, overwrite=0, oracle_flag=False, upper_bound_flag=False, memory=0, temp=2.0, DW=False, prompt_param=['0.01'], seed=1, batch_size=64, lr=0.004, ema_coeff=0.7, schedule=30, config='configs/cifar-100_pa_apt.yaml')
************************************
* STARTING TRIAL 1
************************************
=============================================
Shuffling....seed is 1
pre-shuffle:[0, 1, 2, 3, 4, 5, 6, 7, 8, 9, 10, 11, 12, 13, 14, 15, 16, 17, 18, 19, 20, 21, 22, 23, 24, 25, 26, 27, 28, 29, 30, 31, 32, 33, 34, 35, 36, 37, 38, 39, 40, 41, 42, 43, 44, 45, 46, 47, 48, 49, 50, 51, 52, 53, 54, 55, 56, 57, 58, 59, 60, 61, 62, 63, 64, 65, 66, 67, 68, 69, 70, 71, 72, 73, 74, 75, 76, 77, 78, 79, 80, 81, 82, 83, 84, 85, 86, 87, 88, 89, 90, 91, 92, 93, 94, 95, 96, 97, 98, 99]
post-shuffle:[53, 37, 65, 51, 4, 20, 38, 9, 10, 81, 44, 36, 84, 50, 96, 90, 66, 16, 80, 33, 24, 52, 91, 99, 64, 5, 58, 76, 39, 79, 23, 94, 30, 73, 25, 47, 31, 45, 19, 87, 42, 68, 95, 21, 7, 67, 46, 82, 11, 6, 41, 86, 88, 70, 18, 78, 71, 59, 43, 61, 22, 14, 35, 93, 56, 28, 98, 54, 27, 89, 1, 69, 74, 2, 85, 40, 13, 75, 29, 34, 92, 0, 77, 55, 49, 3, 62, 12, 26, 48, 83, 60, 57, 63, 15, 32, 8, 97, 72, 17]
=============================================
Files already downloaded and verified
*****************************************
====================== 1 =======================
Incremental class: Old valid output dimension: 0
Incremental class: New Valid output dimension: 10
/root/miniconda3/envs/apt/lib/python3.10/site-packages/torch/utils/data/dataloader.py:557: UserWarning: This DataLoader will create 4 worker processes in total. Our suggested max number of worker in current system is 3, which is smaller than what this DataLoader is going to create. Please be aware that excessive worker creation might get DataLoader running slow or even freeze, lower the worker number to avoid potential slowness/freeze if necessary.
  warnings.warn(_create_warning_msg(
Overwriting ...
/root/dl_project/Additive-Prompt-Tuning/learners/default.py:239: FutureWarning: You are using `torch.load` with `weights_only=False` (the current default value), which uses the default pickle module implicitly. It is possible to construct malicious pickle data which will execute arbitrary code during unpickling (See https://github.com/pytorch/pytorch/blob/main/SECURITY.md#untrusted-models for more details). In a future release, the default value for `weights_only` will be flipped to `True`. This limits the functions that could be executed during unpickling. Arbitrary objects will no longer be allowed to be loaded via this mode unless they are explicitly allowlisted by the user via `torch.serialization.add_safe_globals`. We recommend you start setting `weights_only=True` for any use case where you don't have full control of the loaded file. Please open an issue on GitHub for any issues related to this experimental feature.
  model_dict = torch.load(filename + 'class.pth')
Optimizer is reset!
*****************************************
LR: 0.004
Epoch:1/30
 * Loss 0.712 | Train Acc 76.202
LR: 0.004
Epoch:2/30
 * Loss 0.426 | Train Acc 85.717
LR: 0.003994250367686589
Epoch:3/30
 * Loss 0.379 | Train Acc 86.959
LR: 0.003977017999882228
Epoch:4/30
 * Loss 0.356 | Train Acc 87.961
LR: 0.0039483524364762965
Epoch:5/30
 * Loss 0.352 | Train Acc 88.141
LR: 0.003908336085693616
Epoch:6/30
 * Loss 0.317 | Train Acc 89.143
LR: 0.00385708398718595
Epoch:7/30
 * Loss 0.303 | Train Acc 90.064
LR: 0.003794743481314153
Epoch:8/30
 * Loss 0.299 | Train Acc 89.603
LR: 0.003721493785571721
Epoch:9/30
 * Loss 0.285 | Train Acc 90.445
LR: 0.00363754547936745
Epoch:10/30
 * Loss 0.301 | Train Acc 89.904
LR: 0.003543139898648343
Epoch:11/30
 * Loss 0.283 | Train Acc 90.705
LR: 0.003438548442103134
Epoch:12/30
 * Loss 0.276 | Train Acc 91.046
LR: 0.0033240717909409543
Epoch:13/30
 * Loss 0.289 | Train Acc 90.244
LR: 0.003200039044488128
Epoch:14/30
 * Loss 0.272 | Train Acc 90.565
LR: 0.00306680677408812
Epoch:15/30
 * Loss 0.268 | Train Acc 90.905
LR: 0.0029247579980244704
Epoch:16/30
 * Loss 0.275 | Train Acc 91.086
LR: 0.0027743010804136474
Epoch:17/30
 * Loss 0.270 | Train Acc 90.685
LR: 0.0026158685572332855
Epoch:18/30
 * Loss 0.264 | Train Acc 91.246
LR: 0.0024499158928607727
Epoch:19/30
 * Loss 0.259 | Train Acc 91.466
LR: 0.0022769201706968945
Epoch:20/30
 * Loss 0.239 | Train Acc 92.067
LR: 0.0020973787216387683
Epoch:21/30
 * Loss 0.259 | Train Acc 90.986
LR: 0.0019118076943449456
Epoch:22/30
 * Loss 0.264 | Train Acc 91.306
LR: 0.0017207405714029067
Epoch:23/30
 * Loss 0.258 | Train Acc 91.426
LR: 0.0015247266356647002
Epoch:24/30
 * Loss 0.240 | Train Acc 92.127
LR: 0.0013243293911597263
Epoch:25/30
 * Loss 0.245 | Train Acc 91.887
LR: 0.0011201249431242457
Epoch:26/30
 * Loss 0.244 | Train Acc 91.567
LR: 0.0009127003418047438
Epoch:27/30
 * Loss 0.247 | Train Acc 91.867
LR: 0.0007026518947963905
Epoch:28/30
 * Loss 0.224 | Train Acc 92.348
LR: 0.0004905834527683376
Epoch:29/30
 * Loss 0.243 | Train Acc 91.747
LR: 0.0002771046735040541
Epoch:30/30
 * Loss 0.230 | Train Acc 92.248
=> Saving class model to: ./checkpoints/cifar-100-pa-apt/seed1/models/repeat-1/task-1/
=> Save Done
validation split name: 1 local = False
 * Val Acc 98.958, Total time 3.08
====================== 2 =======================
Incremental class: Old valid output dimension: 10
Incremental class: New Valid output dimension: 20
Overwriting ...
Optimizer is reset!
*****************************************
LR: 0.004
Epoch:1/30
 * Loss 0.577 | Train Acc 80.429
LR: 0.004
Epoch:2/30
 * Loss 0.438 | Train Acc 85.958
LR: 0.003994250367686589
Epoch:3/30
 * Loss 0.400 | Train Acc 86.418
LR: 0.003977017999882228
Epoch:4/30
 * Loss 0.395 | Train Acc 86.558
LR: 0.0039483524364762965
Epoch:5/30
 * Loss 0.381 | Train Acc 86.759
LR: 0.003908336085693616
Epoch:6/30
 * Loss 0.394 | Train Acc 87.159
LR: 0.00385708398718595
Epoch:7/30
 * Loss 0.386 | Train Acc 87.520
LR: 0.003794743481314153
Epoch:8/30
 * Loss 0.385 | Train Acc 87.300
LR: 0.003721493785571721
Epoch:9/30
 * Loss 0.364 | Train Acc 87.780
LR: 0.00363754547936745
Epoch:10/30
 * Loss 0.369 | Train Acc 87.280
LR: 0.003543139898648343
Epoch:11/30
 * Loss 0.351 | Train Acc 88.522
LR: 0.003438548442103134
Epoch:12/30
 * Loss 0.349 | Train Acc 88.121
LR: 0.0033240717909409543
Epoch:13/30
 * Loss 0.350 | Train Acc 88.101
LR: 0.003200039044488128
Epoch:14/30
 * Loss 0.315 | Train Acc 89.062
LR: 0.00306680677408812
Epoch:15/30
 * Loss 0.351 | Train Acc 87.961
LR: 0.0029247579980244704
Epoch:16/30
 * Loss 0.345 | Train Acc 88.502
LR: 0.0027743010804136474
Epoch:17/30
 * Loss 0.354 | Train Acc 88.201
LR: 0.0026158685572332855
Epoch:18/30
 * Loss 0.324 | Train Acc 88.542
LR: 0.0024499158928607727
Epoch:19/30
 * Loss 0.315 | Train Acc 89.603
LR: 0.0022769201706968945
Epoch:20/30
 * Loss 0.328 | Train Acc 88.722
LR: 0.0020973787216387683
Epoch:21/30
 * Loss 0.332 | Train Acc 88.462
LR: 0.0019118076943449456
Epoch:22/30
 * Loss 0.315 | Train Acc 89.563
LR: 0.0017207405714029067
Epoch:23/30
 * Loss 0.306 | Train Acc 89.503
LR: 0.0015247266356647002
Epoch:24/30
 * Loss 0.335 | Train Acc 88.421
LR: 0.0013243293911597263
Epoch:25/30
 * Loss 0.321 | Train Acc 90.024
LR: 0.0011201249431242457
Epoch:26/30
 * Loss 0.326 | Train Acc 88.782
LR: 0.0009127003418047438
Epoch:27/30
 * Loss 0.315 | Train Acc 89.303
LR: 0.0007026518947963905
Epoch:28/30
 * Loss 0.309 | Train Acc 89.463
LR: 0.0004905834527683376
Epoch:29/30
 * Loss 0.298 | Train Acc 89.964
LR: 0.0002771046735040541
Epoch:30/30
 * Loss 0.326 | Train Acc 89.303
Merging prompt ... 
=> Saving class model to: ./checkpoints/cifar-100-pa-apt/seed1/models/repeat-1/task-2/
=> Save Done
validation split name: 1 local = False
 * Val Acc 97.604, Total time 3.15
validation split name: 2 local = False
 * Val Acc 93.021, Total time 3.18
====================== 3 =======================
Incremental class: Old valid output dimension: 20
Incremental class: New Valid output dimension: 30
Overwriting ...
Optimizer is reset!
*****************************************
LR: 0.004
Epoch:1/30
 * Loss 0.344 | Train Acc 89.483
LR: 0.004
Epoch:2/30
 * Loss 0.218 | Train Acc 93.049
LR: 0.003994250367686589
Epoch:3/30
 * Loss 0.227 | Train Acc 92.788
LR: 0.003977017999882228
Epoch:4/30
 * Loss 0.220 | Train Acc 92.969
LR: 0.0039483524364762965
Epoch:5/30
 * Loss 0.189 | Train Acc 94.211
LR: 0.003908336085693616
Epoch:6/30
 * Loss 0.201 | Train Acc 93.530
LR: 0.00385708398718595
Epoch:7/30
 * Loss 0.197 | Train Acc 93.710
LR: 0.003794743481314153
Epoch:8/30
 * Loss 0.204 | Train Acc 93.450
LR: 0.003721493785571721
Epoch:9/30
 * Loss 0.207 | Train Acc 93.429
LR: 0.00363754547936745
Epoch:10/30
 * Loss 0.198 | Train Acc 93.730
LR: 0.003543139898648343
Epoch:11/30
 * Loss 0.189 | Train Acc 93.650
LR: 0.003438548442103134
Epoch:12/30
 * Loss 0.189 | Train Acc 93.870
LR: 0.0033240717909409543
Epoch:13/30
 * Loss 0.173 | Train Acc 94.030
LR: 0.003200039044488128
Epoch:14/30
 * Loss 0.193 | Train Acc 93.930
LR: 0.00306680677408812
Epoch:15/30
 * Loss 0.189 | Train Acc 93.630
LR: 0.0029247579980244704
Epoch:16/30
 * Loss 0.174 | Train Acc 94.451
LR: 0.0027743010804136474
Epoch:17/30
 * Loss 0.172 | Train Acc 94.651
LR: 0.0026158685572332855
Epoch:18/30
 * Loss 0.186 | Train Acc 94.231
LR: 0.0024499158928607727
Epoch:19/30
 * Loss 0.183 | Train Acc 94.030
LR: 0.0022769201706968945
Epoch:20/30
 * Loss 0.181 | Train Acc 94.371
LR: 0.0020973787216387683
Epoch:21/30
 * Loss 0.175 | Train Acc 94.611
LR: 0.0019118076943449456
Epoch:22/30
 * Loss 0.161 | Train Acc 94.812
LR: 0.0017207405714029067
Epoch:23/30
 * Loss 0.169 | Train Acc 94.571
LR: 0.0015247266356647002
Epoch:24/30
 * Loss 0.161 | Train Acc 94.832
LR: 0.0013243293911597263
Epoch:25/30
 * Loss 0.180 | Train Acc 94.551
LR: 0.0011201249431242457
Epoch:26/30
 * Loss 0.172 | Train Acc 94.331
LR: 0.0009127003418047438
Epoch:27/30
 * Loss 0.168 | Train Acc 94.671
LR: 0.0007026518947963905
Epoch:28/30
 * Loss 0.171 | Train Acc 94.651
LR: 0.0004905834527683376
Epoch:29/30
 * Loss 0.151 | Train Acc 95.192
LR: 0.0002771046735040541
Epoch:30/30
 * Loss 0.159 | Train Acc 94.371
Merging prompt ... 
=> Saving class model to: ./checkpoints/cifar-100-pa-apt/seed1/models/repeat-1/task-3/
=> Save Done
validation split name: 1 local = False
 * Val Acc 97.188, Total time 3.29
validation split name: 2 local = False
 * Val Acc 91.146, Total time 3.12
validation split name: 3 local = False
 * Val Acc 96.667, Total time 3.15
====================== 4 =======================
Incremental class: Old valid output dimension: 30
Incremental class: New Valid output dimension: 40
Overwriting ...
Optimizer is reset!
*****************************************
LR: 0.004
Epoch:1/30
 * Loss 0.465 | Train Acc 84.315
LR: 0.004
Epoch:2/30
 * Loss 0.330 | Train Acc 89.143
LR: 0.003994250367686589
Epoch:3/30
 * Loss 0.292 | Train Acc 90.084
LR: 0.003977017999882228
Epoch:4/30
 * Loss 0.285 | Train Acc 90.585
LR: 0.0039483524364762965
Epoch:5/30
 * Loss 0.278 | Train Acc 90.605
LR: 0.003908336085693616
Epoch:6/30
 * Loss 0.289 | Train Acc 90.545
LR: 0.00385708398718595
Epoch:7/30
 * Loss 0.280 | Train Acc 90.365
LR: 0.003794743481314153
Epoch:8/30
 * Loss 0.261 | Train Acc 91.186
LR: 0.003721493785571721
Epoch:9/30
 * Loss 0.273 | Train Acc 90.765
LR: 0.00363754547936745
Epoch:10/30
 * Loss 0.271 | Train Acc 90.865
LR: 0.003543139898648343
Epoch:11/30
 * Loss 0.273 | Train Acc 90.885
LR: 0.003438548442103134
Epoch:12/30
 * Loss 0.248 | Train Acc 91.787
LR: 0.0033240717909409543
Epoch:13/30
 * Loss 0.233 | Train Acc 92.368
LR: 0.003200039044488128
Epoch:14/30
 * Loss 0.246 | Train Acc 91.406
LR: 0.00306680677408812
Epoch:15/30
 * Loss 0.254 | Train Acc 91.066
LR: 0.0029247579980244704
Epoch:16/30
 * Loss 0.251 | Train Acc 91.506
LR: 0.0027743010804136474
Epoch:17/30
 * Loss 0.225 | Train Acc 92.348
LR: 0.0026158685572332855
Epoch:18/30
 * Loss 0.233 | Train Acc 92.428
LR: 0.0024499158928607727
Epoch:19/30
 * Loss 0.240 | Train Acc 92.067
LR: 0.0022769201706968945
Epoch:20/30
 * Loss 0.246 | Train Acc 91.647
LR: 0.0020973787216387683
Epoch:21/30
 * Loss 0.224 | Train Acc 92.628
LR: 0.0019118076943449456
Epoch:22/30
 * Loss 0.225 | Train Acc 92.348
LR: 0.0017207405714029067
Epoch:23/30
 * Loss 0.252 | Train Acc 91.446
LR: 0.0015247266356647002
Epoch:24/30
 * Loss 0.231 | Train Acc 92.488
LR: 0.0013243293911597263
Epoch:25/30
 * Loss 0.236 | Train Acc 91.807
LR: 0.0011201249431242457
Epoch:26/30
 * Loss 0.230 | Train Acc 92.107
LR: 0.0009127003418047438
Epoch:27/30
 * Loss 0.222 | Train Acc 92.548
LR: 0.0007026518947963905
Epoch:28/30
 * Loss 0.206 | Train Acc 92.929
LR: 0.0004905834527683376
Epoch:29/30
 * Loss 0.197 | Train Acc 93.249
LR: 0.0002771046735040541
Epoch:30/30
 * Loss 0.203 | Train Acc 93.169
Merging prompt ... 
=> Saving class model to: ./checkpoints/cifar-100-pa-apt/seed1/models/repeat-1/task-4/
=> Save Done
validation split name: 1 local = False
 * Val Acc 96.979, Total time 3.21
validation split name: 2 local = False
 * Val Acc 89.688, Total time 3.16
validation split name: 3 local = False
 * Val Acc 92.917, Total time 3.14
validation split name: 4 local = False
 * Val Acc 90.208, Total time 3.05
====================== 5 =======================
Incremental class: Old valid output dimension: 40
Incremental class: New Valid output dimension: 50
Overwriting ...
Optimizer is reset!
*****************************************
LR: 0.004
Epoch:1/30
 * Loss 0.439 | Train Acc 84.595
LR: 0.004
Epoch:2/30
 * Loss 0.320 | Train Acc 88.942
LR: 0.003994250367686589
Epoch:3/30
 * Loss 0.286 | Train Acc 90.064
LR: 0.003977017999882228
Epoch:4/30
 * Loss 0.274 | Train Acc 90.725
LR: 0.0039483524364762965
Epoch:5/30
 * Loss 0.280 | Train Acc 90.264
LR: 0.003908336085693616
Epoch:6/30
 * Loss 0.269 | Train Acc 90.625
LR: 0.00385708398718595
Epoch:7/30
 * Loss 0.287 | Train Acc 90.144
LR: 0.003794743481314153
Epoch:8/30
 * Loss 0.256 | Train Acc 91.306
LR: 0.003721493785571721
Epoch:9/30
 * Loss 0.264 | Train Acc 90.865
LR: 0.00363754547936745
Epoch:10/30
 * Loss 0.261 | Train Acc 90.966
LR: 0.003543139898648343
Epoch:11/30
 * Loss 0.247 | Train Acc 91.887
LR: 0.003438548442103134
Epoch:12/30
 * Loss 0.273 | Train Acc 90.665
LR: 0.0033240717909409543
Epoch:13/30
 * Loss 0.248 | Train Acc 91.246
LR: 0.003200039044488128
Epoch:14/30
 * Loss 0.230 | Train Acc 92.188
LR: 0.00306680677408812
Epoch:15/30
 * Loss 0.221 | Train Acc 92.788
LR: 0.0029247579980244704
Epoch:16/30
 * Loss 0.231 | Train Acc 92.348
LR: 0.0027743010804136474
Epoch:17/30
 * Loss 0.243 | Train Acc 91.767
LR: 0.0026158685572332855
Epoch:18/30
 * Loss 0.228 | Train Acc 92.308
LR: 0.0024499158928607727
Epoch:19/30
 * Loss 0.231 | Train Acc 91.907
LR: 0.0022769201706968945
Epoch:20/30
 * Loss 0.229 | Train Acc 92.228
LR: 0.0020973787216387683
Epoch:21/30
 * Loss 0.236 | Train Acc 91.867
LR: 0.0019118076943449456
Epoch:22/30
 * Loss 0.221 | Train Acc 92.728
LR: 0.0017207405714029067
Epoch:23/30
 * Loss 0.219 | Train Acc 92.528
LR: 0.0015247266356647002
Epoch:24/30
 * Loss 0.230 | Train Acc 92.047
LR: 0.0013243293911597263
Epoch:25/30
 * Loss 0.208 | Train Acc 93.129
LR: 0.0011201249431242457
Epoch:26/30
 * Loss 0.233 | Train Acc 91.787
LR: 0.0009127003418047438
Epoch:27/30
 * Loss 0.224 | Train Acc 92.388
LR: 0.0007026518947963905
Epoch:28/30
 * Loss 0.232 | Train Acc 91.967
LR: 0.0004905834527683376
Epoch:29/30
 * Loss 0.208 | Train Acc 92.829
LR: 0.0002771046735040541
Epoch:30/30
 * Loss 0.205 | Train Acc 92.969
Merging prompt ... 
=> Saving class model to: ./checkpoints/cifar-100-pa-apt/seed1/models/repeat-1/task-5/
=> Save Done
validation split name: 1 local = False
 * Val Acc 96.771, Total time 3.10
validation split name: 2 local = False
 * Val Acc 88.646, Total time 3.04
validation split name: 3 local = False
 * Val Acc 92.396, Total time 3.07
validation split name: 4 local = False
 * Val Acc 89.688, Total time 3.08
validation split name: 5 local = False
 * Val Acc 95.208, Total time 3.19
====================== 6 =======================
Incremental class: Old valid output dimension: 50
Incremental class: New Valid output dimension: 60
Overwriting ...
Optimizer is reset!
*****************************************
LR: 0.004
Epoch:1/30
 * Loss 0.321 | Train Acc 89.964
LR: 0.004
Epoch:2/30
 * Loss 0.215 | Train Acc 93.450
LR: 0.003994250367686589
Epoch:3/30
 * Loss 0.194 | Train Acc 93.830
LR: 0.003977017999882228
Epoch:4/30
 * Loss 0.190 | Train Acc 93.970
LR: 0.0039483524364762965
Epoch:5/30
 * Loss 0.188 | Train Acc 93.890
LR: 0.003908336085693616
Epoch:6/30
 * Loss 0.160 | Train Acc 94.792
LR: 0.00385708398718595
Epoch:7/30
 * Loss 0.163 | Train Acc 94.752
LR: 0.003794743481314153
Epoch:8/30
 * Loss 0.168 | Train Acc 94.611
LR: 0.003721493785571721
Epoch:9/30
 * Loss 0.163 | Train Acc 95.212
LR: 0.00363754547936745
Epoch:10/30
 * Loss 0.165 | Train Acc 94.431
LR: 0.003543139898648343
Epoch:11/30
 * Loss 0.168 | Train Acc 94.491
LR: 0.003438548442103134
Epoch:12/30
 * Loss 0.163 | Train Acc 94.892
LR: 0.0033240717909409543
Epoch:13/30
 * Loss 0.164 | Train Acc 94.952
LR: 0.003200039044488128
Epoch:14/30
 * Loss 0.157 | Train Acc 94.972
LR: 0.00306680677408812
Epoch:15/30
 * Loss 0.148 | Train Acc 95.373
LR: 0.0029247579980244704
Epoch:16/30
 * Loss 0.155 | Train Acc 95.152
LR: 0.0027743010804136474
Epoch:17/30
 * Loss 0.159 | Train Acc 94.712
LR: 0.0026158685572332855
Epoch:18/30
 * Loss 0.162 | Train Acc 95.052
LR: 0.0024499158928607727
Epoch:19/30
 * Loss 0.161 | Train Acc 94.732
LR: 0.0022769201706968945
Epoch:20/30
 * Loss 0.155 | Train Acc 95.152
LR: 0.0020973787216387683
Epoch:21/30
 * Loss 0.156 | Train Acc 95.172
LR: 0.0019118076943449456
Epoch:22/30
 * Loss 0.156 | Train Acc 94.812
LR: 0.0017207405714029067
Epoch:23/30
 * Loss 0.143 | Train Acc 95.393
LR: 0.0015247266356647002
Epoch:24/30
 * Loss 0.149 | Train Acc 95.072
LR: 0.0013243293911597263
Epoch:25/30
 * Loss 0.147 | Train Acc 95.413
LR: 0.0011201249431242457
Epoch:26/30
 * Loss 0.131 | Train Acc 95.853
LR: 0.0009127003418047438
Epoch:27/30
 * Loss 0.133 | Train Acc 95.633
LR: 0.0007026518947963905
Epoch:28/30
 * Loss 0.147 | Train Acc 95.272
LR: 0.0004905834527683376
Epoch:29/30
 * Loss 0.141 | Train Acc 95.493
LR: 0.0002771046735040541
Epoch:30/30
 * Loss 0.142 | Train Acc 95.473
Merging prompt ... 
=> Saving class model to: ./checkpoints/cifar-100-pa-apt/seed1/models/repeat-1/task-6/
=> Save Done
validation split name: 1 local = False
 * Val Acc 95.417, Total time 3.10
validation split name: 2 local = False
 * Val Acc 87.708, Total time 3.13
validation split name: 3 local = False
 * Val Acc 91.979, Total time 3.05
validation split name: 4 local = False
 * Val Acc 87.708, Total time 3.07
validation split name: 5 local = False
 * Val Acc 94.792, Total time 3.15
validation split name: 6 local = False
 * Val Acc 90.833, Total time 3.10
====================== 7 =======================
Incremental class: Old valid output dimension: 60
Incremental class: New Valid output dimension: 70
Overwriting ...
Optimizer is reset!
*****************************************
LR: 0.004
Epoch:1/30
 * Loss 0.422 | Train Acc 85.917
LR: 0.004
Epoch:2/30
 * Loss 0.308 | Train Acc 89.383
LR: 0.003994250367686589
Epoch:3/30
 * Loss 0.284 | Train Acc 90.425
LR: 0.003977017999882228
Epoch:4/30
 * Loss 0.279 | Train Acc 90.425
LR: 0.0039483524364762965
Epoch:5/30
 * Loss 0.278 | Train Acc 90.244
LR: 0.003908336085693616
Epoch:6/30
 * Loss 0.277 | Train Acc 90.705
LR: 0.00385708398718595
Epoch:7/30
 * Loss 0.261 | Train Acc 91.106
LR: 0.003794743481314153
Epoch:8/30
 * Loss 0.259 | Train Acc 91.126
LR: 0.003721493785571721
Epoch:9/30
 * Loss 0.277 | Train Acc 90.565
LR: 0.00363754547936745
Epoch:10/30
 * Loss 0.252 | Train Acc 91.066
LR: 0.003543139898648343
Epoch:11/30
 * Loss 0.256 | Train Acc 91.246
LR: 0.003438548442103134
Epoch:12/30
 * Loss 0.257 | Train Acc 91.226
LR: 0.0033240717909409543
Epoch:13/30
 * Loss 0.245 | Train Acc 91.426
LR: 0.003200039044488128
Epoch:14/30
 * Loss 0.250 | Train Acc 91.306
LR: 0.00306680677408812
Epoch:15/30
 * Loss 0.247 | Train Acc 91.967
LR: 0.0029247579980244704
Epoch:16/30
 * Loss 0.237 | Train Acc 92.047
LR: 0.0027743010804136474
Epoch:17/30
 * Loss 0.254 | Train Acc 91.246
LR: 0.0026158685572332855
Epoch:18/30
 * Loss 0.232 | Train Acc 91.927
LR: 0.0024499158928607727
Epoch:19/30
 * Loss 0.228 | Train Acc 92.047
LR: 0.0022769201706968945
Epoch:20/30
 * Loss 0.231 | Train Acc 92.127
LR: 0.0020973787216387683
Epoch:21/30
 * Loss 0.231 | Train Acc 92.568
LR: 0.0019118076943449456
Epoch:22/30
 * Loss 0.224 | Train Acc 92.188
LR: 0.0017207405714029067
Epoch:23/30
 * Loss 0.212 | Train Acc 92.368
LR: 0.0015247266356647002
Epoch:24/30
 * Loss 0.224 | Train Acc 92.208
LR: 0.0013243293911597263
Epoch:25/30
 * Loss 0.216 | Train Acc 92.408
LR: 0.0011201249431242457
Epoch:26/30
 * Loss 0.227 | Train Acc 92.067
LR: 0.0009127003418047438
Epoch:27/30
 * Loss 0.211 | Train Acc 92.829
LR: 0.0007026518947963905
Epoch:28/30
 * Loss 0.222 | Train Acc 92.147
LR: 0.0004905834527683376
Epoch:29/30
 * Loss 0.223 | Train Acc 92.568
LR: 0.0002771046735040541
Epoch:30/30
 * Loss 0.223 | Train Acc 92.428
Merging prompt ... 
=> Saving class model to: ./checkpoints/cifar-100-pa-apt/seed1/models/repeat-1/task-7/
=> Save Done
validation split name: 1 local = False
 * Val Acc 94.062, Total time 3.09
validation split name: 2 local = False
 * Val Acc 85.938, Total time 3.24
validation split name: 3 local = False
 * Val Acc 91.667, Total time 3.26
validation split name: 4 local = False
 * Val Acc 86.771, Total time 3.08
validation split name: 5 local = False
 * Val Acc 93.958, Total time 3.15
validation split name: 6 local = False
 * Val Acc 91.354, Total time 3.07
validation split name: 7 local = False
 * Val Acc 88.646, Total time 3.17
====================== 8 =======================
Incremental class: Old valid output dimension: 70
Incremental class: New Valid output dimension: 80
Overwriting ...
Optimizer is reset!
*****************************************
LR: 0.004
Epoch:1/30
 * Loss 0.422 | Train Acc 86.378
LR: 0.004
Epoch:2/30
 * Loss 0.291 | Train Acc 90.705
LR: 0.003994250367686589
Epoch:3/30
 * Loss 0.279 | Train Acc 91.086
LR: 0.003977017999882228
Epoch:4/30
 * Loss 0.286 | Train Acc 90.685
LR: 0.0039483524364762965
Epoch:5/30
 * Loss 0.267 | Train Acc 91.366
LR: 0.003908336085693616
Epoch:6/30
 * Loss 0.265 | Train Acc 91.266
LR: 0.00385708398718595
Epoch:7/30
 * Loss 0.255 | Train Acc 91.927
LR: 0.003794743481314153
Epoch:8/30
 * Loss 0.268 | Train Acc 91.306
LR: 0.003721493785571721
Epoch:9/30
 * Loss 0.262 | Train Acc 91.546
LR: 0.00363754547936745
Epoch:10/30
 * Loss 0.249 | Train Acc 92.208
LR: 0.003543139898648343
Epoch:11/30
 * Loss 0.243 | Train Acc 92.087
LR: 0.003438548442103134
Epoch:12/30
 * Loss 0.241 | Train Acc 92.248
LR: 0.0033240717909409543
Epoch:13/30
 * Loss 0.237 | Train Acc 92.188
LR: 0.003200039044488128
Epoch:14/30
 * Loss 0.248 | Train Acc 91.947
LR: 0.00306680677408812
Epoch:15/30
 * Loss 0.236 | Train Acc 92.228
LR: 0.0029247579980244704
Epoch:16/30
 * Loss 0.236 | Train Acc 92.708
LR: 0.0027743010804136474
Epoch:17/30
 * Loss 0.226 | Train Acc 92.628
LR: 0.0026158685572332855
Epoch:18/30
 * Loss 0.225 | Train Acc 92.268
LR: 0.0024499158928607727
Epoch:19/30
 * Loss 0.229 | Train Acc 92.588
LR: 0.0022769201706968945
Epoch:20/30
 * Loss 0.224 | Train Acc 92.668
LR: 0.0020973787216387683
Epoch:21/30
 * Loss 0.226 | Train Acc 92.568
LR: 0.0019118076943449456
Epoch:22/30
 * Loss 0.236 | Train Acc 92.248
LR: 0.0017207405714029067
Epoch:23/30
 * Loss 0.227 | Train Acc 92.748
LR: 0.0015247266356647002
Epoch:24/30
 * Loss 0.206 | Train Acc 93.149
LR: 0.0013243293911597263
Epoch:25/30
 * Loss 0.210 | Train Acc 93.069
LR: 0.0011201249431242457
Epoch:26/30
 * Loss 0.209 | Train Acc 93.089
LR: 0.0009127003418047438
Epoch:27/30
 * Loss 0.223 | Train Acc 93.189
LR: 0.0007026518947963905
Epoch:28/30
 * Loss 0.217 | Train Acc 92.708
LR: 0.0004905834527683376
Epoch:29/30
 * Loss 0.205 | Train Acc 93.109
LR: 0.0002771046735040541
Epoch:30/30
 * Loss 0.216 | Train Acc 93.189
Merging prompt ... 
=> Saving class model to: ./checkpoints/cifar-100-pa-apt/seed1/models/repeat-1/task-8/
=> Save Done
validation split name: 1 local = False
 * Val Acc 92.396, Total time 3.07
validation split name: 2 local = False
 * Val Acc 84.792, Total time 3.16
validation split name: 3 local = False
 * Val Acc 91.354, Total time 3.06
validation split name: 4 local = False
 * Val Acc 85.729, Total time 3.07
validation split name: 5 local = False
 * Val Acc 91.771, Total time 3.07
validation split name: 6 local = False
 * Val Acc 90.625, Total time 3.07
validation split name: 7 local = False
 * Val Acc 88.021, Total time 3.18
validation split name: 8 local = False
 * Val Acc 93.021, Total time 3.05
====================== 9 =======================
Incremental class: Old valid output dimension: 80
Incremental class: New Valid output dimension: 90
Overwriting ...
Optimizer is reset!
*****************************************
LR: 0.004
Epoch:1/30
 * Loss 0.396 | Train Acc 86.518
LR: 0.004
Epoch:2/30
 * Loss 0.290 | Train Acc 89.964
LR: 0.003994250367686589
Epoch:3/30
 * Loss 0.267 | Train Acc 90.785
LR: 0.003977017999882228
Epoch:4/30
 * Loss 0.256 | Train Acc 91.206
LR: 0.0039483524364762965
Epoch:5/30
 * Loss 0.268 | Train Acc 90.966
LR: 0.003908336085693616
Epoch:6/30
 * Loss 0.235 | Train Acc 92.107
LR: 0.00385708398718595
Epoch:7/30
 * Loss 0.262 | Train Acc 91.086
LR: 0.003794743481314153
Epoch:8/30
 * Loss 0.222 | Train Acc 92.147
LR: 0.003721493785571721
Epoch:9/30
 * Loss 0.244 | Train Acc 91.166
LR: 0.00363754547936745
Epoch:10/30
 * Loss 0.232 | Train Acc 91.967
LR: 0.003543139898648343
Epoch:11/30
 * Loss 0.215 | Train Acc 92.708
LR: 0.003438548442103134
Epoch:12/30
 * Loss 0.222 | Train Acc 92.328
LR: 0.0033240717909409543
Epoch:13/30
 * Loss 0.224 | Train Acc 92.408
LR: 0.003200039044488128
Epoch:14/30
 * Loss 0.233 | Train Acc 91.707
LR: 0.00306680677408812
Epoch:15/30
 * Loss 0.227 | Train Acc 92.308
LR: 0.0029247579980244704
Epoch:16/30
 * Loss 0.233 | Train Acc 91.987
LR: 0.0027743010804136474
Epoch:17/30
 * Loss 0.226 | Train Acc 92.288
LR: 0.0026158685572332855
Epoch:18/30
 * Loss 0.226 | Train Acc 92.368
LR: 0.0024499158928607727
Epoch:19/30
 * Loss 0.234 | Train Acc 92.107
LR: 0.0022769201706968945
Epoch:20/30
 * Loss 0.222 | Train Acc 92.208
LR: 0.0020973787216387683
Epoch:21/30
 * Loss 0.215 | Train Acc 92.568
LR: 0.0019118076943449456
Epoch:22/30
 * Loss 0.214 | Train Acc 92.588
LR: 0.0017207405714029067
Epoch:23/30
 * Loss 0.216 | Train Acc 92.468
LR: 0.0015247266356647002
Epoch:24/30
 * Loss 0.199 | Train Acc 93.289
LR: 0.0013243293911597263
Epoch:25/30
 * Loss 0.211 | Train Acc 92.308
LR: 0.0011201249431242457
Epoch:26/30
 * Loss 0.198 | Train Acc 93.189
LR: 0.0009127003418047438
Epoch:27/30
 * Loss 0.221 | Train Acc 92.568
LR: 0.0007026518947963905
Epoch:28/30
 * Loss 0.213 | Train Acc 92.608
LR: 0.0004905834527683376
Epoch:29/30
 * Loss 0.201 | Train Acc 93.089
LR: 0.0002771046735040541
Epoch:30/30
 * Loss 0.194 | Train Acc 93.169
Merging prompt ... 
=> Saving class model to: ./checkpoints/cifar-100-pa-apt/seed1/models/repeat-1/task-9/
=> Save Done
validation split name: 1 local = False
 * Val Acc 91.354, Total time 3.20
validation split name: 2 local = False
 * Val Acc 82.812, Total time 3.05
validation split name: 3 local = False
 * Val Acc 90.729, Total time 3.14
validation split name: 4 local = False
 * Val Acc 85.625, Total time 3.16
validation split name: 5 local = False
 * Val Acc 90.938, Total time 3.08
validation split name: 6 local = False
 * Val Acc 90.625, Total time 3.07
validation split name: 7 local = False
 * Val Acc 88.021, Total time 3.05
validation split name: 8 local = False
 * Val Acc 93.438, Total time 3.13
validation split name: 9 local = False
 * Val Acc 92.396, Total time 3.13
====================== 10 =======================
Incremental class: Old valid output dimension: 90
Incremental class: New Valid output dimension: 100
Overwriting ...
Optimizer is reset!
*****************************************
LR: 0.004
Epoch:1/30
 * Loss 0.415 | Train Acc 86.178
LR: 0.004
Epoch:2/30
 * Loss 0.302 | Train Acc 90.064
LR: 0.003994250367686589
Epoch:3/30
 * Loss 0.273 | Train Acc 90.685
LR: 0.003977017999882228
Epoch:4/30
 * Loss 0.276 | Train Acc 90.565
LR: 0.0039483524364762965
Epoch:5/30
 * Loss 0.285 | Train Acc 90.485
LR: 0.003908336085693616
Epoch:6/30
 * Loss 0.277 | Train Acc 90.966
LR: 0.00385708398718595
Epoch:7/30
 * Loss 0.254 | Train Acc 91.587
LR: 0.003794743481314153
Epoch:8/30
 * Loss 0.264 | Train Acc 91.046
LR: 0.003721493785571721
Epoch:9/30
 * Loss 0.251 | Train Acc 91.667
LR: 0.00363754547936745
Epoch:10/30
 * Loss 0.254 | Train Acc 91.366
LR: 0.003543139898648343
Epoch:11/30
 * Loss 0.241 | Train Acc 91.907
LR: 0.003438548442103134
Epoch:12/30
 * Loss 0.228 | Train Acc 92.668
LR: 0.0033240717909409543
Epoch:13/30
 * Loss 0.240 | Train Acc 92.087
LR: 0.003200039044488128
Epoch:14/30
 * Loss 0.231 | Train Acc 92.328
LR: 0.00306680677408812
Epoch:15/30
 * Loss 0.228 | Train Acc 92.368
LR: 0.0029247579980244704
Epoch:16/30
 * Loss 0.232 | Train Acc 92.568
LR: 0.0027743010804136474
Epoch:17/30
 * Loss 0.226 | Train Acc 92.488
LR: 0.0026158685572332855
Epoch:18/30
 * Loss 0.223 | Train Acc 92.708
LR: 0.0024499158928607727
Epoch:19/30
 * Loss 0.201 | Train Acc 93.329
LR: 0.0022769201706968945
Epoch:20/30
 * Loss 0.218 | Train Acc 92.568
LR: 0.0020973787216387683
Epoch:21/30
 * Loss 0.218 | Train Acc 92.608
LR: 0.0019118076943449456
Epoch:22/30
 * Loss 0.243 | Train Acc 92.188
LR: 0.0017207405714029067
Epoch:23/30
 * Loss 0.230 | Train Acc 92.348
LR: 0.0015247266356647002
Epoch:24/30
 * Loss 0.215 | Train Acc 92.869
LR: 0.0013243293911597263
Epoch:25/30
 * Loss 0.210 | Train Acc 93.009
LR: 0.0011201249431242457
Epoch:26/30
 * Loss 0.213 | Train Acc 92.849
LR: 0.0009127003418047438
Epoch:27/30
 * Loss 0.201 | Train Acc 93.169
LR: 0.0007026518947963905
Epoch:28/30
 * Loss 0.202 | Train Acc 93.630
LR: 0.0004905834527683376
Epoch:29/30
 * Loss 0.208 | Train Acc 93.029
LR: 0.0002771046735040541
Epoch:30/30
 * Loss 0.206 | Train Acc 93.129
Merging prompt ... 
=> Saving class model to: ./checkpoints/cifar-100-pa-apt/seed1/models/repeat-1/task-10/
=> Save Done
validation split name: 1 local = False
 * Val Acc 90.104, Total time 3.07
validation split name: 2 local = False
 * Val Acc 82.604, Total time 3.05
validation split name: 3 local = False
 * Val Acc 90.312, Total time 3.12
validation split name: 4 local = False
 * Val Acc 85.000, Total time 3.08
validation split name: 5 local = False
 * Val Acc 89.375, Total time 3.10
validation split name: 6 local = False
 * Val Acc 90.104, Total time 3.26
validation split name: 7 local = False
 * Val Acc 88.125, Total time 3.08
validation split name: 8 local = False
 * Val Acc 93.542, Total time 3.15
validation split name: 9 local = False
 * Val Acc 92.396, Total time 3.17
validation split name: 10 local = False
 * Val Acc 88.958, Total time 3.18
*****************************************
Incremental class: Old valid output dimension: 0
Incremental class: New Valid output dimension: 10
=> Load Done
===global validation====
test task 1, using model 1
validation split name: 1 local = False
 * Val Acc 98.958, Total time 3.17
Incremental class: Old valid output dimension: 10
Incremental class: New Valid output dimension: 20
=> Load Done
===global validation====
test task 1, using model 2
validation split name: 1 local = False
 * Val Acc 97.604, Total time 3.11
test task 2, using model 2
validation split name: 2 local = False
 * Val Acc 93.021, Total time 3.18
Incremental class: Old valid output dimension: 20
Incremental class: New Valid output dimension: 30
=> Load Done
===global validation====
test task 1, using model 3
validation split name: 1 local = False
 * Val Acc 97.188, Total time 3.08
test task 2, using model 3
validation split name: 2 local = False
 * Val Acc 91.146, Total time 3.06
test task 3, using model 3
validation split name: 3 local = False
 * Val Acc 96.667, Total time 3.07
Incremental class: Old valid output dimension: 30
Incremental class: New Valid output dimension: 40
=> Load Done
===global validation====
test task 1, using model 4
validation split name: 1 local = False
 * Val Acc 96.979, Total time 3.15
test task 2, using model 4
validation split name: 2 local = False
 * Val Acc 89.688, Total time 3.05
test task 3, using model 4
validation split name: 3 local = False
 * Val Acc 92.917, Total time 3.05
test task 4, using model 4
validation split name: 4 local = False
 * Val Acc 90.208, Total time 3.08
Incremental class: Old valid output dimension: 40
Incremental class: New Valid output dimension: 50
=> Load Done
===global validation====
test task 1, using model 5
validation split name: 1 local = False
 * Val Acc 96.771, Total time 3.17
test task 2, using model 5
validation split name: 2 local = False
 * Val Acc 88.646, Total time 3.07
test task 3, using model 5
validation split name: 3 local = False
 * Val Acc 92.396, Total time 3.07
test task 4, using model 5
validation split name: 4 local = False
 * Val Acc 89.688, Total time 3.15
test task 5, using model 5
validation split name: 5 local = False
 * Val Acc 95.208, Total time 3.10
Incremental class: Old valid output dimension: 50
Incremental class: New Valid output dimension: 60
=> Load Done
===global validation====
test task 1, using model 6
validation split name: 1 local = False
 * Val Acc 95.417, Total time 3.09
test task 2, using model 6
validation split name: 2 local = False
 * Val Acc 87.708, Total time 3.19
test task 3, using model 6
validation split name: 3 local = False
 * Val Acc 91.979, Total time 3.10
test task 4, using model 6
validation split name: 4 local = False
 * Val Acc 87.708, Total time 3.08
test task 5, using model 6
validation split name: 5 local = False
 * Val Acc 94.792, Total time 3.13
test task 6, using model 6
validation split name: 6 local = False
 * Val Acc 90.833, Total time 3.07
Incremental class: Old valid output dimension: 60
Incremental class: New Valid output dimension: 70
=> Load Done
===global validation====
test task 1, using model 7
validation split name: 1 local = False
 * Val Acc 94.062, Total time 3.06
test task 2, using model 7
validation split name: 2 local = False
 * Val Acc 85.938, Total time 3.17
test task 3, using model 7
validation split name: 3 local = False
 * Val Acc 91.667, Total time 3.19
test task 4, using model 7
validation split name: 4 local = False
 * Val Acc 86.771, Total time 3.09
test task 5, using model 7
validation split name: 5 local = False
 * Val Acc 93.958, Total time 3.06
test task 6, using model 7
validation split name: 6 local = False
 * Val Acc 91.354, Total time 3.08
test task 7, using model 7
validation split name: 7 local = False
 * Val Acc 88.646, Total time 3.16
Incremental class: Old valid output dimension: 70
Incremental class: New Valid output dimension: 80
=> Load Done
===global validation====
test task 1, using model 8
validation split name: 1 local = False
 * Val Acc 92.396, Total time 3.08
test task 2, using model 8
validation split name: 2 local = False
 * Val Acc 84.792, Total time 3.06
test task 3, using model 8
validation split name: 3 local = False
 * Val Acc 91.354, Total time 3.07
test task 4, using model 8
validation split name: 4 local = False
 * Val Acc 85.729, Total time 3.18
test task 5, using model 8
validation split name: 5 local = False
 * Val Acc 91.771, Total time 3.16
test task 6, using model 8
validation split name: 6 local = False
 * Val Acc 90.625, Total time 3.09
test task 7, using model 8
validation split name: 7 local = False
 * Val Acc 88.021, Total time 3.07
test task 8, using model 8
validation split name: 8 local = False
 * Val Acc 93.021, Total time 3.07
Incremental class: Old valid output dimension: 80
Incremental class: New Valid output dimension: 90
=> Load Done
===global validation====
test task 1, using model 9
validation split name: 1 local = False
 * Val Acc 91.354, Total time 3.10
test task 2, using model 9
validation split name: 2 local = False
 * Val Acc 82.812, Total time 3.07
test task 3, using model 9
validation split name: 3 local = False
 * Val Acc 90.729, Total time 3.06
test task 4, using model 9
validation split name: 4 local = False
 * Val Acc 85.625, Total time 3.21
test task 5, using model 9
validation split name: 5 local = False
 * Val Acc 90.938, Total time 3.09
test task 6, using model 9
validation split name: 6 local = False
 * Val Acc 90.625, Total time 3.16
test task 7, using model 9
validation split name: 7 local = False
 * Val Acc 88.021, Total time 3.08
test task 8, using model 9
validation split name: 8 local = False
 * Val Acc 93.438, Total time 3.11
test task 9, using model 9
validation split name: 9 local = False
 * Val Acc 92.396, Total time 3.17
Incremental class: Old valid output dimension: 90
Incremental class: New Valid output dimension: 100
=> Load Done
===global validation====
test task 1, using model 10
validation split name: 1 local = False
 * Val Acc 90.104, Total time 3.09
test task 2, using model 10
validation split name: 2 local = False
 * Val Acc 82.604, Total time 3.11
test task 3, using model 10
validation split name: 3 local = False
 * Val Acc 90.312, Total time 3.26
test task 4, using model 10
validation split name: 4 local = False
 * Val Acc 85.000, Total time 3.25
test task 5, using model 10
validation split name: 5 local = False
 * Val Acc 89.375, Total time 3.14
test task 6, using model 10
validation split name: 6 local = False
 * Val Acc 90.104, Total time 3.13
test task 7, using model 10
validation split name: 7 local = False
 * Val Acc 88.125, Total time 3.20
test task 8, using model 10
validation split name: 8 local = False
 * Val Acc 93.542, Total time 3.20
test task 9, using model 10
validation split name: 9 local = False
 * Val Acc 92.396, Total time 3.20
test task 10, using model 10
validation split name: 10 local = False
 * Val Acc 88.958, Total time 3.15
coda_forgetting= (np.float64(0.9765211640211624), np.float64(0.0))
general_forgetting= (np.float64(4.155092592592587), np.float64(0.0))
acctable, {'1': OrderedDict([('1', 98.95833333333333), ('2', 97.60416666666667), ('3', 97.1875), ('4', 96.97916666666667), ('5', 96.77083333333333), ('6', 95.41666666666667), ('7', 94.0625), ('8', 92.39583333333333), ('9', 91.35416666666667), ('10', 90.10416666666667)]), '2': OrderedDict([('2', 93.02083333333333), ('3', 91.14583333333333), ('4', 89.6875), ('5', 88.64583333333333), ('6', 87.70833333333333), ('7', 85.9375), ('8', 84.79166666666667), ('9', 82.8125), ('10', 82.60416666666667)]), '3': OrderedDict([('3', 96.66666666666667), ('4', 92.91666666666667), ('5', 92.39583333333333), ('6', 91.97916666666667), ('7', 91.66666666666667), ('8', 91.35416666666667), ('9', 90.72916666666667), ('10', 90.3125)]), '4': OrderedDict([('4', 90.20833333333333), ('5', 89.6875), ('6', 87.70833333333333), ('7', 86.77083333333333), ('8', 85.72916666666667), ('9', 85.625), ('10', 85.0)]), '5': OrderedDict([('5', 95.20833333333333), ('6', 94.79166666666667), ('7', 93.95833333333333), ('8', 91.77083333333333), ('9', 90.9375), ('10', 89.375)]), '6': OrderedDict([('6', 90.83333333333333), ('7', 91.35416666666667), ('8', 90.625), ('9', 90.625), ('10', 90.10416666666667)]), '7': OrderedDict([('7', 88.64583333333333), ('8', 88.02083333333333), ('9', 88.02083333333333), ('10', 88.125)]), '8': OrderedDict([('8', 93.02083333333333), ('9', 93.4375), ('10', 93.54166666666667)]), '9': OrderedDict([('9', 92.39583333333333), ('10', 92.39583333333333)]), '10': OrderedDict([('10', 88.95833333333333)])}
dropmatrix: [[98.95833333333333, 97.60416666666667, 97.1875, 96.97916666666667, 96.77083333333333, 95.41666666666667, 94.0625, 92.39583333333333, 91.35416666666667, 90.10416666666667], [93.02083333333333, 91.14583333333333, 89.6875, 88.64583333333333, 87.70833333333333, 85.9375, 84.79166666666667, 82.8125, 82.60416666666667], [96.66666666666667, 92.91666666666667, 92.39583333333333, 91.97916666666667, 91.66666666666667, 91.35416666666667, 90.72916666666667, 90.3125], [90.20833333333333, 89.6875, 87.70833333333333, 86.77083333333333, 85.72916666666667, 85.625, 85.0], [95.20833333333333, 94.79166666666667, 93.95833333333333, 91.77083333333333, 90.9375, 89.375], [90.83333333333333, 91.35416666666667, 90.625, 90.625, 90.10416666666667], [88.64583333333333, 88.02083333333333, 88.02083333333333, 88.125], [93.02083333333333, 93.4375, 93.54166666666667], [92.39583333333333, 92.39583333333333], [88.95833333333333]]
global acc [[98.95833333]
 [95.3125    ]
 [95.        ]
 [92.44791667]
 [92.54166667]
 [91.40625   ]
 [90.3422619 ]
 [89.71354167]
 [89.54861111]
 [89.05208333]]
pt acc [[[98.95833333]
  [97.60416667]
  [97.1875    ]
  [96.97916667]
  [96.77083333]
  [95.41666667]
  [94.0625    ]
  [92.39583333]
  [91.35416667]
  [90.10416667]]

 [[ 0.        ]
  [93.02083333]
  [91.14583333]
  [89.6875    ]
  [88.64583333]
  [87.70833333]
  [85.9375    ]
  [84.79166667]
  [82.8125    ]
  [82.60416667]]

 [[ 0.        ]
  [ 0.        ]
  [96.66666667]
  [92.91666667]
  [92.39583333]
  [91.97916667]
  [91.66666667]
  [91.35416667]
  [90.72916667]
  [90.3125    ]]

 [[ 0.        ]
  [ 0.        ]
  [ 0.        ]
  [90.20833333]
  [89.6875    ]
  [87.70833333]
  [86.77083333]
  [85.72916667]
  [85.625     ]
  [85.        ]]

 [[ 0.        ]
  [ 0.        ]
  [ 0.        ]
  [ 0.        ]
  [95.20833333]
  [94.79166667]
  [93.95833333]
  [91.77083333]
  [90.9375    ]
  [89.375     ]]

 [[ 0.        ]
  [ 0.        ]
  [ 0.        ]
  [ 0.        ]
  [ 0.        ]
  [90.83333333]
  [91.35416667]
  [90.625     ]
  [90.625     ]
  [90.10416667]]

 [[ 0.        ]
  [ 0.        ]
  [ 0.        ]
  [ 0.        ]
  [ 0.        ]
  [ 0.        ]
  [88.64583333]
  [88.02083333]
  [88.02083333]
  [88.125     ]]

 [[ 0.        ]
  [ 0.        ]
  [ 0.        ]
  [ 0.        ]
  [ 0.        ]
  [ 0.        ]
  [ 0.        ]
  [93.02083333]
  [93.4375    ]
  [93.54166667]]

 [[ 0.        ]
  [ 0.        ]
  [ 0.        ]
  [ 0.        ]
  [ 0.        ]
  [ 0.        ]
  [ 0.        ]
  [ 0.        ]
  [92.39583333]
  [92.39583333]]

 [[ 0.        ]
  [ 0.        ]
  [ 0.        ]
  [ 0.        ]
  [ 0.        ]
  [ 0.        ]
  [ 0.        ]
  [ 0.        ]
  [ 0.        ]
  [88.95833333]]]
===Summary of experiment repeats: 1 / 1 ===
acc  | mean: 89.05208333333334 std: 0.0
89.05 \pm 0.0
time  | mean: 0.12343199630068917 std: 0.0
0.12 \pm 0.0
[]
/root/miniconda3/envs/apt/lib/python3.10/site-packages/numpy/_core/fromnumeric.py:3860: RuntimeWarning: Mean of empty slice.
  return _methods._mean(a, axis=axis, dtype=dtype,
/root/miniconda3/envs/apt/lib/python3.10/site-packages/numpy/_core/_methods.py:145: RuntimeWarning: invalid value encountered in scalar divide
  ret = ret.dtype.type(ret / rcount)
/root/miniconda3/envs/apt/lib/python3.10/site-packages/numpy/_core/_methods.py:223: RuntimeWarning: Degrees of freedom <= 0 for slice
  ret = _var(a, axis=axis, dtype=dtype, out=out, ddof=ddof,
/root/miniconda3/envs/apt/lib/python3.10/site-packages/numpy/_core/_methods.py:181: RuntimeWarning: invalid value encountered in divide
  arrmean = um.true_divide(arrmean, div, out=arrmean,
/root/miniconda3/envs/apt/lib/python3.10/site-packages/numpy/_core/_methods.py:215: RuntimeWarning: invalid value encountered in scalar divide
  ret = ret.dtype.type(ret / rcount)
forgetting , nan \pm nan
