Namespace(dataset='CIFAR100', first_split_size=10, other_split_size=10, schedule_type='cosine', optimizer='Adam', momentum=0.9, weight_decay=0, model_type='zoo', model_name='vit_pt_imnet', max_task=-1, dataroot='data', workers=4, validation=False, train_aug=True, rand_split=True, gpuid=[0], log_dir='./checkpoints/cifar-100-pa-apt/seed2', learner_type='pa_apt', learner_name='PA_APT_Learner', debug_mode=0, repeat=1, overwrite=0, oracle_flag=False, upper_bound_flag=False, memory=0, temp=2.0, DW=False, prompt_param=['0.01'], seed=2, batch_size=64, lr=0.004, ema_coeff=0.7, schedule=30, config='configs/cifar-100_pa_apt.yaml')
************************************
* STARTING TRIAL 1
************************************
=============================================
Shuffling....seed is 2
pre-shuffle:[0, 1, 2, 3, 4, 5, 6, 7, 8, 9, 10, 11, 12, 13, 14, 15, 16, 17, 18, 19, 20, 21, 22, 23, 24, 25, 26, 27, 28, 29, 30, 31, 32, 33, 34, 35, 36, 37, 38, 39, 40, 41, 42, 43, 44, 45, 46, 47, 48, 49, 50, 51, 52, 53, 54, 55, 56, 57, 58, 59, 60, 61, 62, 63, 64, 65, 66, 67, 68, 69, 70, 71, 72, 73, 74, 75, 76, 77, 78, 79, 80, 81, 82, 83, 84, 85, 86, 87, 88, 89, 90, 91, 92, 93, 94, 95, 96, 97, 98, 99]
post-shuffle:[0, 76, 61, 63, 1, 71, 2, 6, 16, 19, 13, 24, 49, 12, 75, 9, 83, 72, 5, 41, 99, 45, 89, 53, 79, 18, 52, 92, 14, 42, 68, 44, 38, 84, 36, 17, 31, 15, 70, 88, 25, 97, 51, 73, 66, 37, 78, 33, 80, 26, 82, 28, 60, 35, 43, 57, 23, 58, 91, 8, 62, 93, 98, 86, 29, 30, 22, 95, 67, 54, 48, 40, 59, 96, 3, 87, 34, 64, 56, 69, 47, 65, 50, 81, 55, 20, 74, 4, 90, 27, 77, 32, 39, 85, 94, 21, 46, 10, 11, 7]
=============================================
Files already downloaded and verified
*****************************************
====================== 1 =======================
Incremental class: Old valid output dimension: 0
Incremental class: New Valid output dimension: 10
/root/miniconda3/envs/apt/lib/python3.10/site-packages/torch/utils/data/dataloader.py:557: UserWarning: This DataLoader will create 4 worker processes in total. Our suggested max number of worker in current system is 3, which is smaller than what this DataLoader is going to create. Please be aware that excessive worker creation might get DataLoader running slow or even freeze, lower the worker number to avoid potential slowness/freeze if necessary.
  warnings.warn(_create_warning_msg(
Overwriting ...
/root/dl_project/Additive-Prompt-Tuning/learners/default.py:239: FutureWarning: You are using `torch.load` with `weights_only=False` (the current default value), which uses the default pickle module implicitly. It is possible to construct malicious pickle data which will execute arbitrary code during unpickling (See https://github.com/pytorch/pytorch/blob/main/SECURITY.md#untrusted-models for more details). In a future release, the default value for `weights_only` will be flipped to `True`. This limits the functions that could be executed during unpickling. Arbitrary objects will no longer be allowed to be loaded via this mode unless they are explicitly allowlisted by the user via `torch.serialization.add_safe_globals`. We recommend you start setting `weights_only=True` for any use case where you don't have full control of the loaded file. Please open an issue on GitHub for any issues related to this experimental feature.
  model_dict = torch.load(filename + 'class.pth')
Optimizer is reset!
*****************************************
LR: 0.004
Epoch:1/30
 * Loss 0.550 | Train Acc 82.292
LR: 0.004
Epoch:2/30
 * Loss 0.300 | Train Acc 90.565
LR: 0.003994250367686589
Epoch:3/30
 * Loss 0.285 | Train Acc 90.946
LR: 0.003977017999882228
Epoch:4/30
 * Loss 0.256 | Train Acc 92.208
LR: 0.0039483524364762965
Epoch:5/30
 * Loss 0.234 | Train Acc 93.069
LR: 0.003908336085693616
Epoch:6/30
 * Loss 0.218 | Train Acc 93.209
LR: 0.00385708398718595
Epoch:7/30
 * Loss 0.211 | Train Acc 93.389
LR: 0.003794743481314153
Epoch:8/30
 * Loss 0.205 | Train Acc 93.550
LR: 0.003721493785571721
Epoch:9/30
 * Loss 0.214 | Train Acc 93.510
LR: 0.00363754547936745
Epoch:10/30
 * Loss 0.221 | Train Acc 93.229
LR: 0.003543139898648343
Epoch:11/30
 * Loss 0.203 | Train Acc 93.590
LR: 0.003438548442103134
Epoch:12/30
 * Loss 0.206 | Train Acc 93.590
LR: 0.0033240717909409543
Epoch:13/30
 * Loss 0.195 | Train Acc 93.990
LR: 0.003200039044488128
Epoch:14/30
 * Loss 0.190 | Train Acc 94.111
LR: 0.00306680677408812
Epoch:15/30
 * Loss 0.183 | Train Acc 94.351
LR: 0.0029247579980244704
Epoch:16/30
 * Loss 0.191 | Train Acc 93.990
LR: 0.0027743010804136474
Epoch:17/30
 * Loss 0.173 | Train Acc 94.631
LR: 0.0026158685572332855
Epoch:18/30
 * Loss 0.185 | Train Acc 94.050
LR: 0.0024499158928607727
Epoch:19/30
 * Loss 0.195 | Train Acc 93.910
LR: 0.0022769201706968945
Epoch:20/30
 * Loss 0.169 | Train Acc 94.812
LR: 0.0020973787216387683
Epoch:21/30
 * Loss 0.178 | Train Acc 94.732
LR: 0.0019118076943449456
Epoch:22/30
 * Loss 0.175 | Train Acc 94.732
LR: 0.0017207405714029067
Epoch:23/30
 * Loss 0.171 | Train Acc 94.391
LR: 0.0015247266356647002
Epoch:24/30
 * Loss 0.160 | Train Acc 94.491
LR: 0.0013243293911597263
Epoch:25/30
 * Loss 0.169 | Train Acc 94.571
LR: 0.0011201249431242457
Epoch:26/30
 * Loss 0.151 | Train Acc 95.052
LR: 0.0009127003418047438
Epoch:27/30
 * Loss 0.159 | Train Acc 95.112
LR: 0.0007026518947963905
Epoch:28/30
 * Loss 0.159 | Train Acc 95.072
LR: 0.0004905834527683376
Epoch:29/30
 * Loss 0.169 | Train Acc 94.451
LR: 0.0002771046735040541
Epoch:30/30
 * Loss 0.152 | Train Acc 95.252
=> Saving class model to: ./checkpoints/cifar-100-pa-apt/seed2/models/repeat-1/task-1/
=> Save Done
validation split name: 1 local = False
 * Val Acc 99.062, Total time 3.14
====================== 2 =======================
Incremental class: Old valid output dimension: 10
Incremental class: New Valid output dimension: 20
Overwriting ...
Optimizer is reset!
*****************************************
LR: 0.004
Epoch:1/30
 * Loss 0.371 | Train Acc 87.700
LR: 0.004
Epoch:2/30
 * Loss 0.240 | Train Acc 92.368
LR: 0.003994250367686589
Epoch:3/30
 * Loss 0.248 | Train Acc 92.087
LR: 0.003977017999882228
Epoch:4/30
 * Loss 0.238 | Train Acc 92.588
LR: 0.0039483524364762965
Epoch:5/30
 * Loss 0.240 | Train Acc 92.548
LR: 0.003908336085693616
Epoch:6/30
 * Loss 0.251 | Train Acc 91.947
LR: 0.00385708398718595
Epoch:7/30
 * Loss 0.228 | Train Acc 92.628
LR: 0.003794743481314153
Epoch:8/30
 * Loss 0.244 | Train Acc 92.508
LR: 0.003721493785571721
Epoch:9/30
 * Loss 0.219 | Train Acc 92.728
LR: 0.00363754547936745
Epoch:10/30
 * Loss 0.211 | Train Acc 93.169
LR: 0.003543139898648343
Epoch:11/30
 * Loss 0.213 | Train Acc 93.610
LR: 0.003438548442103134
Epoch:12/30
 * Loss 0.203 | Train Acc 93.349
LR: 0.0033240717909409543
Epoch:13/30
 * Loss 0.210 | Train Acc 93.389
LR: 0.003200039044488128
Epoch:14/30
 * Loss 0.202 | Train Acc 93.530
LR: 0.00306680677408812
Epoch:15/30
 * Loss 0.197 | Train Acc 93.550
LR: 0.0029247579980244704
Epoch:16/30
 * Loss 0.196 | Train Acc 93.930
LR: 0.0027743010804136474
Epoch:17/30
 * Loss 0.197 | Train Acc 93.750
LR: 0.0026158685572332855
Epoch:18/30
 * Loss 0.200 | Train Acc 93.810
LR: 0.0024499158928607727
Epoch:19/30
 * Loss 0.184 | Train Acc 94.131
LR: 0.0022769201706968945
Epoch:20/30
 * Loss 0.199 | Train Acc 93.710
LR: 0.0020973787216387683
Epoch:21/30
 * Loss 0.187 | Train Acc 93.830
LR: 0.0019118076943449456
Epoch:22/30
 * Loss 0.190 | Train Acc 94.111
LR: 0.0017207405714029067
Epoch:23/30
 * Loss 0.188 | Train Acc 93.770
LR: 0.0015247266356647002
Epoch:24/30
 * Loss 0.196 | Train Acc 93.790
LR: 0.0013243293911597263
Epoch:25/30
 * Loss 0.183 | Train Acc 93.810
LR: 0.0011201249431242457
Epoch:26/30
 * Loss 0.191 | Train Acc 93.690
LR: 0.0009127003418047438
Epoch:27/30
 * Loss 0.178 | Train Acc 93.910
LR: 0.0007026518947963905
Epoch:28/30
 * Loss 0.173 | Train Acc 94.351
LR: 0.0004905834527683376
Epoch:29/30
 * Loss 0.191 | Train Acc 93.890
LR: 0.0002771046735040541
Epoch:30/30
 * Loss 0.176 | Train Acc 94.331
Merging prompt ... 
=> Saving class model to: ./checkpoints/cifar-100-pa-apt/seed2/models/repeat-1/task-2/
=> Save Done
validation split name: 1 local = False
 * Val Acc 98.542, Total time 3.12
validation split name: 2 local = False
 * Val Acc 97.812, Total time 3.15
====================== 3 =======================
Incremental class: Old valid output dimension: 20
Incremental class: New Valid output dimension: 30
Overwriting ...
Optimizer is reset!
*****************************************
LR: 0.004
Epoch:1/30
 * Loss 0.397 | Train Acc 87.019
LR: 0.004
Epoch:2/30
 * Loss 0.279 | Train Acc 91.486
LR: 0.003994250367686589
Epoch:3/30
 * Loss 0.261 | Train Acc 91.767
LR: 0.003977017999882228
Epoch:4/30
 * Loss 0.259 | Train Acc 91.627
LR: 0.0039483524364762965
Epoch:5/30
 * Loss 0.241 | Train Acc 92.188
LR: 0.003908336085693616
Epoch:6/30
 * Loss 0.249 | Train Acc 92.107
LR: 0.00385708398718595
Epoch:7/30
 * Loss 0.228 | Train Acc 93.229
LR: 0.003794743481314153
Epoch:8/30
 * Loss 0.240 | Train Acc 92.448
LR: 0.003721493785571721
Epoch:9/30
 * Loss 0.252 | Train Acc 91.767
LR: 0.00363754547936745
Epoch:10/30
 * Loss 0.220 | Train Acc 93.349
LR: 0.003543139898648343
Epoch:11/30
 * Loss 0.215 | Train Acc 93.089
LR: 0.003438548442103134
Epoch:12/30
 * Loss 0.225 | Train Acc 92.728
LR: 0.0033240717909409543
Epoch:13/30
 * Loss 0.212 | Train Acc 93.249
LR: 0.003200039044488128
Epoch:14/30
 * Loss 0.219 | Train Acc 92.688
LR: 0.00306680677408812
Epoch:15/30
 * Loss 0.229 | Train Acc 92.428
LR: 0.0029247579980244704
Epoch:16/30
 * Loss 0.219 | Train Acc 92.829
LR: 0.0027743010804136474
Epoch:17/30
 * Loss 0.220 | Train Acc 92.628
LR: 0.0026158685572332855
Epoch:18/30
 * Loss 0.202 | Train Acc 93.470
LR: 0.0024499158928607727
Epoch:19/30
 * Loss 0.207 | Train Acc 93.229
LR: 0.0022769201706968945
Epoch:20/30
 * Loss 0.196 | Train Acc 93.950
LR: 0.0020973787216387683
Epoch:21/30
 * Loss 0.188 | Train Acc 93.650
LR: 0.0019118076943449456
Epoch:22/30
 * Loss 0.192 | Train Acc 93.610
LR: 0.0017207405714029067
Epoch:23/30
 * Loss 0.213 | Train Acc 93.049
LR: 0.0015247266356647002
Epoch:24/30
 * Loss 0.182 | Train Acc 94.171
LR: 0.0013243293911597263
Epoch:25/30
 * Loss 0.187 | Train Acc 94.030
LR: 0.0011201249431242457
Epoch:26/30
 * Loss 0.190 | Train Acc 93.810
LR: 0.0009127003418047438
Epoch:27/30
 * Loss 0.192 | Train Acc 93.630
LR: 0.0007026518947963905
Epoch:28/30
 * Loss 0.197 | Train Acc 93.269
LR: 0.0004905834527683376
Epoch:29/30
 * Loss 0.185 | Train Acc 93.850
LR: 0.0002771046735040541
Epoch:30/30
 * Loss 0.194 | Train Acc 93.730
Merging prompt ... 
=> Saving class model to: ./checkpoints/cifar-100-pa-apt/seed2/models/repeat-1/task-3/
=> Save Done
validation split name: 1 local = False
 * Val Acc 98.542, Total time 3.14
validation split name: 2 local = False
 * Val Acc 97.292, Total time 3.04
validation split name: 3 local = False
 * Val Acc 96.458, Total time 3.10
====================== 4 =======================
Incremental class: Old valid output dimension: 30
Incremental class: New Valid output dimension: 40
Overwriting ...
Optimizer is reset!
*****************************************
LR: 0.004
Epoch:1/30
 * Loss 0.431 | Train Acc 86.178
LR: 0.004
Epoch:2/30
 * Loss 0.282 | Train Acc 90.645
LR: 0.003994250367686589
Epoch:3/30
 * Loss 0.280 | Train Acc 90.765
LR: 0.003977017999882228
Epoch:4/30
 * Loss 0.260 | Train Acc 91.807
LR: 0.0039483524364762965
Epoch:5/30
 * Loss 0.268 | Train Acc 91.567
LR: 0.003908336085693616
Epoch:6/30
 * Loss 0.264 | Train Acc 91.587
LR: 0.00385708398718595
Epoch:7/30
 * Loss 0.247 | Train Acc 91.827
LR: 0.003794743481314153
Epoch:8/30
 * Loss 0.241 | Train Acc 92.107
LR: 0.003721493785571721
Epoch:9/30
 * Loss 0.246 | Train Acc 92.348
LR: 0.00363754547936745
Epoch:10/30
 * Loss 0.245 | Train Acc 92.248
LR: 0.003543139898648343
Epoch:11/30
 * Loss 0.231 | Train Acc 92.628
LR: 0.003438548442103134
Epoch:12/30
 * Loss 0.235 | Train Acc 92.368
LR: 0.0033240717909409543
Epoch:13/30
 * Loss 0.224 | Train Acc 92.648
LR: 0.003200039044488128
Epoch:14/30
 * Loss 0.222 | Train Acc 93.129
LR: 0.00306680677408812
Epoch:15/30
 * Loss 0.243 | Train Acc 91.867
LR: 0.0029247579980244704
Epoch:16/30
 * Loss 0.228 | Train Acc 92.568
LR: 0.0027743010804136474
Epoch:17/30
 * Loss 0.214 | Train Acc 93.109
LR: 0.0026158685572332855
Epoch:18/30
 * Loss 0.216 | Train Acc 93.089
LR: 0.0024499158928607727
Epoch:19/30
 * Loss 0.229 | Train Acc 92.508
LR: 0.0022769201706968945
Epoch:20/30
 * Loss 0.230 | Train Acc 93.169
LR: 0.0020973787216387683
Epoch:21/30
 * Loss 0.207 | Train Acc 93.289
LR: 0.0019118076943449456
Epoch:22/30
 * Loss 0.219 | Train Acc 92.548
LR: 0.0017207405714029067
Epoch:23/30
 * Loss 0.216 | Train Acc 93.129
LR: 0.0015247266356647002
Epoch:24/30
 * Loss 0.217 | Train Acc 92.788
LR: 0.0013243293911597263
Epoch:25/30
 * Loss 0.214 | Train Acc 93.369
LR: 0.0011201249431242457
Epoch:26/30
 * Loss 0.219 | Train Acc 92.849
LR: 0.0009127003418047438
Epoch:27/30
 * Loss 0.211 | Train Acc 93.109
LR: 0.0007026518947963905
Epoch:28/30
 * Loss 0.207 | Train Acc 93.229
LR: 0.0004905834527683376
Epoch:29/30
 * Loss 0.202 | Train Acc 93.309
LR: 0.0002771046735040541
Epoch:30/30
 * Loss 0.201 | Train Acc 93.329
Merging prompt ... 
=> Saving class model to: ./checkpoints/cifar-100-pa-apt/seed2/models/repeat-1/task-4/
=> Save Done
validation split name: 1 local = False
 * Val Acc 98.021, Total time 3.17
validation split name: 2 local = False
 * Val Acc 97.083, Total time 3.13
validation split name: 3 local = False
 * Val Acc 95.000, Total time 3.06
validation split name: 4 local = False
 * Val Acc 94.688, Total time 3.17
====================== 5 =======================
Incremental class: Old valid output dimension: 40
Incremental class: New Valid output dimension: 50
Overwriting ...
Optimizer is reset!
*****************************************
LR: 0.004
Epoch:1/30
 * Loss 0.473 | Train Acc 84.936
LR: 0.004
Epoch:2/30
 * Loss 0.366 | Train Acc 88.442
LR: 0.003994250367686589
Epoch:3/30
 * Loss 0.339 | Train Acc 89.143
LR: 0.003977017999882228
Epoch:4/30
 * Loss 0.312 | Train Acc 89.623
LR: 0.0039483524364762965
Epoch:5/30
 * Loss 0.324 | Train Acc 89.704
LR: 0.003908336085693616
Epoch:6/30
 * Loss 0.306 | Train Acc 89.643
LR: 0.00385708398718595
Epoch:7/30
 * Loss 0.327 | Train Acc 89.463
LR: 0.003794743481314153
Epoch:8/30
 * Loss 0.297 | Train Acc 90.525
LR: 0.003721493785571721
Epoch:9/30
 * Loss 0.299 | Train Acc 90.785
LR: 0.00363754547936745
Epoch:10/30
 * Loss 0.294 | Train Acc 90.525
LR: 0.003543139898648343
Epoch:11/30
 * Loss 0.268 | Train Acc 90.925
LR: 0.003438548442103134
Epoch:12/30
 * Loss 0.285 | Train Acc 90.966
LR: 0.0033240717909409543
Epoch:13/30
 * Loss 0.265 | Train Acc 91.106
LR: 0.003200039044488128
Epoch:14/30
 * Loss 0.281 | Train Acc 90.705
LR: 0.00306680677408812
Epoch:15/30
 * Loss 0.291 | Train Acc 90.565
LR: 0.0029247579980244704
Epoch:16/30
 * Loss 0.286 | Train Acc 90.625
LR: 0.0027743010804136474
Epoch:17/30
 * Loss 0.274 | Train Acc 90.625
LR: 0.0026158685572332855
Epoch:18/30
 * Loss 0.269 | Train Acc 91.306
LR: 0.0024499158928607727
Epoch:19/30
 * Loss 0.265 | Train Acc 91.767
LR: 0.0022769201706968945
Epoch:20/30
 * Loss 0.274 | Train Acc 91.306
LR: 0.0020973787216387683
Epoch:21/30
 * Loss 0.262 | Train Acc 91.647
LR: 0.0019118076943449456
Epoch:22/30
 * Loss 0.276 | Train Acc 91.246
LR: 0.0017207405714029067
Epoch:23/30
 * Loss 0.235 | Train Acc 92.388
LR: 0.0015247266356647002
Epoch:24/30
 * Loss 0.262 | Train Acc 91.346
LR: 0.0013243293911597263
Epoch:25/30
 * Loss 0.251 | Train Acc 91.687
LR: 0.0011201249431242457
Epoch:26/30
 * Loss 0.279 | Train Acc 91.006
LR: 0.0009127003418047438
Epoch:27/30
 * Loss 0.240 | Train Acc 91.967
LR: 0.0007026518947963905
Epoch:28/30
 * Loss 0.258 | Train Acc 91.567
LR: 0.0004905834527683376
Epoch:29/30
 * Loss 0.264 | Train Acc 91.406
LR: 0.0002771046735040541
Epoch:30/30
 * Loss 0.236 | Train Acc 92.208
Merging prompt ... 
=> Saving class model to: ./checkpoints/cifar-100-pa-apt/seed2/models/repeat-1/task-5/
=> Save Done
validation split name: 1 local = False
 * Val Acc 97.604, Total time 3.03
validation split name: 2 local = False
 * Val Acc 96.562, Total time 3.07
validation split name: 3 local = False
 * Val Acc 94.062, Total time 3.16
validation split name: 4 local = False
 * Val Acc 94.375, Total time 3.15
validation split name: 5 local = False
 * Val Acc 91.146, Total time 3.01
====================== 6 =======================
Incremental class: Old valid output dimension: 50
Incremental class: New Valid output dimension: 60
Overwriting ...
Optimizer is reset!
*****************************************
LR: 0.004
Epoch:1/30
 * Loss 0.302 | Train Acc 90.525
LR: 0.004
Epoch:2/30
 * Loss 0.233 | Train Acc 92.428
LR: 0.003994250367686589
Epoch:3/30
 * Loss 0.234 | Train Acc 92.528
LR: 0.003977017999882228
Epoch:4/30
 * Loss 0.206 | Train Acc 93.029
LR: 0.0039483524364762965
Epoch:5/30
 * Loss 0.193 | Train Acc 93.550
LR: 0.003908336085693616
Epoch:6/30
 * Loss 0.183 | Train Acc 94.131
LR: 0.00385708398718595
Epoch:7/30
 * Loss 0.202 | Train Acc 93.249
LR: 0.003794743481314153
Epoch:8/30
 * Loss 0.188 | Train Acc 94.071
LR: 0.003721493785571721
Epoch:9/30
 * Loss 0.199 | Train Acc 93.149
LR: 0.00363754547936745
Epoch:10/30
 * Loss 0.171 | Train Acc 94.211
LR: 0.003543139898648343
Epoch:11/30
 * Loss 0.179 | Train Acc 94.251
LR: 0.003438548442103134
Epoch:12/30
 * Loss 0.177 | Train Acc 93.890
LR: 0.0033240717909409543
Epoch:13/30
 * Loss 0.207 | Train Acc 92.949
LR: 0.003200039044488128
Epoch:14/30
 * Loss 0.167 | Train Acc 94.191
LR: 0.00306680677408812
Epoch:15/30
 * Loss 0.164 | Train Acc 94.772
LR: 0.0029247579980244704
Epoch:16/30
 * Loss 0.172 | Train Acc 94.030
LR: 0.0027743010804136474
Epoch:17/30
 * Loss 0.177 | Train Acc 94.171
LR: 0.0026158685572332855
Epoch:18/30
 * Loss 0.164 | Train Acc 94.591
LR: 0.0024499158928607727
Epoch:19/30
 * Loss 0.178 | Train Acc 94.531
LR: 0.0022769201706968945
Epoch:20/30
 * Loss 0.154 | Train Acc 94.972
LR: 0.0020973787216387683
Epoch:21/30
 * Loss 0.164 | Train Acc 94.752
LR: 0.0019118076943449456
Epoch:22/30
 * Loss 0.164 | Train Acc 94.511
LR: 0.0017207405714029067
Epoch:23/30
 * Loss 0.158 | Train Acc 94.792
LR: 0.0015247266356647002
Epoch:24/30
 * Loss 0.158 | Train Acc 94.832
LR: 0.0013243293911597263
Epoch:25/30
 * Loss 0.168 | Train Acc 94.251
LR: 0.0011201249431242457
Epoch:26/30
 * Loss 0.166 | Train Acc 94.812
LR: 0.0009127003418047438
Epoch:27/30
 * Loss 0.176 | Train Acc 94.471
LR: 0.0007026518947963905
Epoch:28/30
 * Loss 0.148 | Train Acc 94.992
LR: 0.0004905834527683376
Epoch:29/30
 * Loss 0.156 | Train Acc 94.551
LR: 0.0002771046735040541
Epoch:30/30
 * Loss 0.160 | Train Acc 94.772
Merging prompt ... 
=> Saving class model to: ./checkpoints/cifar-100-pa-apt/seed2/models/repeat-1/task-6/
=> Save Done
validation split name: 1 local = False
 * Val Acc 95.625, Total time 3.07
validation split name: 2 local = False
 * Val Acc 95.833, Total time 3.07
validation split name: 3 local = False
 * Val Acc 93.750, Total time 3.16
validation split name: 4 local = False
 * Val Acc 94.271, Total time 3.06
validation split name: 5 local = False
 * Val Acc 91.458, Total time 3.10
validation split name: 6 local = False
 * Val Acc 87.917, Total time 3.16
====================== 7 =======================
Incremental class: Old valid output dimension: 60
Incremental class: New Valid output dimension: 70
Overwriting ...
Optimizer is reset!
*****************************************
LR: 0.004
Epoch:1/30
 * Loss 0.467 | Train Acc 84.115
LR: 0.004
Epoch:2/30
 * Loss 0.326 | Train Acc 88.782
LR: 0.003994250367686589
Epoch:3/30
 * Loss 0.283 | Train Acc 90.144
LR: 0.003977017999882228
Epoch:4/30
 * Loss 0.284 | Train Acc 90.385
LR: 0.0039483524364762965
Epoch:5/30
 * Loss 0.285 | Train Acc 90.445
LR: 0.003908336085693616
Epoch:6/30
 * Loss 0.265 | Train Acc 90.445
LR: 0.00385708398718595
Epoch:7/30
 * Loss 0.269 | Train Acc 90.605
LR: 0.003794743481314153
Epoch:8/30
 * Loss 0.272 | Train Acc 90.345
LR: 0.003721493785571721
Epoch:9/30
 * Loss 0.253 | Train Acc 91.026
LR: 0.00363754547936745
Epoch:10/30
 * Loss 0.253 | Train Acc 91.506
LR: 0.003543139898648343
Epoch:11/30
 * Loss 0.250 | Train Acc 91.286
LR: 0.003438548442103134
Epoch:12/30
 * Loss 0.240 | Train Acc 91.526
LR: 0.0033240717909409543
Epoch:13/30
 * Loss 0.261 | Train Acc 90.865
LR: 0.003200039044488128
Epoch:14/30
 * Loss 0.236 | Train Acc 91.807
LR: 0.00306680677408812
Epoch:15/30
 * Loss 0.243 | Train Acc 91.366
LR: 0.0029247579980244704
Epoch:16/30
 * Loss 0.233 | Train Acc 91.947
LR: 0.0027743010804136474
Epoch:17/30
 * Loss 0.249 | Train Acc 91.226
LR: 0.0026158685572332855
Epoch:18/30
 * Loss 0.239 | Train Acc 91.787
LR: 0.0024499158928607727
Epoch:19/30
 * Loss 0.248 | Train Acc 91.747
LR: 0.0022769201706968945
Epoch:20/30
 * Loss 0.224 | Train Acc 92.107
LR: 0.0020973787216387683
Epoch:21/30
 * Loss 0.230 | Train Acc 92.328
LR: 0.0019118076943449456
Epoch:22/30
 * Loss 0.236 | Train Acc 91.827
LR: 0.0017207405714029067
Epoch:23/30
 * Loss 0.220 | Train Acc 92.228
LR: 0.0015247266356647002
Epoch:24/30
 * Loss 0.224 | Train Acc 92.308
LR: 0.0013243293911597263
Epoch:25/30
 * Loss 0.216 | Train Acc 92.548
LR: 0.0011201249431242457
Epoch:26/30
 * Loss 0.216 | Train Acc 91.987
LR: 0.0009127003418047438
Epoch:27/30
 * Loss 0.224 | Train Acc 92.228
LR: 0.0007026518947963905
Epoch:28/30
 * Loss 0.227 | Train Acc 92.147
LR: 0.0004905834527683376
Epoch:29/30
 * Loss 0.222 | Train Acc 92.428
LR: 0.0002771046735040541
Epoch:30/30
 * Loss 0.221 | Train Acc 92.268
Merging prompt ... 
=> Saving class model to: ./checkpoints/cifar-100-pa-apt/seed2/models/repeat-1/task-7/
=> Save Done
validation split name: 1 local = False
 * Val Acc 95.000, Total time 3.04
validation split name: 2 local = False
 * Val Acc 95.417, Total time 3.12
validation split name: 3 local = False
 * Val Acc 93.333, Total time 3.08
validation split name: 4 local = False
 * Val Acc 93.542, Total time 3.17
validation split name: 5 local = False
 * Val Acc 91.354, Total time 3.08
validation split name: 6 local = False
 * Val Acc 87.188, Total time 3.19
validation split name: 7 local = False
 * Val Acc 88.542, Total time 3.09
====================== 8 =======================
Incremental class: Old valid output dimension: 70
Incremental class: New Valid output dimension: 80
Overwriting ...
Optimizer is reset!
*****************************************
LR: 0.004
Epoch:1/30
 * Loss 0.479 | Train Acc 84.215
LR: 0.004
Epoch:2/30
 * Loss 0.347 | Train Acc 87.780
LR: 0.003994250367686589
Epoch:3/30
 * Loss 0.324 | Train Acc 88.762
LR: 0.003977017999882228
Epoch:4/30
 * Loss 0.314 | Train Acc 89.363
LR: 0.0039483524364762965
Epoch:5/30
 * Loss 0.287 | Train Acc 90.244
LR: 0.003908336085693616
Epoch:6/30
 * Loss 0.315 | Train Acc 88.882
LR: 0.00385708398718595
Epoch:7/30
 * Loss 0.304 | Train Acc 89.423
LR: 0.003794743481314153
Epoch:8/30
 * Loss 0.298 | Train Acc 89.724
LR: 0.003721493785571721
Epoch:9/30
 * Loss 0.294 | Train Acc 90.164
LR: 0.00363754547936745
Epoch:10/30
 * Loss 0.298 | Train Acc 90.104
LR: 0.003543139898648343
Epoch:11/30
 * Loss 0.271 | Train Acc 90.685
LR: 0.003438548442103134
Epoch:12/30
 * Loss 0.268 | Train Acc 91.006
LR: 0.0033240717909409543
Epoch:13/30
 * Loss 0.294 | Train Acc 90.024
LR: 0.003200039044488128
Epoch:14/30
 * Loss 0.279 | Train Acc 90.865
LR: 0.00306680677408812
Epoch:15/30
 * Loss 0.275 | Train Acc 90.845
LR: 0.0029247579980244704
Epoch:16/30
 * Loss 0.251 | Train Acc 91.627
LR: 0.0027743010804136474
Epoch:17/30
 * Loss 0.269 | Train Acc 90.785
LR: 0.0026158685572332855
Epoch:18/30
 * Loss 0.265 | Train Acc 91.086
LR: 0.0024499158928607727
Epoch:19/30
 * Loss 0.270 | Train Acc 91.086
LR: 0.0022769201706968945
Epoch:20/30
 * Loss 0.266 | Train Acc 90.685
LR: 0.0020973787216387683
Epoch:21/30
 * Loss 0.263 | Train Acc 91.146
LR: 0.0019118076943449456
Epoch:22/30
 * Loss 0.265 | Train Acc 91.206
LR: 0.0017207405714029067
Epoch:23/30
 * Loss 0.254 | Train Acc 91.767
LR: 0.0015247266356647002
Epoch:24/30
 * Loss 0.250 | Train Acc 91.707
LR: 0.0013243293911597263
Epoch:25/30
 * Loss 0.258 | Train Acc 90.986
LR: 0.0011201249431242457
Epoch:26/30
 * Loss 0.252 | Train Acc 91.266
LR: 0.0009127003418047438
Epoch:27/30
 * Loss 0.251 | Train Acc 91.426
LR: 0.0007026518947963905
Epoch:28/30
 * Loss 0.259 | Train Acc 91.306
LR: 0.0004905834527683376
Epoch:29/30
 * Loss 0.228 | Train Acc 91.827
LR: 0.0002771046735040541
Epoch:30/30
 * Loss 0.243 | Train Acc 91.346
Merging prompt ... 
=> Saving class model to: ./checkpoints/cifar-100-pa-apt/seed2/models/repeat-1/task-8/
=> Save Done
validation split name: 1 local = False
 * Val Acc 94.167, Total time 3.06
validation split name: 2 local = False
 * Val Acc 95.104, Total time 3.16
validation split name: 3 local = False
 * Val Acc 93.125, Total time 3.20
validation split name: 4 local = False
 * Val Acc 93.438, Total time 3.18
validation split name: 5 local = False
 * Val Acc 91.146, Total time 3.08
validation split name: 6 local = False
 * Val Acc 88.229, Total time 3.16
validation split name: 7 local = False
 * Val Acc 89.062, Total time 3.17
validation split name: 8 local = False
 * Val Acc 84.792, Total time 3.07
====================== 9 =======================
Incremental class: Old valid output dimension: 80
Incremental class: New Valid output dimension: 90
Overwriting ...
Optimizer is reset!
*****************************************
LR: 0.004
Epoch:1/30
 * Loss 0.665 | Train Acc 76.863
LR: 0.004
Epoch:2/30
 * Loss 0.517 | Train Acc 81.490
LR: 0.003994250367686589
Epoch:3/30
 * Loss 0.478 | Train Acc 83.333
LR: 0.003977017999882228
Epoch:4/30
 * Loss 0.474 | Train Acc 83.674
LR: 0.0039483524364762965
Epoch:5/30
 * Loss 0.444 | Train Acc 83.774
LR: 0.003908336085693616
Epoch:6/30
 * Loss 0.428 | Train Acc 84.675
LR: 0.00385708398718595
Epoch:7/30
 * Loss 0.453 | Train Acc 84.736
LR: 0.003794743481314153
Epoch:8/30
 * Loss 0.412 | Train Acc 85.196
LR: 0.003721493785571721
Epoch:9/30
 * Loss 0.431 | Train Acc 84.675
LR: 0.00363754547936745
Epoch:10/30
 * Loss 0.438 | Train Acc 84.075
LR: 0.003543139898648343
Epoch:11/30
 * Loss 0.429 | Train Acc 84.836
LR: 0.003438548442103134
Epoch:12/30
 * Loss 0.431 | Train Acc 85.276
LR: 0.0033240717909409543
Epoch:13/30
 * Loss 0.416 | Train Acc 85.577
LR: 0.003200039044488128
Epoch:14/30
 * Loss 0.419 | Train Acc 85.657
LR: 0.00306680677408812
Epoch:15/30
 * Loss 0.428 | Train Acc 85.557
LR: 0.0029247579980244704
Epoch:16/30
 * Loss 0.412 | Train Acc 85.236
LR: 0.0027743010804136474
Epoch:17/30
 * Loss 0.393 | Train Acc 86.398
LR: 0.0026158685572332855
Epoch:18/30
 * Loss 0.407 | Train Acc 85.717
LR: 0.0024499158928607727
Epoch:19/30
 * Loss 0.404 | Train Acc 85.917
LR: 0.0022769201706968945
Epoch:20/30
 * Loss 0.385 | Train Acc 86.699
LR: 0.0020973787216387683
Epoch:21/30
 * Loss 0.388 | Train Acc 86.478
LR: 0.0019118076943449456
Epoch:22/30
 * Loss 0.387 | Train Acc 86.518
LR: 0.0017207405714029067
Epoch:23/30
 * Loss 0.384 | Train Acc 86.659
LR: 0.0015247266356647002
Epoch:24/30
 * Loss 0.382 | Train Acc 86.538
LR: 0.0013243293911597263
Epoch:25/30
 * Loss 0.393 | Train Acc 86.599
LR: 0.0011201249431242457
Epoch:26/30
 * Loss 0.376 | Train Acc 87.019
LR: 0.0009127003418047438
Epoch:27/30
 * Loss 0.385 | Train Acc 87.079
LR: 0.0007026518947963905
Epoch:28/30
 * Loss 0.393 | Train Acc 86.058
LR: 0.0004905834527683376
Epoch:29/30
 * Loss 0.376 | Train Acc 86.859
LR: 0.0002771046735040541
Epoch:30/30
 * Loss 0.366 | Train Acc 87.099
Merging prompt ... 
=> Saving class model to: ./checkpoints/cifar-100-pa-apt/seed2/models/repeat-1/task-9/
=> Save Done
validation split name: 1 local = False
 * Val Acc 94.375, Total time 3.10
validation split name: 2 local = False
 * Val Acc 94.167, Total time 3.17
validation split name: 3 local = False
 * Val Acc 89.271, Total time 3.05
validation split name: 4 local = False
 * Val Acc 92.292, Total time 3.05
validation split name: 5 local = False
 * Val Acc 89.792, Total time 3.17
validation split name: 6 local = False
 * Val Acc 88.333, Total time 3.06
validation split name: 7 local = False
 * Val Acc 88.646, Total time 3.05
validation split name: 8 local = False
 * Val Acc 84.271, Total time 3.11
validation split name: 9 local = False
 * Val Acc 77.708, Total time 3.09
====================== 10 =======================
Incremental class: Old valid output dimension: 90
Incremental class: New Valid output dimension: 100
Overwriting ...
Optimizer is reset!
*****************************************
LR: 0.004
Epoch:1/30
 * Loss 0.433 | Train Acc 85.717
LR: 0.004
Epoch:2/30
 * Loss 0.339 | Train Acc 88.842
LR: 0.003994250367686589
Epoch:3/30
 * Loss 0.292 | Train Acc 89.944
LR: 0.003977017999882228
Epoch:4/30
 * Loss 0.300 | Train Acc 89.583
LR: 0.0039483524364762965
Epoch:5/30
 * Loss 0.269 | Train Acc 90.705
LR: 0.003908336085693616
Epoch:6/30
 * Loss 0.275 | Train Acc 91.226
LR: 0.00385708398718595
Epoch:7/30
 * Loss 0.269 | Train Acc 91.326
LR: 0.003794743481314153
Epoch:8/30
 * Loss 0.281 | Train Acc 90.825
LR: 0.003721493785571721
Epoch:9/30
 * Loss 0.252 | Train Acc 91.126
LR: 0.00363754547936745
Epoch:10/30
 * Loss 0.278 | Train Acc 91.026
LR: 0.003543139898648343
Epoch:11/30
 * Loss 0.262 | Train Acc 91.046
LR: 0.003438548442103134
Epoch:12/30
 * Loss 0.260 | Train Acc 91.266
LR: 0.0033240717909409543
Epoch:13/30
 * Loss 0.257 | Train Acc 91.506
LR: 0.003200039044488128
Epoch:14/30
 * Loss 0.252 | Train Acc 91.607
LR: 0.00306680677408812
Epoch:15/30
 * Loss 0.245 | Train Acc 91.967
LR: 0.0029247579980244704
Epoch:16/30
 * Loss 0.248 | Train Acc 91.727
LR: 0.0027743010804136474
Epoch:17/30
 * Loss 0.244 | Train Acc 91.587
LR: 0.0026158685572332855
Epoch:18/30
 * Loss 0.245 | Train Acc 91.667
LR: 0.0024499158928607727
Epoch:19/30
 * Loss 0.251 | Train Acc 91.406
LR: 0.0022769201706968945
Epoch:20/30
 * Loss 0.234 | Train Acc 92.147
LR: 0.0020973787216387683
Epoch:21/30
 * Loss 0.246 | Train Acc 91.707
LR: 0.0019118076943449456
Epoch:22/30
 * Loss 0.228 | Train Acc 92.188
LR: 0.0017207405714029067
Epoch:23/30
 * Loss 0.245 | Train Acc 91.567
LR: 0.0015247266356647002
Epoch:24/30
 * Loss 0.240 | Train Acc 92.027
LR: 0.0013243293911597263
Epoch:25/30
 * Loss 0.225 | Train Acc 92.328
LR: 0.0011201249431242457
Epoch:26/30
 * Loss 0.227 | Train Acc 92.548
LR: 0.0009127003418047438
Epoch:27/30
 * Loss 0.231 | Train Acc 91.987
LR: 0.0007026518947963905
Epoch:28/30
 * Loss 0.220 | Train Acc 92.668
LR: 0.0004905834527683376
Epoch:29/30
 * Loss 0.207 | Train Acc 93.069
LR: 0.0002771046735040541
Epoch:30/30
 * Loss 0.218 | Train Acc 92.548
Merging prompt ... 
=> Saving class model to: ./checkpoints/cifar-100-pa-apt/seed2/models/repeat-1/task-10/
=> Save Done
validation split name: 1 local = False
 * Val Acc 92.917, Total time 3.21
validation split name: 2 local = False
 * Val Acc 94.271, Total time 3.23
validation split name: 3 local = False
 * Val Acc 88.750, Total time 3.13
validation split name: 4 local = False
 * Val Acc 92.083, Total time 3.07
validation split name: 5 local = False
 * Val Acc 89.062, Total time 3.23
validation split name: 6 local = False
 * Val Acc 86.875, Total time 3.13
validation split name: 7 local = False
 * Val Acc 88.542, Total time 3.18
validation split name: 8 local = False
 * Val Acc 84.479, Total time 3.11
validation split name: 9 local = False
 * Val Acc 78.125, Total time 3.20
validation split name: 10 local = False
 * Val Acc 85.312, Total time 3.15
*****************************************
Incremental class: Old valid output dimension: 0
Incremental class: New Valid output dimension: 10
=> Load Done
===global validation====
test task 1, using model 1
validation split name: 1 local = False
 * Val Acc 99.062, Total time 3.13
Incremental class: Old valid output dimension: 10
Incremental class: New Valid output dimension: 20
=> Load Done
===global validation====
test task 1, using model 2
validation split name: 1 local = False
 * Val Acc 98.542, Total time 3.22
test task 2, using model 2
validation split name: 2 local = False
 * Val Acc 97.812, Total time 3.25
Incremental class: Old valid output dimension: 20
Incremental class: New Valid output dimension: 30
=> Load Done
===global validation====
test task 1, using model 3
validation split name: 1 local = False
 * Val Acc 98.542, Total time 3.18
test task 2, using model 3
validation split name: 2 local = False
 * Val Acc 97.292, Total time 3.24
test task 3, using model 3
validation split name: 3 local = False
 * Val Acc 96.458, Total time 3.11
Incremental class: Old valid output dimension: 30
Incremental class: New Valid output dimension: 40
=> Load Done
===global validation====
test task 1, using model 4
validation split name: 1 local = False
 * Val Acc 98.021, Total time 3.21
test task 2, using model 4
validation split name: 2 local = False
 * Val Acc 97.083, Total time 3.15
test task 3, using model 4
validation split name: 3 local = False
 * Val Acc 95.000, Total time 3.17
test task 4, using model 4
validation split name: 4 local = False
 * Val Acc 94.688, Total time 3.18
Incremental class: Old valid output dimension: 40
Incremental class: New Valid output dimension: 50
=> Load Done
===global validation====
test task 1, using model 5
validation split name: 1 local = False
 * Val Acc 97.604, Total time 3.09
test task 2, using model 5
validation split name: 2 local = False
 * Val Acc 96.562, Total time 3.07
test task 3, using model 5
validation split name: 3 local = False
 * Val Acc 94.062, Total time 3.08
test task 4, using model 5
validation split name: 4 local = False
 * Val Acc 94.375, Total time 3.08
test task 5, using model 5
validation split name: 5 local = False
 * Val Acc 91.146, Total time 3.07
Incremental class: Old valid output dimension: 50
Incremental class: New Valid output dimension: 60
=> Load Done
===global validation====
test task 1, using model 6
validation split name: 1 local = False
 * Val Acc 95.625, Total time 3.06
test task 2, using model 6
validation split name: 2 local = False
 * Val Acc 95.833, Total time 3.09
test task 3, using model 6
validation split name: 3 local = False
 * Val Acc 93.750, Total time 3.07
test task 4, using model 6
validation split name: 4 local = False
 * Val Acc 94.271, Total time 3.08
test task 5, using model 6
validation split name: 5 local = False
 * Val Acc 91.458, Total time 3.08
test task 6, using model 6
validation split name: 6 local = False
 * Val Acc 87.917, Total time 3.06
Incremental class: Old valid output dimension: 60
Incremental class: New Valid output dimension: 70
=> Load Done
===global validation====
test task 1, using model 7
validation split name: 1 local = False
 * Val Acc 95.000, Total time 3.08
test task 2, using model 7
validation split name: 2 local = False
 * Val Acc 95.417, Total time 3.08
test task 3, using model 7
validation split name: 3 local = False
 * Val Acc 93.333, Total time 3.08
test task 4, using model 7
validation split name: 4 local = False
 * Val Acc 93.542, Total time 3.10
test task 5, using model 7
validation split name: 5 local = False
 * Val Acc 91.354, Total time 3.20
test task 6, using model 7
validation split name: 6 local = False
 * Val Acc 87.188, Total time 3.27
test task 7, using model 7
validation split name: 7 local = False
 * Val Acc 88.542, Total time 3.23
Incremental class: Old valid output dimension: 70
Incremental class: New Valid output dimension: 80
=> Load Done
===global validation====
test task 1, using model 8
validation split name: 1 local = False
 * Val Acc 94.167, Total time 3.16
test task 2, using model 8
validation split name: 2 local = False
 * Val Acc 95.104, Total time 3.13
test task 3, using model 8
validation split name: 3 local = False
 * Val Acc 93.125, Total time 3.24
test task 4, using model 8
validation split name: 4 local = False
 * Val Acc 93.438, Total time 3.26
test task 5, using model 8
validation split name: 5 local = False
 * Val Acc 91.146, Total time 3.11
test task 6, using model 8
validation split name: 6 local = False
 * Val Acc 88.229, Total time 3.08
test task 7, using model 8
validation split name: 7 local = False
 * Val Acc 89.062, Total time 3.17
test task 8, using model 8
validation split name: 8 local = False
 * Val Acc 84.792, Total time 3.08
Incremental class: Old valid output dimension: 80
Incremental class: New Valid output dimension: 90
=> Load Done
===global validation====
test task 1, using model 9
validation split name: 1 local = False
 * Val Acc 94.375, Total time 3.09
test task 2, using model 9
validation split name: 2 local = False
 * Val Acc 94.167, Total time 3.08
test task 3, using model 9
validation split name: 3 local = False
 * Val Acc 89.271, Total time 3.17
test task 4, using model 9
validation split name: 4 local = False
 * Val Acc 92.292, Total time 3.19
test task 5, using model 9
validation split name: 5 local = False
 * Val Acc 89.792, Total time 3.07
test task 6, using model 9
validation split name: 6 local = False
 * Val Acc 88.333, Total time 3.08
test task 7, using model 9
validation split name: 7 local = False
 * Val Acc 88.646, Total time 3.09
test task 8, using model 9
validation split name: 8 local = False
 * Val Acc 84.271, Total time 3.09
test task 9, using model 9
validation split name: 9 local = False
 * Val Acc 77.708, Total time 3.10
Incremental class: Old valid output dimension: 90
Incremental class: New Valid output dimension: 100
=> Load Done
===global validation====
test task 1, using model 10
validation split name: 1 local = False
 * Val Acc 92.917, Total time 3.11
test task 2, using model 10
validation split name: 2 local = False
 * Val Acc 94.271, Total time 3.08
test task 3, using model 10
validation split name: 3 local = False
 * Val Acc 88.750, Total time 3.10
test task 4, using model 10
validation split name: 4 local = False
 * Val Acc 92.083, Total time 3.24
test task 5, using model 10
validation split name: 5 local = False
 * Val Acc 89.062, Total time 3.08
test task 6, using model 10
validation split name: 6 local = False
 * Val Acc 86.875, Total time 3.21
test task 7, using model 10
validation split name: 7 local = False
 * Val Acc 88.542, Total time 3.24
test task 8, using model 10
validation split name: 8 local = False
 * Val Acc 84.479, Total time 3.17
test task 9, using model 10
validation split name: 9 local = False
 * Val Acc 78.125, Total time 3.19
test task 10, using model 10
validation split name: 10 local = False
 * Val Acc 85.312, Total time 3.17
coda_forgetting= (np.float64(0.5049327601410929), np.float64(0.0))
general_forgetting= (np.float64(2.55787037037037), np.float64(0.0))
acctable, {'1': OrderedDict([('1', 99.0625), ('2', 98.54166666666667), ('3', 98.54166666666667), ('4', 98.02083333333333), ('5', 97.60416666666667), ('6', 95.625), ('7', 95.0), ('8', 94.16666666666667), ('9', 94.375), ('10', 92.91666666666667)]), '2': OrderedDict([('2', 97.8125), ('3', 97.29166666666667), ('4', 97.08333333333333), ('5', 96.5625), ('6', 95.83333333333333), ('7', 95.41666666666667), ('8', 95.10416666666667), ('9', 94.16666666666667), ('10', 94.27083333333333)]), '3': OrderedDict([('3', 96.45833333333333), ('4', 95.0), ('5', 94.0625), ('6', 93.75), ('7', 93.33333333333333), ('8', 93.125), ('9', 89.27083333333333), ('10', 88.75)]), '4': OrderedDict([('4', 94.6875), ('5', 94.375), ('6', 94.27083333333333), ('7', 93.54166666666667), ('8', 93.4375), ('9', 92.29166666666667), ('10', 92.08333333333333)]), '5': OrderedDict([('5', 91.14583333333333), ('6', 91.45833333333333), ('7', 91.35416666666667), ('8', 91.14583333333333), ('9', 89.79166666666667), ('10', 89.0625)]), '6': OrderedDict([('6', 87.91666666666667), ('7', 87.1875), ('8', 88.22916666666667), ('9', 88.33333333333333), ('10', 86.875)]), '7': OrderedDict([('7', 88.54166666666667), ('8', 89.0625), ('9', 88.64583333333333), ('10', 88.54166666666667)]), '8': OrderedDict([('8', 84.79166666666667), ('9', 84.27083333333333), ('10', 84.47916666666667)]), '9': OrderedDict([('9', 77.70833333333333), ('10', 78.125)]), '10': OrderedDict([('10', 85.3125)])}
dropmatrix: [[99.0625, 98.54166666666667, 98.54166666666667, 98.02083333333333, 97.60416666666667, 95.625, 95.0, 94.16666666666667, 94.375, 92.91666666666667], [97.8125, 97.29166666666667, 97.08333333333333, 96.5625, 95.83333333333333, 95.41666666666667, 95.10416666666667, 94.16666666666667, 94.27083333333333], [96.45833333333333, 95.0, 94.0625, 93.75, 93.33333333333333, 93.125, 89.27083333333333, 88.75], [94.6875, 94.375, 94.27083333333333, 93.54166666666667, 93.4375, 92.29166666666667, 92.08333333333333], [91.14583333333333, 91.45833333333333, 91.35416666666667, 91.14583333333333, 89.79166666666667, 89.0625], [87.91666666666667, 87.1875, 88.22916666666667, 88.33333333333333, 86.875], [88.54166666666667, 89.0625, 88.64583333333333, 88.54166666666667], [84.79166666666667, 84.27083333333333, 84.47916666666667], [77.70833333333333, 78.125], [85.3125]]
global acc [[99.0625    ]
 [98.17708333]
 [97.43055556]
 [96.19791667]
 [94.75      ]
 [93.14236111]
 [92.05357143]
 [91.1328125 ]
 [88.76157407]
 [88.04166667]]
pt acc [[[99.0625    ]
  [98.54166667]
  [98.54166667]
  [98.02083333]
  [97.60416667]
  [95.625     ]
  [95.        ]
  [94.16666667]
  [94.375     ]
  [92.91666667]]

 [[ 0.        ]
  [97.8125    ]
  [97.29166667]
  [97.08333333]
  [96.5625    ]
  [95.83333333]
  [95.41666667]
  [95.10416667]
  [94.16666667]
  [94.27083333]]

 [[ 0.        ]
  [ 0.        ]
  [96.45833333]
  [95.        ]
  [94.0625    ]
  [93.75      ]
  [93.33333333]
  [93.125     ]
  [89.27083333]
  [88.75      ]]

 [[ 0.        ]
  [ 0.        ]
  [ 0.        ]
  [94.6875    ]
  [94.375     ]
  [94.27083333]
  [93.54166667]
  [93.4375    ]
  [92.29166667]
  [92.08333333]]

 [[ 0.        ]
  [ 0.        ]
  [ 0.        ]
  [ 0.        ]
  [91.14583333]
  [91.45833333]
  [91.35416667]
  [91.14583333]
  [89.79166667]
  [89.0625    ]]

 [[ 0.        ]
  [ 0.        ]
  [ 0.        ]
  [ 0.        ]
  [ 0.        ]
  [87.91666667]
  [87.1875    ]
  [88.22916667]
  [88.33333333]
  [86.875     ]]

 [[ 0.        ]
  [ 0.        ]
  [ 0.        ]
  [ 0.        ]
  [ 0.        ]
  [ 0.        ]
  [88.54166667]
  [89.0625    ]
  [88.64583333]
  [88.54166667]]

 [[ 0.        ]
  [ 0.        ]
  [ 0.        ]
  [ 0.        ]
  [ 0.        ]
  [ 0.        ]
  [ 0.        ]
  [84.79166667]
  [84.27083333]
  [84.47916667]]

 [[ 0.        ]
  [ 0.        ]
  [ 0.        ]
  [ 0.        ]
  [ 0.        ]
  [ 0.        ]
  [ 0.        ]
  [ 0.        ]
  [77.70833333]
  [78.125     ]]

 [[ 0.        ]
  [ 0.        ]
  [ 0.        ]
  [ 0.        ]
  [ 0.        ]
  [ 0.        ]
  [ 0.        ]
  [ 0.        ]
  [ 0.        ]
  [85.3125    ]]]
===Summary of experiment repeats: 1 / 1 ===
acc  | mean: 88.04166666666666 std: 0.0
88.04 \pm 0.0
time  | mean: 0.12341552830149985 std: 0.0
0.12 \pm 0.0
[]
/root/miniconda3/envs/apt/lib/python3.10/site-packages/numpy/_core/fromnumeric.py:3860: RuntimeWarning: Mean of empty slice.
  return _methods._mean(a, axis=axis, dtype=dtype,
/root/miniconda3/envs/apt/lib/python3.10/site-packages/numpy/_core/_methods.py:145: RuntimeWarning: invalid value encountered in scalar divide
  ret = ret.dtype.type(ret / rcount)
/root/miniconda3/envs/apt/lib/python3.10/site-packages/numpy/_core/_methods.py:223: RuntimeWarning: Degrees of freedom <= 0 for slice
  ret = _var(a, axis=axis, dtype=dtype, out=out, ddof=ddof,
/root/miniconda3/envs/apt/lib/python3.10/site-packages/numpy/_core/_methods.py:181: RuntimeWarning: invalid value encountered in divide
  arrmean = um.true_divide(arrmean, div, out=arrmean,
/root/miniconda3/envs/apt/lib/python3.10/site-packages/numpy/_core/_methods.py:215: RuntimeWarning: invalid value encountered in scalar divide
  ret = ret.dtype.type(ret / rcount)
forgetting , nan \pm nan
