Namespace(dataset='CIFAR100', first_split_size=10, other_split_size=10, schedule_type='cosine', optimizer='Adam', momentum=0.9, weight_decay=0, model_type='zoo', model_name='vit_pt_imnet', max_task=-1, dataroot='data', workers=4, validation=False, train_aug=True, rand_split=True, gpuid=[0], log_dir='./checkpoints/cifar-100-pa-apt/seed3', learner_type='pa_apt', learner_name='PA_APT_Learner', debug_mode=0, repeat=1, overwrite=0, oracle_flag=False, upper_bound_flag=False, memory=0, temp=2.0, DW=False, prompt_param=['0.01'], seed=3, batch_size=64, lr=0.004, ema_coeff=0.7, schedule=30, config='configs/cifar-100_pa_apt.yaml')
************************************
* STARTING TRIAL 1
************************************
=============================================
Shuffling....seed is 3
pre-shuffle:[0, 1, 2, 3, 4, 5, 6, 7, 8, 9, 10, 11, 12, 13, 14, 15, 16, 17, 18, 19, 20, 21, 22, 23, 24, 25, 26, 27, 28, 29, 30, 31, 32, 33, 34, 35, 36, 37, 38, 39, 40, 41, 42, 43, 44, 45, 46, 47, 48, 49, 50, 51, 52, 53, 54, 55, 56, 57, 58, 59, 60, 61, 62, 63, 64, 65, 66, 67, 68, 69, 70, 71, 72, 73, 74, 75, 76, 77, 78, 79, 80, 81, 82, 83, 84, 85, 86, 87, 88, 89, 90, 91, 92, 93, 94, 95, 96, 97, 98, 99]
post-shuffle:[35, 41, 45, 4, 76, 12, 0, 64, 42, 11, 81, 39, 7, 48, 78, 15, 53, 62, 9, 52, 68, 55, 63, 65, 61, 67, 95, 18, 58, 86, 99, 92, 10, 17, 72, 21, 14, 44, 37, 91, 22, 59, 83, 32, 26, 98, 40, 27, 43, 96, 13, 31, 57, 2, 6, 23, 56, 71, 28, 36, 51, 46, 25, 54, 73, 79, 34, 3, 38, 5, 20, 90, 88, 49, 66, 89, 84, 19, 50, 82, 85, 97, 87, 24, 29, 70, 33, 93, 1, 94, 8, 74, 80, 60, 77, 47, 16, 69, 75, 30]
=============================================
Files already downloaded and verified
*****************************************
====================== 1 =======================
Incremental class: Old valid output dimension: 0
Incremental class: New Valid output dimension: 10
/root/miniconda3/envs/apt/lib/python3.10/site-packages/torch/utils/data/dataloader.py:557: UserWarning: This DataLoader will create 4 worker processes in total. Our suggested max number of worker in current system is 3, which is smaller than what this DataLoader is going to create. Please be aware that excessive worker creation might get DataLoader running slow or even freeze, lower the worker number to avoid potential slowness/freeze if necessary.
  warnings.warn(_create_warning_msg(
Overwriting ...
/root/dl_project/Additive-Prompt-Tuning/learners/default.py:239: FutureWarning: You are using `torch.load` with `weights_only=False` (the current default value), which uses the default pickle module implicitly. It is possible to construct malicious pickle data which will execute arbitrary code during unpickling (See https://github.com/pytorch/pytorch/blob/main/SECURITY.md#untrusted-models for more details). In a future release, the default value for `weights_only` will be flipped to `True`. This limits the functions that could be executed during unpickling. Arbitrary objects will no longer be allowed to be loaded via this mode unless they are explicitly allowlisted by the user via `torch.serialization.add_safe_globals`. We recommend you start setting `weights_only=True` for any use case where you don't have full control of the loaded file. Please open an issue on GitHub for any issues related to this experimental feature.
  model_dict = torch.load(filename + 'class.pth')
Optimizer is reset!
*****************************************
LR: 0.004
Epoch:1/30
 * Loss 0.743 | Train Acc 74.079
LR: 0.004
Epoch:2/30
 * Loss 0.495 | Train Acc 82.051
LR: 0.003994250367686589
Epoch:3/30
 * Loss 0.432 | Train Acc 84.776
LR: 0.003977017999882228
Epoch:4/30
 * Loss 0.412 | Train Acc 85.677
LR: 0.0039483524364762965
Epoch:5/30
 * Loss 0.389 | Train Acc 86.538
LR: 0.003908336085693616
Epoch:6/30
 * Loss 0.388 | Train Acc 86.358
LR: 0.00385708398718595
Epoch:7/30
 * Loss 0.376 | Train Acc 86.418
LR: 0.003794743481314153
Epoch:8/30
 * Loss 0.353 | Train Acc 87.280
LR: 0.003721493785571721
Epoch:9/30
 * Loss 0.333 | Train Acc 88.141
LR: 0.00363754547936745
Epoch:10/30
 * Loss 0.362 | Train Acc 86.959
LR: 0.003543139898648343
Epoch:11/30
 * Loss 0.325 | Train Acc 88.702
LR: 0.003438548442103134
Epoch:12/30
 * Loss 0.332 | Train Acc 88.602
LR: 0.0033240717909409543
Epoch:13/30
 * Loss 0.322 | Train Acc 88.702
LR: 0.003200039044488128
Epoch:14/30
 * Loss 0.331 | Train Acc 88.141
LR: 0.00306680677408812
Epoch:15/30
 * Loss 0.303 | Train Acc 89.383
LR: 0.0029247579980244704
Epoch:16/30
 * Loss 0.308 | Train Acc 89.503
LR: 0.0027743010804136474
Epoch:17/30
 * Loss 0.322 | Train Acc 89.083
LR: 0.0026158685572332855
Epoch:18/30
 * Loss 0.323 | Train Acc 88.462
LR: 0.0024499158928607727
Epoch:19/30
 * Loss 0.310 | Train Acc 89.143
LR: 0.0022769201706968945
Epoch:20/30
 * Loss 0.295 | Train Acc 89.784
LR: 0.0020973787216387683
Epoch:21/30
 * Loss 0.291 | Train Acc 89.523
LR: 0.0019118076943449456
Epoch:22/30
 * Loss 0.297 | Train Acc 89.663
LR: 0.0017207405714029067
Epoch:23/30
 * Loss 0.294 | Train Acc 89.764
LR: 0.0015247266356647002
Epoch:24/30
 * Loss 0.289 | Train Acc 90.184
LR: 0.0013243293911597263
Epoch:25/30
 * Loss 0.279 | Train Acc 90.264
LR: 0.0011201249431242457
Epoch:26/30
 * Loss 0.294 | Train Acc 89.784
LR: 0.0009127003418047438
Epoch:27/30
 * Loss 0.291 | Train Acc 89.483
LR: 0.0007026518947963905
Epoch:28/30
 * Loss 0.284 | Train Acc 89.683
LR: 0.0004905834527683376
Epoch:29/30
 * Loss 0.279 | Train Acc 89.864
LR: 0.0002771046735040541
Epoch:30/30
 * Loss 0.280 | Train Acc 89.944
=> Saving class model to: ./checkpoints/cifar-100-pa-apt/seed3/models/repeat-1/task-1/
=> Save Done
validation split name: 1 local = False
 * Val Acc 96.771, Total time 3.14
====================== 2 =======================
Incremental class: Old valid output dimension: 10
Incremental class: New Valid output dimension: 20
Overwriting ...
Optimizer is reset!
*****************************************
LR: 0.004
Epoch:1/30
 * Loss 0.308 | Train Acc 90.785
LR: 0.004
Epoch:2/30
 * Loss 0.173 | Train Acc 94.611
LR: 0.003994250367686589
Epoch:3/30
 * Loss 0.195 | Train Acc 93.790
LR: 0.003977017999882228
Epoch:4/30
 * Loss 0.176 | Train Acc 94.371
LR: 0.0039483524364762965
Epoch:5/30
 * Loss 0.176 | Train Acc 94.431
LR: 0.003908336085693616
Epoch:6/30
 * Loss 0.171 | Train Acc 94.491
LR: 0.00385708398718595
Epoch:7/30
 * Loss 0.147 | Train Acc 95.513
LR: 0.003794743481314153
Epoch:8/30
 * Loss 0.166 | Train Acc 94.692
LR: 0.003721493785571721
Epoch:9/30
 * Loss 0.172 | Train Acc 94.491
LR: 0.00363754547936745
Epoch:10/30
 * Loss 0.168 | Train Acc 94.872
LR: 0.003543139898648343
Epoch:11/30
 * Loss 0.149 | Train Acc 95.112
LR: 0.003438548442103134
Epoch:12/30
 * Loss 0.143 | Train Acc 95.373
LR: 0.0033240717909409543
Epoch:13/30
 * Loss 0.149 | Train Acc 95.473
LR: 0.003200039044488128
Epoch:14/30
 * Loss 0.140 | Train Acc 95.533
LR: 0.00306680677408812
Epoch:15/30
 * Loss 0.149 | Train Acc 95.393
LR: 0.0029247579980244704
Epoch:16/30
 * Loss 0.145 | Train Acc 95.292
LR: 0.0027743010804136474
Epoch:17/30
 * Loss 0.145 | Train Acc 95.232
LR: 0.0026158685572332855
Epoch:18/30
 * Loss 0.142 | Train Acc 95.493
LR: 0.0024499158928607727
Epoch:19/30
 * Loss 0.125 | Train Acc 95.913
LR: 0.0022769201706968945
Epoch:20/30
 * Loss 0.136 | Train Acc 95.353
LR: 0.0020973787216387683
Epoch:21/30
 * Loss 0.139 | Train Acc 95.653
LR: 0.0019118076943449456
Epoch:22/30
 * Loss 0.135 | Train Acc 95.693
LR: 0.0017207405714029067
Epoch:23/30
 * Loss 0.140 | Train Acc 95.553
LR: 0.0015247266356647002
Epoch:24/30
 * Loss 0.137 | Train Acc 95.453
LR: 0.0013243293911597263
Epoch:25/30
 * Loss 0.123 | Train Acc 96.014
LR: 0.0011201249431242457
Epoch:26/30
 * Loss 0.143 | Train Acc 95.353
LR: 0.0009127003418047438
Epoch:27/30
 * Loss 0.129 | Train Acc 95.673
LR: 0.0007026518947963905
Epoch:28/30
 * Loss 0.135 | Train Acc 95.733
LR: 0.0004905834527683376
Epoch:29/30
 * Loss 0.124 | Train Acc 95.994
LR: 0.0002771046735040541
Epoch:30/30
 * Loss 0.127 | Train Acc 95.913
Merging prompt ... 
=> Saving class model to: ./checkpoints/cifar-100-pa-apt/seed3/models/repeat-1/task-2/
=> Save Done
validation split name: 1 local = False
 * Val Acc 96.146, Total time 3.11
validation split name: 2 local = False
 * Val Acc 98.958, Total time 3.04
====================== 3 =======================
Incremental class: Old valid output dimension: 20
Incremental class: New Valid output dimension: 30
Overwriting ...
Optimizer is reset!
*****************************************
LR: 0.004
Epoch:1/30
 * Loss 0.467 | Train Acc 85.337
LR: 0.004
Epoch:2/30
 * Loss 0.312 | Train Acc 89.724
LR: 0.003994250367686589
Epoch:3/30
 * Loss 0.312 | Train Acc 89.623
LR: 0.003977017999882228
Epoch:4/30
 * Loss 0.298 | Train Acc 90.445
LR: 0.0039483524364762965
Epoch:5/30
 * Loss 0.303 | Train Acc 90.405
LR: 0.003908336085693616
Epoch:6/30
 * Loss 0.288 | Train Acc 91.106
LR: 0.00385708398718595
Epoch:7/30
 * Loss 0.280 | Train Acc 90.966
LR: 0.003794743481314153
Epoch:8/30
 * Loss 0.265 | Train Acc 90.986
LR: 0.003721493785571721
Epoch:9/30
 * Loss 0.289 | Train Acc 90.485
LR: 0.00363754547936745
Epoch:10/30
 * Loss 0.254 | Train Acc 91.667
LR: 0.003543139898648343
Epoch:11/30
 * Loss 0.267 | Train Acc 91.546
LR: 0.003438548442103134
Epoch:12/30
 * Loss 0.259 | Train Acc 91.466
LR: 0.0033240717909409543
Epoch:13/30
 * Loss 0.255 | Train Acc 91.647
LR: 0.003200039044488128
Epoch:14/30
 * Loss 0.264 | Train Acc 91.186
LR: 0.00306680677408812
Epoch:15/30
 * Loss 0.264 | Train Acc 91.567
LR: 0.0029247579980244704
Epoch:16/30
 * Loss 0.258 | Train Acc 91.346
LR: 0.0027743010804136474
Epoch:17/30
 * Loss 0.257 | Train Acc 91.627
LR: 0.0026158685572332855
Epoch:18/30
 * Loss 0.249 | Train Acc 91.827
LR: 0.0024499158928607727
Epoch:19/30
 * Loss 0.247 | Train Acc 91.927
LR: 0.0022769201706968945
Epoch:20/30
 * Loss 0.243 | Train Acc 91.907
LR: 0.0020973787216387683
Epoch:21/30
 * Loss 0.241 | Train Acc 92.147
LR: 0.0019118076943449456
Epoch:22/30
 * Loss 0.236 | Train Acc 92.047
LR: 0.0017207405714029067
Epoch:23/30
 * Loss 0.250 | Train Acc 91.847
LR: 0.0015247266356647002
Epoch:24/30
 * Loss 0.230 | Train Acc 92.308
LR: 0.0013243293911597263
Epoch:25/30
 * Loss 0.235 | Train Acc 92.147
LR: 0.0011201249431242457
Epoch:26/30
 * Loss 0.225 | Train Acc 92.468
LR: 0.0009127003418047438
Epoch:27/30
 * Loss 0.245 | Train Acc 91.747
LR: 0.0007026518947963905
Epoch:28/30
 * Loss 0.248 | Train Acc 91.366
LR: 0.0004905834527683376
Epoch:29/30
 * Loss 0.212 | Train Acc 93.129
LR: 0.0002771046735040541
Epoch:30/30
 * Loss 0.220 | Train Acc 92.929
Merging prompt ... 
=> Saving class model to: ./checkpoints/cifar-100-pa-apt/seed3/models/repeat-1/task-3/
=> Save Done
validation split name: 1 local = False
 * Val Acc 95.521, Total time 3.07
validation split name: 2 local = False
 * Val Acc 98.750, Total time 3.18
validation split name: 3 local = False
 * Val Acc 94.479, Total time 3.09
====================== 4 =======================
Incremental class: Old valid output dimension: 30
Incremental class: New Valid output dimension: 40
Overwriting ...
Optimizer is reset!
*****************************************
LR: 0.004
Epoch:1/30
 * Loss 0.481 | Train Acc 84.495
LR: 0.004
Epoch:2/30
 * Loss 0.340 | Train Acc 88.662
LR: 0.003994250367686589
Epoch:3/30
 * Loss 0.314 | Train Acc 89.643
LR: 0.003977017999882228
Epoch:4/30
 * Loss 0.296 | Train Acc 90.445
LR: 0.0039483524364762965
Epoch:5/30
 * Loss 0.300 | Train Acc 90.224
LR: 0.003908336085693616
Epoch:6/30
 * Loss 0.313 | Train Acc 89.503
LR: 0.00385708398718595
Epoch:7/30
 * Loss 0.289 | Train Acc 89.804
LR: 0.003794743481314153
Epoch:8/30
 * Loss 0.291 | Train Acc 90.405
LR: 0.003721493785571721
Epoch:9/30
 * Loss 0.293 | Train Acc 89.864
LR: 0.00363754547936745
Epoch:10/30
 * Loss 0.263 | Train Acc 91.546
LR: 0.003543139898648343
Epoch:11/30
 * Loss 0.282 | Train Acc 90.645
LR: 0.003438548442103134
Epoch:12/30
 * Loss 0.273 | Train Acc 90.865
LR: 0.0033240717909409543
Epoch:13/30
 * Loss 0.256 | Train Acc 91.486
LR: 0.003200039044488128
Epoch:14/30
 * Loss 0.246 | Train Acc 92.087
LR: 0.00306680677408812
Epoch:15/30
 * Loss 0.243 | Train Acc 92.007
LR: 0.0029247579980244704
Epoch:16/30
 * Loss 0.270 | Train Acc 91.006
LR: 0.0027743010804136474
Epoch:17/30
 * Loss 0.253 | Train Acc 91.406
LR: 0.0026158685572332855
Epoch:18/30
 * Loss 0.259 | Train Acc 91.747
LR: 0.0024499158928607727
Epoch:19/30
 * Loss 0.262 | Train Acc 91.326
LR: 0.0022769201706968945
Epoch:20/30
 * Loss 0.251 | Train Acc 91.967
LR: 0.0020973787216387683
Epoch:21/30
 * Loss 0.234 | Train Acc 92.568
LR: 0.0019118076943449456
Epoch:22/30
 * Loss 0.251 | Train Acc 91.687
LR: 0.0017207405714029067
Epoch:23/30
 * Loss 0.240 | Train Acc 92.428
LR: 0.0015247266356647002
Epoch:24/30
 * Loss 0.215 | Train Acc 92.668
LR: 0.0013243293911597263
Epoch:25/30
 * Loss 0.251 | Train Acc 91.947
LR: 0.0011201249431242457
Epoch:26/30
 * Loss 0.251 | Train Acc 91.687
LR: 0.0009127003418047438
Epoch:27/30
 * Loss 0.232 | Train Acc 92.308
LR: 0.0007026518947963905
Epoch:28/30
 * Loss 0.232 | Train Acc 92.348
LR: 0.0004905834527683376
Epoch:29/30
 * Loss 0.230 | Train Acc 92.288
LR: 0.0002771046735040541
Epoch:30/30
 * Loss 0.233 | Train Acc 92.047
Merging prompt ... 
=> Saving class model to: ./checkpoints/cifar-100-pa-apt/seed3/models/repeat-1/task-4/
=> Save Done
validation split name: 1 local = False
 * Val Acc 95.104, Total time 3.14
validation split name: 2 local = False
 * Val Acc 97.917, Total time 3.11
validation split name: 3 local = False
 * Val Acc 92.708, Total time 3.14
validation split name: 4 local = False
 * Val Acc 92.083, Total time 3.15
====================== 5 =======================
Incremental class: Old valid output dimension: 40
Incremental class: New Valid output dimension: 50
Overwriting ...
Optimizer is reset!
*****************************************
LR: 0.004
Epoch:1/30
 * Loss 0.444 | Train Acc 85.296
LR: 0.004
Epoch:2/30
 * Loss 0.324 | Train Acc 89.203
LR: 0.003994250367686589
Epoch:3/30
 * Loss 0.311 | Train Acc 89.543
LR: 0.003977017999882228
Epoch:4/30
 * Loss 0.281 | Train Acc 90.785
LR: 0.0039483524364762965
Epoch:5/30
 * Loss 0.287 | Train Acc 90.605
LR: 0.003908336085693616
Epoch:6/30
 * Loss 0.292 | Train Acc 90.385
LR: 0.00385708398718595
Epoch:7/30
 * Loss 0.275 | Train Acc 90.725
LR: 0.003794743481314153
Epoch:8/30
 * Loss 0.287 | Train Acc 90.725
LR: 0.003721493785571721
Epoch:9/30
 * Loss 0.277 | Train Acc 90.925
LR: 0.00363754547936745
Epoch:10/30
 * Loss 0.275 | Train Acc 90.885
LR: 0.003543139898648343
Epoch:11/30
 * Loss 0.259 | Train Acc 91.306
LR: 0.003438548442103134
Epoch:12/30
 * Loss 0.258 | Train Acc 91.326
LR: 0.0033240717909409543
Epoch:13/30
 * Loss 0.268 | Train Acc 91.146
LR: 0.003200039044488128
Epoch:14/30
 * Loss 0.242 | Train Acc 91.667
LR: 0.00306680677408812
Epoch:15/30
 * Loss 0.256 | Train Acc 91.206
LR: 0.0029247579980244704
Epoch:16/30
 * Loss 0.243 | Train Acc 91.787
LR: 0.0027743010804136474
Epoch:17/30
 * Loss 0.246 | Train Acc 91.486
LR: 0.0026158685572332855
Epoch:18/30
 * Loss 0.252 | Train Acc 91.687
LR: 0.0024499158928607727
Epoch:19/30
 * Loss 0.233 | Train Acc 92.408
LR: 0.0022769201706968945
Epoch:20/30
 * Loss 0.252 | Train Acc 91.667
LR: 0.0020973787216387683
Epoch:21/30
 * Loss 0.241 | Train Acc 91.927
LR: 0.0019118076943449456
Epoch:22/30
 * Loss 0.246 | Train Acc 91.526
LR: 0.0017207405714029067
Epoch:23/30
 * Loss 0.245 | Train Acc 92.027
LR: 0.0015247266356647002
Epoch:24/30
 * Loss 0.244 | Train Acc 92.228
LR: 0.0013243293911597263
Epoch:25/30
 * Loss 0.218 | Train Acc 92.788
LR: 0.0011201249431242457
Epoch:26/30
 * Loss 0.236 | Train Acc 91.927
LR: 0.0009127003418047438
Epoch:27/30
 * Loss 0.220 | Train Acc 92.228
LR: 0.0007026518947963905
Epoch:28/30
 * Loss 0.237 | Train Acc 92.047
LR: 0.0004905834527683376
Epoch:29/30
 * Loss 0.226 | Train Acc 92.348
LR: 0.0002771046735040541
Epoch:30/30
 * Loss 0.224 | Train Acc 92.508
Merging prompt ... 
=> Saving class model to: ./checkpoints/cifar-100-pa-apt/seed3/models/repeat-1/task-5/
=> Save Done
validation split name: 1 local = False
 * Val Acc 91.667, Total time 3.06
validation split name: 2 local = False
 * Val Acc 97.500, Total time 3.04
validation split name: 3 local = False
 * Val Acc 92.708, Total time 3.03
validation split name: 4 local = False
 * Val Acc 93.125, Total time 3.08
validation split name: 5 local = False
 * Val Acc 87.083, Total time 3.07
====================== 6 =======================
Incremental class: Old valid output dimension: 50
Incremental class: New Valid output dimension: 60
Overwriting ...
Optimizer is reset!
*****************************************
LR: 0.004
Epoch:1/30
 * Loss 0.382 | Train Acc 87.720
LR: 0.004
Epoch:2/30
 * Loss 0.248 | Train Acc 91.587
LR: 0.003994250367686589
Epoch:3/30
 * Loss 0.240 | Train Acc 91.927
LR: 0.003977017999882228
Epoch:4/30
 * Loss 0.237 | Train Acc 91.867
LR: 0.0039483524364762965
Epoch:5/30
 * Loss 0.239 | Train Acc 92.107
LR: 0.003908336085693616
Epoch:6/30
 * Loss 0.222 | Train Acc 92.869
LR: 0.00385708398718595
Epoch:7/30
 * Loss 0.236 | Train Acc 92.167
LR: 0.003794743481314153
Epoch:8/30
 * Loss 0.217 | Train Acc 92.808
LR: 0.003721493785571721
Epoch:9/30
 * Loss 0.236 | Train Acc 92.208
LR: 0.00363754547936745
Epoch:10/30
 * Loss 0.207 | Train Acc 93.029
LR: 0.003543139898648343
Epoch:11/30
 * Loss 0.209 | Train Acc 93.530
LR: 0.003438548442103134
Epoch:12/30
 * Loss 0.209 | Train Acc 93.209
LR: 0.0033240717909409543
Epoch:13/30
 * Loss 0.220 | Train Acc 92.909
LR: 0.003200039044488128
Epoch:14/30
 * Loss 0.220 | Train Acc 92.588
LR: 0.00306680677408812
Epoch:15/30
 * Loss 0.197 | Train Acc 93.450
LR: 0.0029247579980244704
Epoch:16/30
 * Loss 0.195 | Train Acc 93.309
LR: 0.0027743010804136474
Epoch:17/30
 * Loss 0.198 | Train Acc 93.309
LR: 0.0026158685572332855
Epoch:18/30
 * Loss 0.191 | Train Acc 93.530
LR: 0.0024499158928607727
Epoch:19/30
 * Loss 0.192 | Train Acc 93.690
LR: 0.0022769201706968945
Epoch:20/30
 * Loss 0.190 | Train Acc 93.850
LR: 0.0020973787216387683
Epoch:21/30
 * Loss 0.205 | Train Acc 93.289
LR: 0.0019118076943449456
Epoch:22/30
 * Loss 0.188 | Train Acc 94.111
LR: 0.0017207405714029067
Epoch:23/30
 * Loss 0.192 | Train Acc 93.670
LR: 0.0015247266356647002
Epoch:24/30
 * Loss 0.191 | Train Acc 93.630
LR: 0.0013243293911597263
Epoch:25/30
 * Loss 0.182 | Train Acc 94.311
LR: 0.0011201249431242457
Epoch:26/30
 * Loss 0.190 | Train Acc 93.810
LR: 0.0009127003418047438
Epoch:27/30
 * Loss 0.185 | Train Acc 93.950
LR: 0.0007026518947963905
Epoch:28/30
 * Loss 0.188 | Train Acc 93.570
LR: 0.0004905834527683376
Epoch:29/30
 * Loss 0.183 | Train Acc 93.730
LR: 0.0002771046735040541
Epoch:30/30
 * Loss 0.176 | Train Acc 94.411
Merging prompt ... 
=> Saving class model to: ./checkpoints/cifar-100-pa-apt/seed3/models/repeat-1/task-6/
=> Save Done
validation split name: 1 local = False
 * Val Acc 87.604, Total time 3.05
validation split name: 2 local = False
 * Val Acc 96.458, Total time 3.10
validation split name: 3 local = False
 * Val Acc 92.812, Total time 3.13
validation split name: 4 local = False
 * Val Acc 93.021, Total time 3.04
validation split name: 5 local = False
 * Val Acc 87.500, Total time 3.06
validation split name: 6 local = False
 * Val Acc 89.688, Total time 3.03
====================== 7 =======================
Incremental class: Old valid output dimension: 60
Incremental class: New Valid output dimension: 70
Overwriting ...
Optimizer is reset!
*****************************************
LR: 0.004
Epoch:1/30
 * Loss 0.450 | Train Acc 85.377
LR: 0.004
Epoch:2/30
 * Loss 0.320 | Train Acc 89.363
LR: 0.003994250367686589
Epoch:3/30
 * Loss 0.307 | Train Acc 89.844
LR: 0.003977017999882228
Epoch:4/30
 * Loss 0.311 | Train Acc 89.704
LR: 0.0039483524364762965
Epoch:5/30
 * Loss 0.291 | Train Acc 90.304
LR: 0.003908336085693616
Epoch:6/30
 * Loss 0.270 | Train Acc 90.986
LR: 0.00385708398718595
Epoch:7/30
 * Loss 0.285 | Train Acc 90.725
LR: 0.003794743481314153
Epoch:8/30
 * Loss 0.284 | Train Acc 90.465
LR: 0.003721493785571721
Epoch:9/30
 * Loss 0.270 | Train Acc 91.226
LR: 0.00363754547936745
Epoch:10/30
 * Loss 0.270 | Train Acc 91.126
LR: 0.003543139898648343
Epoch:11/30
 * Loss 0.255 | Train Acc 91.506
LR: 0.003438548442103134
Epoch:12/30
 * Loss 0.246 | Train Acc 91.747
LR: 0.0033240717909409543
Epoch:13/30
 * Loss 0.253 | Train Acc 91.587
LR: 0.003200039044488128
Epoch:14/30
 * Loss 0.243 | Train Acc 92.047
LR: 0.00306680677408812
Epoch:15/30
 * Loss 0.255 | Train Acc 91.947
LR: 0.0029247579980244704
Epoch:16/30
 * Loss 0.228 | Train Acc 92.288
LR: 0.0027743010804136474
Epoch:17/30
 * Loss 0.262 | Train Acc 91.526
LR: 0.0026158685572332855
Epoch:18/30
 * Loss 0.243 | Train Acc 91.827
LR: 0.0024499158928607727
Epoch:19/30
 * Loss 0.244 | Train Acc 91.767
LR: 0.0022769201706968945
Epoch:20/30
 * Loss 0.246 | Train Acc 91.787
LR: 0.0020973787216387683
Epoch:21/30
 * Loss 0.236 | Train Acc 92.208
LR: 0.0019118076943449456
Epoch:22/30
 * Loss 0.246 | Train Acc 91.967
LR: 0.0017207405714029067
Epoch:23/30
 * Loss 0.225 | Train Acc 92.869
LR: 0.0015247266356647002
Epoch:24/30
 * Loss 0.246 | Train Acc 91.466
LR: 0.0013243293911597263
Epoch:25/30
 * Loss 0.228 | Train Acc 92.027
LR: 0.0011201249431242457
Epoch:26/30
 * Loss 0.243 | Train Acc 91.767
LR: 0.0009127003418047438
Epoch:27/30
 * Loss 0.221 | Train Acc 92.428
LR: 0.0007026518947963905
Epoch:28/30
 * Loss 0.239 | Train Acc 92.147
LR: 0.0004905834527683376
Epoch:29/30
 * Loss 0.219 | Train Acc 92.228
LR: 0.0002771046735040541
Epoch:30/30
 * Loss 0.239 | Train Acc 91.707
Merging prompt ... 
=> Saving class model to: ./checkpoints/cifar-100-pa-apt/seed3/models/repeat-1/task-7/
=> Save Done
validation split name: 1 local = False
 * Val Acc 84.896, Total time 3.05
validation split name: 2 local = False
 * Val Acc 96.146, Total time 3.05
validation split name: 3 local = False
 * Val Acc 91.042, Total time 3.07
validation split name: 4 local = False
 * Val Acc 92.604, Total time 3.04
validation split name: 5 local = False
 * Val Acc 87.396, Total time 3.09
validation split name: 6 local = False
 * Val Acc 90.208, Total time 3.10
validation split name: 7 local = False
 * Val Acc 94.688, Total time 3.05
====================== 8 =======================
Incremental class: Old valid output dimension: 70
Incremental class: New Valid output dimension: 80
Overwriting ...
Optimizer is reset!
*****************************************
LR: 0.004
Epoch:1/30
 * Loss 0.383 | Train Acc 87.119
LR: 0.004
Epoch:2/30
 * Loss 0.258 | Train Acc 91.266
LR: 0.003994250367686589
Epoch:3/30
 * Loss 0.252 | Train Acc 91.326
LR: 0.003977017999882228
Epoch:4/30
 * Loss 0.252 | Train Acc 91.727
LR: 0.0039483524364762965
Epoch:5/30
 * Loss 0.241 | Train Acc 91.767
LR: 0.003908336085693616
Epoch:6/30
 * Loss 0.234 | Train Acc 92.208
LR: 0.00385708398718595
Epoch:7/30
 * Loss 0.241 | Train Acc 91.887
LR: 0.003794743481314153
Epoch:8/30
 * Loss 0.234 | Train Acc 91.767
LR: 0.003721493785571721
Epoch:9/30
 * Loss 0.219 | Train Acc 92.808
LR: 0.00363754547936745
Epoch:10/30
 * Loss 0.226 | Train Acc 92.508
LR: 0.003543139898648343
Epoch:11/30
 * Loss 0.211 | Train Acc 92.889
LR: 0.003438548442103134
Epoch:12/30
 * Loss 0.221 | Train Acc 92.969
LR: 0.0033240717909409543
Epoch:13/30
 * Loss 0.228 | Train Acc 92.528
LR: 0.003200039044488128
Epoch:14/30
 * Loss 0.219 | Train Acc 92.268
LR: 0.00306680677408812
Epoch:15/30
 * Loss 0.209 | Train Acc 93.349
LR: 0.0029247579980244704
Epoch:16/30
 * Loss 0.210 | Train Acc 93.249
LR: 0.0027743010804136474
Epoch:17/30
 * Loss 0.216 | Train Acc 92.849
LR: 0.0026158685572332855
Epoch:18/30
 * Loss 0.208 | Train Acc 93.009
LR: 0.0024499158928607727
Epoch:19/30
 * Loss 0.215 | Train Acc 92.869
LR: 0.0022769201706968945
Epoch:20/30
 * Loss 0.183 | Train Acc 94.010
LR: 0.0020973787216387683
Epoch:21/30
 * Loss 0.213 | Train Acc 92.748
LR: 0.0019118076943449456
Epoch:22/30
 * Loss 0.197 | Train Acc 93.590
LR: 0.0017207405714029067
Epoch:23/30
 * Loss 0.207 | Train Acc 93.129
LR: 0.0015247266356647002
Epoch:24/30
 * Loss 0.202 | Train Acc 93.069
LR: 0.0013243293911597263
Epoch:25/30
 * Loss 0.213 | Train Acc 92.989
LR: 0.0011201249431242457
Epoch:26/30
 * Loss 0.200 | Train Acc 93.630
LR: 0.0009127003418047438
Epoch:27/30
 * Loss 0.189 | Train Acc 93.490
LR: 0.0007026518947963905
Epoch:28/30
 * Loss 0.195 | Train Acc 93.429
LR: 0.0004905834527683376
Epoch:29/30
 * Loss 0.185 | Train Acc 93.990
LR: 0.0002771046735040541
Epoch:30/30
 * Loss 0.183 | Train Acc 93.750
Merging prompt ... 
=> Saving class model to: ./checkpoints/cifar-100-pa-apt/seed3/models/repeat-1/task-8/
=> Save Done
validation split name: 1 local = False
 * Val Acc 84.062, Total time 3.16
validation split name: 2 local = False
 * Val Acc 95.521, Total time 3.13
validation split name: 3 local = False
 * Val Acc 90.208, Total time 3.06
validation split name: 4 local = False
 * Val Acc 92.188, Total time 3.04
validation split name: 5 local = False
 * Val Acc 87.604, Total time 3.04
validation split name: 6 local = False
 * Val Acc 89.062, Total time 3.05
validation split name: 7 local = False
 * Val Acc 94.062, Total time 3.14
validation split name: 8 local = False
 * Val Acc 94.271, Total time 3.03
====================== 9 =======================
Incremental class: Old valid output dimension: 80
Incremental class: New Valid output dimension: 90
Overwriting ...
Optimizer is reset!
*****************************************
LR: 0.004
Epoch:1/30
 * Loss 0.366 | Train Acc 88.401
LR: 0.004
Epoch:2/30
 * Loss 0.256 | Train Acc 91.286
LR: 0.003994250367686589
Epoch:3/30
 * Loss 0.237 | Train Acc 92.167
LR: 0.003977017999882228
Epoch:4/30
 * Loss 0.220 | Train Acc 92.728
LR: 0.0039483524364762965
Epoch:5/30
 * Loss 0.227 | Train Acc 92.608
LR: 0.003908336085693616
Epoch:6/30
 * Loss 0.195 | Train Acc 93.650
LR: 0.00385708398718595
Epoch:7/30
 * Loss 0.210 | Train Acc 93.209
LR: 0.003794743481314153
Epoch:8/30
 * Loss 0.206 | Train Acc 93.450
LR: 0.003721493785571721
Epoch:9/30
 * Loss 0.197 | Train Acc 93.610
LR: 0.00363754547936745
Epoch:10/30
 * Loss 0.202 | Train Acc 93.169
LR: 0.003543139898648343
Epoch:11/30
 * Loss 0.205 | Train Acc 93.409
LR: 0.003438548442103134
Epoch:12/30
 * Loss 0.217 | Train Acc 93.069
LR: 0.0033240717909409543
Epoch:13/30
 * Loss 0.200 | Train Acc 93.450
LR: 0.003200039044488128
Epoch:14/30
 * Loss 0.200 | Train Acc 93.309
LR: 0.00306680677408812
Epoch:15/30
 * Loss 0.206 | Train Acc 93.389
LR: 0.0029247579980244704
Epoch:16/30
 * Loss 0.198 | Train Acc 93.650
LR: 0.0027743010804136474
Epoch:17/30
 * Loss 0.194 | Train Acc 93.850
LR: 0.0026158685572332855
Epoch:18/30
 * Loss 0.188 | Train Acc 93.730
LR: 0.0024499158928607727
Epoch:19/30
 * Loss 0.194 | Train Acc 93.510
LR: 0.0022769201706968945
Epoch:20/30
 * Loss 0.183 | Train Acc 94.191
LR: 0.0020973787216387683
Epoch:21/30
 * Loss 0.196 | Train Acc 93.490
LR: 0.0019118076943449456
Epoch:22/30
 * Loss 0.177 | Train Acc 94.151
LR: 0.0017207405714029067
Epoch:23/30
 * Loss 0.189 | Train Acc 94.091
LR: 0.0015247266356647002
Epoch:24/30
 * Loss 0.172 | Train Acc 93.850
LR: 0.0013243293911597263
Epoch:25/30
 * Loss 0.187 | Train Acc 94.030
LR: 0.0011201249431242457
Epoch:26/30
 * Loss 0.188 | Train Acc 93.950
LR: 0.0009127003418047438
Epoch:27/30
 * Loss 0.187 | Train Acc 93.870
LR: 0.0007026518947963905
Epoch:28/30
 * Loss 0.184 | Train Acc 94.071
LR: 0.0004905834527683376
Epoch:29/30
 * Loss 0.184 | Train Acc 94.030
LR: 0.0002771046735040541
Epoch:30/30
 * Loss 0.170 | Train Acc 94.351
Merging prompt ... 
=> Saving class model to: ./checkpoints/cifar-100-pa-apt/seed3/models/repeat-1/task-9/
=> Save Done
validation split name: 1 local = False
 * Val Acc 83.542, Total time 3.08
validation split name: 2 local = False
 * Val Acc 94.583, Total time 3.05
validation split name: 3 local = False
 * Val Acc 89.062, Total time 3.15
validation split name: 4 local = False
 * Val Acc 91.667, Total time 3.05
validation split name: 5 local = False
 * Val Acc 86.667, Total time 3.09
validation split name: 6 local = False
 * Val Acc 88.854, Total time 3.08
validation split name: 7 local = False
 * Val Acc 93.958, Total time 3.13
validation split name: 8 local = False
 * Val Acc 94.583, Total time 3.05
validation split name: 9 local = False
 * Val Acc 93.333, Total time 3.03
====================== 10 =======================
Incremental class: Old valid output dimension: 90
Incremental class: New Valid output dimension: 100
Overwriting ...
Optimizer is reset!
*****************************************
LR: 0.004
Epoch:1/30
 * Loss 0.359 | Train Acc 88.101
LR: 0.004
Epoch:2/30
 * Loss 0.251 | Train Acc 92.047
LR: 0.003994250367686589
Epoch:3/30
 * Loss 0.219 | Train Acc 93.069
LR: 0.003977017999882228
Epoch:4/30
 * Loss 0.234 | Train Acc 92.388
LR: 0.0039483524364762965
Epoch:5/30
 * Loss 0.239 | Train Acc 92.268
LR: 0.003908336085693616
Epoch:6/30
 * Loss 0.236 | Train Acc 92.067
LR: 0.00385708398718595
Epoch:7/30
 * Loss 0.227 | Train Acc 92.428
LR: 0.003794743481314153
Epoch:8/30
 * Loss 0.228 | Train Acc 92.268
LR: 0.003721493785571721
Epoch:9/30
 * Loss 0.210 | Train Acc 92.949
LR: 0.00363754547936745
Epoch:10/30
 * Loss 0.218 | Train Acc 92.628
LR: 0.003543139898648343
Epoch:11/30
 * Loss 0.223 | Train Acc 92.708
LR: 0.003438548442103134
Epoch:12/30
 * Loss 0.210 | Train Acc 92.869
LR: 0.0033240717909409543
Epoch:13/30
 * Loss 0.217 | Train Acc 92.929
LR: 0.003200039044488128
Epoch:14/30
 * Loss 0.203 | Train Acc 93.129
LR: 0.00306680677408812
Epoch:15/30
 * Loss 0.213 | Train Acc 92.849
LR: 0.0029247579980244704
Epoch:16/30
 * Loss 0.213 | Train Acc 93.109
LR: 0.0027743010804136474
Epoch:17/30
 * Loss 0.188 | Train Acc 94.071
LR: 0.0026158685572332855
Epoch:18/30
 * Loss 0.208 | Train Acc 92.788
LR: 0.0024499158928607727
Epoch:19/30
 * Loss 0.193 | Train Acc 93.530
LR: 0.0022769201706968945
Epoch:20/30
 * Loss 0.194 | Train Acc 93.710
LR: 0.0020973787216387683
Epoch:21/30
 * Loss 0.196 | Train Acc 93.930
LR: 0.0019118076943449456
Epoch:22/30
 * Loss 0.204 | Train Acc 93.049
LR: 0.0017207405714029067
Epoch:23/30
 * Loss 0.191 | Train Acc 93.730
LR: 0.0015247266356647002
Epoch:24/30
 * Loss 0.198 | Train Acc 93.389
LR: 0.0013243293911597263
Epoch:25/30
 * Loss 0.180 | Train Acc 94.071
LR: 0.0011201249431242457
Epoch:26/30
 * Loss 0.183 | Train Acc 94.131
LR: 0.0009127003418047438
Epoch:27/30
 * Loss 0.171 | Train Acc 94.411
LR: 0.0007026518947963905
Epoch:28/30
 * Loss 0.179 | Train Acc 94.030
LR: 0.0004905834527683376
Epoch:29/30
 * Loss 0.176 | Train Acc 94.050
LR: 0.0002771046735040541
Epoch:30/30
 * Loss 0.178 | Train Acc 94.030
Merging prompt ... 
=> Saving class model to: ./checkpoints/cifar-100-pa-apt/seed3/models/repeat-1/task-10/
=> Save Done
validation split name: 1 local = False
 * Val Acc 82.604, Total time 3.06
validation split name: 2 local = False
 * Val Acc 91.667, Total time 3.06
validation split name: 3 local = False
 * Val Acc 88.646, Total time 3.06
validation split name: 4 local = False
 * Val Acc 91.667, Total time 3.05
validation split name: 5 local = False
 * Val Acc 85.521, Total time 3.16
validation split name: 6 local = False
 * Val Acc 86.562, Total time 3.04
validation split name: 7 local = False
 * Val Acc 93.854, Total time 3.15
validation split name: 8 local = False
 * Val Acc 94.062, Total time 3.04
validation split name: 9 local = False
 * Val Acc 93.438, Total time 3.13
validation split name: 10 local = False
 * Val Acc 87.396, Total time 3.17
*****************************************
Incremental class: Old valid output dimension: 0
Incremental class: New Valid output dimension: 10
=> Load Done
===global validation====
test task 1, using model 1
validation split name: 1 local = False
 * Val Acc 96.771, Total time 3.12
Incremental class: Old valid output dimension: 10
Incremental class: New Valid output dimension: 20
=> Load Done
===global validation====
test task 1, using model 2
validation split name: 1 local = False
 * Val Acc 96.146, Total time 3.18
test task 2, using model 2
validation split name: 2 local = False
 * Val Acc 98.958, Total time 3.04
Incremental class: Old valid output dimension: 20
Incremental class: New Valid output dimension: 30
=> Load Done
===global validation====
test task 1, using model 3
validation split name: 1 local = False
 * Val Acc 95.521, Total time 3.17
test task 2, using model 3
validation split name: 2 local = False
 * Val Acc 98.750, Total time 3.17
test task 3, using model 3
validation split name: 3 local = False
 * Val Acc 94.479, Total time 3.04
Incremental class: Old valid output dimension: 30
Incremental class: New Valid output dimension: 40
=> Load Done
===global validation====
test task 1, using model 4
validation split name: 1 local = False
 * Val Acc 95.104, Total time 3.06
test task 2, using model 4
validation split name: 2 local = False
 * Val Acc 97.917, Total time 3.15
test task 3, using model 4
validation split name: 3 local = False
 * Val Acc 92.708, Total time 3.05
test task 4, using model 4
validation split name: 4 local = False
 * Val Acc 92.083, Total time 3.05
Incremental class: Old valid output dimension: 40
Incremental class: New Valid output dimension: 50
=> Load Done
===global validation====
test task 1, using model 5
validation split name: 1 local = False
 * Val Acc 91.667, Total time 3.15
test task 2, using model 5
validation split name: 2 local = False
 * Val Acc 97.500, Total time 3.12
test task 3, using model 5
validation split name: 3 local = False
 * Val Acc 92.708, Total time 3.06
test task 4, using model 5
validation split name: 4 local = False
 * Val Acc 93.125, Total time 3.04
test task 5, using model 5
validation split name: 5 local = False
 * Val Acc 87.083, Total time 3.05
Incremental class: Old valid output dimension: 50
Incremental class: New Valid output dimension: 60
=> Load Done
===global validation====
test task 1, using model 6
validation split name: 1 local = False
 * Val Acc 87.604, Total time 3.09
test task 2, using model 6
validation split name: 2 local = False
 * Val Acc 96.458, Total time 3.07
test task 3, using model 6
validation split name: 3 local = False
 * Val Acc 92.812, Total time 3.23
test task 4, using model 6
validation split name: 4 local = False
 * Val Acc 93.021, Total time 3.07
test task 5, using model 6
validation split name: 5 local = False
 * Val Acc 87.500, Total time 3.11
test task 6, using model 6
validation split name: 6 local = False
 * Val Acc 89.688, Total time 3.10
Incremental class: Old valid output dimension: 60
Incremental class: New Valid output dimension: 70
=> Load Done
===global validation====
test task 1, using model 7
validation split name: 1 local = False
 * Val Acc 84.896, Total time 3.17
test task 2, using model 7
validation split name: 2 local = False
 * Val Acc 96.146, Total time 3.08
test task 3, using model 7
validation split name: 3 local = False
 * Val Acc 91.042, Total time 3.05
test task 4, using model 7
validation split name: 4 local = False
 * Val Acc 92.604, Total time 3.07
test task 5, using model 7
validation split name: 5 local = False
 * Val Acc 87.396, Total time 3.05
test task 6, using model 7
validation split name: 6 local = False
 * Val Acc 90.208, Total time 3.06
test task 7, using model 7
validation split name: 7 local = False
 * Val Acc 94.688, Total time 3.04
Incremental class: Old valid output dimension: 70
Incremental class: New Valid output dimension: 80
=> Load Done
===global validation====
test task 1, using model 8
validation split name: 1 local = False
 * Val Acc 84.062, Total time 3.07
test task 2, using model 8
validation split name: 2 local = False
 * Val Acc 95.521, Total time 3.11
test task 3, using model 8
validation split name: 3 local = False
 * Val Acc 90.208, Total time 3.05
test task 4, using model 8
validation split name: 4 local = False
 * Val Acc 92.188, Total time 3.15
test task 5, using model 8
validation split name: 5 local = False
 * Val Acc 87.604, Total time 3.12
test task 6, using model 8
validation split name: 6 local = False
 * Val Acc 89.062, Total time 3.07
test task 7, using model 8
validation split name: 7 local = False
 * Val Acc 94.062, Total time 3.11
test task 8, using model 8
validation split name: 8 local = False
 * Val Acc 94.271, Total time 3.05
Incremental class: Old valid output dimension: 80
Incremental class: New Valid output dimension: 90
=> Load Done
===global validation====
test task 1, using model 9
validation split name: 1 local = False
 * Val Acc 83.542, Total time 3.05
test task 2, using model 9
validation split name: 2 local = False
 * Val Acc 94.583, Total time 3.16
test task 3, using model 9
validation split name: 3 local = False
 * Val Acc 89.062, Total time 3.05
test task 4, using model 9
validation split name: 4 local = False
 * Val Acc 91.667, Total time 3.17
test task 5, using model 9
validation split name: 5 local = False
 * Val Acc 86.667, Total time 3.04
test task 6, using model 9
validation split name: 6 local = False
 * Val Acc 88.854, Total time 3.04
test task 7, using model 9
validation split name: 7 local = False
 * Val Acc 93.958, Total time 3.04
test task 8, using model 9
validation split name: 8 local = False
 * Val Acc 94.583, Total time 3.17
test task 9, using model 9
validation split name: 9 local = False
 * Val Acc 93.333, Total time 3.17
Incremental class: Old valid output dimension: 90
Incremental class: New Valid output dimension: 100
=> Load Done
===global validation====
test task 1, using model 10
validation split name: 1 local = False
 * Val Acc 82.604, Total time 3.08
test task 2, using model 10
validation split name: 2 local = False
 * Val Acc 91.667, Total time 3.06
test task 3, using model 10
validation split name: 3 local = False
 * Val Acc 88.646, Total time 3.03
test task 4, using model 10
validation split name: 4 local = False
 * Val Acc 91.667, Total time 3.15
test task 5, using model 10
validation split name: 5 local = False
 * Val Acc 85.521, Total time 3.17
test task 6, using model 10
validation split name: 6 local = False
 * Val Acc 86.562, Total time 3.06
test task 7, using model 10
validation split name: 7 local = False
 * Val Acc 93.854, Total time 3.04
test task 8, using model 10
validation split name: 8 local = False
 * Val Acc 94.062, Total time 3.06
test task 9, using model 10
validation split name: 9 local = False
 * Val Acc 93.438, Total time 3.06
test task 10, using model 10
validation split name: 10 local = False
 * Val Acc 87.396, Total time 3.14
coda_forgetting= (np.float64(0.7244589579659017), np.float64(0.0))
general_forgetting= (np.float64(3.7037037037037), np.float64(0.0))
acctable, {'1': OrderedDict([('1', 96.77083333333333), ('2', 96.14583333333333), ('3', 95.52083333333333), ('4', 95.10416666666667), ('5', 91.66666666666667), ('6', 87.60416666666667), ('7', 84.89583333333333), ('8', 84.0625), ('9', 83.54166666666667), ('10', 82.60416666666667)]), '2': OrderedDict([('2', 98.95833333333333), ('3', 98.75), ('4', 97.91666666666667), ('5', 97.5), ('6', 96.45833333333333), ('7', 96.14583333333333), ('8', 95.52083333333333), ('9', 94.58333333333333), ('10', 91.66666666666667)]), '3': OrderedDict([('3', 94.47916666666667), ('4', 92.70833333333333), ('5', 92.70833333333333), ('6', 92.8125), ('7', 91.04166666666667), ('8', 90.20833333333333), ('9', 89.0625), ('10', 88.64583333333333)]), '4': OrderedDict([('4', 92.08333333333333), ('5', 93.125), ('6', 93.02083333333333), ('7', 92.60416666666667), ('8', 92.1875), ('9', 91.66666666666667), ('10', 91.66666666666667)]), '5': OrderedDict([('5', 87.08333333333333), ('6', 87.5), ('7', 87.39583333333333), ('8', 87.60416666666667), ('9', 86.66666666666667), ('10', 85.52083333333333)]), '6': OrderedDict([('6', 89.6875), ('7', 90.20833333333333), ('8', 89.0625), ('9', 88.85416666666667), ('10', 86.5625)]), '7': OrderedDict([('7', 94.6875), ('8', 94.0625), ('9', 93.95833333333333), ('10', 93.85416666666667)]), '8': OrderedDict([('8', 94.27083333333333), ('9', 94.58333333333333), ('10', 94.0625)]), '9': OrderedDict([('9', 93.33333333333333), ('10', 93.4375)]), '10': OrderedDict([('10', 87.39583333333333)])}
dropmatrix: [[96.77083333333333, 96.14583333333333, 95.52083333333333, 95.10416666666667, 91.66666666666667, 87.60416666666667, 84.89583333333333, 84.0625, 83.54166666666667, 82.60416666666667], [98.95833333333333, 98.75, 97.91666666666667, 97.5, 96.45833333333333, 96.14583333333333, 95.52083333333333, 94.58333333333333, 91.66666666666667], [94.47916666666667, 92.70833333333333, 92.70833333333333, 92.8125, 91.04166666666667, 90.20833333333333, 89.0625, 88.64583333333333], [92.08333333333333, 93.125, 93.02083333333333, 92.60416666666667, 92.1875, 91.66666666666667, 91.66666666666667], [87.08333333333333, 87.5, 87.39583333333333, 87.60416666666667, 86.66666666666667, 85.52083333333333], [89.6875, 90.20833333333333, 89.0625, 88.85416666666667, 86.5625], [94.6875, 94.0625, 93.95833333333333, 93.85416666666667], [94.27083333333333, 94.58333333333333, 94.0625], [93.33333333333333, 93.4375], [87.39583333333333]]
global acc [[96.77083333]
 [97.55208333]
 [96.25      ]
 [94.453125  ]
 [92.41666667]
 [91.18055556]
 [90.99702381]
 [90.87239583]
 [90.69444444]
 [89.54166667]]
pt acc [[[96.77083333]
  [96.14583333]
  [95.52083333]
  [95.10416667]
  [91.66666667]
  [87.60416667]
  [84.89583333]
  [84.0625    ]
  [83.54166667]
  [82.60416667]]

 [[ 0.        ]
  [98.95833333]
  [98.75      ]
  [97.91666667]
  [97.5       ]
  [96.45833333]
  [96.14583333]
  [95.52083333]
  [94.58333333]
  [91.66666667]]

 [[ 0.        ]
  [ 0.        ]
  [94.47916667]
  [92.70833333]
  [92.70833333]
  [92.8125    ]
  [91.04166667]
  [90.20833333]
  [89.0625    ]
  [88.64583333]]

 [[ 0.        ]
  [ 0.        ]
  [ 0.        ]
  [92.08333333]
  [93.125     ]
  [93.02083333]
  [92.60416667]
  [92.1875    ]
  [91.66666667]
  [91.66666667]]

 [[ 0.        ]
  [ 0.        ]
  [ 0.        ]
  [ 0.        ]
  [87.08333333]
  [87.5       ]
  [87.39583333]
  [87.60416667]
  [86.66666667]
  [85.52083333]]

 [[ 0.        ]
  [ 0.        ]
  [ 0.        ]
  [ 0.        ]
  [ 0.        ]
  [89.6875    ]
  [90.20833333]
  [89.0625    ]
  [88.85416667]
  [86.5625    ]]

 [[ 0.        ]
  [ 0.        ]
  [ 0.        ]
  [ 0.        ]
  [ 0.        ]
  [ 0.        ]
  [94.6875    ]
  [94.0625    ]
  [93.95833333]
  [93.85416667]]

 [[ 0.        ]
  [ 0.        ]
  [ 0.        ]
  [ 0.        ]
  [ 0.        ]
  [ 0.        ]
  [ 0.        ]
  [94.27083333]
  [94.58333333]
  [94.0625    ]]

 [[ 0.        ]
  [ 0.        ]
  [ 0.        ]
  [ 0.        ]
  [ 0.        ]
  [ 0.        ]
  [ 0.        ]
  [ 0.        ]
  [93.33333333]
  [93.4375    ]]

 [[ 0.        ]
  [ 0.        ]
  [ 0.        ]
  [ 0.        ]
  [ 0.        ]
  [ 0.        ]
  [ 0.        ]
  [ 0.        ]
  [ 0.        ]
  [87.39583333]]]
===Summary of experiment repeats: 1 / 1 ===
acc  | mean: 89.54166666666667 std: 0.0
89.54 \pm 0.0
time  | mean: 0.12310989422675891 std: 0.0
0.12 \pm 0.0
[]
/root/miniconda3/envs/apt/lib/python3.10/site-packages/numpy/_core/fromnumeric.py:3860: RuntimeWarning: Mean of empty slice.
  return _methods._mean(a, axis=axis, dtype=dtype,
/root/miniconda3/envs/apt/lib/python3.10/site-packages/numpy/_core/_methods.py:145: RuntimeWarning: invalid value encountered in scalar divide
  ret = ret.dtype.type(ret / rcount)
/root/miniconda3/envs/apt/lib/python3.10/site-packages/numpy/_core/_methods.py:223: RuntimeWarning: Degrees of freedom <= 0 for slice
  ret = _var(a, axis=axis, dtype=dtype, out=out, ddof=ddof,
/root/miniconda3/envs/apt/lib/python3.10/site-packages/numpy/_core/_methods.py:181: RuntimeWarning: invalid value encountered in divide
  arrmean = um.true_divide(arrmean, div, out=arrmean,
/root/miniconda3/envs/apt/lib/python3.10/site-packages/numpy/_core/_methods.py:215: RuntimeWarning: invalid value encountered in scalar divide
  ret = ret.dtype.type(ret / rcount)
forgetting , nan \pm nan
