Namespace(dataset='CIFAR100', first_split_size=10, other_split_size=10, schedule_type='cosine', optimizer='Adam', momentum=0.9, weight_decay=0, model_type='zoo', model_name='vit_pt_imnet', max_task=-1, dataroot='data', workers=4, validation=False, train_aug=True, rand_split=True, gpuid=[0], log_dir='./checkpoints/cifar-100/seed2', learner_type='prompt', learner_name='APT_Learner', debug_mode=0, repeat=1, overwrite=0, oracle_flag=False, upper_bound_flag=False, memory=0, temp=2.0, DW=False, prompt_param=['0.01'], seed=2, batch_size=64, lr=0.004, ema_coeff=0.7, schedule=30, config='configs/cifar-100_prompt.yaml')
************************************
* STARTING TRIAL 1
************************************
=============================================
Shuffling....seed is 2
pre-shuffle:[0, 1, 2, 3, 4, 5, 6, 7, 8, 9, 10, 11, 12, 13, 14, 15, 16, 17, 18, 19, 20, 21, 22, 23, 24, 25, 26, 27, 28, 29, 30, 31, 32, 33, 34, 35, 36, 37, 38, 39, 40, 41, 42, 43, 44, 45, 46, 47, 48, 49, 50, 51, 52, 53, 54, 55, 56, 57, 58, 59, 60, 61, 62, 63, 64, 65, 66, 67, 68, 69, 70, 71, 72, 73, 74, 75, 76, 77, 78, 79, 80, 81, 82, 83, 84, 85, 86, 87, 88, 89, 90, 91, 92, 93, 94, 95, 96, 97, 98, 99]
post-shuffle:[0, 76, 61, 63, 1, 71, 2, 6, 16, 19, 13, 24, 49, 12, 75, 9, 83, 72, 5, 41, 99, 45, 89, 53, 79, 18, 52, 92, 14, 42, 68, 44, 38, 84, 36, 17, 31, 15, 70, 88, 25, 97, 51, 73, 66, 37, 78, 33, 80, 26, 82, 28, 60, 35, 43, 57, 23, 58, 91, 8, 62, 93, 98, 86, 29, 30, 22, 95, 67, 54, 48, 40, 59, 96, 3, 87, 34, 64, 56, 69, 47, 65, 50, 81, 55, 20, 74, 4, 90, 27, 77, 32, 39, 85, 94, 21, 46, 10, 11, 7]
=============================================
Files already downloaded and verified
*****************************************
====================== 1 =======================
Incremental class: Old valid output dimension: 0
Incremental class: New Valid output dimension: 10
/root/miniconda3/envs/apt/lib/python3.10/site-packages/torch/utils/data/dataloader.py:557: UserWarning: This DataLoader will create 4 worker processes in total. Our suggested max number of worker in current system is 3, which is smaller than what this DataLoader is going to create. Please be aware that excessive worker creation might get DataLoader running slow or even freeze, lower the worker number to avoid potential slowness/freeze if necessary.
  warnings.warn(_create_warning_msg(
Overwriting ...
/root/dl_project/Additive-Prompt-Tuning/learners/default.py:239: FutureWarning: You are using `torch.load` with `weights_only=False` (the current default value), which uses the default pickle module implicitly. It is possible to construct malicious pickle data which will execute arbitrary code during unpickling (See https://github.com/pytorch/pytorch/blob/main/SECURITY.md#untrusted-models for more details). In a future release, the default value for `weights_only` will be flipped to `True`. This limits the functions that could be executed during unpickling. Arbitrary objects will no longer be allowed to be loaded via this mode unless they are explicitly allowlisted by the user via `torch.serialization.add_safe_globals`. We recommend you start setting `weights_only=True` for any use case where you don't have full control of the loaded file. Please open an issue on GitHub for any issues related to this experimental feature.
  model_dict = torch.load(filename + 'class.pth')
Optimizer is reset!
*****************************************
LR: 0.004
Epoch:1/30
 * Loss 0.572 | Train Acc 81.791
LR: 0.004
Epoch:2/30
 * Loss 0.302 | Train Acc 90.325
LR: 0.003994250367686589
Epoch:3/30
 * Loss 0.259 | Train Acc 92.047
LR: 0.003977017999882228
Epoch:4/30
 * Loss 0.243 | Train Acc 92.388
LR: 0.0039483524364762965
Epoch:5/30
 * Loss 0.238 | Train Acc 92.728
LR: 0.003908336085693616
Epoch:6/30
 * Loss 0.219 | Train Acc 92.949
LR: 0.00385708398718595
Epoch:7/30
 * Loss 0.227 | Train Acc 92.448
LR: 0.003794743481314153
Epoch:8/30
 * Loss 0.219 | Train Acc 93.209
LR: 0.003721493785571721
Epoch:9/30
 * Loss 0.209 | Train Acc 93.650
LR: 0.00363754547936745
Epoch:10/30
 * Loss 0.201 | Train Acc 93.590
LR: 0.003543139898648343
Epoch:11/30
 * Loss 0.194 | Train Acc 94.091
LR: 0.003438548442103134
Epoch:12/30
 * Loss 0.189 | Train Acc 93.910
LR: 0.0033240717909409543
Epoch:13/30
 * Loss 0.193 | Train Acc 94.151
LR: 0.003200039044488128
Epoch:14/30
 * Loss 0.191 | Train Acc 93.970
LR: 0.00306680677408812
Epoch:15/30
 * Loss 0.189 | Train Acc 94.191
LR: 0.0029247579980244704
Epoch:16/30
 * Loss 0.177 | Train Acc 94.271
LR: 0.0027743010804136474
Epoch:17/30
 * Loss 0.178 | Train Acc 94.872
LR: 0.0026158685572332855
Epoch:18/30
 * Loss 0.187 | Train Acc 93.970
LR: 0.0024499158928607727
Epoch:19/30
 * Loss 0.176 | Train Acc 94.311
LR: 0.0022769201706968945
Epoch:20/30
 * Loss 0.181 | Train Acc 93.910
LR: 0.0020973787216387683
Epoch:21/30
 * Loss 0.166 | Train Acc 94.852
LR: 0.0019118076943449456
Epoch:22/30
 * Loss 0.176 | Train Acc 94.291
LR: 0.0017207405714029067
Epoch:23/30
 * Loss 0.173 | Train Acc 94.752
LR: 0.0015247266356647002
Epoch:24/30
 * Loss 0.165 | Train Acc 94.551
LR: 0.0013243293911597263
Epoch:25/30
 * Loss 0.164 | Train Acc 94.812
LR: 0.0011201249431242457
Epoch:26/30
 * Loss 0.160 | Train Acc 94.732
LR: 0.0009127003418047438
Epoch:27/30
 * Loss 0.152 | Train Acc 94.872
LR: 0.0007026518947963905
Epoch:28/30
 * Loss 0.175 | Train Acc 94.251
LR: 0.0004905834527683376
Epoch:29/30
 * Loss 0.163 | Train Acc 94.752
LR: 0.0002771046735040541
Epoch:30/30
 * Loss 0.160 | Train Acc 95.072
=> Saving class model to: ./checkpoints/cifar-100/seed2/models/repeat-1/task-1/
=> Save Done
validation split name: 1 local = False
 * Val Acc 99.375, Total time 2.97
====================== 2 =======================
Incremental class: Old valid output dimension: 10
Incremental class: New Valid output dimension: 20
Overwriting ...
Optimizer is reset!
*****************************************
LR: 0.004
Epoch:1/30
 * Loss 0.368 | Train Acc 88.281
LR: 0.004
Epoch:2/30
 * Loss 0.257 | Train Acc 91.927
LR: 0.003994250367686589
Epoch:3/30
 * Loss 0.267 | Train Acc 91.226
LR: 0.003977017999882228
Epoch:4/30
 * Loss 0.248 | Train Acc 92.047
LR: 0.0039483524364762965
Epoch:5/30
 * Loss 0.225 | Train Acc 92.628
LR: 0.003908336085693616
Epoch:6/30
 * Loss 0.231 | Train Acc 92.528
LR: 0.00385708398718595
Epoch:7/30
 * Loss 0.215 | Train Acc 92.989
LR: 0.003794743481314153
Epoch:8/30
 * Loss 0.230 | Train Acc 92.668
LR: 0.003721493785571721
Epoch:9/30
 * Loss 0.227 | Train Acc 92.428
LR: 0.00363754547936745
Epoch:10/30
 * Loss 0.225 | Train Acc 92.588
LR: 0.003543139898648343
Epoch:11/30
 * Loss 0.215 | Train Acc 92.889
LR: 0.003438548442103134
Epoch:12/30
 * Loss 0.207 | Train Acc 93.429
LR: 0.0033240717909409543
Epoch:13/30
 * Loss 0.212 | Train Acc 93.229
LR: 0.003200039044488128
Epoch:14/30
 * Loss 0.215 | Train Acc 93.029
LR: 0.00306680677408812
Epoch:15/30
 * Loss 0.201 | Train Acc 93.530
LR: 0.0029247579980244704
Epoch:16/30
 * Loss 0.215 | Train Acc 93.209
LR: 0.0027743010804136474
Epoch:17/30
 * Loss 0.215 | Train Acc 93.069
LR: 0.0026158685572332855
Epoch:18/30
 * Loss 0.183 | Train Acc 93.910
LR: 0.0024499158928607727
Epoch:19/30
 * Loss 0.190 | Train Acc 94.010
LR: 0.0022769201706968945
Epoch:20/30
 * Loss 0.193 | Train Acc 93.389
LR: 0.0020973787216387683
Epoch:21/30
 * Loss 0.195 | Train Acc 93.670
LR: 0.0019118076943449456
Epoch:22/30
 * Loss 0.199 | Train Acc 94.010
LR: 0.0017207405714029067
Epoch:23/30
 * Loss 0.187 | Train Acc 93.730
LR: 0.0015247266356647002
Epoch:24/30
 * Loss 0.191 | Train Acc 93.750
LR: 0.0013243293911597263
Epoch:25/30
 * Loss 0.185 | Train Acc 93.950
LR: 0.0011201249431242457
Epoch:26/30
 * Loss 0.181 | Train Acc 93.790
LR: 0.0009127003418047438
Epoch:27/30
 * Loss 0.187 | Train Acc 94.030
LR: 0.0007026518947963905
Epoch:28/30
 * Loss 0.166 | Train Acc 94.752
LR: 0.0004905834527683376
Epoch:29/30
 * Loss 0.181 | Train Acc 94.171
LR: 0.0002771046735040541
Epoch:30/30
 * Loss 0.191 | Train Acc 93.970
Merging prompt ... 
=> Saving class model to: ./checkpoints/cifar-100/seed2/models/repeat-1/task-2/
=> Save Done
validation split name: 1 local = False
 * Val Acc 98.542, Total time 2.91
validation split name: 2 local = False
 * Val Acc 97.812, Total time 2.95
====================== 3 =======================
Incremental class: Old valid output dimension: 20
Incremental class: New Valid output dimension: 30
Overwriting ...
Optimizer is reset!
*****************************************
LR: 0.004
Epoch:1/30
 * Loss 0.386 | Train Acc 87.240
LR: 0.004
Epoch:2/30
 * Loss 0.277 | Train Acc 90.805
LR: 0.003994250367686589
Epoch:3/30
 * Loss 0.258 | Train Acc 91.687
LR: 0.003977017999882228
Epoch:4/30
 * Loss 0.252 | Train Acc 91.807
LR: 0.0039483524364762965
Epoch:5/30
 * Loss 0.245 | Train Acc 92.308
LR: 0.003908336085693616
Epoch:6/30
 * Loss 0.235 | Train Acc 92.548
LR: 0.00385708398718595
Epoch:7/30
 * Loss 0.230 | Train Acc 92.648
LR: 0.003794743481314153
Epoch:8/30
 * Loss 0.232 | Train Acc 92.748
LR: 0.003721493785571721
Epoch:9/30
 * Loss 0.230 | Train Acc 92.829
LR: 0.00363754547936745
Epoch:10/30
 * Loss 0.205 | Train Acc 93.590
LR: 0.003543139898648343
Epoch:11/30
 * Loss 0.218 | Train Acc 93.389
LR: 0.003438548442103134
Epoch:12/30
 * Loss 0.210 | Train Acc 93.009
LR: 0.0033240717909409543
Epoch:13/30
 * Loss 0.224 | Train Acc 92.788
LR: 0.003200039044488128
Epoch:14/30
 * Loss 0.238 | Train Acc 92.768
LR: 0.00306680677408812
Epoch:15/30
 * Loss 0.202 | Train Acc 93.570
LR: 0.0029247579980244704
Epoch:16/30
 * Loss 0.201 | Train Acc 93.329
LR: 0.0027743010804136474
Epoch:17/30
 * Loss 0.214 | Train Acc 92.889
LR: 0.0026158685572332855
Epoch:18/30
 * Loss 0.209 | Train Acc 93.309
LR: 0.0024499158928607727
Epoch:19/30
 * Loss 0.213 | Train Acc 92.788
LR: 0.0022769201706968945
Epoch:20/30
 * Loss 0.205 | Train Acc 93.590
LR: 0.0020973787216387683
Epoch:21/30
 * Loss 0.203 | Train Acc 93.349
LR: 0.0019118076943449456
Epoch:22/30
 * Loss 0.191 | Train Acc 93.630
LR: 0.0017207405714029067
Epoch:23/30
 * Loss 0.196 | Train Acc 93.590
LR: 0.0015247266356647002
Epoch:24/30
 * Loss 0.185 | Train Acc 93.710
LR: 0.0013243293911597263
Epoch:25/30
 * Loss 0.197 | Train Acc 93.790
LR: 0.0011201249431242457
Epoch:26/30
 * Loss 0.197 | Train Acc 93.730
LR: 0.0009127003418047438
Epoch:27/30
 * Loss 0.192 | Train Acc 93.610
LR: 0.0007026518947963905
Epoch:28/30
 * Loss 0.184 | Train Acc 94.131
LR: 0.0004905834527683376
Epoch:29/30
 * Loss 0.180 | Train Acc 94.231
LR: 0.0002771046735040541
Epoch:30/30
 * Loss 0.170 | Train Acc 94.491
Merging prompt ... 
=> Saving class model to: ./checkpoints/cifar-100/seed2/models/repeat-1/task-3/
=> Save Done
validation split name: 1 local = False
 * Val Acc 98.438, Total time 3.01
validation split name: 2 local = False
 * Val Acc 97.500, Total time 2.96
validation split name: 3 local = False
 * Val Acc 96.979, Total time 2.87
====================== 4 =======================
Incremental class: Old valid output dimension: 30
Incremental class: New Valid output dimension: 40
Overwriting ...
Optimizer is reset!
*****************************************
LR: 0.004
Epoch:1/30
 * Loss 0.389 | Train Acc 87.740
LR: 0.004
Epoch:2/30
 * Loss 0.304 | Train Acc 89.964
LR: 0.003994250367686589
Epoch:3/30
 * Loss 0.264 | Train Acc 91.286
LR: 0.003977017999882228
Epoch:4/30
 * Loss 0.275 | Train Acc 91.186
LR: 0.0039483524364762965
Epoch:5/30
 * Loss 0.256 | Train Acc 91.587
LR: 0.003908336085693616
Epoch:6/30
 * Loss 0.255 | Train Acc 91.907
LR: 0.00385708398718595
Epoch:7/30
 * Loss 0.256 | Train Acc 91.927
LR: 0.003794743481314153
Epoch:8/30
 * Loss 0.231 | Train Acc 92.668
LR: 0.003721493785571721
Epoch:9/30
 * Loss 0.242 | Train Acc 92.228
LR: 0.00363754547936745
Epoch:10/30
 * Loss 0.251 | Train Acc 91.987
LR: 0.003543139898648343
Epoch:11/30
 * Loss 0.262 | Train Acc 91.827
LR: 0.003438548442103134
Epoch:12/30
 * Loss 0.218 | Train Acc 92.628
LR: 0.0033240717909409543
Epoch:13/30
 * Loss 0.219 | Train Acc 92.869
LR: 0.003200039044488128
Epoch:14/30
 * Loss 0.250 | Train Acc 91.627
LR: 0.00306680677408812
Epoch:15/30
 * Loss 0.237 | Train Acc 92.688
LR: 0.0029247579980244704
Epoch:16/30
 * Loss 0.241 | Train Acc 92.288
LR: 0.0027743010804136474
Epoch:17/30
 * Loss 0.234 | Train Acc 92.188
LR: 0.0026158685572332855
Epoch:18/30
 * Loss 0.236 | Train Acc 92.188
LR: 0.0024499158928607727
Epoch:19/30
 * Loss 0.209 | Train Acc 93.530
LR: 0.0022769201706968945
Epoch:20/30
 * Loss 0.222 | Train Acc 92.568
LR: 0.0020973787216387683
Epoch:21/30
 * Loss 0.194 | Train Acc 93.570
LR: 0.0019118076943449456
Epoch:22/30
 * Loss 0.225 | Train Acc 92.949
LR: 0.0017207405714029067
Epoch:23/30
 * Loss 0.204 | Train Acc 93.429
LR: 0.0015247266356647002
Epoch:24/30
 * Loss 0.210 | Train Acc 93.369
LR: 0.0013243293911597263
Epoch:25/30
 * Loss 0.211 | Train Acc 92.889
LR: 0.0011201249431242457
Epoch:26/30
 * Loss 0.215 | Train Acc 92.969
LR: 0.0009127003418047438
Epoch:27/30
 * Loss 0.198 | Train Acc 93.610
LR: 0.0007026518947963905
Epoch:28/30
 * Loss 0.198 | Train Acc 93.630
LR: 0.0004905834527683376
Epoch:29/30
 * Loss 0.205 | Train Acc 93.490
LR: 0.0002771046735040541
Epoch:30/30
 * Loss 0.202 | Train Acc 93.470
Merging prompt ... 
=> Saving class model to: ./checkpoints/cifar-100/seed2/models/repeat-1/task-4/
=> Save Done
validation split name: 1 local = False
 * Val Acc 98.333, Total time 3.02
validation split name: 2 local = False
 * Val Acc 97.604, Total time 2.88
validation split name: 3 local = False
 * Val Acc 95.104, Total time 3.01
validation split name: 4 local = False
 * Val Acc 95.729, Total time 2.91
====================== 5 =======================
Incremental class: Old valid output dimension: 40
Incremental class: New Valid output dimension: 50
Overwriting ...
Optimizer is reset!
*****************************************
LR: 0.004
Epoch:1/30
 * Loss 0.487 | Train Acc 84.776
LR: 0.004
Epoch:2/30
 * Loss 0.361 | Train Acc 88.421
LR: 0.003994250367686589
Epoch:3/30
 * Loss 0.324 | Train Acc 89.543
LR: 0.003977017999882228
Epoch:4/30
 * Loss 0.319 | Train Acc 89.523
LR: 0.0039483524364762965
Epoch:5/30
 * Loss 0.316 | Train Acc 89.623
LR: 0.003908336085693616
Epoch:6/30
 * Loss 0.304 | Train Acc 89.583
LR: 0.00385708398718595
Epoch:7/30
 * Loss 0.313 | Train Acc 89.984
LR: 0.003794743481314153
Epoch:8/30
 * Loss 0.298 | Train Acc 90.244
LR: 0.003721493785571721
Epoch:9/30
 * Loss 0.285 | Train Acc 90.565
LR: 0.00363754547936745
Epoch:10/30
 * Loss 0.311 | Train Acc 89.904
LR: 0.003543139898648343
Epoch:11/30
 * Loss 0.311 | Train Acc 90.024
LR: 0.003438548442103134
Epoch:12/30
 * Loss 0.293 | Train Acc 90.264
LR: 0.0033240717909409543
Epoch:13/30
 * Loss 0.281 | Train Acc 90.925
LR: 0.003200039044488128
Epoch:14/30
 * Loss 0.282 | Train Acc 90.885
LR: 0.00306680677408812
Epoch:15/30
 * Loss 0.290 | Train Acc 90.325
LR: 0.0029247579980244704
Epoch:16/30
 * Loss 0.252 | Train Acc 91.567
LR: 0.0027743010804136474
Epoch:17/30
 * Loss 0.277 | Train Acc 90.845
LR: 0.0026158685572332855
Epoch:18/30
 * Loss 0.274 | Train Acc 90.885
LR: 0.0024499158928607727
Epoch:19/30
 * Loss 0.264 | Train Acc 91.546
LR: 0.0022769201706968945
Epoch:20/30
 * Loss 0.261 | Train Acc 91.346
LR: 0.0020973787216387683
Epoch:21/30
 * Loss 0.277 | Train Acc 91.006
LR: 0.0019118076943449456
Epoch:22/30
 * Loss 0.268 | Train Acc 91.366
LR: 0.0017207405714029067
Epoch:23/30
 * Loss 0.267 | Train Acc 91.306
LR: 0.0015247266356647002
Epoch:24/30
 * Loss 0.271 | Train Acc 91.186
LR: 0.0013243293911597263
Epoch:25/30
 * Loss 0.263 | Train Acc 91.486
LR: 0.0011201249431242457
Epoch:26/30
 * Loss 0.253 | Train Acc 91.306
LR: 0.0009127003418047438
Epoch:27/30
 * Loss 0.254 | Train Acc 91.526
LR: 0.0007026518947963905
Epoch:28/30
 * Loss 0.248 | Train Acc 91.967
LR: 0.0004905834527683376
Epoch:29/30
 * Loss 0.262 | Train Acc 91.306
LR: 0.0002771046735040541
Epoch:30/30
 * Loss 0.258 | Train Acc 91.647
Merging prompt ... 
=> Saving class model to: ./checkpoints/cifar-100/seed2/models/repeat-1/task-5/
=> Save Done
validation split name: 1 local = False
 * Val Acc 98.125, Total time 3.00
validation split name: 2 local = False
 * Val Acc 96.667, Total time 2.96
validation split name: 3 local = False
 * Val Acc 93.958, Total time 2.90
validation split name: 4 local = False
 * Val Acc 94.583, Total time 3.00
validation split name: 5 local = False
 * Val Acc 92.292, Total time 2.97
====================== 6 =======================
Incremental class: Old valid output dimension: 50
Incremental class: New Valid output dimension: 60
Overwriting ...
Optimizer is reset!
*****************************************
LR: 0.004
Epoch:1/30
 * Loss 0.372 | Train Acc 88.201
LR: 0.004
Epoch:2/30
 * Loss 0.228 | Train Acc 92.528
LR: 0.003994250367686589
Epoch:3/30
 * Loss 0.216 | Train Acc 92.708
LR: 0.003977017999882228
Epoch:4/30
 * Loss 0.220 | Train Acc 92.788
LR: 0.0039483524364762965
Epoch:5/30
 * Loss 0.192 | Train Acc 93.770
LR: 0.003908336085693616
Epoch:6/30
 * Loss 0.187 | Train Acc 94.231
LR: 0.00385708398718595
Epoch:7/30
 * Loss 0.194 | Train Acc 93.690
LR: 0.003794743481314153
Epoch:8/30
 * Loss 0.190 | Train Acc 93.830
LR: 0.003721493785571721
Epoch:9/30
 * Loss 0.192 | Train Acc 93.910
LR: 0.00363754547936745
Epoch:10/30
 * Loss 0.181 | Train Acc 94.151
LR: 0.003543139898648343
Epoch:11/30
 * Loss 0.188 | Train Acc 93.670
LR: 0.003438548442103134
Epoch:12/30
 * Loss 0.192 | Train Acc 93.650
LR: 0.0033240717909409543
Epoch:13/30
 * Loss 0.185 | Train Acc 94.211
LR: 0.003200039044488128
Epoch:14/30
 * Loss 0.172 | Train Acc 94.411
LR: 0.00306680677408812
Epoch:15/30
 * Loss 0.188 | Train Acc 94.010
LR: 0.0029247579980244704
Epoch:16/30
 * Loss 0.176 | Train Acc 94.231
LR: 0.0027743010804136474
Epoch:17/30
 * Loss 0.175 | Train Acc 94.451
LR: 0.0026158685572332855
Epoch:18/30
 * Loss 0.172 | Train Acc 94.231
LR: 0.0024499158928607727
Epoch:19/30
 * Loss 0.180 | Train Acc 94.231
LR: 0.0022769201706968945
Epoch:20/30
 * Loss 0.146 | Train Acc 95.413
LR: 0.0020973787216387683
Epoch:21/30
 * Loss 0.161 | Train Acc 94.692
LR: 0.0019118076943449456
Epoch:22/30
 * Loss 0.168 | Train Acc 94.511
LR: 0.0017207405714029067
Epoch:23/30
 * Loss 0.171 | Train Acc 94.351
LR: 0.0015247266356647002
Epoch:24/30
 * Loss 0.151 | Train Acc 95.092
LR: 0.0013243293911597263
Epoch:25/30
 * Loss 0.164 | Train Acc 94.551
LR: 0.0011201249431242457
Epoch:26/30
 * Loss 0.151 | Train Acc 94.992
LR: 0.0009127003418047438
Epoch:27/30
 * Loss 0.161 | Train Acc 94.712
LR: 0.0007026518947963905
Epoch:28/30
 * Loss 0.161 | Train Acc 94.531
LR: 0.0004905834527683376
Epoch:29/30
 * Loss 0.153 | Train Acc 94.952
LR: 0.0002771046735040541
Epoch:30/30
 * Loss 0.163 | Train Acc 94.651
Merging prompt ... 
=> Saving class model to: ./checkpoints/cifar-100/seed2/models/repeat-1/task-6/
=> Save Done
validation split name: 1 local = False
 * Val Acc 96.562, Total time 2.90
validation split name: 2 local = False
 * Val Acc 95.938, Total time 2.98
validation split name: 3 local = False
 * Val Acc 93.438, Total time 2.91
validation split name: 4 local = False
 * Val Acc 93.958, Total time 2.96
validation split name: 5 local = False
 * Val Acc 92.604, Total time 2.88
validation split name: 6 local = False
 * Val Acc 88.229, Total time 2.90
====================== 7 =======================
Incremental class: Old valid output dimension: 60
Incremental class: New Valid output dimension: 70
Overwriting ...
Optimizer is reset!
*****************************************
LR: 0.004
Epoch:1/30
 * Loss 0.439 | Train Acc 85.477
LR: 0.004
Epoch:2/30
 * Loss 0.321 | Train Acc 88.802
LR: 0.003994250367686589
Epoch:3/30
 * Loss 0.319 | Train Acc 89.203
LR: 0.003977017999882228
Epoch:4/30
 * Loss 0.286 | Train Acc 90.325
LR: 0.0039483524364762965
Epoch:5/30
 * Loss 0.279 | Train Acc 90.485
LR: 0.003908336085693616
Epoch:6/30
 * Loss 0.276 | Train Acc 90.605
LR: 0.00385708398718595
Epoch:7/30
 * Loss 0.260 | Train Acc 91.146
LR: 0.003794743481314153
Epoch:8/30
 * Loss 0.272 | Train Acc 90.505
LR: 0.003721493785571721
Epoch:9/30
 * Loss 0.264 | Train Acc 91.026
LR: 0.00363754547936745
Epoch:10/30
 * Loss 0.265 | Train Acc 90.946
LR: 0.003543139898648343
Epoch:11/30
 * Loss 0.254 | Train Acc 91.306
LR: 0.003438548442103134
Epoch:12/30
 * Loss 0.242 | Train Acc 91.947
LR: 0.0033240717909409543
Epoch:13/30
 * Loss 0.248 | Train Acc 91.346
LR: 0.003200039044488128
Epoch:14/30
 * Loss 0.252 | Train Acc 91.286
LR: 0.00306680677408812
Epoch:15/30
 * Loss 0.241 | Train Acc 91.807
LR: 0.0029247579980244704
Epoch:16/30
 * Loss 0.255 | Train Acc 91.526
LR: 0.0027743010804136474
Epoch:17/30
 * Loss 0.239 | Train Acc 91.667
LR: 0.0026158685572332855
Epoch:18/30
 * Loss 0.214 | Train Acc 92.829
LR: 0.0024499158928607727
Epoch:19/30
 * Loss 0.242 | Train Acc 91.206
LR: 0.0022769201706968945
Epoch:20/30
 * Loss 0.249 | Train Acc 91.286
LR: 0.0020973787216387683
Epoch:21/30
 * Loss 0.231 | Train Acc 92.468
LR: 0.0019118076943449456
Epoch:22/30
 * Loss 0.230 | Train Acc 92.047
LR: 0.0017207405714029067
Epoch:23/30
 * Loss 0.231 | Train Acc 92.167
LR: 0.0015247266356647002
Epoch:24/30
 * Loss 0.212 | Train Acc 92.788
LR: 0.0013243293911597263
Epoch:25/30
 * Loss 0.226 | Train Acc 92.228
LR: 0.0011201249431242457
Epoch:26/30
 * Loss 0.215 | Train Acc 92.528
LR: 0.0009127003418047438
Epoch:27/30
 * Loss 0.226 | Train Acc 91.887
LR: 0.0007026518947963905
Epoch:28/30
 * Loss 0.211 | Train Acc 92.929
LR: 0.0004905834527683376
Epoch:29/30
 * Loss 0.213 | Train Acc 92.808
LR: 0.0002771046735040541
Epoch:30/30
 * Loss 0.204 | Train Acc 92.909
Merging prompt ... 
=> Saving class model to: ./checkpoints/cifar-100/seed2/models/repeat-1/task-7/
=> Save Done
validation split name: 1 local = False
 * Val Acc 96.042, Total time 2.88
validation split name: 2 local = False
 * Val Acc 95.625, Total time 2.89
validation split name: 3 local = False
 * Val Acc 93.021, Total time 3.02
validation split name: 4 local = False
 * Val Acc 93.750, Total time 2.98
validation split name: 5 local = False
 * Val Acc 92.604, Total time 2.90
validation split name: 6 local = False
 * Val Acc 87.500, Total time 2.90
validation split name: 7 local = False
 * Val Acc 89.375, Total time 2.87
====================== 8 =======================
Incremental class: Old valid output dimension: 70
Incremental class: New Valid output dimension: 80
Overwriting ...
Optimizer is reset!
*****************************************
LR: 0.004
Epoch:1/30
 * Loss 0.479 | Train Acc 84.034
LR: 0.004
Epoch:2/30
 * Loss 0.327 | Train Acc 88.682
LR: 0.003994250367686589
Epoch:3/30
 * Loss 0.341 | Train Acc 88.762
LR: 0.003977017999882228
Epoch:4/30
 * Loss 0.316 | Train Acc 89.523
LR: 0.0039483524364762965
Epoch:5/30
 * Loss 0.315 | Train Acc 89.543
LR: 0.003908336085693616
Epoch:6/30
 * Loss 0.307 | Train Acc 89.543
LR: 0.00385708398718595
Epoch:7/30
 * Loss 0.296 | Train Acc 90.004
LR: 0.003794743481314153
Epoch:8/30
 * Loss 0.298 | Train Acc 89.643
LR: 0.003721493785571721
Epoch:9/30
 * Loss 0.297 | Train Acc 90.284
LR: 0.00363754547936745
Epoch:10/30
 * Loss 0.277 | Train Acc 90.785
LR: 0.003543139898648343
Epoch:11/30
 * Loss 0.294 | Train Acc 89.844
LR: 0.003438548442103134
Epoch:12/30
 * Loss 0.284 | Train Acc 90.525
LR: 0.0033240717909409543
Epoch:13/30
 * Loss 0.272 | Train Acc 91.186
LR: 0.003200039044488128
Epoch:14/30
 * Loss 0.264 | Train Acc 91.226
LR: 0.00306680677408812
Epoch:15/30
 * Loss 0.278 | Train Acc 90.445
LR: 0.0029247579980244704
Epoch:16/30
 * Loss 0.268 | Train Acc 91.226
LR: 0.0027743010804136474
Epoch:17/30
 * Loss 0.259 | Train Acc 91.366
LR: 0.0026158685572332855
Epoch:18/30
 * Loss 0.264 | Train Acc 91.146
LR: 0.0024499158928607727
Epoch:19/30
 * Loss 0.256 | Train Acc 91.406
LR: 0.0022769201706968945
Epoch:20/30
 * Loss 0.258 | Train Acc 90.805
LR: 0.0020973787216387683
Epoch:21/30
 * Loss 0.274 | Train Acc 90.805
LR: 0.0019118076943449456
Epoch:22/30
 * Loss 0.250 | Train Acc 91.687
LR: 0.0017207405714029067
Epoch:23/30
 * Loss 0.248 | Train Acc 91.166
LR: 0.0015247266356647002
Epoch:24/30
 * Loss 0.252 | Train Acc 91.346
LR: 0.0013243293911597263
Epoch:25/30
 * Loss 0.231 | Train Acc 92.027
LR: 0.0011201249431242457
Epoch:26/30
 * Loss 0.243 | Train Acc 91.767
LR: 0.0009127003418047438
Epoch:27/30
 * Loss 0.243 | Train Acc 91.707
LR: 0.0007026518947963905
Epoch:28/30
 * Loss 0.243 | Train Acc 91.346
LR: 0.0004905834527683376
Epoch:29/30
 * Loss 0.263 | Train Acc 91.186
LR: 0.0002771046735040541
Epoch:30/30
 * Loss 0.238 | Train Acc 92.127
Merging prompt ... 
=> Saving class model to: ./checkpoints/cifar-100/seed2/models/repeat-1/task-8/
=> Save Done
validation split name: 1 local = False
 * Val Acc 94.896, Total time 2.97
validation split name: 2 local = False
 * Val Acc 94.688, Total time 2.91
validation split name: 3 local = False
 * Val Acc 92.812, Total time 2.96
validation split name: 4 local = False
 * Val Acc 92.812, Total time 2.87
validation split name: 5 local = False
 * Val Acc 92.708, Total time 2.86
validation split name: 6 local = False
 * Val Acc 88.125, Total time 2.95
validation split name: 7 local = False
 * Val Acc 89.167, Total time 2.88
validation split name: 8 local = False
 * Val Acc 84.479, Total time 2.91
====================== 9 =======================
Incremental class: Old valid output dimension: 80
Incremental class: New Valid output dimension: 90
Overwriting ...
Optimizer is reset!
*****************************************
LR: 0.004
Epoch:1/30
 * Loss 0.674 | Train Acc 77.083
LR: 0.004
Epoch:2/30
 * Loss 0.520 | Train Acc 81.811
LR: 0.003994250367686589
Epoch:3/30
 * Loss 0.484 | Train Acc 83.353
LR: 0.003977017999882228
Epoch:4/30
 * Loss 0.488 | Train Acc 82.432
LR: 0.0039483524364762965
Epoch:5/30
 * Loss 0.458 | Train Acc 83.894
LR: 0.003908336085693616
Epoch:6/30
 * Loss 0.449 | Train Acc 84.455
LR: 0.00385708398718595
Epoch:7/30
 * Loss 0.446 | Train Acc 83.874
LR: 0.003794743481314153
Epoch:8/30
 * Loss 0.440 | Train Acc 84.696
LR: 0.003721493785571721
Epoch:9/30
 * Loss 0.435 | Train Acc 84.916
LR: 0.00363754547936745
Epoch:10/30
 * Loss 0.440 | Train Acc 84.175
LR: 0.003543139898648343
Epoch:11/30
 * Loss 0.430 | Train Acc 84.776
LR: 0.003438548442103134
Epoch:12/30
 * Loss 0.432 | Train Acc 84.655
LR: 0.0033240717909409543
Epoch:13/30
 * Loss 0.412 | Train Acc 85.417
LR: 0.003200039044488128
Epoch:14/30
 * Loss 0.422 | Train Acc 85.637
LR: 0.00306680677408812
Epoch:15/30
 * Loss 0.424 | Train Acc 85.216
LR: 0.0029247579980244704
Epoch:16/30
 * Loss 0.408 | Train Acc 85.417
LR: 0.0027743010804136474
Epoch:17/30
 * Loss 0.399 | Train Acc 85.897
LR: 0.0026158685572332855
Epoch:18/30
 * Loss 0.388 | Train Acc 86.498
LR: 0.0024499158928607727
Epoch:19/30
 * Loss 0.401 | Train Acc 85.737
LR: 0.0022769201706968945
Epoch:20/30
 * Loss 0.401 | Train Acc 86.118
LR: 0.0020973787216387683
Epoch:21/30
 * Loss 0.362 | Train Acc 87.099
LR: 0.0019118076943449456
Epoch:22/30
 * Loss 0.391 | Train Acc 86.679
LR: 0.0017207405714029067
Epoch:23/30
 * Loss 0.403 | Train Acc 86.138
LR: 0.0015247266356647002
Epoch:24/30
 * Loss 0.386 | Train Acc 86.258
LR: 0.0013243293911597263
Epoch:25/30
 * Loss 0.358 | Train Acc 87.400
LR: 0.0011201249431242457
Epoch:26/30
 * Loss 0.383 | Train Acc 86.238
LR: 0.0009127003418047438
Epoch:27/30
 * Loss 0.388 | Train Acc 86.418
LR: 0.0007026518947963905
Epoch:28/30
 * Loss 0.376 | Train Acc 86.959
LR: 0.0004905834527683376
Epoch:29/30
 * Loss 0.372 | Train Acc 87.119
LR: 0.0002771046735040541
Epoch:30/30
 * Loss 0.395 | Train Acc 86.318
Merging prompt ... 
=> Saving class model to: ./checkpoints/cifar-100/seed2/models/repeat-1/task-9/
=> Save Done
validation split name: 1 local = False
 * Val Acc 94.896, Total time 2.96
validation split name: 2 local = False
 * Val Acc 94.167, Total time 2.99
validation split name: 3 local = False
 * Val Acc 88.542, Total time 3.00
validation split name: 4 local = False
 * Val Acc 92.917, Total time 2.88
validation split name: 5 local = False
 * Val Acc 91.354, Total time 2.89
validation split name: 6 local = False
 * Val Acc 88.021, Total time 2.89
validation split name: 7 local = False
 * Val Acc 89.271, Total time 2.89
validation split name: 8 local = False
 * Val Acc 84.792, Total time 2.88
validation split name: 9 local = False
 * Val Acc 76.875, Total time 2.91
====================== 10 =======================
Incremental class: Old valid output dimension: 90
Incremental class: New Valid output dimension: 100
Overwriting ...
Optimizer is reset!
*****************************************
LR: 0.004
Epoch:1/30
 * Loss 0.437 | Train Acc 85.537
LR: 0.004
Epoch:2/30
 * Loss 0.326 | Train Acc 89.483
LR: 0.003994250367686589
Epoch:3/30
 * Loss 0.308 | Train Acc 89.503
LR: 0.003977017999882228
Epoch:4/30
 * Loss 0.300 | Train Acc 90.064
LR: 0.0039483524364762965
Epoch:5/30
 * Loss 0.285 | Train Acc 90.565
LR: 0.003908336085693616
Epoch:6/30
 * Loss 0.258 | Train Acc 91.146
LR: 0.00385708398718595
Epoch:7/30
 * Loss 0.280 | Train Acc 90.164
LR: 0.003794743481314153
Epoch:8/30
 * Loss 0.272 | Train Acc 90.725
LR: 0.003721493785571721
Epoch:9/30
 * Loss 0.275 | Train Acc 90.665
LR: 0.00363754547936745
Epoch:10/30
 * Loss 0.268 | Train Acc 90.765
LR: 0.003543139898648343
Epoch:11/30
 * Loss 0.258 | Train Acc 91.687
LR: 0.003438548442103134
Epoch:12/30
 * Loss 0.243 | Train Acc 91.987
LR: 0.0033240717909409543
Epoch:13/30
 * Loss 0.258 | Train Acc 91.627
LR: 0.003200039044488128
Epoch:14/30
 * Loss 0.249 | Train Acc 91.667
LR: 0.00306680677408812
Epoch:15/30
 * Loss 0.253 | Train Acc 91.326
LR: 0.0029247579980244704
Epoch:16/30
 * Loss 0.243 | Train Acc 91.967
LR: 0.0027743010804136474
Epoch:17/30
 * Loss 0.239 | Train Acc 91.807
LR: 0.0026158685572332855
Epoch:18/30
 * Loss 0.237 | Train Acc 92.167
LR: 0.0024499158928607727
Epoch:19/30
 * Loss 0.241 | Train Acc 91.947
LR: 0.0022769201706968945
Epoch:20/30
 * Loss 0.235 | Train Acc 92.188
LR: 0.0020973787216387683
Epoch:21/30
 * Loss 0.258 | Train Acc 91.186
LR: 0.0019118076943449456
Epoch:22/30
 * Loss 0.228 | Train Acc 92.228
LR: 0.0017207405714029067
Epoch:23/30
 * Loss 0.233 | Train Acc 92.428
LR: 0.0015247266356647002
Epoch:24/30
 * Loss 0.230 | Train Acc 91.827
LR: 0.0013243293911597263
Epoch:25/30
 * Loss 0.226 | Train Acc 92.588
LR: 0.0011201249431242457
Epoch:26/30
 * Loss 0.219 | Train Acc 92.648
LR: 0.0009127003418047438
Epoch:27/30
 * Loss 0.227 | Train Acc 92.288
LR: 0.0007026518947963905
Epoch:28/30
 * Loss 0.229 | Train Acc 91.907
LR: 0.0004905834527683376
Epoch:29/30
 * Loss 0.215 | Train Acc 92.748
LR: 0.0002771046735040541
Epoch:30/30
 * Loss 0.228 | Train Acc 92.548
Merging prompt ... 
=> Saving class model to: ./checkpoints/cifar-100/seed2/models/repeat-1/task-10/
=> Save Done
validation split name: 1 local = False
 * Val Acc 93.125, Total time 2.88
validation split name: 2 local = False
 * Val Acc 93.229, Total time 2.87
validation split name: 3 local = False
 * Val Acc 88.438, Total time 2.88
validation split name: 4 local = False
 * Val Acc 92.708, Total time 2.89
validation split name: 5 local = False
 * Val Acc 90.729, Total time 2.87
validation split name: 6 local = False
 * Val Acc 86.979, Total time 2.88
validation split name: 7 local = False
 * Val Acc 88.958, Total time 2.88
validation split name: 8 local = False
 * Val Acc 83.750, Total time 2.88
validation split name: 9 local = False
 * Val Acc 77.708, Total time 2.86
validation split name: 10 local = False
 * Val Acc 83.542, Total time 2.96
*****************************************
Incremental class: Old valid output dimension: 0
Incremental class: New Valid output dimension: 10
=> Load Done
===global validation====
test task 1, using model 1
validation split name: 1 local = False
 * Val Acc 99.375, Total time 2.92
Incremental class: Old valid output dimension: 10
Incremental class: New Valid output dimension: 20
=> Load Done
===global validation====
test task 1, using model 2
validation split name: 1 local = False
 * Val Acc 98.542, Total time 2.94
test task 2, using model 2
validation split name: 2 local = False
 * Val Acc 97.812, Total time 2.96
Incremental class: Old valid output dimension: 20
Incremental class: New Valid output dimension: 30
=> Load Done
===global validation====
test task 1, using model 3
validation split name: 1 local = False
 * Val Acc 98.438, Total time 2.89
test task 2, using model 3
validation split name: 2 local = False
 * Val Acc 97.500, Total time 2.95
test task 3, using model 3
validation split name: 3 local = False
 * Val Acc 96.979, Total time 3.04
Incremental class: Old valid output dimension: 30
Incremental class: New Valid output dimension: 40
=> Load Done
===global validation====
test task 1, using model 4
validation split name: 1 local = False
 * Val Acc 98.333, Total time 2.90
test task 2, using model 4
validation split name: 2 local = False
 * Val Acc 97.604, Total time 2.99
test task 3, using model 4
validation split name: 3 local = False
 * Val Acc 95.104, Total time 2.97
test task 4, using model 4
validation split name: 4 local = False
 * Val Acc 95.729, Total time 2.89
Incremental class: Old valid output dimension: 40
Incremental class: New Valid output dimension: 50
=> Load Done
===global validation====
test task 1, using model 5
validation split name: 1 local = False
 * Val Acc 98.125, Total time 2.99
test task 2, using model 5
validation split name: 2 local = False
 * Val Acc 96.667, Total time 2.90
test task 3, using model 5
validation split name: 3 local = False
 * Val Acc 93.958, Total time 2.98
test task 4, using model 5
validation split name: 4 local = False
 * Val Acc 94.583, Total time 2.90
test task 5, using model 5
validation split name: 5 local = False
 * Val Acc 92.292, Total time 2.88
Incremental class: Old valid output dimension: 50
Incremental class: New Valid output dimension: 60
=> Load Done
===global validation====
test task 1, using model 6
validation split name: 1 local = False
 * Val Acc 96.562, Total time 2.89
test task 2, using model 6
validation split name: 2 local = False
 * Val Acc 95.938, Total time 2.91
test task 3, using model 6
validation split name: 3 local = False
 * Val Acc 93.438, Total time 2.87
test task 4, using model 6
validation split name: 4 local = False
 * Val Acc 93.958, Total time 3.00
test task 5, using model 6
validation split name: 5 local = False
 * Val Acc 92.604, Total time 2.88
test task 6, using model 6
validation split name: 6 local = False
 * Val Acc 88.229, Total time 2.90
Incremental class: Old valid output dimension: 60
Incremental class: New Valid output dimension: 70
=> Load Done
===global validation====
test task 1, using model 7
validation split name: 1 local = False
 * Val Acc 96.042, Total time 2.96
test task 2, using model 7
validation split name: 2 local = False
 * Val Acc 95.625, Total time 2.90
test task 3, using model 7
validation split name: 3 local = False
 * Val Acc 93.021, Total time 2.89
test task 4, using model 7
validation split name: 4 local = False
 * Val Acc 93.750, Total time 2.96
test task 5, using model 7
validation split name: 5 local = False
 * Val Acc 92.604, Total time 2.89
test task 6, using model 7
validation split name: 6 local = False
 * Val Acc 87.500, Total time 2.94
test task 7, using model 7
validation split name: 7 local = False
 * Val Acc 89.375, Total time 2.98
Incremental class: Old valid output dimension: 70
Incremental class: New Valid output dimension: 80
=> Load Done
===global validation====
test task 1, using model 8
validation split name: 1 local = False
 * Val Acc 94.896, Total time 2.88
test task 2, using model 8
validation split name: 2 local = False
 * Val Acc 94.688, Total time 2.94
test task 3, using model 8
validation split name: 3 local = False
 * Val Acc 92.812, Total time 2.91
test task 4, using model 8
validation split name: 4 local = False
 * Val Acc 92.812, Total time 2.89
test task 5, using model 8
validation split name: 5 local = False
 * Val Acc 92.708, Total time 2.88
test task 6, using model 8
validation split name: 6 local = False
 * Val Acc 88.125, Total time 2.91
test task 7, using model 8
validation split name: 7 local = False
 * Val Acc 89.167, Total time 2.87
test task 8, using model 8
validation split name: 8 local = False
 * Val Acc 84.479, Total time 2.93
Incremental class: Old valid output dimension: 80
Incremental class: New Valid output dimension: 90
=> Load Done
===global validation====
test task 1, using model 9
validation split name: 1 local = False
 * Val Acc 94.896, Total time 2.89
test task 2, using model 9
validation split name: 2 local = False
 * Val Acc 94.167, Total time 2.87
test task 3, using model 9
validation split name: 3 local = False
 * Val Acc 88.542, Total time 2.99
test task 4, using model 9
validation split name: 4 local = False
 * Val Acc 92.917, Total time 2.98
test task 5, using model 9
validation split name: 5 local = False
 * Val Acc 91.354, Total time 2.99
test task 6, using model 9
validation split name: 6 local = False
 * Val Acc 88.021, Total time 2.96
test task 7, using model 9
validation split name: 7 local = False
 * Val Acc 89.271, Total time 3.03
test task 8, using model 9
validation split name: 8 local = False
 * Val Acc 84.792, Total time 3.00
test task 9, using model 9
validation split name: 9 local = False
 * Val Acc 76.875, Total time 2.90
Incremental class: Old valid output dimension: 90
Incremental class: New Valid output dimension: 100
=> Load Done
===global validation====
test task 1, using model 10
validation split name: 1 local = False
 * Val Acc 93.125, Total time 2.89
test task 2, using model 10
validation split name: 2 local = False
 * Val Acc 93.229, Total time 2.92
test task 3, using model 10
validation split name: 3 local = False
 * Val Acc 88.438, Total time 3.00
test task 4, using model 10
validation split name: 4 local = False
 * Val Acc 92.708, Total time 2.91
test task 5, using model 10
validation split name: 5 local = False
 * Val Acc 90.729, Total time 2.93
test task 6, using model 10
validation split name: 6 local = False
 * Val Acc 86.979, Total time 2.98
test task 7, using model 10
validation split name: 7 local = False
 * Val Acc 88.958, Total time 2.98
test task 8, using model 10
validation split name: 8 local = False
 * Val Acc 83.750, Total time 2.90
test task 9, using model 10
validation split name: 9 local = False
 * Val Acc 77.708, Total time 3.01
test task 10, using model 10
validation split name: 10 local = False
 * Val Acc 83.542, Total time 2.90
coda_forgetting= (np.float64(0.5774865887713113), np.float64(0.0))
general_forgetting= (np.float64(2.8356481481481506), np.float64(0.0))
acctable, {'1': OrderedDict([('1', 99.375), ('2', 98.54166666666667), ('3', 98.4375), ('4', 98.33333333333333), ('5', 98.125), ('6', 96.5625), ('7', 96.04166666666667), ('8', 94.89583333333333), ('9', 94.89583333333333), ('10', 93.125)]), '2': OrderedDict([('2', 97.8125), ('3', 97.5), ('4', 97.60416666666667), ('5', 96.66666666666667), ('6', 95.9375), ('7', 95.625), ('8', 94.6875), ('9', 94.16666666666667), ('10', 93.22916666666667)]), '3': OrderedDict([('3', 96.97916666666667), ('4', 95.10416666666667), ('5', 93.95833333333333), ('6', 93.4375), ('7', 93.02083333333333), ('8', 92.8125), ('9', 88.54166666666667), ('10', 88.4375)]), '4': OrderedDict([('4', 95.72916666666667), ('5', 94.58333333333333), ('6', 93.95833333333333), ('7', 93.75), ('8', 92.8125), ('9', 92.91666666666667), ('10', 92.70833333333333)]), '5': OrderedDict([('5', 92.29166666666667), ('6', 92.60416666666667), ('7', 92.60416666666667), ('8', 92.70833333333333), ('9', 91.35416666666667), ('10', 90.72916666666667)]), '6': OrderedDict([('6', 88.22916666666667), ('7', 87.5), ('8', 88.125), ('9', 88.02083333333333), ('10', 86.97916666666667)]), '7': OrderedDict([('7', 89.375), ('8', 89.16666666666667), ('9', 89.27083333333333), ('10', 88.95833333333333)]), '8': OrderedDict([('8', 84.47916666666667), ('9', 84.79166666666667), ('10', 83.75)]), '9': OrderedDict([('9', 76.875), ('10', 77.70833333333333)]), '10': OrderedDict([('10', 83.54166666666667)])}
dropmatrix: [[99.375, 98.54166666666667, 98.4375, 98.33333333333333, 98.125, 96.5625, 96.04166666666667, 94.89583333333333, 94.89583333333333, 93.125], [97.8125, 97.5, 97.60416666666667, 96.66666666666667, 95.9375, 95.625, 94.6875, 94.16666666666667, 93.22916666666667], [96.97916666666667, 95.10416666666667, 93.95833333333333, 93.4375, 93.02083333333333, 92.8125, 88.54166666666667, 88.4375], [95.72916666666667, 94.58333333333333, 93.95833333333333, 93.75, 92.8125, 92.91666666666667, 92.70833333333333], [92.29166666666667, 92.60416666666667, 92.60416666666667, 92.70833333333333, 91.35416666666667, 90.72916666666667], [88.22916666666667, 87.5, 88.125, 88.02083333333333, 86.97916666666667], [89.375, 89.16666666666667, 89.27083333333333, 88.95833333333333], [84.47916666666667, 84.79166666666667, 83.75], [76.875, 77.70833333333333], [83.54166666666667]]
global acc [[99.375     ]
 [98.17708333]
 [97.63888889]
 [96.69270833]
 [95.125     ]
 [93.45486111]
 [92.55952381]
 [91.2109375 ]
 [88.98148148]
 [87.91666667]]
pt acc [[[99.375     ]
  [98.54166667]
  [98.4375    ]
  [98.33333333]
  [98.125     ]
  [96.5625    ]
  [96.04166667]
  [94.89583333]
  [94.89583333]
  [93.125     ]]

 [[ 0.        ]
  [97.8125    ]
  [97.5       ]
  [97.60416667]
  [96.66666667]
  [95.9375    ]
  [95.625     ]
  [94.6875    ]
  [94.16666667]
  [93.22916667]]

 [[ 0.        ]
  [ 0.        ]
  [96.97916667]
  [95.10416667]
  [93.95833333]
  [93.4375    ]
  [93.02083333]
  [92.8125    ]
  [88.54166667]
  [88.4375    ]]

 [[ 0.        ]
  [ 0.        ]
  [ 0.        ]
  [95.72916667]
  [94.58333333]
  [93.95833333]
  [93.75      ]
  [92.8125    ]
  [92.91666667]
  [92.70833333]]

 [[ 0.        ]
  [ 0.        ]
  [ 0.        ]
  [ 0.        ]
  [92.29166667]
  [92.60416667]
  [92.60416667]
  [92.70833333]
  [91.35416667]
  [90.72916667]]

 [[ 0.        ]
  [ 0.        ]
  [ 0.        ]
  [ 0.        ]
  [ 0.        ]
  [88.22916667]
  [87.5       ]
  [88.125     ]
  [88.02083333]
  [86.97916667]]

 [[ 0.        ]
  [ 0.        ]
  [ 0.        ]
  [ 0.        ]
  [ 0.        ]
  [ 0.        ]
  [89.375     ]
  [89.16666667]
  [89.27083333]
  [88.95833333]]

 [[ 0.        ]
  [ 0.        ]
  [ 0.        ]
  [ 0.        ]
  [ 0.        ]
  [ 0.        ]
  [ 0.        ]
  [84.47916667]
  [84.79166667]
  [83.75      ]]

 [[ 0.        ]
  [ 0.        ]
  [ 0.        ]
  [ 0.        ]
  [ 0.        ]
  [ 0.        ]
  [ 0.        ]
  [ 0.        ]
  [76.875     ]
  [77.70833333]]

 [[ 0.        ]
  [ 0.        ]
  [ 0.        ]
  [ 0.        ]
  [ 0.        ]
  [ 0.        ]
  [ 0.        ]
  [ 0.        ]
  [ 0.        ]
  [83.54166667]]]
===Summary of experiment repeats: 1 / 1 ===
acc  | mean: 87.91666666666667 std: 0.0
87.92 \pm 0.0
time  | mean: 0.11496096176978869 std: 0.0
0.11 \pm 0.0
[]
/root/miniconda3/envs/apt/lib/python3.10/site-packages/numpy/_core/fromnumeric.py:3860: RuntimeWarning: Mean of empty slice.
  return _methods._mean(a, axis=axis, dtype=dtype,
/root/miniconda3/envs/apt/lib/python3.10/site-packages/numpy/_core/_methods.py:145: RuntimeWarning: invalid value encountered in scalar divide
  ret = ret.dtype.type(ret / rcount)
/root/miniconda3/envs/apt/lib/python3.10/site-packages/numpy/_core/_methods.py:223: RuntimeWarning: Degrees of freedom <= 0 for slice
  ret = _var(a, axis=axis, dtype=dtype, out=out, ddof=ddof,
/root/miniconda3/envs/apt/lib/python3.10/site-packages/numpy/_core/_methods.py:181: RuntimeWarning: invalid value encountered in divide
  arrmean = um.true_divide(arrmean, div, out=arrmean,
/root/miniconda3/envs/apt/lib/python3.10/site-packages/numpy/_core/_methods.py:215: RuntimeWarning: invalid value encountered in scalar divide
  ret = ret.dtype.type(ret / rcount)
forgetting , nan \pm nan
