Namespace(dataset='CIFAR100', first_split_size=10, other_split_size=10, schedule_type='cosine', optimizer='Adam', momentum=0.9, weight_decay=0, model_type='zoo', model_name='vit_pt_imnet', max_task=-1, dataroot='data', workers=4, validation=False, train_aug=True, rand_split=True, gpuid=[0], log_dir='./checkpoints/cifar-100/seed3', learner_type='prompt', learner_name='APT_Learner', debug_mode=0, repeat=1, overwrite=0, oracle_flag=False, upper_bound_flag=False, memory=0, temp=2.0, DW=False, prompt_param=['0.01'], seed=3, batch_size=64, lr=0.004, ema_coeff=0.7, schedule=30, config='configs/cifar-100_prompt.yaml')
************************************
* STARTING TRIAL 1
************************************
=============================================
Shuffling....seed is 3
pre-shuffle:[0, 1, 2, 3, 4, 5, 6, 7, 8, 9, 10, 11, 12, 13, 14, 15, 16, 17, 18, 19, 20, 21, 22, 23, 24, 25, 26, 27, 28, 29, 30, 31, 32, 33, 34, 35, 36, 37, 38, 39, 40, 41, 42, 43, 44, 45, 46, 47, 48, 49, 50, 51, 52, 53, 54, 55, 56, 57, 58, 59, 60, 61, 62, 63, 64, 65, 66, 67, 68, 69, 70, 71, 72, 73, 74, 75, 76, 77, 78, 79, 80, 81, 82, 83, 84, 85, 86, 87, 88, 89, 90, 91, 92, 93, 94, 95, 96, 97, 98, 99]
post-shuffle:[35, 41, 45, 4, 76, 12, 0, 64, 42, 11, 81, 39, 7, 48, 78, 15, 53, 62, 9, 52, 68, 55, 63, 65, 61, 67, 95, 18, 58, 86, 99, 92, 10, 17, 72, 21, 14, 44, 37, 91, 22, 59, 83, 32, 26, 98, 40, 27, 43, 96, 13, 31, 57, 2, 6, 23, 56, 71, 28, 36, 51, 46, 25, 54, 73, 79, 34, 3, 38, 5, 20, 90, 88, 49, 66, 89, 84, 19, 50, 82, 85, 97, 87, 24, 29, 70, 33, 93, 1, 94, 8, 74, 80, 60, 77, 47, 16, 69, 75, 30]
=============================================
Files already downloaded and verified
*****************************************
====================== 1 =======================
Incremental class: Old valid output dimension: 0
Incremental class: New Valid output dimension: 10
/root/miniconda3/envs/apt/lib/python3.10/site-packages/torch/utils/data/dataloader.py:557: UserWarning: This DataLoader will create 4 worker processes in total. Our suggested max number of worker in current system is 3, which is smaller than what this DataLoader is going to create. Please be aware that excessive worker creation might get DataLoader running slow or even freeze, lower the worker number to avoid potential slowness/freeze if necessary.
  warnings.warn(_create_warning_msg(
Overwriting ...
/root/dl_project/Additive-Prompt-Tuning/learners/default.py:239: FutureWarning: You are using `torch.load` with `weights_only=False` (the current default value), which uses the default pickle module implicitly. It is possible to construct malicious pickle data which will execute arbitrary code during unpickling (See https://github.com/pytorch/pytorch/blob/main/SECURITY.md#untrusted-models for more details). In a future release, the default value for `weights_only` will be flipped to `True`. This limits the functions that could be executed during unpickling. Arbitrary objects will no longer be allowed to be loaded via this mode unless they are explicitly allowlisted by the user via `torch.serialization.add_safe_globals`. We recommend you start setting `weights_only=True` for any use case where you don't have full control of the loaded file. Please open an issue on GitHub for any issues related to this experimental feature.
  model_dict = torch.load(filename + 'class.pth')
Optimizer is reset!
*****************************************
LR: 0.004
Epoch:1/30
 * Loss 0.790 | Train Acc 72.837
LR: 0.004
Epoch:2/30
 * Loss 0.471 | Train Acc 83.053
LR: 0.003994250367686589
Epoch:3/30
 * Loss 0.442 | Train Acc 84.455
LR: 0.003977017999882228
Epoch:4/30
 * Loss 0.416 | Train Acc 85.357
LR: 0.0039483524364762965
Epoch:5/30
 * Loss 0.385 | Train Acc 86.538
LR: 0.003908336085693616
Epoch:6/30
 * Loss 0.383 | Train Acc 86.418
LR: 0.00385708398718595
Epoch:7/30
 * Loss 0.379 | Train Acc 86.398
LR: 0.003794743481314153
Epoch:8/30
 * Loss 0.377 | Train Acc 86.538
LR: 0.003721493785571721
Epoch:9/30
 * Loss 0.358 | Train Acc 87.320
LR: 0.00363754547936745
Epoch:10/30
 * Loss 0.349 | Train Acc 87.740
LR: 0.003543139898648343
Epoch:11/30
 * Loss 0.356 | Train Acc 87.260
LR: 0.003438548442103134
Epoch:12/30
 * Loss 0.320 | Train Acc 88.421
LR: 0.0033240717909409543
Epoch:13/30
 * Loss 0.331 | Train Acc 88.221
LR: 0.003200039044488128
Epoch:14/30
 * Loss 0.325 | Train Acc 88.542
LR: 0.00306680677408812
Epoch:15/30
 * Loss 0.333 | Train Acc 88.101
LR: 0.0029247579980244704
Epoch:16/30
 * Loss 0.310 | Train Acc 88.982
LR: 0.0027743010804136474
Epoch:17/30
 * Loss 0.300 | Train Acc 89.724
LR: 0.0026158685572332855
Epoch:18/30
 * Loss 0.295 | Train Acc 89.804
LR: 0.0024499158928607727
Epoch:19/30
 * Loss 0.295 | Train Acc 89.663
LR: 0.0022769201706968945
Epoch:20/30
 * Loss 0.292 | Train Acc 89.784
LR: 0.0020973787216387683
Epoch:21/30
 * Loss 0.297 | Train Acc 89.323
LR: 0.0019118076943449456
Epoch:22/30
 * Loss 0.312 | Train Acc 88.942
LR: 0.0017207405714029067
Epoch:23/30
 * Loss 0.293 | Train Acc 89.784
LR: 0.0015247266356647002
Epoch:24/30
 * Loss 0.313 | Train Acc 89.022
LR: 0.0013243293911597263
Epoch:25/30
 * Loss 0.305 | Train Acc 89.223
LR: 0.0011201249431242457
Epoch:26/30
 * Loss 0.279 | Train Acc 90.825
LR: 0.0009127003418047438
Epoch:27/30
 * Loss 0.270 | Train Acc 90.585
LR: 0.0007026518947963905
Epoch:28/30
 * Loss 0.290 | Train Acc 89.563
LR: 0.0004905834527683376
Epoch:29/30
 * Loss 0.271 | Train Acc 90.325
LR: 0.0002771046735040541
Epoch:30/30
 * Loss 0.274 | Train Acc 90.625
=> Saving class model to: ./checkpoints/cifar-100/seed3/models/repeat-1/task-1/
=> Save Done
validation split name: 1 local = False
 * Val Acc 97.083, Total time 2.99
====================== 2 =======================
Incremental class: Old valid output dimension: 10
Incremental class: New Valid output dimension: 20
Overwriting ...
Optimizer is reset!
*****************************************
LR: 0.004
Epoch:1/30
 * Loss 0.278 | Train Acc 91.426
LR: 0.004
Epoch:2/30
 * Loss 0.200 | Train Acc 94.030
LR: 0.003994250367686589
Epoch:3/30
 * Loss 0.180 | Train Acc 94.391
LR: 0.003977017999882228
Epoch:4/30
 * Loss 0.192 | Train Acc 93.950
LR: 0.0039483524364762965
Epoch:5/30
 * Loss 0.169 | Train Acc 94.712
LR: 0.003908336085693616
Epoch:6/30
 * Loss 0.168 | Train Acc 94.491
LR: 0.00385708398718595
Epoch:7/30
 * Loss 0.160 | Train Acc 95.032
LR: 0.003794743481314153
Epoch:8/30
 * Loss 0.157 | Train Acc 94.952
LR: 0.003721493785571721
Epoch:9/30
 * Loss 0.156 | Train Acc 94.992
LR: 0.00363754547936745
Epoch:10/30
 * Loss 0.149 | Train Acc 95.072
LR: 0.003543139898648343
Epoch:11/30
 * Loss 0.149 | Train Acc 95.132
LR: 0.003438548442103134
Epoch:12/30
 * Loss 0.151 | Train Acc 95.012
LR: 0.0033240717909409543
Epoch:13/30
 * Loss 0.156 | Train Acc 94.852
LR: 0.003200039044488128
Epoch:14/30
 * Loss 0.148 | Train Acc 94.952
LR: 0.00306680677408812
Epoch:15/30
 * Loss 0.137 | Train Acc 95.333
LR: 0.0029247579980244704
Epoch:16/30
 * Loss 0.162 | Train Acc 94.872
LR: 0.0027743010804136474
Epoch:17/30
 * Loss 0.144 | Train Acc 95.553
LR: 0.0026158685572332855
Epoch:18/30
 * Loss 0.144 | Train Acc 95.172
LR: 0.0024499158928607727
Epoch:19/30
 * Loss 0.127 | Train Acc 95.933
LR: 0.0022769201706968945
Epoch:20/30
 * Loss 0.138 | Train Acc 95.613
LR: 0.0020973787216387683
Epoch:21/30
 * Loss 0.131 | Train Acc 95.933
LR: 0.0019118076943449456
Epoch:22/30
 * Loss 0.137 | Train Acc 95.753
LR: 0.0017207405714029067
Epoch:23/30
 * Loss 0.142 | Train Acc 95.453
LR: 0.0015247266356647002
Epoch:24/30
 * Loss 0.143 | Train Acc 95.393
LR: 0.0013243293911597263
Epoch:25/30
 * Loss 0.137 | Train Acc 95.613
LR: 0.0011201249431242457
Epoch:26/30
 * Loss 0.131 | Train Acc 95.833
LR: 0.0009127003418047438
Epoch:27/30
 * Loss 0.124 | Train Acc 95.954
LR: 0.0007026518947963905
Epoch:28/30
 * Loss 0.130 | Train Acc 96.054
LR: 0.0004905834527683376
Epoch:29/30
 * Loss 0.127 | Train Acc 96.154
LR: 0.0002771046735040541
Epoch:30/30
 * Loss 0.128 | Train Acc 95.853
Merging prompt ... 
=> Saving class model to: ./checkpoints/cifar-100/seed3/models/repeat-1/task-2/
=> Save Done
validation split name: 1 local = False
 * Val Acc 96.250, Total time 3.01
validation split name: 2 local = False
 * Val Acc 99.375, Total time 2.97
====================== 3 =======================
Incremental class: Old valid output dimension: 20
Incremental class: New Valid output dimension: 30
Overwriting ...
Optimizer is reset!
*****************************************
LR: 0.004
Epoch:1/30
 * Loss 0.458 | Train Acc 85.156
LR: 0.004
Epoch:2/30
 * Loss 0.331 | Train Acc 89.483
LR: 0.003994250367686589
Epoch:3/30
 * Loss 0.310 | Train Acc 90.485
LR: 0.003977017999882228
Epoch:4/30
 * Loss 0.295 | Train Acc 90.405
LR: 0.0039483524364762965
Epoch:5/30
 * Loss 0.285 | Train Acc 90.946
LR: 0.003908336085693616
Epoch:6/30
 * Loss 0.286 | Train Acc 90.725
LR: 0.00385708398718595
Epoch:7/30
 * Loss 0.283 | Train Acc 90.946
LR: 0.003794743481314153
Epoch:8/30
 * Loss 0.287 | Train Acc 90.465
LR: 0.003721493785571721
Epoch:9/30
 * Loss 0.251 | Train Acc 91.466
LR: 0.00363754547936745
Epoch:10/30
 * Loss 0.259 | Train Acc 91.647
LR: 0.003543139898648343
Epoch:11/30
 * Loss 0.273 | Train Acc 90.745
LR: 0.003438548442103134
Epoch:12/30
 * Loss 0.255 | Train Acc 91.867
LR: 0.0033240717909409543
Epoch:13/30
 * Loss 0.241 | Train Acc 92.228
LR: 0.003200039044488128
Epoch:14/30
 * Loss 0.261 | Train Acc 91.266
LR: 0.00306680677408812
Epoch:15/30
 * Loss 0.255 | Train Acc 91.647
LR: 0.0029247579980244704
Epoch:16/30
 * Loss 0.235 | Train Acc 92.208
LR: 0.0027743010804136474
Epoch:17/30
 * Loss 0.255 | Train Acc 91.546
LR: 0.0026158685572332855
Epoch:18/30
 * Loss 0.249 | Train Acc 91.546
LR: 0.0024499158928607727
Epoch:19/30
 * Loss 0.242 | Train Acc 91.987
LR: 0.0022769201706968945
Epoch:20/30
 * Loss 0.238 | Train Acc 92.208
LR: 0.0020973787216387683
Epoch:21/30
 * Loss 0.226 | Train Acc 92.768
LR: 0.0019118076943449456
Epoch:22/30
 * Loss 0.244 | Train Acc 91.947
LR: 0.0017207405714029067
Epoch:23/30
 * Loss 0.226 | Train Acc 92.788
LR: 0.0015247266356647002
Epoch:24/30
 * Loss 0.235 | Train Acc 92.308
LR: 0.0013243293911597263
Epoch:25/30
 * Loss 0.231 | Train Acc 92.167
LR: 0.0011201249431242457
Epoch:26/30
 * Loss 0.227 | Train Acc 92.468
LR: 0.0009127003418047438
Epoch:27/30
 * Loss 0.244 | Train Acc 92.027
LR: 0.0007026518947963905
Epoch:28/30
 * Loss 0.229 | Train Acc 92.308
LR: 0.0004905834527683376
Epoch:29/30
 * Loss 0.209 | Train Acc 92.989
LR: 0.0002771046735040541
Epoch:30/30
 * Loss 0.225 | Train Acc 92.748
Merging prompt ... 
=> Saving class model to: ./checkpoints/cifar-100/seed3/models/repeat-1/task-3/
=> Save Done
validation split name: 1 local = False
 * Val Acc 95.104, Total time 2.88
validation split name: 2 local = False
 * Val Acc 98.958, Total time 2.88
validation split name: 3 local = False
 * Val Acc 94.583, Total time 2.97
====================== 4 =======================
Incremental class: Old valid output dimension: 30
Incremental class: New Valid output dimension: 40
Overwriting ...
Optimizer is reset!
*****************************************
LR: 0.004
Epoch:1/30
 * Loss 0.448 | Train Acc 85.497
LR: 0.004
Epoch:2/30
 * Loss 0.344 | Train Acc 88.421
LR: 0.003994250367686589
Epoch:3/30
 * Loss 0.311 | Train Acc 89.263
LR: 0.003977017999882228
Epoch:4/30
 * Loss 0.307 | Train Acc 89.844
LR: 0.0039483524364762965
Epoch:5/30
 * Loss 0.301 | Train Acc 89.984
LR: 0.003908336085693616
Epoch:6/30
 * Loss 0.278 | Train Acc 90.685
LR: 0.00385708398718595
Epoch:7/30
 * Loss 0.279 | Train Acc 90.885
LR: 0.003794743481314153
Epoch:8/30
 * Loss 0.273 | Train Acc 90.765
LR: 0.003721493785571721
Epoch:9/30
 * Loss 0.278 | Train Acc 90.425
LR: 0.00363754547936745
Epoch:10/30
 * Loss 0.276 | Train Acc 90.725
LR: 0.003543139898648343
Epoch:11/30
 * Loss 0.286 | Train Acc 90.405
LR: 0.003438548442103134
Epoch:12/30
 * Loss 0.271 | Train Acc 90.705
LR: 0.0033240717909409543
Epoch:13/30
 * Loss 0.265 | Train Acc 91.286
LR: 0.003200039044488128
Epoch:14/30
 * Loss 0.278 | Train Acc 90.605
LR: 0.00306680677408812
Epoch:15/30
 * Loss 0.251 | Train Acc 91.807
LR: 0.0029247579980244704
Epoch:16/30
 * Loss 0.259 | Train Acc 91.006
LR: 0.0027743010804136474
Epoch:17/30
 * Loss 0.270 | Train Acc 90.986
LR: 0.0026158685572332855
Epoch:18/30
 * Loss 0.248 | Train Acc 91.286
LR: 0.0024499158928607727
Epoch:19/30
 * Loss 0.258 | Train Acc 91.466
LR: 0.0022769201706968945
Epoch:20/30
 * Loss 0.240 | Train Acc 92.007
LR: 0.0020973787216387683
Epoch:21/30
 * Loss 0.254 | Train Acc 91.667
LR: 0.0019118076943449456
Epoch:22/30
 * Loss 0.231 | Train Acc 92.428
LR: 0.0017207405714029067
Epoch:23/30
 * Loss 0.236 | Train Acc 92.047
LR: 0.0015247266356647002
Epoch:24/30
 * Loss 0.252 | Train Acc 91.587
LR: 0.0013243293911597263
Epoch:25/30
 * Loss 0.239 | Train Acc 91.727
LR: 0.0011201249431242457
Epoch:26/30
 * Loss 0.233 | Train Acc 92.408
LR: 0.0009127003418047438
Epoch:27/30
 * Loss 0.207 | Train Acc 92.909
LR: 0.0007026518947963905
Epoch:28/30
 * Loss 0.221 | Train Acc 92.608
LR: 0.0004905834527683376
Epoch:29/30
 * Loss 0.234 | Train Acc 92.428
LR: 0.0002771046735040541
Epoch:30/30
 * Loss 0.228 | Train Acc 92.147
Merging prompt ... 
=> Saving class model to: ./checkpoints/cifar-100/seed3/models/repeat-1/task-4/
=> Save Done
validation split name: 1 local = False
 * Val Acc 94.896, Total time 2.90
validation split name: 2 local = False
 * Val Acc 97.917, Total time 2.87
validation split name: 3 local = False
 * Val Acc 92.604, Total time 2.98
validation split name: 4 local = False
 * Val Acc 91.979, Total time 3.03
====================== 5 =======================
Incremental class: Old valid output dimension: 40
Incremental class: New Valid output dimension: 50
Overwriting ...
Optimizer is reset!
*****************************************
LR: 0.004
Epoch:1/30
 * Loss 0.448 | Train Acc 85.577
LR: 0.004
Epoch:2/30
 * Loss 0.334 | Train Acc 88.882
LR: 0.003994250367686589
Epoch:3/30
 * Loss 0.293 | Train Acc 90.104
LR: 0.003977017999882228
Epoch:4/30
 * Loss 0.284 | Train Acc 90.465
LR: 0.0039483524364762965
Epoch:5/30
 * Loss 0.294 | Train Acc 90.365
LR: 0.003908336085693616
Epoch:6/30
 * Loss 0.281 | Train Acc 90.745
LR: 0.00385708398718595
Epoch:7/30
 * Loss 0.274 | Train Acc 90.645
LR: 0.003794743481314153
Epoch:8/30
 * Loss 0.278 | Train Acc 90.545
LR: 0.003721493785571721
Epoch:9/30
 * Loss 0.262 | Train Acc 91.366
LR: 0.00363754547936745
Epoch:10/30
 * Loss 0.280 | Train Acc 90.585
LR: 0.003543139898648343
Epoch:11/30
 * Loss 0.260 | Train Acc 91.526
LR: 0.003438548442103134
Epoch:12/30
 * Loss 0.252 | Train Acc 91.486
LR: 0.0033240717909409543
Epoch:13/30
 * Loss 0.252 | Train Acc 91.647
LR: 0.003200039044488128
Epoch:14/30
 * Loss 0.262 | Train Acc 91.366
LR: 0.00306680677408812
Epoch:15/30
 * Loss 0.264 | Train Acc 91.226
LR: 0.0029247579980244704
Epoch:16/30
 * Loss 0.253 | Train Acc 91.206
LR: 0.0027743010804136474
Epoch:17/30
 * Loss 0.263 | Train Acc 91.146
LR: 0.0026158685572332855
Epoch:18/30
 * Loss 0.253 | Train Acc 91.326
LR: 0.0024499158928607727
Epoch:19/30
 * Loss 0.239 | Train Acc 91.987
LR: 0.0022769201706968945
Epoch:20/30
 * Loss 0.252 | Train Acc 91.607
LR: 0.0020973787216387683
Epoch:21/30
 * Loss 0.250 | Train Acc 91.587
LR: 0.0019118076943449456
Epoch:22/30
 * Loss 0.240 | Train Acc 91.827
LR: 0.0017207405714029067
Epoch:23/30
 * Loss 0.233 | Train Acc 92.288
LR: 0.0015247266356647002
Epoch:24/30
 * Loss 0.259 | Train Acc 91.206
LR: 0.0013243293911597263
Epoch:25/30
 * Loss 0.236 | Train Acc 91.907
LR: 0.0011201249431242457
Epoch:26/30
 * Loss 0.234 | Train Acc 92.087
LR: 0.0009127003418047438
Epoch:27/30
 * Loss 0.223 | Train Acc 92.508
LR: 0.0007026518947963905
Epoch:28/30
 * Loss 0.231 | Train Acc 92.408
LR: 0.0004905834527683376
Epoch:29/30
 * Loss 0.232 | Train Acc 92.147
LR: 0.0002771046735040541
Epoch:30/30
 * Loss 0.237 | Train Acc 92.428
Merging prompt ... 
=> Saving class model to: ./checkpoints/cifar-100/seed3/models/repeat-1/task-5/
=> Save Done
validation split name: 1 local = False
 * Val Acc 90.417, Total time 2.95
validation split name: 2 local = False
 * Val Acc 97.500, Total time 2.96
validation split name: 3 local = False
 * Val Acc 92.188, Total time 2.96
validation split name: 4 local = False
 * Val Acc 92.500, Total time 2.89
validation split name: 5 local = False
 * Val Acc 86.458, Total time 3.02
====================== 6 =======================
Incremental class: Old valid output dimension: 50
Incremental class: New Valid output dimension: 60
Overwriting ...
Optimizer is reset!
*****************************************
LR: 0.004
Epoch:1/30
 * Loss 0.373 | Train Acc 87.961
LR: 0.004
Epoch:2/30
 * Loss 0.248 | Train Acc 91.707
LR: 0.003994250367686589
Epoch:3/30
 * Loss 0.240 | Train Acc 92.328
LR: 0.003977017999882228
Epoch:4/30
 * Loss 0.241 | Train Acc 92.087
LR: 0.0039483524364762965
Epoch:5/30
 * Loss 0.221 | Train Acc 92.849
LR: 0.003908336085693616
Epoch:6/30
 * Loss 0.218 | Train Acc 92.869
LR: 0.00385708398718595
Epoch:7/30
 * Loss 0.237 | Train Acc 92.328
LR: 0.003794743481314153
Epoch:8/30
 * Loss 0.226 | Train Acc 92.248
LR: 0.003721493785571721
Epoch:9/30
 * Loss 0.222 | Train Acc 92.648
LR: 0.00363754547936745
Epoch:10/30
 * Loss 0.202 | Train Acc 92.989
LR: 0.003543139898648343
Epoch:11/30
 * Loss 0.208 | Train Acc 93.369
LR: 0.003438548442103134
Epoch:12/30
 * Loss 0.219 | Train Acc 92.728
LR: 0.0033240717909409543
Epoch:13/30
 * Loss 0.206 | Train Acc 93.149
LR: 0.003200039044488128
Epoch:14/30
 * Loss 0.217 | Train Acc 93.089
LR: 0.00306680677408812
Epoch:15/30
 * Loss 0.197 | Train Acc 93.750
LR: 0.0029247579980244704
Epoch:16/30
 * Loss 0.211 | Train Acc 92.788
LR: 0.0027743010804136474
Epoch:17/30
 * Loss 0.203 | Train Acc 93.089
LR: 0.0026158685572332855
Epoch:18/30
 * Loss 0.185 | Train Acc 93.530
LR: 0.0024499158928607727
Epoch:19/30
 * Loss 0.206 | Train Acc 93.229
LR: 0.0022769201706968945
Epoch:20/30
 * Loss 0.185 | Train Acc 93.890
LR: 0.0020973787216387683
Epoch:21/30
 * Loss 0.194 | Train Acc 93.429
LR: 0.0019118076943449456
Epoch:22/30
 * Loss 0.218 | Train Acc 92.849
LR: 0.0017207405714029067
Epoch:23/30
 * Loss 0.187 | Train Acc 93.990
LR: 0.0015247266356647002
Epoch:24/30
 * Loss 0.193 | Train Acc 93.570
LR: 0.0013243293911597263
Epoch:25/30
 * Loss 0.194 | Train Acc 93.690
LR: 0.0011201249431242457
Epoch:26/30
 * Loss 0.183 | Train Acc 94.030
LR: 0.0009127003418047438
Epoch:27/30
 * Loss 0.179 | Train Acc 93.990
LR: 0.0007026518947963905
Epoch:28/30
 * Loss 0.207 | Train Acc 93.189
LR: 0.0004905834527683376
Epoch:29/30
 * Loss 0.177 | Train Acc 94.050
LR: 0.0002771046735040541
Epoch:30/30
 * Loss 0.191 | Train Acc 93.790
Merging prompt ... 
=> Saving class model to: ./checkpoints/cifar-100/seed3/models/repeat-1/task-6/
=> Save Done
validation split name: 1 local = False
 * Val Acc 87.500, Total time 2.97
validation split name: 2 local = False
 * Val Acc 96.667, Total time 2.90
validation split name: 3 local = False
 * Val Acc 92.083, Total time 3.01
validation split name: 4 local = False
 * Val Acc 92.396, Total time 3.02
validation split name: 5 local = False
 * Val Acc 86.667, Total time 2.90
validation split name: 6 local = False
 * Val Acc 90.000, Total time 2.89
====================== 7 =======================
Incremental class: Old valid output dimension: 60
Incremental class: New Valid output dimension: 70
Overwriting ...
Optimizer is reset!
*****************************************
LR: 0.004
Epoch:1/30
 * Loss 0.449 | Train Acc 85.477
LR: 0.004
Epoch:2/30
 * Loss 0.330 | Train Acc 88.902
LR: 0.003994250367686589
Epoch:3/30
 * Loss 0.298 | Train Acc 90.264
LR: 0.003977017999882228
Epoch:4/30
 * Loss 0.278 | Train Acc 90.605
LR: 0.0039483524364762965
Epoch:5/30
 * Loss 0.281 | Train Acc 90.705
LR: 0.003908336085693616
Epoch:6/30
 * Loss 0.284 | Train Acc 90.625
LR: 0.00385708398718595
Epoch:7/30
 * Loss 0.262 | Train Acc 90.685
LR: 0.003794743481314153
Epoch:8/30
 * Loss 0.247 | Train Acc 91.306
LR: 0.003721493785571721
Epoch:9/30
 * Loss 0.284 | Train Acc 90.425
LR: 0.00363754547936745
Epoch:10/30
 * Loss 0.271 | Train Acc 90.525
LR: 0.003543139898648343
Epoch:11/30
 * Loss 0.252 | Train Acc 91.526
LR: 0.003438548442103134
Epoch:12/30
 * Loss 0.247 | Train Acc 91.466
LR: 0.0033240717909409543
Epoch:13/30
 * Loss 0.257 | Train Acc 91.346
LR: 0.003200039044488128
Epoch:14/30
 * Loss 0.259 | Train Acc 91.386
LR: 0.00306680677408812
Epoch:15/30
 * Loss 0.253 | Train Acc 91.466
LR: 0.0029247579980244704
Epoch:16/30
 * Loss 0.264 | Train Acc 91.186
LR: 0.0027743010804136474
Epoch:17/30
 * Loss 0.242 | Train Acc 92.288
LR: 0.0026158685572332855
Epoch:18/30
 * Loss 0.251 | Train Acc 91.827
LR: 0.0024499158928607727
Epoch:19/30
 * Loss 0.240 | Train Acc 91.967
LR: 0.0022769201706968945
Epoch:20/30
 * Loss 0.257 | Train Acc 91.607
LR: 0.0020973787216387683
Epoch:21/30
 * Loss 0.233 | Train Acc 92.167
LR: 0.0019118076943449456
Epoch:22/30
 * Loss 0.231 | Train Acc 92.167
LR: 0.0017207405714029067
Epoch:23/30
 * Loss 0.250 | Train Acc 91.206
LR: 0.0015247266356647002
Epoch:24/30
 * Loss 0.219 | Train Acc 92.909
LR: 0.0013243293911597263
Epoch:25/30
 * Loss 0.244 | Train Acc 91.627
LR: 0.0011201249431242457
Epoch:26/30
 * Loss 0.237 | Train Acc 92.067
LR: 0.0009127003418047438
Epoch:27/30
 * Loss 0.238 | Train Acc 92.147
LR: 0.0007026518947963905
Epoch:28/30
 * Loss 0.222 | Train Acc 92.849
LR: 0.0004905834527683376
Epoch:29/30
 * Loss 0.218 | Train Acc 92.548
LR: 0.0002771046735040541
Epoch:30/30
 * Loss 0.222 | Train Acc 92.468
Merging prompt ... 
=> Saving class model to: ./checkpoints/cifar-100/seed3/models/repeat-1/task-7/
=> Save Done
validation split name: 1 local = False
 * Val Acc 85.312, Total time 2.99
validation split name: 2 local = False
 * Val Acc 95.625, Total time 2.98
validation split name: 3 local = False
 * Val Acc 91.354, Total time 2.87
validation split name: 4 local = False
 * Val Acc 92.083, Total time 2.87
validation split name: 5 local = False
 * Val Acc 86.771, Total time 2.89
validation split name: 6 local = False
 * Val Acc 90.000, Total time 2.89
validation split name: 7 local = False
 * Val Acc 93.958, Total time 2.88
====================== 8 =======================
Incremental class: Old valid output dimension: 70
Incremental class: New Valid output dimension: 80
Overwriting ...
Optimizer is reset!
*****************************************
LR: 0.004
Epoch:1/30
 * Loss 0.367 | Train Acc 87.500
LR: 0.004
Epoch:2/30
 * Loss 0.267 | Train Acc 91.526
LR: 0.003994250367686589
Epoch:3/30
 * Loss 0.274 | Train Acc 91.206
LR: 0.003977017999882228
Epoch:4/30
 * Loss 0.261 | Train Acc 91.086
LR: 0.0039483524364762965
Epoch:5/30
 * Loss 0.240 | Train Acc 91.827
LR: 0.003908336085693616
Epoch:6/30
 * Loss 0.247 | Train Acc 91.867
LR: 0.00385708398718595
Epoch:7/30
 * Loss 0.241 | Train Acc 92.268
LR: 0.003794743481314153
Epoch:8/30
 * Loss 0.232 | Train Acc 92.588
LR: 0.003721493785571721
Epoch:9/30
 * Loss 0.223 | Train Acc 92.248
LR: 0.00363754547936745
Epoch:10/30
 * Loss 0.226 | Train Acc 92.548
LR: 0.003543139898648343
Epoch:11/30
 * Loss 0.220 | Train Acc 92.808
LR: 0.003438548442103134
Epoch:12/30
 * Loss 0.218 | Train Acc 92.728
LR: 0.0033240717909409543
Epoch:13/30
 * Loss 0.214 | Train Acc 92.969
LR: 0.003200039044488128
Epoch:14/30
 * Loss 0.222 | Train Acc 92.688
LR: 0.00306680677408812
Epoch:15/30
 * Loss 0.235 | Train Acc 92.548
LR: 0.0029247579980244704
Epoch:16/30
 * Loss 0.212 | Train Acc 93.029
LR: 0.0027743010804136474
Epoch:17/30
 * Loss 0.209 | Train Acc 93.129
LR: 0.0026158685572332855
Epoch:18/30
 * Loss 0.218 | Train Acc 92.949
LR: 0.0024499158928607727
Epoch:19/30
 * Loss 0.210 | Train Acc 93.049
LR: 0.0022769201706968945
Epoch:20/30
 * Loss 0.206 | Train Acc 92.929
LR: 0.0020973787216387683
Epoch:21/30
 * Loss 0.202 | Train Acc 93.169
LR: 0.0019118076943449456
Epoch:22/30
 * Loss 0.196 | Train Acc 93.590
LR: 0.0017207405714029067
Epoch:23/30
 * Loss 0.223 | Train Acc 92.628
LR: 0.0015247266356647002
Epoch:24/30
 * Loss 0.193 | Train Acc 93.590
LR: 0.0013243293911597263
Epoch:25/30
 * Loss 0.199 | Train Acc 93.429
LR: 0.0011201249431242457
Epoch:26/30
 * Loss 0.198 | Train Acc 93.369
LR: 0.0009127003418047438
Epoch:27/30
 * Loss 0.201 | Train Acc 93.470
LR: 0.0007026518947963905
Epoch:28/30
 * Loss 0.195 | Train Acc 93.530
LR: 0.0004905834527683376
Epoch:29/30
 * Loss 0.212 | Train Acc 93.149
LR: 0.0002771046735040541
Epoch:30/30
 * Loss 0.185 | Train Acc 94.111
Merging prompt ... 
=> Saving class model to: ./checkpoints/cifar-100/seed3/models/repeat-1/task-8/
=> Save Done
validation split name: 1 local = False
 * Val Acc 83.958, Total time 2.89
validation split name: 2 local = False
 * Val Acc 95.208, Total time 3.00
validation split name: 3 local = False
 * Val Acc 90.521, Total time 2.90
validation split name: 4 local = False
 * Val Acc 91.771, Total time 2.88
validation split name: 5 local = False
 * Val Acc 86.458, Total time 3.00
validation split name: 6 local = False
 * Val Acc 89.792, Total time 2.99
validation split name: 7 local = False
 * Val Acc 93.229, Total time 3.06
validation split name: 8 local = False
 * Val Acc 93.646, Total time 3.01
====================== 9 =======================
Incremental class: Old valid output dimension: 80
Incremental class: New Valid output dimension: 90
Overwriting ...
Optimizer is reset!
*****************************************
LR: 0.004
Epoch:1/30
 * Loss 0.344 | Train Acc 89.002
LR: 0.004
Epoch:2/30
 * Loss 0.252 | Train Acc 92.127
LR: 0.003994250367686589
Epoch:3/30
 * Loss 0.236 | Train Acc 92.188
LR: 0.003977017999882228
Epoch:4/30
 * Loss 0.218 | Train Acc 92.808
LR: 0.0039483524364762965
Epoch:5/30
 * Loss 0.217 | Train Acc 93.189
LR: 0.003908336085693616
Epoch:6/30
 * Loss 0.210 | Train Acc 93.069
LR: 0.00385708398718595
Epoch:7/30
 * Loss 0.211 | Train Acc 92.929
LR: 0.003794743481314153
Epoch:8/30
 * Loss 0.207 | Train Acc 93.389
LR: 0.003721493785571721
Epoch:9/30
 * Loss 0.190 | Train Acc 93.670
LR: 0.00363754547936745
Epoch:10/30
 * Loss 0.197 | Train Acc 93.790
LR: 0.003543139898648343
Epoch:11/30
 * Loss 0.202 | Train Acc 93.289
LR: 0.003438548442103134
Epoch:12/30
 * Loss 0.206 | Train Acc 93.389
LR: 0.0033240717909409543
Epoch:13/30
 * Loss 0.206 | Train Acc 93.710
LR: 0.003200039044488128
Epoch:14/30
 * Loss 0.195 | Train Acc 93.490
LR: 0.00306680677408812
Epoch:15/30
 * Loss 0.206 | Train Acc 93.049
LR: 0.0029247579980244704
Epoch:16/30
 * Loss 0.194 | Train Acc 93.970
LR: 0.0027743010804136474
Epoch:17/30
 * Loss 0.197 | Train Acc 93.690
LR: 0.0026158685572332855
Epoch:18/30
 * Loss 0.197 | Train Acc 93.069
LR: 0.0024499158928607727
Epoch:19/30
 * Loss 0.174 | Train Acc 94.491
LR: 0.0022769201706968945
Epoch:20/30
 * Loss 0.187 | Train Acc 94.071
LR: 0.0020973787216387683
Epoch:21/30
 * Loss 0.185 | Train Acc 94.050
LR: 0.0019118076943449456
Epoch:22/30
 * Loss 0.190 | Train Acc 94.030
LR: 0.0017207405714029067
Epoch:23/30
 * Loss 0.184 | Train Acc 94.271
LR: 0.0015247266356647002
Epoch:24/30
 * Loss 0.167 | Train Acc 94.251
LR: 0.0013243293911597263
Epoch:25/30
 * Loss 0.179 | Train Acc 94.411
LR: 0.0011201249431242457
Epoch:26/30
 * Loss 0.186 | Train Acc 94.091
LR: 0.0009127003418047438
Epoch:27/30
 * Loss 0.179 | Train Acc 94.271
LR: 0.0007026518947963905
Epoch:28/30
 * Loss 0.167 | Train Acc 94.291
LR: 0.0004905834527683376
Epoch:29/30
 * Loss 0.171 | Train Acc 94.151
LR: 0.0002771046735040541
Epoch:30/30
 * Loss 0.183 | Train Acc 93.650
Merging prompt ... 
=> Saving class model to: ./checkpoints/cifar-100/seed3/models/repeat-1/task-9/
=> Save Done
validation split name: 1 local = False
 * Val Acc 83.333, Total time 2.99
validation split name: 2 local = False
 * Val Acc 94.062, Total time 2.90
validation split name: 3 local = False
 * Val Acc 88.854, Total time 2.89
validation split name: 4 local = False
 * Val Acc 91.458, Total time 2.94
validation split name: 5 local = False
 * Val Acc 85.417, Total time 3.01
validation split name: 6 local = False
 * Val Acc 89.167, Total time 2.90
validation split name: 7 local = False
 * Val Acc 93.750, Total time 3.00
validation split name: 8 local = False
 * Val Acc 93.854, Total time 2.97
validation split name: 9 local = False
 * Val Acc 94.062, Total time 2.93
====================== 10 =======================
Incremental class: Old valid output dimension: 90
Incremental class: New Valid output dimension: 100
Overwriting ...
Optimizer is reset!
*****************************************
LR: 0.004
Epoch:1/30
 * Loss 0.376 | Train Acc 87.941
LR: 0.004
Epoch:2/30
 * Loss 0.266 | Train Acc 91.506
LR: 0.003994250367686589
Epoch:3/30
 * Loss 0.253 | Train Acc 91.366
LR: 0.003977017999882228
Epoch:4/30
 * Loss 0.241 | Train Acc 91.887
LR: 0.0039483524364762965
Epoch:5/30
 * Loss 0.216 | Train Acc 92.889
LR: 0.003908336085693616
Epoch:6/30
 * Loss 0.217 | Train Acc 92.889
LR: 0.00385708398718595
Epoch:7/30
 * Loss 0.201 | Train Acc 93.510
LR: 0.003794743481314153
Epoch:8/30
 * Loss 0.212 | Train Acc 92.748
LR: 0.003721493785571721
Epoch:9/30
 * Loss 0.236 | Train Acc 92.228
LR: 0.00363754547936745
Epoch:10/30
 * Loss 0.220 | Train Acc 92.608
LR: 0.003543139898648343
Epoch:11/30
 * Loss 0.220 | Train Acc 93.069
LR: 0.003438548442103134
Epoch:12/30
 * Loss 0.204 | Train Acc 93.470
LR: 0.0033240717909409543
Epoch:13/30
 * Loss 0.205 | Train Acc 93.349
LR: 0.003200039044488128
Epoch:14/30
 * Loss 0.208 | Train Acc 93.169
LR: 0.00306680677408812
Epoch:15/30
 * Loss 0.216 | Train Acc 92.788
LR: 0.0029247579980244704
Epoch:16/30
 * Loss 0.194 | Train Acc 93.710
LR: 0.0027743010804136474
Epoch:17/30
 * Loss 0.204 | Train Acc 93.169
LR: 0.0026158685572332855
Epoch:18/30
 * Loss 0.193 | Train Acc 93.590
LR: 0.0024499158928607727
Epoch:19/30
 * Loss 0.193 | Train Acc 93.630
LR: 0.0022769201706968945
Epoch:20/30
 * Loss 0.186 | Train Acc 93.950
LR: 0.0020973787216387683
Epoch:21/30
 * Loss 0.205 | Train Acc 93.089
LR: 0.0019118076943449456
Epoch:22/30
 * Loss 0.188 | Train Acc 93.770
LR: 0.0017207405714029067
Epoch:23/30
 * Loss 0.191 | Train Acc 93.670
LR: 0.0015247266356647002
Epoch:24/30
 * Loss 0.190 | Train Acc 94.030
LR: 0.0013243293911597263
Epoch:25/30
 * Loss 0.179 | Train Acc 94.071
LR: 0.0011201249431242457
Epoch:26/30
 * Loss 0.180 | Train Acc 94.411
LR: 0.0009127003418047438
Epoch:27/30
 * Loss 0.185 | Train Acc 93.990
LR: 0.0007026518947963905
Epoch:28/30
 * Loss 0.191 | Train Acc 93.770
LR: 0.0004905834527683376
Epoch:29/30
 * Loss 0.180 | Train Acc 93.810
LR: 0.0002771046735040541
Epoch:30/30
 * Loss 0.179 | Train Acc 94.111
Merging prompt ... 
=> Saving class model to: ./checkpoints/cifar-100/seed3/models/repeat-1/task-10/
=> Save Done
validation split name: 1 local = False
 * Val Acc 82.292, Total time 2.91
validation split name: 2 local = False
 * Val Acc 90.625, Total time 2.87
validation split name: 3 local = False
 * Val Acc 88.542, Total time 2.90
validation split name: 4 local = False
 * Val Acc 91.250, Total time 2.98
validation split name: 5 local = False
 * Val Acc 83.750, Total time 2.86
validation split name: 6 local = False
 * Val Acc 86.771, Total time 2.88
validation split name: 7 local = False
 * Val Acc 92.917, Total time 3.00
validation split name: 8 local = False
 * Val Acc 93.646, Total time 2.96
validation split name: 9 local = False
 * Val Acc 94.062, Total time 2.89
validation split name: 10 local = False
 * Val Acc 86.875, Total time 2.93
*****************************************
Incremental class: Old valid output dimension: 0
Incremental class: New Valid output dimension: 10
=> Load Done
===global validation====
test task 1, using model 1
validation split name: 1 local = False
 * Val Acc 97.083, Total time 2.87
Incremental class: Old valid output dimension: 10
Incremental class: New Valid output dimension: 20
=> Load Done
===global validation====
test task 1, using model 2
validation split name: 1 local = False
 * Val Acc 96.250, Total time 2.90
test task 2, using model 2
validation split name: 2 local = False
 * Val Acc 99.375, Total time 2.87
Incremental class: Old valid output dimension: 20
Incremental class: New Valid output dimension: 30
=> Load Done
===global validation====
test task 1, using model 3
validation split name: 1 local = False
 * Val Acc 95.104, Total time 3.00
test task 2, using model 3
validation split name: 2 local = False
 * Val Acc 98.958, Total time 2.97
test task 3, using model 3
validation split name: 3 local = False
 * Val Acc 94.583, Total time 2.87
Incremental class: Old valid output dimension: 30
Incremental class: New Valid output dimension: 40
=> Load Done
===global validation====
test task 1, using model 4
validation split name: 1 local = False
 * Val Acc 94.896, Total time 2.95
test task 2, using model 4
validation split name: 2 local = False
 * Val Acc 97.917, Total time 2.99
test task 3, using model 4
validation split name: 3 local = False
 * Val Acc 92.604, Total time 2.89
test task 4, using model 4
validation split name: 4 local = False
 * Val Acc 91.979, Total time 2.90
Incremental class: Old valid output dimension: 40
Incremental class: New Valid output dimension: 50
=> Load Done
===global validation====
test task 1, using model 5
validation split name: 1 local = False
 * Val Acc 90.417, Total time 2.92
test task 2, using model 5
validation split name: 2 local = False
 * Val Acc 97.500, Total time 2.92
test task 3, using model 5
validation split name: 3 local = False
 * Val Acc 92.188, Total time 2.92
test task 4, using model 5
validation split name: 4 local = False
 * Val Acc 92.500, Total time 3.00
test task 5, using model 5
validation split name: 5 local = False
 * Val Acc 86.458, Total time 2.88
Incremental class: Old valid output dimension: 50
Incremental class: New Valid output dimension: 60
=> Load Done
===global validation====
test task 1, using model 6
validation split name: 1 local = False
 * Val Acc 87.500, Total time 2.88
test task 2, using model 6
validation split name: 2 local = False
 * Val Acc 96.667, Total time 2.88
test task 3, using model 6
validation split name: 3 local = False
 * Val Acc 92.083, Total time 2.88
test task 4, using model 6
validation split name: 4 local = False
 * Val Acc 92.396, Total time 2.87
test task 5, using model 6
validation split name: 5 local = False
 * Val Acc 86.667, Total time 2.99
test task 6, using model 6
validation split name: 6 local = False
 * Val Acc 90.000, Total time 2.98
Incremental class: Old valid output dimension: 60
Incremental class: New Valid output dimension: 70
=> Load Done
===global validation====
test task 1, using model 7
validation split name: 1 local = False
 * Val Acc 85.312, Total time 2.87
test task 2, using model 7
validation split name: 2 local = False
 * Val Acc 95.625, Total time 2.99
test task 3, using model 7
validation split name: 3 local = False
 * Val Acc 91.354, Total time 2.90
test task 4, using model 7
validation split name: 4 local = False
 * Val Acc 92.083, Total time 2.89
test task 5, using model 7
validation split name: 5 local = False
 * Val Acc 86.771, Total time 2.88
test task 6, using model 7
validation split name: 6 local = False
 * Val Acc 90.000, Total time 2.92
test task 7, using model 7
validation split name: 7 local = False
 * Val Acc 93.958, Total time 2.89
Incremental class: Old valid output dimension: 70
Incremental class: New Valid output dimension: 80
=> Load Done
===global validation====
test task 1, using model 8
validation split name: 1 local = False
 * Val Acc 83.958, Total time 2.89
test task 2, using model 8
validation split name: 2 local = False
 * Val Acc 95.208, Total time 2.89
test task 3, using model 8
validation split name: 3 local = False
 * Val Acc 90.521, Total time 2.99
test task 4, using model 8
validation split name: 4 local = False
 * Val Acc 91.771, Total time 2.96
test task 5, using model 8
validation split name: 5 local = False
 * Val Acc 86.458, Total time 2.89
test task 6, using model 8
validation split name: 6 local = False
 * Val Acc 89.792, Total time 2.89
test task 7, using model 8
validation split name: 7 local = False
 * Val Acc 93.229, Total time 2.89
test task 8, using model 8
validation split name: 8 local = False
 * Val Acc 93.646, Total time 2.96
Incremental class: Old valid output dimension: 80
Incremental class: New Valid output dimension: 90
=> Load Done
===global validation====
test task 1, using model 9
validation split name: 1 local = False
 * Val Acc 83.333, Total time 3.01
test task 2, using model 9
validation split name: 2 local = False
 * Val Acc 94.062, Total time 2.96
test task 3, using model 9
validation split name: 3 local = False
 * Val Acc 88.854, Total time 3.01
test task 4, using model 9
validation split name: 4 local = False
 * Val Acc 91.458, Total time 2.88
test task 5, using model 9
validation split name: 5 local = False
 * Val Acc 85.417, Total time 2.88
test task 6, using model 9
validation split name: 6 local = False
 * Val Acc 89.167, Total time 2.90
test task 7, using model 9
validation split name: 7 local = False
 * Val Acc 93.750, Total time 2.91
test task 8, using model 9
validation split name: 8 local = False
 * Val Acc 93.854, Total time 3.01
test task 9, using model 9
validation split name: 9 local = False
 * Val Acc 94.062, Total time 2.95
Incremental class: Old valid output dimension: 90
Incremental class: New Valid output dimension: 100
=> Load Done
===global validation====
test task 1, using model 10
validation split name: 1 local = False
 * Val Acc 82.292, Total time 2.99
test task 2, using model 10
validation split name: 2 local = False
 * Val Acc 90.625, Total time 2.88
test task 3, using model 10
validation split name: 3 local = False
 * Val Acc 88.542, Total time 2.87
test task 4, using model 10
validation split name: 4 local = False
 * Val Acc 91.250, Total time 2.87
test task 5, using model 10
validation split name: 5 local = False
 * Val Acc 83.750, Total time 2.89
test task 6, using model 10
validation split name: 6 local = False
 * Val Acc 86.771, Total time 2.97
test task 7, using model 10
validation split name: 7 local = False
 * Val Acc 92.917, Total time 2.88
test task 8, using model 10
validation split name: 8 local = False
 * Val Acc 93.646, Total time 2.88
test task 9, using model 10
validation split name: 9 local = False
 * Val Acc 94.062, Total time 2.90
test task 10, using model 10
validation split name: 10 local = False
 * Val Acc 86.875, Total time 2.88
coda_forgetting= (np.float64(0.8485771237507336), np.float64(0.0))
general_forgetting= (np.float64(4.1435185185185155), np.float64(0.0))
acctable, {'1': OrderedDict([('1', 97.08333333333333), ('2', 96.25), ('3', 95.10416666666667), ('4', 94.89583333333333), ('5', 90.41666666666667), ('6', 87.5), ('7', 85.3125), ('8', 83.95833333333333), ('9', 83.33333333333333), ('10', 82.29166666666667)]), '2': OrderedDict([('2', 99.375), ('3', 98.95833333333333), ('4', 97.91666666666667), ('5', 97.5), ('6', 96.66666666666667), ('7', 95.625), ('8', 95.20833333333333), ('9', 94.0625), ('10', 90.625)]), '3': OrderedDict([('3', 94.58333333333333), ('4', 92.60416666666667), ('5', 92.1875), ('6', 92.08333333333333), ('7', 91.35416666666667), ('8', 90.52083333333333), ('9', 88.85416666666667), ('10', 88.54166666666667)]), '4': OrderedDict([('4', 91.97916666666667), ('5', 92.5), ('6', 92.39583333333333), ('7', 92.08333333333333), ('8', 91.77083333333333), ('9', 91.45833333333333), ('10', 91.25)]), '5': OrderedDict([('5', 86.45833333333333), ('6', 86.66666666666667), ('7', 86.77083333333333), ('8', 86.45833333333333), ('9', 85.41666666666667), ('10', 83.75)]), '6': OrderedDict([('6', 90.0), ('7', 90.0), ('8', 89.79166666666667), ('9', 89.16666666666667), ('10', 86.77083333333333)]), '7': OrderedDict([('7', 93.95833333333333), ('8', 93.22916666666667), ('9', 93.75), ('10', 92.91666666666667)]), '8': OrderedDict([('8', 93.64583333333333), ('9', 93.85416666666667), ('10', 93.64583333333333)]), '9': OrderedDict([('9', 94.0625), ('10', 94.0625)]), '10': OrderedDict([('10', 86.875)])}
dropmatrix: [[97.08333333333333, 96.25, 95.10416666666667, 94.89583333333333, 90.41666666666667, 87.5, 85.3125, 83.95833333333333, 83.33333333333333, 82.29166666666667], [99.375, 98.95833333333333, 97.91666666666667, 97.5, 96.66666666666667, 95.625, 95.20833333333333, 94.0625, 90.625], [94.58333333333333, 92.60416666666667, 92.1875, 92.08333333333333, 91.35416666666667, 90.52083333333333, 88.85416666666667, 88.54166666666667], [91.97916666666667, 92.5, 92.39583333333333, 92.08333333333333, 91.77083333333333, 91.45833333333333, 91.25], [86.45833333333333, 86.66666666666667, 86.77083333333333, 86.45833333333333, 85.41666666666667, 83.75], [90.0, 90.0, 89.79166666666667, 89.16666666666667, 86.77083333333333], [93.95833333333333, 93.22916666666667, 93.75, 92.91666666666667], [93.64583333333333, 93.85416666666667, 93.64583333333333], [94.0625, 94.0625], [86.875]]
global acc [[97.08333333]
 [97.8125    ]
 [96.21527778]
 [94.34895833]
 [91.8125    ]
 [90.88541667]
 [90.72916667]
 [90.57291667]
 [90.43981481]
 [89.07291667]]
pt acc [[[97.08333333]
  [96.25      ]
  [95.10416667]
  [94.89583333]
  [90.41666667]
  [87.5       ]
  [85.3125    ]
  [83.95833333]
  [83.33333333]
  [82.29166667]]

 [[ 0.        ]
  [99.375     ]
  [98.95833333]
  [97.91666667]
  [97.5       ]
  [96.66666667]
  [95.625     ]
  [95.20833333]
  [94.0625    ]
  [90.625     ]]

 [[ 0.        ]
  [ 0.        ]
  [94.58333333]
  [92.60416667]
  [92.1875    ]
  [92.08333333]
  [91.35416667]
  [90.52083333]
  [88.85416667]
  [88.54166667]]

 [[ 0.        ]
  [ 0.        ]
  [ 0.        ]
  [91.97916667]
  [92.5       ]
  [92.39583333]
  [92.08333333]
  [91.77083333]
  [91.45833333]
  [91.25      ]]

 [[ 0.        ]
  [ 0.        ]
  [ 0.        ]
  [ 0.        ]
  [86.45833333]
  [86.66666667]
  [86.77083333]
  [86.45833333]
  [85.41666667]
  [83.75      ]]

 [[ 0.        ]
  [ 0.        ]
  [ 0.        ]
  [ 0.        ]
  [ 0.        ]
  [90.        ]
  [90.        ]
  [89.79166667]
  [89.16666667]
  [86.77083333]]

 [[ 0.        ]
  [ 0.        ]
  [ 0.        ]
  [ 0.        ]
  [ 0.        ]
  [ 0.        ]
  [93.95833333]
  [93.22916667]
  [93.75      ]
  [92.91666667]]

 [[ 0.        ]
  [ 0.        ]
  [ 0.        ]
  [ 0.        ]
  [ 0.        ]
  [ 0.        ]
  [ 0.        ]
  [93.64583333]
  [93.85416667]
  [93.64583333]]

 [[ 0.        ]
  [ 0.        ]
  [ 0.        ]
  [ 0.        ]
  [ 0.        ]
  [ 0.        ]
  [ 0.        ]
  [ 0.        ]
  [94.0625    ]
  [94.0625    ]]

 [[ 0.        ]
  [ 0.        ]
  [ 0.        ]
  [ 0.        ]
  [ 0.        ]
  [ 0.        ]
  [ 0.        ]
  [ 0.        ]
  [ 0.        ]
  [86.875     ]]]
===Summary of experiment repeats: 1 / 1 ===
acc  | mean: 89.07291666666667 std: 0.0
89.07 \pm 0.0
time  | mean: 0.11519649079722218 std: 0.0
0.12 \pm 0.0
[]
/root/miniconda3/envs/apt/lib/python3.10/site-packages/numpy/_core/fromnumeric.py:3860: RuntimeWarning: Mean of empty slice.
  return _methods._mean(a, axis=axis, dtype=dtype,
/root/miniconda3/envs/apt/lib/python3.10/site-packages/numpy/_core/_methods.py:145: RuntimeWarning: invalid value encountered in scalar divide
  ret = ret.dtype.type(ret / rcount)
/root/miniconda3/envs/apt/lib/python3.10/site-packages/numpy/_core/_methods.py:223: RuntimeWarning: Degrees of freedom <= 0 for slice
  ret = _var(a, axis=axis, dtype=dtype, out=out, ddof=ddof,
/root/miniconda3/envs/apt/lib/python3.10/site-packages/numpy/_core/_methods.py:181: RuntimeWarning: invalid value encountered in divide
  arrmean = um.true_divide(arrmean, div, out=arrmean,
/root/miniconda3/envs/apt/lib/python3.10/site-packages/numpy/_core/_methods.py:215: RuntimeWarning: invalid value encountered in scalar divide
  ret = ret.dtype.type(ret / rcount)
forgetting , nan \pm nan
