Running with V2 Config:
Namespace(config='configs/cub200_imp_v2.yaml', seed=1, gpuid=[0], log_dir='./checkpoints/CUB200-imp-v2/seed1', repeat=1, overwrite=0, lr=0.02, ema_coeff=0.7, schedule=25, type='apt_imp_v2', name='CUB200', base_alpha=0.7, importance_temperature=2.0, adjust_range=0.15, min_alpha=0.55, max_alpha=0.85, prompt_param=[0.01], batch_size=64, schedule_type='cosine', optimizer='Adam', dataset='CUB200', first_split_size=20, other_split_size=20, dataroot='data', workers=4, validation=False, train_aug=True, rand_split=True, model_name='vit_pt_imnet', model_type='zoo', learner_type='apt_imp_v2', learner_name='APT_IMP_V2_Learner', debug_mode=0, oracle_flag=False, upper_bound_flag=False, memory=0, temp=2.0, DW=False, momentum=0.9, weight_decay=0, max_task=-1)
************************************
* STARTING TRIAL (Seed 1)
************************************
=============================================
Shuffling....seed is 1
pre-shuffle:[0, 1, 2, 3, 4, 5, 6, 7, 8, 9, 10, 11, 12, 13, 14, 15, 16, 17, 18, 19, 20, 21, 22, 23, 24, 25, 26, 27, 28, 29, 30, 31, 32, 33, 34, 35, 36, 37, 38, 39, 40, 41, 42, 43, 44, 45, 46, 47, 48, 49, 50, 51, 52, 53, 54, 55, 56, 57, 58, 59, 60, 61, 62, 63, 64, 65, 66, 67, 68, 69, 70, 71, 72, 73, 74, 75, 76, 77, 78, 79, 80, 81, 82, 83, 84, 85, 86, 87, 88, 89, 90, 91, 92, 93, 94, 95, 96, 97, 98, 99, 100, 101, 102, 103, 104, 105, 106, 107, 108, 109, 110, 111, 112, 113, 114, 115, 116, 117, 118, 119, 120, 121, 122, 123, 124, 125, 126, 127, 128, 129, 130, 131, 132, 133, 134, 135, 136, 137, 138, 139, 140, 141, 142, 143, 144, 145, 146, 147, 148, 149, 150, 151, 152, 153, 154, 155, 156, 157, 158, 159, 160, 161, 162, 163, 164, 165, 166, 167, 168, 169, 170, 171, 172, 173, 174, 175, 176, 177, 178, 179, 180, 181, 182, 183, 184, 185, 186, 187, 188, 189, 190, 191, 192, 193, 194, 195, 196, 197, 198, 199]
post-shuffle:[33, 146, 79, 19, 23, 131, 12, 187, 174, 32, 86, 123, 109, 171, 42, 170, 179, 31, 36, 10, 180, 9, 121, 27, 57, 157, 96, 163, 160, 41, 43, 18, 169, 154, 119, 159, 15, 17, 63, 28, 76, 183, 4, 168, 80, 104, 161, 156, 37, 35, 11, 40, 14, 192, 134, 38, 94, 102, 113, 105, 111, 67, 87, 83, 91, 188, 89, 116, 52, 101, 167, 198, 139, 46, 61, 164, 54, 175, 71, 191, 196, 92, 49, 181, 140, 144, 125, 199, 177, 45, 73, 130, 186, 51, 136, 70, 69, 149, 98, 1, 29, 64, 132, 21, 82, 118, 153, 147, 78, 143, 90, 39, 152, 60, 3, 137, 133, 148, 50, 107, 66, 20, 184, 13, 197, 84, 182, 22, 95, 93, 44, 176, 103, 62, 122, 8, 100, 150, 127, 72, 77, 48, 129, 165, 128, 85, 194, 75, 47, 25, 142, 106, 172, 74, 117, 162, 158, 88, 59, 141, 193, 112, 56, 135, 173, 108, 55, 189, 2, 138, 190, 6, 5, 185, 81, 26, 151, 58, 68, 114, 178, 0, 155, 110, 99, 7, 124, 24, 53, 97, 166, 120, 115, 126, 30, 65, 16, 195, 145, 34]
=============================================
*****************************************
====================== 1 =======================
Incremental class: Old valid output dimension: 0
Incremental class: New Valid output dimension: 20
/root/miniconda3/envs/apt/lib/python3.10/site-packages/torch/utils/data/dataloader.py:557: UserWarning: This DataLoader will create 4 worker processes in total. Our suggested max number of worker in current system is 3, which is smaller than what this DataLoader is going to create. Please be aware that excessive worker creation might get DataLoader running slow or even freeze, lower the worker number to avoid potential slowness/freeze if necessary.
  warnings.warn(_create_warning_msg(
Overwriting ...
/root/dl_project/Additive-Prompt-Tuning/learners/default.py:239: FutureWarning: You are using `torch.load` with `weights_only=False` (the current default value), which uses the default pickle module implicitly. It is possible to construct malicious pickle data which will execute arbitrary code during unpickling (See https://github.com/pytorch/pytorch/blob/main/SECURITY.md#untrusted-models for more details). In a future release, the default value for `weights_only` will be flipped to `True`. This limits the functions that could be executed during unpickling. Arbitrary objects will no longer be allowed to be loaded via this mode unless they are explicitly allowlisted by the user via `torch.serialization.add_safe_globals`. We recommend you start setting `weights_only=True` for any use case where you don't have full control of the loaded file. Please open an issue on GitHub for any issues related to this experimental feature.
  model_dict = torch.load(filename + 'class.pth')
=> Load Done
Optimizer is reset!
*****************************************
=> Saving class model to: ./checkpoints/CUB200-imp-v2/seed1/models/repeat-1/task-1/
=> Save Done
validation split name: 1 local = False
 * Val Acc 97.070, Total time 4.74
====================== 2 =======================
Incremental class: Old valid output dimension: 20
Incremental class: New Valid output dimension: 40
Overwriting ...
Optimizer is reset!
*****************************************
LR: 0.02
Epoch:1/25
 * Loss 1.082 | Train Acc 70.508
LR: 0.02
Epoch:2/25
 * Loss 0.364 | Train Acc 89.648
LR: 0.01995803031515996
Epoch:3/25
 * Loss 0.276 | Train Acc 90.430
LR: 0.019832297406084384
Epoch:4/25
 * Loss 0.206 | Train Acc 93.359
LR: 0.01962332896983008
Epoch:5/25
 * Loss 0.191 | Train Acc 94.141
LR: 0.019332002040338147
Epoch:6/25
 * Loss 0.196 | Train Acc 95.312
LR: 0.01895953930755021
Epoch:7/25
 * Loss 0.219 | Train Acc 92.578
LR: 0.018507503985817242
Epoch:8/25
 * Loss 0.173 | Train Acc 94.141
LR: 0.017977793253138218
Epoch:9/25
 * Loss 0.190 | Train Acc 95.117
LR: 0.017372630288763825
Epoch:10/25
 * Loss 0.145 | Train Acc 95.508
LR: 0.016694554942583234
Epoch:11/25
 * Loss 0.139 | Train Acc 96.289
LR: 0.015946413075454142
Epoch:12/25
 * Loss 0.155 | Train Acc 95.898
LR: 0.015131344615214457
Epoch:13/25
 * Loss 0.128 | Train Acc 96.680
LR: 0.014252770378504108
Epoch:14/25
 * Loss 0.163 | Train Acc 95.312
LR: 0.013314377713705425
Epoch:15/25
 * Loss 0.152 | Train Acc 95.312
LR: 0.012320105025258196
Epoch:16/25
 * Loss 0.165 | Train Acc 95.508
LR: 0.011274125244300335
Epoch:17/25
 * Loss 0.173 | Train Acc 95.117
LR: 0.010180828315007424
Epoch:18/25
 * Loss 0.164 | Train Acc 94.727
LR: 0.009044802770135373
Epoch:19/25
 * Loss 0.100 | Train Acc 97.070
LR: 0.007870816473093028
Epoch:20/25
 * Loss 0.142 | Train Acc 95.898
LR: 0.00666379660736973
Epoch:21/25
 * Loss 0.139 | Train Acc 95.703
LR: 0.005428808997301486
Epoch:22/25
 * Loss 0.139 | Train Acc 96.289
LR: 0.004171036846965889
Epoch:23/25
 * Loss 0.147 | Train Acc 96.094
LR: 0.0028957589864379565
Epoch:24/25
 * Loss 0.059 | Train Acc 98.633
LR: 0.0016083277167066668
Epoch:25/25
 * Loss 0.148 | Train Acc 96.484
=> Saving class model to: ./checkpoints/CUB200-imp-v2/seed1/models/repeat-1/task-2/
=> Save Done
validation split name: 1 local = False
 * Val Acc 95.898, Total time 2.21
validation split name: 2 local = False
 * Val Acc 93.555, Total time 2.26
====================== 3 =======================
Incremental class: Old valid output dimension: 40
Incremental class: New Valid output dimension: 60
Overwriting ...
Optimizer is reset!
*****************************************
LR: 0.02
Epoch:1/25
 * Loss 0.883 | Train Acc 75.586
LR: 0.02
Epoch:2/25
 * Loss 0.321 | Train Acc 93.164
LR: 0.01995803031515996
Epoch:3/25
 * Loss 0.222 | Train Acc 92.773
LR: 0.019832297406084384
Epoch:4/25
 * Loss 0.255 | Train Acc 92.578
LR: 0.01962332896983008
Epoch:5/25
 * Loss 0.221 | Train Acc 93.750
LR: 0.019332002040338147
Epoch:6/25
 * Loss 0.168 | Train Acc 94.531
LR: 0.01895953930755021
Epoch:7/25
 * Loss 0.227 | Train Acc 93.750
LR: 0.018507503985817242
Epoch:8/25
 * Loss 0.150 | Train Acc 96.289
LR: 0.017977793253138218
Epoch:9/25
 * Loss 0.121 | Train Acc 96.484
LR: 0.017372630288763825
Epoch:10/25
 * Loss 0.142 | Train Acc 95.703
LR: 0.016694554942583234
Epoch:11/25
 * Loss 0.138 | Train Acc 95.898
LR: 0.015946413075454142
Epoch:12/25
 * Loss 0.161 | Train Acc 95.312
LR: 0.015131344615214457
Epoch:13/25
 * Loss 0.206 | Train Acc 94.141
LR: 0.014252770378504108
Epoch:14/25
 * Loss 0.158 | Train Acc 95.703
LR: 0.013314377713705425
Epoch:15/25
 * Loss 0.145 | Train Acc 96.094
LR: 0.012320105025258196
Epoch:16/25
 * Loss 0.189 | Train Acc 94.727
LR: 0.011274125244300335
Epoch:17/25
 * Loss 0.128 | Train Acc 96.289
LR: 0.010180828315007424
Epoch:18/25
 * Loss 0.132 | Train Acc 95.117
LR: 0.009044802770135373
Epoch:19/25
 * Loss 0.115 | Train Acc 96.680
LR: 0.007870816473093028
Epoch:20/25
 * Loss 0.135 | Train Acc 96.680
LR: 0.00666379660736973
Epoch:21/25
 * Loss 0.110 | Train Acc 97.266
LR: 0.005428808997301486
Epoch:22/25
 * Loss 0.137 | Train Acc 95.898
LR: 0.004171036846965889
Epoch:23/25
 * Loss 0.105 | Train Acc 97.266
LR: 0.0028957589864379565
Epoch:24/25
 * Loss 0.084 | Train Acc 97.656
LR: 0.0016083277167066668
Epoch:25/25
 * Loss 0.126 | Train Acc 96.484
=> Saving class model to: ./checkpoints/CUB200-imp-v2/seed1/models/repeat-1/task-3/
=> Save Done
validation split name: 1 local = False
 * Val Acc 93.945, Total time 2.03
validation split name: 2 local = False
 * Val Acc 89.062, Total time 2.02
validation split name: 3 local = False
 * Val Acc 92.882, Total time 2.58
====================== 4 =======================
Incremental class: Old valid output dimension: 60
Incremental class: New Valid output dimension: 80
Overwriting ...
Optimizer is reset!
*****************************************
LR: 0.02
Epoch:1/25
 * Loss 0.912 | Train Acc 76.953
LR: 0.02
Epoch:2/25
 * Loss 0.223 | Train Acc 94.141
LR: 0.01995803031515996
Epoch:3/25
 * Loss 0.146 | Train Acc 95.312
LR: 0.019832297406084384
Epoch:4/25
 * Loss 0.137 | Train Acc 95.117
LR: 0.01962332896983008
Epoch:5/25
 * Loss 0.178 | Train Acc 94.141
LR: 0.019332002040338147
Epoch:6/25
 * Loss 0.132 | Train Acc 96.094
LR: 0.01895953930755021
Epoch:7/25
 * Loss 0.121 | Train Acc 96.484
LR: 0.018507503985817242
Epoch:8/25
 * Loss 0.136 | Train Acc 96.289
LR: 0.017977793253138218
Epoch:9/25
 * Loss 0.111 | Train Acc 96.484
LR: 0.017372630288763825
Epoch:10/25
 * Loss 0.135 | Train Acc 95.898
LR: 0.016694554942583234
Epoch:11/25
 * Loss 0.099 | Train Acc 96.680
LR: 0.015946413075454142
Epoch:12/25
 * Loss 0.111 | Train Acc 96.484
LR: 0.015131344615214457
Epoch:13/25
 * Loss 0.138 | Train Acc 95.312
LR: 0.014252770378504108
Epoch:14/25
 * Loss 0.107 | Train Acc 96.875
LR: 0.013314377713705425
Epoch:15/25
 * Loss 0.107 | Train Acc 96.875
LR: 0.012320105025258196
Epoch:16/25
 * Loss 0.082 | Train Acc 97.070
LR: 0.011274125244300335
Epoch:17/25
 * Loss 0.111 | Train Acc 96.680
LR: 0.010180828315007424
Epoch:18/25
 * Loss 0.072 | Train Acc 98.242
LR: 0.009044802770135373
Epoch:19/25
 * Loss 0.118 | Train Acc 96.875
LR: 0.007870816473093028
Epoch:20/25
 * Loss 0.067 | Train Acc 98.242
LR: 0.00666379660736973
Epoch:21/25
 * Loss 0.094 | Train Acc 96.875
LR: 0.005428808997301486
Epoch:22/25
 * Loss 0.094 | Train Acc 97.461
LR: 0.004171036846965889
Epoch:23/25
 * Loss 0.084 | Train Acc 97.461
LR: 0.0028957589864379565
Epoch:24/25
 * Loss 0.104 | Train Acc 96.484
LR: 0.0016083277167066668
Epoch:25/25
 * Loss 0.089 | Train Acc 97.852
=> Saving class model to: ./checkpoints/CUB200-imp-v2/seed1/models/repeat-1/task-4/
=> Save Done
validation split name: 1 local = False
 * Val Acc 93.164, Total time 2.08
validation split name: 2 local = False
 * Val Acc 84.180, Total time 2.13
validation split name: 3 local = False
 * Val Acc 87.674, Total time 2.22
validation split name: 4 local = False
 * Val Acc 96.007, Total time 2.29
====================== 5 =======================
Incremental class: Old valid output dimension: 80
Incremental class: New Valid output dimension: 100
Overwriting ...
Optimizer is reset!
*****************************************
LR: 0.02
Epoch:1/25
 * Loss 0.865 | Train Acc 74.023
LR: 0.02
Epoch:2/25
 * Loss 0.221 | Train Acc 93.164
LR: 0.01995803031515996
Epoch:3/25
 * Loss 0.197 | Train Acc 93.555
LR: 0.019832297406084384
Epoch:4/25
 * Loss 0.179 | Train Acc 94.336
LR: 0.01962332896983008
Epoch:5/25
 * Loss 0.159 | Train Acc 95.508
LR: 0.019332002040338147
Epoch:6/25
 * Loss 0.125 | Train Acc 96.289
LR: 0.01895953930755021
Epoch:7/25
 * Loss 0.151 | Train Acc 94.922
LR: 0.018507503985817242
Epoch:8/25
 * Loss 0.180 | Train Acc 94.922
LR: 0.017977793253138218
Epoch:9/25
 * Loss 0.162 | Train Acc 95.703
LR: 0.017372630288763825
Epoch:10/25
 * Loss 0.134 | Train Acc 95.898
LR: 0.016694554942583234
Epoch:11/25
 * Loss 0.110 | Train Acc 96.875
LR: 0.015946413075454142
Epoch:12/25
 * Loss 0.132 | Train Acc 96.484
LR: 0.015131344615214457
Epoch:13/25
 * Loss 0.082 | Train Acc 97.070
LR: 0.014252770378504108
Epoch:14/25
 * Loss 0.093 | Train Acc 97.461
LR: 0.013314377713705425
Epoch:15/25
 * Loss 0.126 | Train Acc 96.680
LR: 0.012320105025258196
Epoch:16/25
 * Loss 0.096 | Train Acc 97.461
LR: 0.011274125244300335
Epoch:17/25
 * Loss 0.099 | Train Acc 97.266
LR: 0.010180828315007424
Epoch:18/25
 * Loss 0.097 | Train Acc 98.242
LR: 0.009044802770135373
Epoch:19/25
 * Loss 0.110 | Train Acc 96.680
LR: 0.007870816473093028
Epoch:20/25
 * Loss 0.086 | Train Acc 97.266
LR: 0.00666379660736973
Epoch:21/25
 * Loss 0.090 | Train Acc 97.852
LR: 0.005428808997301486
Epoch:22/25
 * Loss 0.081 | Train Acc 97.852
LR: 0.004171036846965889
Epoch:23/25
 * Loss 0.086 | Train Acc 97.852
LR: 0.0028957589864379565
Epoch:24/25
 * Loss 0.092 | Train Acc 97.070
LR: 0.0016083277167066668
Epoch:25/25
 * Loss 0.081 | Train Acc 97.852
=> Saving class model to: ./checkpoints/CUB200-imp-v2/seed1/models/repeat-1/task-5/
=> Save Done
validation split name: 1 local = False
 * Val Acc 88.867, Total time 2.07
validation split name: 2 local = False
 * Val Acc 80.078, Total time 2.29
validation split name: 3 local = False
 * Val Acc 86.979, Total time 2.35
validation split name: 4 local = False
 * Val Acc 93.056, Total time 2.21
validation split name: 5 local = False
 * Val Acc 88.021, Total time 2.26
====================== 6 =======================
Incremental class: Old valid output dimension: 100
Incremental class: New Valid output dimension: 120
Overwriting ...
Optimizer is reset!
*****************************************
LR: 0.02
Epoch:1/25
 * Loss 1.197 | Train Acc 68.359
LR: 0.02
Epoch:2/25
 * Loss 0.341 | Train Acc 90.039
LR: 0.01995803031515996
Epoch:3/25
 * Loss 0.282 | Train Acc 90.625
LR: 0.019832297406084384
Epoch:4/25
 * Loss 0.230 | Train Acc 91.992
LR: 0.01962332896983008
Epoch:5/25
 * Loss 0.200 | Train Acc 92.188
LR: 0.019332002040338147
Epoch:6/25
 * Loss 0.189 | Train Acc 93.945
LR: 0.01895953930755021
Epoch:7/25
 * Loss 0.218 | Train Acc 93.359
LR: 0.018507503985817242
Epoch:8/25
 * Loss 0.198 | Train Acc 94.141
LR: 0.017977793253138218
Epoch:9/25
 * Loss 0.147 | Train Acc 96.094
LR: 0.017372630288763825
Epoch:10/25
 * Loss 0.136 | Train Acc 96.680
LR: 0.016694554942583234
Epoch:11/25
 * Loss 0.138 | Train Acc 95.508
LR: 0.015946413075454142
Epoch:12/25
 * Loss 0.100 | Train Acc 97.070
LR: 0.015131344615214457
Epoch:13/25
 * Loss 0.159 | Train Acc 95.117
LR: 0.014252770378504108
Epoch:14/25
 * Loss 0.147 | Train Acc 96.094
LR: 0.013314377713705425
Epoch:15/25
 * Loss 0.168 | Train Acc 95.117
LR: 0.012320105025258196
Epoch:16/25
 * Loss 0.140 | Train Acc 95.508
LR: 0.011274125244300335
Epoch:17/25
 * Loss 0.107 | Train Acc 97.266
LR: 0.010180828315007424
Epoch:18/25
 * Loss 0.138 | Train Acc 96.484
LR: 0.009044802770135373
Epoch:19/25
 * Loss 0.127 | Train Acc 96.680
LR: 0.007870816473093028
Epoch:20/25
 * Loss 0.131 | Train Acc 96.289
LR: 0.00666379660736973
Epoch:21/25
 * Loss 0.104 | Train Acc 96.875
LR: 0.005428808997301486
Epoch:22/25
 * Loss 0.113 | Train Acc 96.680
LR: 0.004171036846965889
Epoch:23/25
 * Loss 0.120 | Train Acc 96.680
LR: 0.0028957589864379565
Epoch:24/25
 * Loss 0.167 | Train Acc 95.117
LR: 0.0016083277167066668
Epoch:25/25
 * Loss 0.124 | Train Acc 95.898
=> Saving class model to: ./checkpoints/CUB200-imp-v2/seed1/models/repeat-1/task-6/
=> Save Done
validation split name: 1 local = False
 * Val Acc 87.109, Total time 2.17
validation split name: 2 local = False
 * Val Acc 79.492, Total time 2.11
validation split name: 3 local = False
 * Val Acc 85.243, Total time 2.62
validation split name: 4 local = False
 * Val Acc 92.014, Total time 2.28
validation split name: 5 local = False
 * Val Acc 84.028, Total time 2.14
validation split name: 6 local = False
 * Val Acc 69.097, Total time 2.56
====================== 7 =======================
Incremental class: Old valid output dimension: 120
Incremental class: New Valid output dimension: 140
Overwriting ...
Optimizer is reset!
*****************************************
LR: 0.02
Epoch:1/25
 * Loss 0.904 | Train Acc 71.680
LR: 0.02
Epoch:2/25
 * Loss 0.233 | Train Acc 91.211
LR: 0.01995803031515996
Epoch:3/25
 * Loss 0.223 | Train Acc 91.406
LR: 0.019832297406084384
Epoch:4/25
 * Loss 0.214 | Train Acc 93.945
LR: 0.01962332896983008
Epoch:5/25
 * Loss 0.194 | Train Acc 94.336
LR: 0.019332002040338147
Epoch:6/25
 * Loss 0.165 | Train Acc 94.141
LR: 0.01895953930755021
Epoch:7/25
 * Loss 0.196 | Train Acc 94.336
LR: 0.018507503985817242
Epoch:8/25
 * Loss 0.162 | Train Acc 94.141
LR: 0.017977793253138218
Epoch:9/25
 * Loss 0.091 | Train Acc 97.852
LR: 0.017372630288763825
Epoch:10/25
 * Loss 0.139 | Train Acc 96.289
LR: 0.016694554942583234
Epoch:11/25
 * Loss 0.139 | Train Acc 95.312
LR: 0.015946413075454142
Epoch:12/25
 * Loss 0.112 | Train Acc 97.266
LR: 0.015131344615214457
Epoch:13/25
 * Loss 0.096 | Train Acc 97.461
LR: 0.014252770378504108
Epoch:14/25
 * Loss 0.109 | Train Acc 96.484
LR: 0.013314377713705425
Epoch:15/25
 * Loss 0.131 | Train Acc 95.508
LR: 0.012320105025258196
Epoch:16/25
 * Loss 0.111 | Train Acc 97.461
LR: 0.011274125244300335
Epoch:17/25
 * Loss 0.108 | Train Acc 96.484
LR: 0.010180828315007424
Epoch:18/25
 * Loss 0.126 | Train Acc 96.484
LR: 0.009044802770135373
Epoch:19/25
 * Loss 0.131 | Train Acc 96.289
LR: 0.007870816473093028
Epoch:20/25
 * Loss 0.132 | Train Acc 95.508
LR: 0.00666379660736973
Epoch:21/25
 * Loss 0.123 | Train Acc 97.266
LR: 0.005428808997301486
Epoch:22/25
 * Loss 0.080 | Train Acc 98.047
LR: 0.004171036846965889
Epoch:23/25
 * Loss 0.104 | Train Acc 98.047
LR: 0.0028957589864379565
Epoch:24/25
 * Loss 0.087 | Train Acc 97.852
LR: 0.0016083277167066668
Epoch:25/25
 * Loss 0.103 | Train Acc 97.070
=> Saving class model to: ./checkpoints/CUB200-imp-v2/seed1/models/repeat-1/task-7/
=> Save Done
validation split name: 1 local = False
 * Val Acc 87.109, Total time 2.20
validation split name: 2 local = False
 * Val Acc 77.148, Total time 2.15
validation split name: 3 local = False
 * Val Acc 82.812, Total time 2.44
validation split name: 4 local = False
 * Val Acc 91.667, Total time 2.38
validation split name: 5 local = False
 * Val Acc 83.507, Total time 2.32
validation split name: 6 local = False
 * Val Acc 66.493, Total time 2.27
validation split name: 7 local = False
 * Val Acc 77.257, Total time 2.30
====================== 8 =======================
Incremental class: Old valid output dimension: 140
Incremental class: New Valid output dimension: 160
Overwriting ...
Optimizer is reset!
*****************************************
LR: 0.02
Epoch:1/25
 * Loss 0.989 | Train Acc 72.070
LR: 0.02
Epoch:2/25
 * Loss 0.189 | Train Acc 94.141
LR: 0.01995803031515996
Epoch:3/25
 * Loss 0.193 | Train Acc 94.141
LR: 0.019832297406084384
Epoch:4/25
 * Loss 0.158 | Train Acc 94.531
LR: 0.01962332896983008
Epoch:5/25
 * Loss 0.172 | Train Acc 95.117
LR: 0.019332002040338147
Epoch:6/25
 * Loss 0.182 | Train Acc 94.336
LR: 0.01895953930755021
Epoch:7/25
 * Loss 0.171 | Train Acc 94.141
LR: 0.018507503985817242
Epoch:8/25
 * Loss 0.158 | Train Acc 95.117
LR: 0.017977793253138218
Epoch:9/25
 * Loss 0.131 | Train Acc 96.289
LR: 0.017372630288763825
Epoch:10/25
 * Loss 0.126 | Train Acc 96.094
LR: 0.016694554942583234
Epoch:11/25
 * Loss 0.123 | Train Acc 96.094
LR: 0.015946413075454142
Epoch:12/25
 * Loss 0.090 | Train Acc 97.656
LR: 0.015131344615214457
Epoch:13/25
 * Loss 0.134 | Train Acc 95.508
LR: 0.014252770378504108
Epoch:14/25
 * Loss 0.159 | Train Acc 96.094
LR: 0.013314377713705425
Epoch:15/25
 * Loss 0.143 | Train Acc 95.703
LR: 0.012320105025258196
Epoch:16/25
 * Loss 0.115 | Train Acc 96.875
LR: 0.011274125244300335
Epoch:17/25
 * Loss 0.129 | Train Acc 96.875
LR: 0.010180828315007424
Epoch:18/25
 * Loss 0.108 | Train Acc 96.680
LR: 0.009044802770135373
Epoch:19/25
 * Loss 0.094 | Train Acc 98.047
LR: 0.007870816473093028
Epoch:20/25
 * Loss 0.125 | Train Acc 96.484
LR: 0.00666379660736973
Epoch:21/25
 * Loss 0.115 | Train Acc 97.070
LR: 0.005428808997301486
Epoch:22/25
 * Loss 0.078 | Train Acc 98.047
LR: 0.004171036846965889
Epoch:23/25
 * Loss 0.104 | Train Acc 96.875
LR: 0.0028957589864379565
Epoch:24/25
 * Loss 0.105 | Train Acc 97.070
LR: 0.0016083277167066668
Epoch:25/25
 * Loss 0.081 | Train Acc 97.852
=> Saving class model to: ./checkpoints/CUB200-imp-v2/seed1/models/repeat-1/task-8/
=> Save Done
validation split name: 1 local = False
 * Val Acc 84.766, Total time 2.13
validation split name: 2 local = False
 * Val Acc 76.953, Total time 2.12
validation split name: 3 local = False
 * Val Acc 82.465, Total time 2.21
validation split name: 4 local = False
 * Val Acc 90.972, Total time 2.49
validation split name: 5 local = False
 * Val Acc 81.250, Total time 2.58
validation split name: 6 local = False
 * Val Acc 64.410, Total time 2.24
validation split name: 7 local = False
 * Val Acc 75.174, Total time 2.21
validation split name: 8 local = False
 * Val Acc 84.028, Total time 2.33
====================== 9 =======================
Incremental class: Old valid output dimension: 160
Incremental class: New Valid output dimension: 180
Overwriting ...
Optimizer is reset!
*****************************************
LR: 0.02
Epoch:1/25
 * Loss 0.830 | Train Acc 77.148
LR: 0.02
Epoch:2/25
 * Loss 0.230 | Train Acc 93.945
LR: 0.01995803031515996
Epoch:3/25
 * Loss 0.183 | Train Acc 94.531
LR: 0.019832297406084384
Epoch:4/25
 * Loss 0.207 | Train Acc 94.336
LR: 0.01962332896983008
Epoch:5/25
 * Loss 0.160 | Train Acc 95.703
LR: 0.019332002040338147
Epoch:6/25
 * Loss 0.167 | Train Acc 95.312
LR: 0.01895953930755021
Epoch:7/25
 * Loss 0.172 | Train Acc 93.945
LR: 0.018507503985817242
Epoch:8/25
 * Loss 0.135 | Train Acc 96.875
LR: 0.017977793253138218
Epoch:9/25
 * Loss 0.121 | Train Acc 96.875
LR: 0.017372630288763825
Epoch:10/25
 * Loss 0.159 | Train Acc 95.508
LR: 0.016694554942583234
Epoch:11/25
 * Loss 0.143 | Train Acc 96.875
LR: 0.015946413075454142
Epoch:12/25
 * Loss 0.117 | Train Acc 96.484
LR: 0.015131344615214457
Epoch:13/25
 * Loss 0.109 | Train Acc 96.680
LR: 0.014252770378504108
Epoch:14/25
 * Loss 0.115 | Train Acc 96.875
LR: 0.013314377713705425
Epoch:15/25
 * Loss 0.113 | Train Acc 97.070
LR: 0.012320105025258196
Epoch:16/25
 * Loss 0.129 | Train Acc 96.289
LR: 0.011274125244300335
Epoch:17/25
 * Loss 0.102 | Train Acc 96.875
LR: 0.010180828315007424
Epoch:18/25
 * Loss 0.136 | Train Acc 95.312
LR: 0.009044802770135373
Epoch:19/25
 * Loss 0.108 | Train Acc 96.875
LR: 0.007870816473093028
Epoch:20/25
 * Loss 0.134 | Train Acc 96.094
LR: 0.00666379660736973
Epoch:21/25
 * Loss 0.145 | Train Acc 95.898
LR: 0.005428808997301486
Epoch:22/25
 * Loss 0.111 | Train Acc 96.680
LR: 0.004171036846965889
Epoch:23/25
 * Loss 0.084 | Train Acc 97.656
LR: 0.0028957589864379565
Epoch:24/25
 * Loss 0.133 | Train Acc 96.289
LR: 0.0016083277167066668
Epoch:25/25
 * Loss 0.084 | Train Acc 97.461
=> Saving class model to: ./checkpoints/CUB200-imp-v2/seed1/models/repeat-1/task-9/
=> Save Done
validation split name: 1 local = False
 * Val Acc 84.766, Total time 2.42
validation split name: 2 local = False
 * Val Acc 75.391, Total time 2.04
validation split name: 3 local = False
 * Val Acc 82.292, Total time 2.22
validation split name: 4 local = False
 * Val Acc 90.451, Total time 2.35
validation split name: 5 local = False
 * Val Acc 81.250, Total time 2.12
validation split name: 6 local = False
 * Val Acc 63.889, Total time 2.34
validation split name: 7 local = False
 * Val Acc 74.653, Total time 2.43
validation split name: 8 local = False
 * Val Acc 82.986, Total time 2.52
validation split name: 9 local = False
 * Val Acc 76.953, Total time 2.50
====================== 10 =======================
Incremental class: Old valid output dimension: 180
Incremental class: New Valid output dimension: 200
Overwriting ...
Optimizer is reset!
*****************************************
LR: 0.02
Epoch:1/25
 * Loss 0.746 | Train Acc 80.469
LR: 0.02
Epoch:2/25
 * Loss 0.184 | Train Acc 93.359
LR: 0.01995803031515996
Epoch:3/25
 * Loss 0.184 | Train Acc 93.164
LR: 0.019832297406084384
Epoch:4/25
 * Loss 0.096 | Train Acc 97.266
LR: 0.01962332896983008
Epoch:5/25
 * Loss 0.121 | Train Acc 95.898
LR: 0.019332002040338147
Epoch:6/25
 * Loss 0.124 | Train Acc 95.508
LR: 0.01895953930755021
Epoch:7/25
 * Loss 0.148 | Train Acc 96.484
LR: 0.018507503985817242
Epoch:8/25
 * Loss 0.093 | Train Acc 97.461
LR: 0.017977793253138218
Epoch:9/25
 * Loss 0.085 | Train Acc 97.461
LR: 0.017372630288763825
Epoch:10/25
 * Loss 0.100 | Train Acc 97.070
LR: 0.016694554942583234
Epoch:11/25
 * Loss 0.077 | Train Acc 97.461
LR: 0.015946413075454142
Epoch:12/25
 * Loss 0.089 | Train Acc 97.656
LR: 0.015131344615214457
Epoch:13/25
 * Loss 0.078 | Train Acc 97.266
LR: 0.014252770378504108
Epoch:14/25
 * Loss 0.096 | Train Acc 96.875
LR: 0.013314377713705425
Epoch:15/25
 * Loss 0.111 | Train Acc 96.094
LR: 0.012320105025258196
Epoch:16/25
 * Loss 0.071 | Train Acc 98.047
LR: 0.011274125244300335
Epoch:17/25
 * Loss 0.098 | Train Acc 97.070
LR: 0.010180828315007424
Epoch:18/25
 * Loss 0.090 | Train Acc 98.047
LR: 0.009044802770135373
Epoch:19/25
 * Loss 0.081 | Train Acc 98.047
LR: 0.007870816473093028
Epoch:20/25
 * Loss 0.082 | Train Acc 98.047
LR: 0.00666379660736973
Epoch:21/25
 * Loss 0.073 | Train Acc 97.656
LR: 0.005428808997301486
Epoch:22/25
 * Loss 0.074 | Train Acc 97.656
LR: 0.004171036846965889
Epoch:23/25
 * Loss 0.118 | Train Acc 96.094
LR: 0.0028957589864379565
Epoch:24/25
 * Loss 0.080 | Train Acc 97.461
LR: 0.0016083277167066668
Epoch:25/25
 * Loss 0.117 | Train Acc 97.070
=> Saving class model to: ./checkpoints/CUB200-imp-v2/seed1/models/repeat-1/task-10/
=> Save Done
validation split name: 1 local = False
 * Val Acc 83.789, Total time 2.38
validation split name: 2 local = False
 * Val Acc 74.805, Total time 2.05
validation split name: 3 local = False
 * Val Acc 82.292, Total time 2.35
validation split name: 4 local = False
 * Val Acc 89.931, Total time 2.33
validation split name: 5 local = False
 * Val Acc 80.035, Total time 2.16
validation split name: 6 local = False
 * Val Acc 58.681, Total time 2.45
validation split name: 7 local = False
 * Val Acc 73.785, Total time 2.23
validation split name: 8 local = False
 * Val Acc 79.861, Total time 2.26
validation split name: 9 local = False
 * Val Acc 75.781, Total time 2.14
validation split name: 10 local = False
 * Val Acc 79.492, Total time 2.16
*****************************************
Incremental class: Old valid output dimension: 0
Incremental class: New Valid output dimension: 20
=> Load Done
===global validation====
test task 1, using model 1
validation split name: 1 local = False
 * Val Acc 97.070, Total time 2.26
Incremental class: Old valid output dimension: 20
Incremental class: New Valid output dimension: 40
Merging prompt with importance-based fusion...
=> Load Done
===global validation====
test task 1, using model 2
validation split name: 1 local = False
 * Val Acc 95.898, Total time 2.53
test task 2, using model 2
validation split name: 2 local = False
 * Val Acc 93.555, Total time 2.22
Incremental class: Old valid output dimension: 40
Incremental class: New Valid output dimension: 60
Merging prompt with importance-based fusion...
=> Load Done
===global validation====
test task 1, using model 3
validation split name: 1 local = False
 * Val Acc 93.945, Total time 2.41
test task 2, using model 3
validation split name: 2 local = False
 * Val Acc 89.062, Total time 2.23
test task 3, using model 3
validation split name: 3 local = False
 * Val Acc 92.882, Total time 2.58
Incremental class: Old valid output dimension: 60
Incremental class: New Valid output dimension: 80
Merging prompt with importance-based fusion...
=> Load Done
===global validation====
test task 1, using model 4
validation split name: 1 local = False
 * Val Acc 93.164, Total time 2.10
test task 2, using model 4
validation split name: 2 local = False
 * Val Acc 84.180, Total time 2.42
test task 3, using model 4
validation split name: 3 local = False
 * Val Acc 87.674, Total time 2.49
test task 4, using model 4
validation split name: 4 local = False
 * Val Acc 96.007, Total time 2.39
Incremental class: Old valid output dimension: 80
Incremental class: New Valid output dimension: 100
Merging prompt with importance-based fusion...
=> Load Done
===global validation====
test task 1, using model 5
validation split name: 1 local = False
 * Val Acc 88.867, Total time 2.71
test task 2, using model 5
validation split name: 2 local = False
 * Val Acc 80.078, Total time 2.29
test task 3, using model 5
validation split name: 3 local = False
 * Val Acc 86.979, Total time 2.38
test task 4, using model 5
validation split name: 4 local = False
 * Val Acc 93.056, Total time 2.72
test task 5, using model 5
validation split name: 5 local = False
 * Val Acc 88.021, Total time 2.30
Incremental class: Old valid output dimension: 100
Incremental class: New Valid output dimension: 120
Merging prompt with importance-based fusion...
=> Load Done
===global validation====
test task 1, using model 6
validation split name: 1 local = False
 * Val Acc 87.109, Total time 2.15
test task 2, using model 6
validation split name: 2 local = False
 * Val Acc 79.492, Total time 2.39
test task 3, using model 6
validation split name: 3 local = False
 * Val Acc 85.243, Total time 2.55
test task 4, using model 6
validation split name: 4 local = False
 * Val Acc 92.014, Total time 2.58
test task 5, using model 6
validation split name: 5 local = False
 * Val Acc 84.028, Total time 2.36
test task 6, using model 6
validation split name: 6 local = False
 * Val Acc 69.097, Total time 2.60
Incremental class: Old valid output dimension: 120
Incremental class: New Valid output dimension: 140
Merging prompt with importance-based fusion...
=> Load Done
===global validation====
test task 1, using model 7
validation split name: 1 local = False
 * Val Acc 87.109, Total time 2.09
test task 2, using model 7
validation split name: 2 local = False
 * Val Acc 77.148, Total time 2.24
test task 3, using model 7
validation split name: 3 local = False
 * Val Acc 82.812, Total time 2.85
test task 4, using model 7
validation split name: 4 local = False
 * Val Acc 91.667, Total time 2.29
test task 5, using model 7
validation split name: 5 local = False
 * Val Acc 83.507, Total time 2.32
test task 6, using model 7
validation split name: 6 local = False
 * Val Acc 66.493, Total time 2.37
test task 7, using model 7
validation split name: 7 local = False
 * Val Acc 77.257, Total time 2.53
Incremental class: Old valid output dimension: 140
Incremental class: New Valid output dimension: 160
Merging prompt with importance-based fusion...
=> Load Done
===global validation====
test task 1, using model 8
validation split name: 1 local = False
 * Val Acc 84.766, Total time 2.58
test task 2, using model 8
validation split name: 2 local = False
 * Val Acc 76.953, Total time 2.36
test task 3, using model 8
validation split name: 3 local = False
 * Val Acc 82.465, Total time 2.44
test task 4, using model 8
validation split name: 4 local = False
 * Val Acc 90.972, Total time 2.38
test task 5, using model 8
validation split name: 5 local = False
 * Val Acc 81.250, Total time 2.27
test task 6, using model 8
validation split name: 6 local = False
 * Val Acc 64.410, Total time 2.46
test task 7, using model 8
validation split name: 7 local = False
 * Val Acc 75.174, Total time 2.65
test task 8, using model 8
validation split name: 8 local = False
 * Val Acc 84.028, Total time 2.42
Incremental class: Old valid output dimension: 160
Incremental class: New Valid output dimension: 180
Merging prompt with importance-based fusion...
=> Load Done
===global validation====
test task 1, using model 9
validation split name: 1 local = False
 * Val Acc 84.766, Total time 2.28
test task 2, using model 9
validation split name: 2 local = False
 * Val Acc 75.391, Total time 2.27
test task 3, using model 9
validation split name: 3 local = False
 * Val Acc 82.292, Total time 2.81
test task 4, using model 9
validation split name: 4 local = False
 * Val Acc 90.451, Total time 2.48
test task 5, using model 9
validation split name: 5 local = False
 * Val Acc 81.250, Total time 2.28
test task 6, using model 9
validation split name: 6 local = False
 * Val Acc 63.889, Total time 2.38
test task 7, using model 9
validation split name: 7 local = False
 * Val Acc 74.653, Total time 2.44
test task 8, using model 9
validation split name: 8 local = False
 * Val Acc 82.986, Total time 2.62
test task 9, using model 9
validation split name: 9 local = False
 * Val Acc 76.953, Total time 2.09
Incremental class: Old valid output dimension: 180
Incremental class: New Valid output dimension: 200
Merging prompt with importance-based fusion...
=> Load Done
===global validation====
test task 1, using model 10
validation split name: 1 local = False
 * Val Acc 83.789, Total time 2.12
test task 2, using model 10
validation split name: 2 local = False
 * Val Acc 74.805, Total time 2.22
test task 3, using model 10
validation split name: 3 local = False
 * Val Acc 82.292, Total time 2.56
test task 4, using model 10
validation split name: 4 local = False
 * Val Acc 89.931, Total time 2.56
test task 5, using model 10
validation split name: 5 local = False
 * Val Acc 80.035, Total time 2.23
test task 6, using model 10
validation split name: 6 local = False
 * Val Acc 58.681, Total time 2.39
test task 7, using model 10
validation split name: 7 local = False
 * Val Acc 73.785, Total time 2.63
test task 8, using model 10
validation split name: 8 local = False
 * Val Acc 79.861, Total time 2.38
test task 9, using model 10
validation split name: 9 local = False
 * Val Acc 75.781, Total time 2.16
test task 10, using model 10
validation split name: 10 local = False
 * Val Acc 79.492, Total time 2.29
coda_forgetting= (np.float64(1.9686546976043497), np.float64(0.0))
general_forgetting= (np.float64(8.434606481481477), np.float64(0.0))
acctable, {'1': OrderedDict([('1', 97.0703125), ('2', 95.8984375), ('3', 93.9453125), ('4', 93.1640625), ('5', 88.8671875), ('6', 87.109375), ('7', 87.109375), ('8', 84.765625), ('9', 84.765625), ('10', 83.7890625)]), '2': OrderedDict([('2', 93.5546875), ('3', 89.0625), ('4', 84.1796875), ('5', 80.078125), ('6', 79.4921875), ('7', 77.1484375), ('8', 76.953125), ('9', 75.390625), ('10', 74.8046875)]), '3': OrderedDict([('3', 92.88194444444444), ('4', 87.67361111111111), ('5', 86.97916666666667), ('6', 85.24305555555556), ('7', 82.8125), ('8', 82.46527777777777), ('9', 82.29166666666667), ('10', 82.29166666666667)]), '4': OrderedDict([('4', 96.00694444444444), ('5', 93.05555555555556), ('6', 92.01388888888889), ('7', 91.66666666666667), ('8', 90.97222222222223), ('9', 90.45138888888889), ('10', 89.93055555555556)]), '5': OrderedDict([('5', 88.02083333333333), ('6', 84.02777777777777), ('7', 83.50694444444444), ('8', 81.25), ('9', 81.25), ('10', 80.03472222222223)]), '6': OrderedDict([('6', 69.09722222222223), ('7', 66.49305555555556), ('8', 64.40972222222223), ('9', 63.888888888888886), ('10', 58.68055555555556)]), '7': OrderedDict([('7', 77.25694444444444), ('8', 75.17361111111111), ('9', 74.65277777777777), ('10', 73.78472222222223)]), '8': OrderedDict([('8', 84.02777777777777), ('9', 82.98611111111111), ('10', 79.86111111111111)]), '9': OrderedDict([('9', 76.953125), ('10', 75.78125)]), '10': OrderedDict([('10', 79.4921875)])}
dropmatrix: [[97.0703125, 95.8984375, 93.9453125, 93.1640625, 88.8671875, 87.109375, 87.109375, 84.765625, 84.765625, 83.7890625], [93.5546875, 89.0625, 84.1796875, 80.078125, 79.4921875, 77.1484375, 76.953125, 75.390625, 74.8046875], [92.88194444444444, 87.67361111111111, 86.97916666666667, 85.24305555555556, 82.8125, 82.46527777777777, 82.29166666666667, 82.29166666666667], [96.00694444444444, 93.05555555555556, 92.01388888888889, 91.66666666666667, 90.97222222222223, 90.45138888888889, 89.93055555555556], [88.02083333333333, 84.02777777777777, 83.50694444444444, 81.25, 81.25, 80.03472222222223], [69.09722222222223, 66.49305555555556, 64.40972222222223, 63.888888888888886, 58.68055555555556], [77.25694444444444, 75.17361111111111, 74.65277777777777, 73.78472222222223], [84.02777777777777, 82.98611111111111, 79.86111111111111], [76.953125, 75.78125], [79.4921875]]
global acc [[97.0703125 ]
 [94.7265625 ]
 [91.96325231]
 [90.25607639]
 [87.40017361]
 [82.83058449]
 [80.8562748 ]
 [80.00217014]
 [79.18113426]
 [77.84505208]]
pt acc [[[97.0703125 ]
  [95.8984375 ]
  [93.9453125 ]
  [93.1640625 ]
  [88.8671875 ]
  [87.109375  ]
  [87.109375  ]
  [84.765625  ]
  [84.765625  ]
  [83.7890625 ]]

 [[ 0.        ]
  [93.5546875 ]
  [89.0625    ]
  [84.1796875 ]
  [80.078125  ]
  [79.4921875 ]
  [77.1484375 ]
  [76.953125  ]
  [75.390625  ]
  [74.8046875 ]]

 [[ 0.        ]
  [ 0.        ]
  [92.88194444]
  [87.67361111]
  [86.97916667]
  [85.24305556]
  [82.8125    ]
  [82.46527778]
  [82.29166667]
  [82.29166667]]

 [[ 0.        ]
  [ 0.        ]
  [ 0.        ]
  [96.00694444]
  [93.05555556]
  [92.01388889]
  [91.66666667]
  [90.97222222]
  [90.45138889]
  [89.93055556]]

 [[ 0.        ]
  [ 0.        ]
  [ 0.        ]
  [ 0.        ]
  [88.02083333]
  [84.02777778]
  [83.50694444]
  [81.25      ]
  [81.25      ]
  [80.03472222]]

 [[ 0.        ]
  [ 0.        ]
  [ 0.        ]
  [ 0.        ]
  [ 0.        ]
  [69.09722222]
  [66.49305556]
  [64.40972222]
  [63.88888889]
  [58.68055556]]

 [[ 0.        ]
  [ 0.        ]
  [ 0.        ]
  [ 0.        ]
  [ 0.        ]
  [ 0.        ]
  [77.25694444]
  [75.17361111]
  [74.65277778]
  [73.78472222]]

 [[ 0.        ]
  [ 0.        ]
  [ 0.        ]
  [ 0.        ]
  [ 0.        ]
  [ 0.        ]
  [ 0.        ]
  [84.02777778]
  [82.98611111]
  [79.86111111]]

 [[ 0.        ]
  [ 0.        ]
  [ 0.        ]
  [ 0.        ]
  [ 0.        ]
  [ 0.        ]
  [ 0.        ]
  [ 0.        ]
  [76.953125  ]
  [75.78125   ]]

 [[ 0.        ]
  [ 0.        ]
  [ 0.        ]
  [ 0.        ]
  [ 0.        ]
  [ 0.        ]
  [ 0.        ]
  [ 0.        ]
  [ 0.        ]
  [79.4921875 ]]]
===Summary of experiment repeats: 1 / 1 ===
acc  | mean: 77.84505208333333 std: 0.0
77.85 \pm 0.0
time  | mean: 0.2159343194961548 std: 0.0
0.22 \pm 0.0
