Running with V2 Config:
Namespace(config='configs/cub200_imp_v2.yaml', seed=2, gpuid=[0], log_dir='./checkpoints/CUB200-imp-v2/seed2', repeat=1, overwrite=0, lr=0.02, ema_coeff=0.7, schedule=25, type='apt_imp_v2', name='CUB200', base_alpha=0.7, importance_temperature=2.0, adjust_range=0.15, min_alpha=0.55, max_alpha=0.85, prompt_param=[0.01], batch_size=64, schedule_type='cosine', optimizer='Adam', dataset='CUB200', first_split_size=20, other_split_size=20, dataroot='data', workers=4, validation=False, train_aug=True, rand_split=True, model_name='vit_pt_imnet', model_type='zoo', learner_type='apt_imp_v2', learner_name='APT_IMP_V2_Learner', debug_mode=0, oracle_flag=False, upper_bound_flag=False, memory=0, temp=2.0, DW=False, momentum=0.9, weight_decay=0, max_task=-1)
************************************
* STARTING TRIAL (Seed 2)
************************************
=============================================
Shuffling....seed is 2
pre-shuffle:[0, 1, 2, 3, 4, 5, 6, 7, 8, 9, 10, 11, 12, 13, 14, 15, 16, 17, 18, 19, 20, 21, 22, 23, 24, 25, 26, 27, 28, 29, 30, 31, 32, 33, 34, 35, 36, 37, 38, 39, 40, 41, 42, 43, 44, 45, 46, 47, 48, 49, 50, 51, 52, 53, 54, 55, 56, 57, 58, 59, 60, 61, 62, 63, 64, 65, 66, 67, 68, 69, 70, 71, 72, 73, 74, 75, 76, 77, 78, 79, 80, 81, 82, 83, 84, 85, 86, 87, 88, 89, 90, 91, 92, 93, 94, 95, 96, 97, 98, 99, 100, 101, 102, 103, 104, 105, 106, 107, 108, 109, 110, 111, 112, 113, 114, 115, 116, 117, 118, 119, 120, 121, 122, 123, 124, 125, 126, 127, 128, 129, 130, 131, 132, 133, 134, 135, 136, 137, 138, 139, 140, 141, 142, 143, 144, 145, 146, 147, 148, 149, 150, 151, 152, 153, 154, 155, 156, 157, 158, 159, 160, 161, 162, 163, 164, 165, 166, 167, 168, 169, 170, 171, 172, 173, 174, 175, 176, 177, 178, 179, 180, 181, 182, 183, 184, 185, 186, 187, 188, 189, 190, 191, 192, 193, 194, 195, 196, 197, 198, 199]
post-shuffle:[51, 94, 55, 35, 170, 177, 20, 85, 50, 36, 30, 76, 5, 136, 182, 82, 25, 169, 166, 178, 74, 53, 32, 184, 160, 179, 138, 140, 27, 12, 48, 57, 145, 28, 19, 162, 175, 121, 18, 72, 101, 69, 49, 115, 181, 15, 193, 37, 111, 0, 158, 33, 11, 47, 80, 126, 183, 16, 198, 91, 58, 70, 2, 67, 8, 199, 10, 3, 77, 22, 168, 96, 86, 4, 189, 88, 99, 31, 84, 17, 107, 123, 29, 103, 117, 161, 105, 73, 173, 13, 24, 1, 195, 185, 79, 87, 151, 65, 62, 26, 147, 144, 52, 75, 186, 159, 109, 66, 137, 191, 122, 133, 142, 38, 39, 61, 98, 157, 192, 129, 112, 197, 149, 194, 104, 152, 120, 56, 124, 132, 89, 141, 116, 146, 153, 176, 127, 71, 125, 63, 135, 118, 102, 41, 150, 154, 90, 172, 167, 106, 114, 46, 165, 131, 196, 156, 180, 34, 44, 83, 164, 6, 59, 60, 45, 143, 42, 134, 108, 97, 81, 119, 93, 7, 187, 68, 128, 113, 139, 95, 130, 100, 163, 110, 40, 174, 148, 9, 190, 54, 155, 64, 78, 171, 188, 43, 92, 21, 23, 14]
=============================================
*****************************************
====================== 1 =======================
Incremental class: Old valid output dimension: 0
Incremental class: New Valid output dimension: 20
/root/miniconda3/envs/apt/lib/python3.10/site-packages/torch/utils/data/dataloader.py:557: UserWarning: This DataLoader will create 4 worker processes in total. Our suggested max number of worker in current system is 3, which is smaller than what this DataLoader is going to create. Please be aware that excessive worker creation might get DataLoader running slow or even freeze, lower the worker number to avoid potential slowness/freeze if necessary.
  warnings.warn(_create_warning_msg(
Overwriting ...
/root/dl_project/Additive-Prompt-Tuning/learners/default.py:239: FutureWarning: You are using `torch.load` with `weights_only=False` (the current default value), which uses the default pickle module implicitly. It is possible to construct malicious pickle data which will execute arbitrary code during unpickling (See https://github.com/pytorch/pytorch/blob/main/SECURITY.md#untrusted-models for more details). In a future release, the default value for `weights_only` will be flipped to `True`. This limits the functions that could be executed during unpickling. Arbitrary objects will no longer be allowed to be loaded via this mode unless they are explicitly allowlisted by the user via `torch.serialization.add_safe_globals`. We recommend you start setting `weights_only=True` for any use case where you don't have full control of the loaded file. Please open an issue on GitHub for any issues related to this experimental feature.
  model_dict = torch.load(filename + 'class.pth')
=> Load Done
Optimizer is reset!
*****************************************
=> Saving class model to: ./checkpoints/CUB200-imp-v2/seed2/models/repeat-1/task-1/
=> Save Done
validation split name: 1 local = False
 * Val Acc 98.438, Total time 3.06
====================== 2 =======================
Incremental class: Old valid output dimension: 20
Incremental class: New Valid output dimension: 40
Overwriting ...
Optimizer is reset!
*****************************************
LR: 0.02
Epoch:1/25
 * Loss 0.907 | Train Acc 75.977
LR: 0.02
Epoch:2/25
 * Loss 0.210 | Train Acc 93.945
LR: 0.01995803031515996
Epoch:3/25
 * Loss 0.144 | Train Acc 95.508
LR: 0.019832297406084384
Epoch:4/25
 * Loss 0.175 | Train Acc 95.117
LR: 0.01962332896983008
Epoch:5/25
 * Loss 0.144 | Train Acc 95.898
LR: 0.019332002040338147
Epoch:6/25
 * Loss 0.149 | Train Acc 95.898
LR: 0.01895953930755021
Epoch:7/25
 * Loss 0.113 | Train Acc 96.484
LR: 0.018507503985817242
Epoch:8/25
 * Loss 0.116 | Train Acc 96.875
LR: 0.017977793253138218
Epoch:9/25
 * Loss 0.142 | Train Acc 95.703
LR: 0.017372630288763825
Epoch:10/25
 * Loss 0.107 | Train Acc 97.070
LR: 0.016694554942583234
Epoch:11/25
 * Loss 0.106 | Train Acc 96.875
LR: 0.015946413075454142
Epoch:12/25
 * Loss 0.124 | Train Acc 96.289
LR: 0.015131344615214457
Epoch:13/25
 * Loss 0.104 | Train Acc 97.266
LR: 0.014252770378504108
Epoch:14/25
 * Loss 0.105 | Train Acc 96.680
LR: 0.013314377713705425
Epoch:15/25
 * Loss 0.145 | Train Acc 94.922
LR: 0.012320105025258196
Epoch:16/25
 * Loss 0.139 | Train Acc 96.289
LR: 0.011274125244300335
Epoch:17/25
 * Loss 0.082 | Train Acc 98.633
LR: 0.010180828315007424
Epoch:18/25
 * Loss 0.113 | Train Acc 97.070
LR: 0.009044802770135373
Epoch:19/25
 * Loss 0.095 | Train Acc 97.070
LR: 0.007870816473093028
Epoch:20/25
 * Loss 0.113 | Train Acc 96.484
LR: 0.00666379660736973
Epoch:21/25
 * Loss 0.092 | Train Acc 97.070
LR: 0.005428808997301486
Epoch:22/25
 * Loss 0.103 | Train Acc 97.070
LR: 0.004171036846965889
Epoch:23/25
 * Loss 0.106 | Train Acc 96.289
LR: 0.0028957589864379565
Epoch:24/25
 * Loss 0.151 | Train Acc 95.312
LR: 0.0016083277167066668
Epoch:25/25
 * Loss 0.104 | Train Acc 96.680
=> Saving class model to: ./checkpoints/CUB200-imp-v2/seed2/models/repeat-1/task-2/
=> Save Done
validation split name: 1 local = False
 * Val Acc 94.271, Total time 2.24
validation split name: 2 local = False
 * Val Acc 97.266, Total time 2.13
====================== 3 =======================
Incremental class: Old valid output dimension: 40
Incremental class: New Valid output dimension: 60
Overwriting ...
Optimizer is reset!
*****************************************
LR: 0.02
Epoch:1/25
 * Loss 0.814 | Train Acc 77.539
LR: 0.02
Epoch:2/25
 * Loss 0.237 | Train Acc 91.992
LR: 0.01995803031515996
Epoch:3/25
 * Loss 0.282 | Train Acc 91.406
LR: 0.019832297406084384
Epoch:4/25
 * Loss 0.162 | Train Acc 95.703
LR: 0.01962332896983008
Epoch:5/25
 * Loss 0.171 | Train Acc 95.508
LR: 0.019332002040338147
Epoch:6/25
 * Loss 0.178 | Train Acc 94.141
LR: 0.01895953930755021
Epoch:7/25
 * Loss 0.179 | Train Acc 94.727
LR: 0.018507503985817242
Epoch:8/25
 * Loss 0.164 | Train Acc 94.531
LR: 0.017977793253138218
Epoch:9/25
 * Loss 0.141 | Train Acc 95.312
LR: 0.017372630288763825
Epoch:10/25
 * Loss 0.105 | Train Acc 96.875
LR: 0.016694554942583234
Epoch:11/25
 * Loss 0.146 | Train Acc 95.898
LR: 0.015946413075454142
Epoch:12/25
 * Loss 0.134 | Train Acc 95.703
LR: 0.015131344615214457
Epoch:13/25
 * Loss 0.131 | Train Acc 96.680
LR: 0.014252770378504108
Epoch:14/25
 * Loss 0.124 | Train Acc 96.289
LR: 0.013314377713705425
Epoch:15/25
 * Loss 0.132 | Train Acc 96.289
LR: 0.012320105025258196
Epoch:16/25
 * Loss 0.091 | Train Acc 96.875
LR: 0.011274125244300335
Epoch:17/25
 * Loss 0.094 | Train Acc 97.656
LR: 0.010180828315007424
Epoch:18/25
 * Loss 0.095 | Train Acc 97.266
LR: 0.009044802770135373
Epoch:19/25
 * Loss 0.122 | Train Acc 96.289
LR: 0.007870816473093028
Epoch:20/25
 * Loss 0.117 | Train Acc 96.289
LR: 0.00666379660736973
Epoch:21/25
 * Loss 0.144 | Train Acc 95.117
LR: 0.005428808997301486
Epoch:22/25
 * Loss 0.087 | Train Acc 97.656
LR: 0.004171036846965889
Epoch:23/25
 * Loss 0.106 | Train Acc 97.070
LR: 0.0028957589864379565
Epoch:24/25
 * Loss 0.086 | Train Acc 97.266
LR: 0.0016083277167066668
Epoch:25/25
 * Loss 0.125 | Train Acc 96.680
=> Saving class model to: ./checkpoints/CUB200-imp-v2/seed2/models/repeat-1/task-3/
=> Save Done
validation split name: 1 local = False
 * Val Acc 93.750, Total time 2.39
validation split name: 2 local = False
 * Val Acc 95.117, Total time 1.99
validation split name: 3 local = False
 * Val Acc 93.164, Total time 2.13
====================== 4 =======================
Incremental class: Old valid output dimension: 60
Incremental class: New Valid output dimension: 80
Overwriting ...
Optimizer is reset!
*****************************************
LR: 0.02
Epoch:1/25
 * Loss 0.834 | Train Acc 77.148
LR: 0.02
Epoch:2/25
 * Loss 0.210 | Train Acc 93.555
LR: 0.01995803031515996
Epoch:3/25
 * Loss 0.197 | Train Acc 92.773
LR: 0.019832297406084384
Epoch:4/25
 * Loss 0.120 | Train Acc 95.703
LR: 0.01962332896983008
Epoch:5/25
 * Loss 0.169 | Train Acc 94.727
LR: 0.019332002040338147
Epoch:6/25
 * Loss 0.107 | Train Acc 95.898
LR: 0.01895953930755021
Epoch:7/25
 * Loss 0.107 | Train Acc 96.680
LR: 0.018507503985817242
Epoch:8/25
 * Loss 0.131 | Train Acc 96.484
LR: 0.017977793253138218
Epoch:9/25
 * Loss 0.117 | Train Acc 96.289
LR: 0.017372630288763825
Epoch:10/25
 * Loss 0.101 | Train Acc 97.070
LR: 0.016694554942583234
Epoch:11/25
 * Loss 0.146 | Train Acc 95.508
LR: 0.015946413075454142
Epoch:12/25
 * Loss 0.095 | Train Acc 96.680
LR: 0.015131344615214457
Epoch:13/25
 * Loss 0.093 | Train Acc 97.656
LR: 0.014252770378504108
Epoch:14/25
 * Loss 0.141 | Train Acc 95.312
LR: 0.013314377713705425
Epoch:15/25
 * Loss 0.151 | Train Acc 96.484
LR: 0.012320105025258196
Epoch:16/25
 * Loss 0.080 | Train Acc 97.852
LR: 0.011274125244300335
Epoch:17/25
 * Loss 0.063 | Train Acc 97.852
LR: 0.010180828315007424
Epoch:18/25
 * Loss 0.099 | Train Acc 97.266
LR: 0.009044802770135373
Epoch:19/25
 * Loss 0.081 | Train Acc 97.461
LR: 0.007870816473093028
Epoch:20/25
 * Loss 0.106 | Train Acc 97.266
LR: 0.00666379660736973
Epoch:21/25
 * Loss 0.081 | Train Acc 97.852
LR: 0.005428808997301486
Epoch:22/25
 * Loss 0.125 | Train Acc 96.289
LR: 0.004171036846965889
Epoch:23/25
 * Loss 0.117 | Train Acc 95.898
LR: 0.0028957589864379565
Epoch:24/25
 * Loss 0.075 | Train Acc 97.852
LR: 0.0016083277167066668
Epoch:25/25
 * Loss 0.062 | Train Acc 98.828
=> Saving class model to: ./checkpoints/CUB200-imp-v2/seed2/models/repeat-1/task-4/
=> Save Done
validation split name: 1 local = False
 * Val Acc 93.229, Total time 2.26
validation split name: 2 local = False
 * Val Acc 93.945, Total time 2.21
validation split name: 3 local = False
 * Val Acc 92.188, Total time 2.44
validation split name: 4 local = False
 * Val Acc 90.820, Total time 2.06
====================== 5 =======================
Incremental class: Old valid output dimension: 80
Incremental class: New Valid output dimension: 100
Overwriting ...
Optimizer is reset!
*****************************************
LR: 0.02
Epoch:1/25
 * Loss 1.025 | Train Acc 70.703
LR: 0.02
Epoch:2/25
 * Loss 0.268 | Train Acc 90.820
LR: 0.01995803031515996
Epoch:3/25
 * Loss 0.167 | Train Acc 95.117
LR: 0.019832297406084384
Epoch:4/25
 * Loss 0.191 | Train Acc 94.141
LR: 0.01962332896983008
Epoch:5/25
 * Loss 0.183 | Train Acc 94.336
LR: 0.019332002040338147
Epoch:6/25
 * Loss 0.211 | Train Acc 93.359
LR: 0.01895953930755021
Epoch:7/25
 * Loss 0.145 | Train Acc 95.508
LR: 0.018507503985817242
Epoch:8/25
 * Loss 0.142 | Train Acc 95.703
LR: 0.017977793253138218
Epoch:9/25
 * Loss 0.114 | Train Acc 96.875
LR: 0.017372630288763825
Epoch:10/25
 * Loss 0.124 | Train Acc 97.070
LR: 0.016694554942583234
Epoch:11/25
 * Loss 0.147 | Train Acc 95.898
LR: 0.015946413075454142
Epoch:12/25
 * Loss 0.099 | Train Acc 97.266
LR: 0.015131344615214457
Epoch:13/25
 * Loss 0.151 | Train Acc 95.508
LR: 0.014252770378504108
Epoch:14/25
 * Loss 0.152 | Train Acc 95.508
LR: 0.013314377713705425
Epoch:15/25
 * Loss 0.105 | Train Acc 98.047
LR: 0.012320105025258196
Epoch:16/25
 * Loss 0.116 | Train Acc 96.484
LR: 0.011274125244300335
Epoch:17/25
 * Loss 0.111 | Train Acc 96.484
LR: 0.010180828315007424
Epoch:18/25
 * Loss 0.131 | Train Acc 96.680
LR: 0.009044802770135373
Epoch:19/25
 * Loss 0.158 | Train Acc 96.484
LR: 0.007870816473093028
Epoch:20/25
 * Loss 0.103 | Train Acc 97.266
LR: 0.00666379660736973
Epoch:21/25
 * Loss 0.110 | Train Acc 96.484
LR: 0.005428808997301486
Epoch:22/25
 * Loss 0.076 | Train Acc 98.438
LR: 0.004171036846965889
Epoch:23/25
 * Loss 0.087 | Train Acc 97.070
LR: 0.0028957589864379565
Epoch:24/25
 * Loss 0.108 | Train Acc 96.680
LR: 0.0016083277167066668
Epoch:25/25
 * Loss 0.056 | Train Acc 98.828
=> Saving class model to: ./checkpoints/CUB200-imp-v2/seed2/models/repeat-1/task-5/
=> Save Done
validation split name: 1 local = False
 * Val Acc 92.361, Total time 2.34
validation split name: 2 local = False
 * Val Acc 92.969, Total time 2.02
validation split name: 3 local = False
 * Val Acc 90.234, Total time 2.48
validation split name: 4 local = False
 * Val Acc 87.891, Total time 2.17
validation split name: 5 local = False
 * Val Acc 76.367, Total time 1.94
====================== 6 =======================
Incremental class: Old valid output dimension: 100
Incremental class: New Valid output dimension: 120
Overwriting ...
Optimizer is reset!
*****************************************
LR: 0.02
Epoch:1/25
 * Loss 1.253 | Train Acc 65.234
LR: 0.02
Epoch:2/25
 * Loss 0.353 | Train Acc 90.234
LR: 0.01995803031515996
Epoch:3/25
 * Loss 0.299 | Train Acc 90.039
LR: 0.019832297406084384
Epoch:4/25
 * Loss 0.202 | Train Acc 93.945
LR: 0.01962332896983008
Epoch:5/25
 * Loss 0.233 | Train Acc 91.797
LR: 0.019332002040338147
Epoch:6/25
 * Loss 0.193 | Train Acc 94.141
LR: 0.01895953930755021
Epoch:7/25
 * Loss 0.197 | Train Acc 94.336
LR: 0.018507503985817242
Epoch:8/25
 * Loss 0.183 | Train Acc 93.945
LR: 0.017977793253138218
Epoch:9/25
 * Loss 0.198 | Train Acc 94.141
LR: 0.017372630288763825
Epoch:10/25
 * Loss 0.230 | Train Acc 91.992
LR: 0.016694554942583234
Epoch:11/25
 * Loss 0.160 | Train Acc 94.531
LR: 0.015946413075454142
Epoch:12/25
 * Loss 0.151 | Train Acc 94.727
LR: 0.015131344615214457
Epoch:13/25
 * Loss 0.148 | Train Acc 95.117
LR: 0.014252770378504108
Epoch:14/25
 * Loss 0.169 | Train Acc 95.117
LR: 0.013314377713705425
Epoch:15/25
 * Loss 0.124 | Train Acc 97.070
LR: 0.012320105025258196
Epoch:16/25
 * Loss 0.127 | Train Acc 96.875
LR: 0.011274125244300335
Epoch:17/25
 * Loss 0.127 | Train Acc 96.484
LR: 0.010180828315007424
Epoch:18/25
 * Loss 0.161 | Train Acc 95.508
LR: 0.009044802770135373
Epoch:19/25
 * Loss 0.094 | Train Acc 97.461
LR: 0.007870816473093028
Epoch:20/25
 * Loss 0.110 | Train Acc 97.266
LR: 0.00666379660736973
Epoch:21/25
 * Loss 0.120 | Train Acc 96.875
LR: 0.005428808997301486
Epoch:22/25
 * Loss 0.133 | Train Acc 95.703
LR: 0.004171036846965889
Epoch:23/25
 * Loss 0.115 | Train Acc 97.070
LR: 0.0028957589864379565
Epoch:24/25
 * Loss 0.109 | Train Acc 96.875
LR: 0.0016083277167066668
Epoch:25/25
 * Loss 0.133 | Train Acc 96.484
=> Saving class model to: ./checkpoints/CUB200-imp-v2/seed2/models/repeat-1/task-6/
=> Save Done
validation split name: 1 local = False
 * Val Acc 91.667, Total time 2.30
validation split name: 2 local = False
 * Val Acc 92.188, Total time 2.06
validation split name: 3 local = False
 * Val Acc 90.234, Total time 2.33
validation split name: 4 local = False
 * Val Acc 87.891, Total time 2.06
validation split name: 5 local = False
 * Val Acc 73.242, Total time 2.05
validation split name: 6 local = False
 * Val Acc 71.007, Total time 2.31
====================== 7 =======================
Incremental class: Old valid output dimension: 120
Incremental class: New Valid output dimension: 140
Overwriting ...
Optimizer is reset!
*****************************************
LR: 0.02
Epoch:1/25
 * Loss 1.271 | Train Acc 68.164
LR: 0.02
Epoch:2/25
 * Loss 0.351 | Train Acc 88.867
LR: 0.01995803031515996
Epoch:3/25
 * Loss 0.272 | Train Acc 91.016
LR: 0.019832297406084384
Epoch:4/25
 * Loss 0.215 | Train Acc 93.945
LR: 0.01962332896983008
Epoch:5/25
 * Loss 0.214 | Train Acc 93.164
LR: 0.019332002040338147
Epoch:6/25
 * Loss 0.167 | Train Acc 94.531
LR: 0.01895953930755021
Epoch:7/25
 * Loss 0.198 | Train Acc 93.555
LR: 0.018507503985817242
Epoch:8/25
 * Loss 0.149 | Train Acc 95.703
LR: 0.017977793253138218
Epoch:9/25
 * Loss 0.128 | Train Acc 96.484
LR: 0.017372630288763825
Epoch:10/25
 * Loss 0.130 | Train Acc 96.680
LR: 0.016694554942583234
Epoch:11/25
 * Loss 0.098 | Train Acc 97.461
LR: 0.015946413075454142
Epoch:12/25
 * Loss 0.135 | Train Acc 96.094
LR: 0.015131344615214457
Epoch:13/25
 * Loss 0.115 | Train Acc 96.094
LR: 0.014252770378504108
Epoch:14/25
 * Loss 0.134 | Train Acc 96.680
LR: 0.013314377713705425
Epoch:15/25
 * Loss 0.135 | Train Acc 95.312
LR: 0.012320105025258196
Epoch:16/25
 * Loss 0.156 | Train Acc 96.289
LR: 0.011274125244300335
Epoch:17/25
 * Loss 0.150 | Train Acc 95.312
LR: 0.010180828315007424
Epoch:18/25
 * Loss 0.096 | Train Acc 97.266
LR: 0.009044802770135373
Epoch:19/25
 * Loss 0.152 | Train Acc 95.508
LR: 0.007870816473093028
Epoch:20/25
 * Loss 0.133 | Train Acc 96.289
LR: 0.00666379660736973
Epoch:21/25
 * Loss 0.128 | Train Acc 95.898
LR: 0.005428808997301486
Epoch:22/25
 * Loss 0.079 | Train Acc 98.242
LR: 0.004171036846965889
Epoch:23/25
 * Loss 0.103 | Train Acc 96.875
LR: 0.0028957589864379565
Epoch:24/25
 * Loss 0.133 | Train Acc 96.094
LR: 0.0016083277167066668
Epoch:25/25
 * Loss 0.129 | Train Acc 96.094
=> Saving class model to: ./checkpoints/CUB200-imp-v2/seed2/models/repeat-1/task-7/
=> Save Done
validation split name: 1 local = False
 * Val Acc 91.667, Total time 2.38
validation split name: 2 local = False
 * Val Acc 90.820, Total time 2.08
validation split name: 3 local = False
 * Val Acc 85.547, Total time 2.01
validation split name: 4 local = False
 * Val Acc 87.891, Total time 2.00
validation split name: 5 local = False
 * Val Acc 72.656, Total time 2.03
validation split name: 6 local = False
 * Val Acc 70.660, Total time 2.35
validation split name: 7 local = False
 * Val Acc 69.271, Total time 2.34
====================== 8 =======================
Incremental class: Old valid output dimension: 140
Incremental class: New Valid output dimension: 160
Overwriting ...
Optimizer is reset!
*****************************************
LR: 0.02
Epoch:1/25
 * Loss 0.938 | Train Acc 75.000
LR: 0.02
Epoch:2/25
 * Loss 0.326 | Train Acc 90.234
LR: 0.01995803031515996
Epoch:3/25
 * Loss 0.198 | Train Acc 95.703
LR: 0.019832297406084384
Epoch:4/25
 * Loss 0.253 | Train Acc 91.797
LR: 0.01962332896983008
Epoch:5/25
 * Loss 0.157 | Train Acc 95.117
LR: 0.019332002040338147
Epoch:6/25
 * Loss 0.209 | Train Acc 93.164
LR: 0.01895953930755021
Epoch:7/25
 * Loss 0.186 | Train Acc 94.336
LR: 0.018507503985817242
Epoch:8/25
 * Loss 0.134 | Train Acc 95.898
LR: 0.017977793253138218
Epoch:9/25
 * Loss 0.132 | Train Acc 96.289
LR: 0.017372630288763825
Epoch:10/25
 * Loss 0.121 | Train Acc 96.680
LR: 0.016694554942583234
Epoch:11/25
 * Loss 0.138 | Train Acc 94.922
LR: 0.015946413075454142
Epoch:12/25
 * Loss 0.117 | Train Acc 96.289
LR: 0.015131344615214457
Epoch:13/25
 * Loss 0.124 | Train Acc 96.289
LR: 0.014252770378504108
Epoch:14/25
 * Loss 0.113 | Train Acc 96.094
LR: 0.013314377713705425
Epoch:15/25
 * Loss 0.178 | Train Acc 94.727
LR: 0.012320105025258196
Epoch:16/25
 * Loss 0.127 | Train Acc 95.703
LR: 0.011274125244300335
Epoch:17/25
 * Loss 0.115 | Train Acc 96.484
LR: 0.010180828315007424
Epoch:18/25
 * Loss 0.161 | Train Acc 94.727
LR: 0.009044802770135373
Epoch:19/25
 * Loss 0.127 | Train Acc 95.312
LR: 0.007870816473093028
Epoch:20/25
 * Loss 0.112 | Train Acc 97.070
LR: 0.00666379660736973
Epoch:21/25
 * Loss 0.174 | Train Acc 94.336
LR: 0.005428808997301486
Epoch:22/25
 * Loss 0.117 | Train Acc 96.289
LR: 0.004171036846965889
Epoch:23/25
 * Loss 0.136 | Train Acc 95.703
LR: 0.0028957589864379565
Epoch:24/25
 * Loss 0.127 | Train Acc 96.484
LR: 0.0016083277167066668
Epoch:25/25
 * Loss 0.169 | Train Acc 94.727
=> Saving class model to: ./checkpoints/CUB200-imp-v2/seed2/models/repeat-1/task-8/
=> Save Done
validation split name: 1 local = False
 * Val Acc 90.972, Total time 2.40
validation split name: 2 local = False
 * Val Acc 90.625, Total time 2.05
validation split name: 3 local = False
 * Val Acc 85.547, Total time 2.16
validation split name: 4 local = False
 * Val Acc 87.305, Total time 2.32
validation split name: 5 local = False
 * Val Acc 72.656, Total time 2.59
validation split name: 6 local = False
 * Val Acc 70.139, Total time 2.39
validation split name: 7 local = False
 * Val Acc 67.708, Total time 2.13
validation split name: 8 local = False
 * Val Acc 81.597, Total time 2.25
====================== 9 =======================
Incremental class: Old valid output dimension: 160
Incremental class: New Valid output dimension: 180
Overwriting ...
Optimizer is reset!
*****************************************
LR: 0.02
Epoch:1/25
 * Loss 0.915 | Train Acc 74.023
LR: 0.02
Epoch:2/25
 * Loss 0.235 | Train Acc 92.188
LR: 0.01995803031515996
Epoch:3/25
 * Loss 0.194 | Train Acc 93.750
LR: 0.019832297406084384
Epoch:4/25
 * Loss 0.151 | Train Acc 95.312
LR: 0.01962332896983008
Epoch:5/25
 * Loss 0.158 | Train Acc 94.141
LR: 0.019332002040338147
Epoch:6/25
 * Loss 0.167 | Train Acc 94.531
LR: 0.01895953930755021
Epoch:7/25
 * Loss 0.167 | Train Acc 95.117
LR: 0.018507503985817242
Epoch:8/25
 * Loss 0.152 | Train Acc 95.898
LR: 0.017977793253138218
Epoch:9/25
 * Loss 0.182 | Train Acc 95.117
LR: 0.017372630288763825
Epoch:10/25
 * Loss 0.115 | Train Acc 96.289
LR: 0.016694554942583234
Epoch:11/25
 * Loss 0.119 | Train Acc 96.289
LR: 0.015946413075454142
Epoch:12/25
 * Loss 0.136 | Train Acc 95.508
LR: 0.015131344615214457
Epoch:13/25
 * Loss 0.118 | Train Acc 96.289
LR: 0.014252770378504108
Epoch:14/25
 * Loss 0.123 | Train Acc 96.094
LR: 0.013314377713705425
Epoch:15/25
 * Loss 0.116 | Train Acc 96.289
LR: 0.012320105025258196
Epoch:16/25
 * Loss 0.151 | Train Acc 95.117
LR: 0.011274125244300335
Epoch:17/25
 * Loss 0.061 | Train Acc 98.828
LR: 0.010180828315007424
Epoch:18/25
 * Loss 0.144 | Train Acc 95.508
LR: 0.009044802770135373
Epoch:19/25
 * Loss 0.121 | Train Acc 96.484
LR: 0.007870816473093028
Epoch:20/25
 * Loss 0.119 | Train Acc 97.070
LR: 0.00666379660736973
Epoch:21/25
 * Loss 0.124 | Train Acc 96.875
LR: 0.005428808997301486
Epoch:22/25
 * Loss 0.088 | Train Acc 97.852
LR: 0.004171036846965889
Epoch:23/25
 * Loss 0.085 | Train Acc 97.266
LR: 0.0028957589864379565
Epoch:24/25
 * Loss 0.121 | Train Acc 96.484
LR: 0.0016083277167066668
Epoch:25/25
 * Loss 0.087 | Train Acc 97.852
=> Saving class model to: ./checkpoints/CUB200-imp-v2/seed2/models/repeat-1/task-9/
=> Save Done
validation split name: 1 local = False
 * Val Acc 90.972, Total time 2.40
validation split name: 2 local = False
 * Val Acc 89.844, Total time 2.00
validation split name: 3 local = False
 * Val Acc 79.102, Total time 2.16
validation split name: 4 local = False
 * Val Acc 83.008, Total time 2.45
validation split name: 5 local = False
 * Val Acc 71.875, Total time 2.10
validation split name: 6 local = False
 * Val Acc 69.097, Total time 2.28
validation split name: 7 local = False
 * Val Acc 67.708, Total time 2.22
validation split name: 8 local = False
 * Val Acc 80.382, Total time 2.61
validation split name: 9 local = False
 * Val Acc 72.070, Total time 2.13
====================== 10 =======================
Incremental class: Old valid output dimension: 180
Incremental class: New Valid output dimension: 200
Overwriting ...
Optimizer is reset!
*****************************************
LR: 0.02
Epoch:1/25
 * Loss 1.010 | Train Acc 71.289
LR: 0.02
Epoch:2/25
 * Loss 0.261 | Train Acc 92.383
LR: 0.01995803031515996
Epoch:3/25
 * Loss 0.229 | Train Acc 92.383
LR: 0.019832297406084384
Epoch:4/25
 * Loss 0.231 | Train Acc 91.797
LR: 0.01962332896983008
Epoch:5/25
 * Loss 0.189 | Train Acc 93.555
LR: 0.019332002040338147
Epoch:6/25
 * Loss 0.136 | Train Acc 96.094
LR: 0.01895953930755021
Epoch:7/25
 * Loss 0.153 | Train Acc 95.508
LR: 0.018507503985817242
Epoch:8/25
 * Loss 0.178 | Train Acc 94.922
LR: 0.017977793253138218
Epoch:9/25
 * Loss 0.120 | Train Acc 96.484
LR: 0.017372630288763825
Epoch:10/25
 * Loss 0.161 | Train Acc 95.312
LR: 0.016694554942583234
Epoch:11/25
 * Loss 0.136 | Train Acc 96.484
LR: 0.015946413075454142
Epoch:12/25
 * Loss 0.132 | Train Acc 96.094
LR: 0.015131344615214457
Epoch:13/25
 * Loss 0.108 | Train Acc 96.680
LR: 0.014252770378504108
Epoch:14/25
 * Loss 0.088 | Train Acc 97.656
LR: 0.013314377713705425
Epoch:15/25
 * Loss 0.161 | Train Acc 95.312
LR: 0.012320105025258196
Epoch:16/25
 * Loss 0.131 | Train Acc 96.484
LR: 0.011274125244300335
Epoch:17/25
 * Loss 0.145 | Train Acc 95.312
LR: 0.010180828315007424
Epoch:18/25
 * Loss 0.124 | Train Acc 96.875
LR: 0.009044802770135373
Epoch:19/25
 * Loss 0.150 | Train Acc 95.898
LR: 0.007870816473093028
Epoch:20/25
 * Loss 0.135 | Train Acc 96.289
LR: 0.00666379660736973
Epoch:21/25
 * Loss 0.092 | Train Acc 97.266
LR: 0.005428808997301486
Epoch:22/25
 * Loss 0.134 | Train Acc 96.094
LR: 0.004171036846965889
Epoch:23/25
 * Loss 0.121 | Train Acc 97.266
LR: 0.0028957589864379565
Epoch:24/25
 * Loss 0.093 | Train Acc 97.461
LR: 0.0016083277167066668
Epoch:25/25
 * Loss 0.116 | Train Acc 96.875
=> Saving class model to: ./checkpoints/CUB200-imp-v2/seed2/models/repeat-1/task-10/
=> Save Done
validation split name: 1 local = False
 * Val Acc 89.757, Total time 2.60
validation split name: 2 local = False
 * Val Acc 89.648, Total time 2.23
validation split name: 3 local = False
 * Val Acc 75.000, Total time 2.03
validation split name: 4 local = False
 * Val Acc 82.031, Total time 2.07
validation split name: 5 local = False
 * Val Acc 68.555, Total time 2.24
validation split name: 6 local = False
 * Val Acc 67.014, Total time 2.30
validation split name: 7 local = False
 * Val Acc 66.840, Total time 2.20
validation split name: 8 local = False
 * Val Acc 79.688, Total time 2.27
validation split name: 9 local = False
 * Val Acc 71.094, Total time 2.00
validation split name: 10 local = False
 * Val Acc 71.354, Total time 2.32
*****************************************
Incremental class: Old valid output dimension: 0
Incremental class: New Valid output dimension: 20
=> Load Done
===global validation====
test task 1, using model 1
validation split name: 1 local = False
 * Val Acc 98.438, Total time 2.31
Incremental class: Old valid output dimension: 20
Incremental class: New Valid output dimension: 40
Merging prompt with importance-based fusion...
=> Load Done
===global validation====
test task 1, using model 2
validation split name: 1 local = False
 * Val Acc 94.271, Total time 2.27
test task 2, using model 2
validation split name: 2 local = False
 * Val Acc 97.266, Total time 2.14
Incremental class: Old valid output dimension: 40
Incremental class: New Valid output dimension: 60
Merging prompt with importance-based fusion...
=> Load Done
===global validation====
test task 1, using model 3
validation split name: 1 local = False
 * Val Acc 93.750, Total time 2.66
test task 2, using model 3
validation split name: 2 local = False
 * Val Acc 95.117, Total time 2.19
test task 3, using model 3
validation split name: 3 local = False
 * Val Acc 93.164, Total time 2.22
Incremental class: Old valid output dimension: 60
Incremental class: New Valid output dimension: 80
Merging prompt with importance-based fusion...
=> Load Done
===global validation====
test task 1, using model 4
validation split name: 1 local = False
 * Val Acc 93.229, Total time 2.41
test task 2, using model 4
validation split name: 2 local = False
 * Val Acc 93.945, Total time 2.29
test task 3, using model 4
validation split name: 3 local = False
 * Val Acc 92.188, Total time 2.32
test task 4, using model 4
validation split name: 4 local = False
 * Val Acc 90.820, Total time 2.05
Incremental class: Old valid output dimension: 80
Incremental class: New Valid output dimension: 100
Merging prompt with importance-based fusion...
=> Load Done
===global validation====
test task 1, using model 5
validation split name: 1 local = False
 * Val Acc 92.361, Total time 2.34
test task 2, using model 5
validation split name: 2 local = False
 * Val Acc 92.969, Total time 2.16
test task 3, using model 5
validation split name: 3 local = False
 * Val Acc 90.234, Total time 2.26
test task 4, using model 5
validation split name: 4 local = False
 * Val Acc 87.891, Total time 2.16
test task 5, using model 5
validation split name: 5 local = False
 * Val Acc 76.367, Total time 2.43
Incremental class: Old valid output dimension: 100
Incremental class: New Valid output dimension: 120
Merging prompt with importance-based fusion...
=> Load Done
===global validation====
test task 1, using model 6
validation split name: 1 local = False
 * Val Acc 91.667, Total time 2.37
test task 2, using model 6
validation split name: 2 local = False
 * Val Acc 92.188, Total time 2.10
test task 3, using model 6
validation split name: 3 local = False
 * Val Acc 90.234, Total time 2.13
test task 4, using model 6
validation split name: 4 local = False
 * Val Acc 87.891, Total time 2.08
test task 5, using model 6
validation split name: 5 local = False
 * Val Acc 73.242, Total time 2.32
test task 6, using model 6
validation split name: 6 local = False
 * Val Acc 71.007, Total time 2.58
Incremental class: Old valid output dimension: 120
Incremental class: New Valid output dimension: 140
Merging prompt with importance-based fusion...
=> Load Done
===global validation====
test task 1, using model 7
validation split name: 1 local = False
 * Val Acc 91.667, Total time 2.32
test task 2, using model 7
validation split name: 2 local = False
 * Val Acc 90.820, Total time 2.21
test task 3, using model 7
validation split name: 3 local = False
 * Val Acc 85.547, Total time 2.51
test task 4, using model 7
validation split name: 4 local = False
 * Val Acc 87.891, Total time 2.07
test task 5, using model 7
validation split name: 5 local = False
 * Val Acc 72.656, Total time 2.08
test task 6, using model 7
validation split name: 6 local = False
 * Val Acc 70.660, Total time 2.27
test task 7, using model 7
validation split name: 7 local = False
 * Val Acc 69.271, Total time 2.41
Incremental class: Old valid output dimension: 140
Incremental class: New Valid output dimension: 160
Merging prompt with importance-based fusion...
=> Load Done
===global validation====
test task 1, using model 8
validation split name: 1 local = False
 * Val Acc 90.972, Total time 2.25
test task 2, using model 8
validation split name: 2 local = False
 * Val Acc 90.625, Total time 2.20
test task 3, using model 8
validation split name: 3 local = False
 * Val Acc 85.547, Total time 2.19
test task 4, using model 8
validation split name: 4 local = False
 * Val Acc 87.305, Total time 2.02
test task 5, using model 8
validation split name: 5 local = False
 * Val Acc 72.656, Total time 2.13
test task 6, using model 8
validation split name: 6 local = False
 * Val Acc 70.139, Total time 2.40
test task 7, using model 8
validation split name: 7 local = False
 * Val Acc 67.708, Total time 2.61
test task 8, using model 8
validation split name: 8 local = False
 * Val Acc 81.597, Total time 2.47
Incremental class: Old valid output dimension: 160
Incremental class: New Valid output dimension: 180
Merging prompt with importance-based fusion...
=> Load Done
===global validation====
test task 1, using model 9
validation split name: 1 local = False
 * Val Acc 90.972, Total time 2.54
test task 2, using model 9
validation split name: 2 local = False
 * Val Acc 89.844, Total time 2.11
test task 3, using model 9
validation split name: 3 local = False
 * Val Acc 79.102, Total time 2.43
test task 4, using model 9
validation split name: 4 local = False
 * Val Acc 83.008, Total time 2.05
test task 5, using model 9
validation split name: 5 local = False
 * Val Acc 71.875, Total time 2.13
test task 6, using model 9
validation split name: 6 local = False
 * Val Acc 69.097, Total time 2.41
test task 7, using model 9
validation split name: 7 local = False
 * Val Acc 67.708, Total time 2.54
test task 8, using model 9
validation split name: 8 local = False
 * Val Acc 80.382, Total time 2.25
test task 9, using model 9
validation split name: 9 local = False
 * Val Acc 72.070, Total time 2.19
Incremental class: Old valid output dimension: 180
Incremental class: New Valid output dimension: 200
Merging prompt with importance-based fusion...
=> Load Done
===global validation====
test task 1, using model 10
validation split name: 1 local = False
 * Val Acc 89.757, Total time 2.33
test task 2, using model 10
validation split name: 2 local = False
 * Val Acc 89.648, Total time 2.07
test task 3, using model 10
validation split name: 3 local = False
 * Val Acc 75.000, Total time 2.11
test task 4, using model 10
validation split name: 4 local = False
 * Val Acc 82.031, Total time 2.25
test task 5, using model 10
validation split name: 5 local = False
 * Val Acc 68.555, Total time 2.06
test task 6, using model 10
validation split name: 6 local = False
 * Val Acc 67.014, Total time 2.28
test task 7, using model 10
validation split name: 7 local = False
 * Val Acc 66.840, Total time 2.32
test task 8, using model 10
validation split name: 8 local = False
 * Val Acc 79.688, Total time 2.50
test task 9, using model 10
validation split name: 9 local = False
 * Val Acc 71.094, Total time 2.40
test task 10, using model 10
validation split name: 10 local = False
 * Val Acc 71.354, Total time 2.57
coda_forgetting= (np.float64(1.5655360893714487), np.float64(0.0))
general_forgetting= (np.float64(6.708140432098767), np.float64(0.0))
acctable, {'1': OrderedDict([('1', 98.4375), ('2', 94.27083333333333), ('3', 93.75), ('4', 93.22916666666667), ('5', 92.36111111111111), ('6', 91.66666666666667), ('7', 91.66666666666667), ('8', 90.97222222222223), ('9', 90.97222222222223), ('10', 89.75694444444444)]), '2': OrderedDict([('2', 97.265625), ('3', 95.1171875), ('4', 93.9453125), ('5', 92.96875), ('6', 92.1875), ('7', 90.8203125), ('8', 90.625), ('9', 89.84375), ('10', 89.6484375)]), '3': OrderedDict([('3', 93.1640625), ('4', 92.1875), ('5', 90.234375), ('6', 90.234375), ('7', 85.546875), ('8', 85.546875), ('9', 79.1015625), ('10', 75.0)]), '4': OrderedDict([('4', 90.8203125), ('5', 87.890625), ('6', 87.890625), ('7', 87.890625), ('8', 87.3046875), ('9', 83.0078125), ('10', 82.03125)]), '5': OrderedDict([('5', 76.3671875), ('6', 73.2421875), ('7', 72.65625), ('8', 72.65625), ('9', 71.875), ('10', 68.5546875)]), '6': OrderedDict([('6', 71.00694444444444), ('7', 70.65972222222223), ('8', 70.13888888888889), ('9', 69.09722222222223), ('10', 67.01388888888889)]), '7': OrderedDict([('7', 69.27083333333333), ('8', 67.70833333333333), ('9', 67.70833333333333), ('10', 66.84027777777777)]), '8': OrderedDict([('8', 81.59722222222223), ('9', 80.38194444444444), ('10', 79.6875)]), '9': OrderedDict([('9', 72.0703125), ('10', 71.09375)]), '10': OrderedDict([('10', 71.35416666666667)])}
dropmatrix: [[98.4375, 94.27083333333333, 93.75, 93.22916666666667, 92.36111111111111, 91.66666666666667, 91.66666666666667, 90.97222222222223, 90.97222222222223, 89.75694444444444], [97.265625, 95.1171875, 93.9453125, 92.96875, 92.1875, 90.8203125, 90.625, 89.84375, 89.6484375], [93.1640625, 92.1875, 90.234375, 90.234375, 85.546875, 85.546875, 79.1015625, 75.0], [90.8203125, 87.890625, 87.890625, 87.890625, 87.3046875, 83.0078125, 82.03125], [76.3671875, 73.2421875, 72.65625, 72.65625, 71.875, 68.5546875], [71.00694444444444, 70.65972222222223, 70.13888888888889, 69.09722222222223, 67.01388888888889], [69.27083333333333, 67.70833333333333, 67.70833333333333, 66.84027777777777], [81.59722222222223, 80.38194444444444, 79.6875], [72.0703125, 71.09375], [71.35416666666667]]
global acc [[98.4375    ]
 [95.76822917]
 [94.01041667]
 [92.54557292]
 [87.96440972]
 [84.3713831 ]
 [81.21589782]
 [80.8186849 ]
 [78.22868441]
 [76.09809028]]
pt acc [[[98.4375    ]
  [94.27083333]
  [93.75      ]
  [93.22916667]
  [92.36111111]
  [91.66666667]
  [91.66666667]
  [90.97222222]
  [90.97222222]
  [89.75694444]]

 [[ 0.        ]
  [97.265625  ]
  [95.1171875 ]
  [93.9453125 ]
  [92.96875   ]
  [92.1875    ]
  [90.8203125 ]
  [90.625     ]
  [89.84375   ]
  [89.6484375 ]]

 [[ 0.        ]
  [ 0.        ]
  [93.1640625 ]
  [92.1875    ]
  [90.234375  ]
  [90.234375  ]
  [85.546875  ]
  [85.546875  ]
  [79.1015625 ]
  [75.        ]]

 [[ 0.        ]
  [ 0.        ]
  [ 0.        ]
  [90.8203125 ]
  [87.890625  ]
  [87.890625  ]
  [87.890625  ]
  [87.3046875 ]
  [83.0078125 ]
  [82.03125   ]]

 [[ 0.        ]
  [ 0.        ]
  [ 0.        ]
  [ 0.        ]
  [76.3671875 ]
  [73.2421875 ]
  [72.65625   ]
  [72.65625   ]
  [71.875     ]
  [68.5546875 ]]

 [[ 0.        ]
  [ 0.        ]
  [ 0.        ]
  [ 0.        ]
  [ 0.        ]
  [71.00694444]
  [70.65972222]
  [70.13888889]
  [69.09722222]
  [67.01388889]]

 [[ 0.        ]
  [ 0.        ]
  [ 0.        ]
  [ 0.        ]
  [ 0.        ]
  [ 0.        ]
  [69.27083333]
  [67.70833333]
  [67.70833333]
  [66.84027778]]

 [[ 0.        ]
  [ 0.        ]
  [ 0.        ]
  [ 0.        ]
  [ 0.        ]
  [ 0.        ]
  [ 0.        ]
  [81.59722222]
  [80.38194444]
  [79.6875    ]]

 [[ 0.        ]
  [ 0.        ]
  [ 0.        ]
  [ 0.        ]
  [ 0.        ]
  [ 0.        ]
  [ 0.        ]
  [ 0.        ]
  [72.0703125 ]
  [71.09375   ]]

 [[ 0.        ]
  [ 0.        ]
  [ 0.        ]
  [ 0.        ]
  [ 0.        ]
  [ 0.        ]
  [ 0.        ]
  [ 0.        ]
  [ 0.        ]
  [71.35416667]]]
===Summary of experiment repeats: 1 / 1 ===
acc  | mean: 76.09809027777777 std: 0.0
76.1 \pm 0.0
time  | mean: 0.22105639815330505 std: 0.0
0.22 \pm 0.0
