Running with V2 Config:
Namespace(config='configs/cub200_imp_v2.yaml', seed=3, gpuid=[0], log_dir='./checkpoints/CUB200-imp-v2/seed3', repeat=1, overwrite=0, lr=0.02, ema_coeff=0.7, schedule=25, type='apt_imp_v2', name='CUB200', base_alpha=0.7, importance_temperature=2.0, adjust_range=0.15, min_alpha=0.55, max_alpha=0.85, prompt_param=[0.01], batch_size=64, schedule_type='cosine', optimizer='Adam', dataset='CUB200', first_split_size=20, other_split_size=20, dataroot='data', workers=4, validation=False, train_aug=True, rand_split=True, model_name='vit_pt_imnet', model_type='zoo', learner_type='apt_imp_v2', learner_name='APT_IMP_V2_Learner', debug_mode=0, oracle_flag=False, upper_bound_flag=False, memory=0, temp=2.0, DW=False, momentum=0.9, weight_decay=0, max_task=-1)
************************************
* STARTING TRIAL (Seed 3)
************************************
=============================================
Shuffling....seed is 3
pre-shuffle:[0, 1, 2, 3, 4, 5, 6, 7, 8, 9, 10, 11, 12, 13, 14, 15, 16, 17, 18, 19, 20, 21, 22, 23, 24, 25, 26, 27, 28, 29, 30, 31, 32, 33, 34, 35, 36, 37, 38, 39, 40, 41, 42, 43, 44, 45, 46, 47, 48, 49, 50, 51, 52, 53, 54, 55, 56, 57, 58, 59, 60, 61, 62, 63, 64, 65, 66, 67, 68, 69, 70, 71, 72, 73, 74, 75, 76, 77, 78, 79, 80, 81, 82, 83, 84, 85, 86, 87, 88, 89, 90, 91, 92, 93, 94, 95, 96, 97, 98, 99, 100, 101, 102, 103, 104, 105, 106, 107, 108, 109, 110, 111, 112, 113, 114, 115, 116, 117, 118, 119, 120, 121, 122, 123, 124, 125, 126, 127, 128, 129, 130, 131, 132, 133, 134, 135, 136, 137, 138, 139, 140, 141, 142, 143, 144, 145, 146, 147, 148, 149, 150, 151, 152, 153, 154, 155, 156, 157, 158, 159, 160, 161, 162, 163, 164, 165, 166, 167, 168, 169, 170, 171, 172, 173, 174, 175, 176, 177, 178, 179, 180, 181, 182, 183, 184, 185, 186, 187, 188, 189, 190, 191, 192, 193, 194, 195, 196, 197, 198, 199]
post-shuffle:[158, 62, 14, 69, 47, 137, 110, 6, 116, 88, 130, 100, 118, 67, 79, 56, 142, 199, 36, 12, 194, 197, 32, 174, 28, 27, 127, 82, 166, 112, 18, 134, 45, 128, 23, 135, 73, 87, 65, 144, 85, 63, 122, 125, 22, 29, 124, 103, 51, 170, 182, 80, 57, 95, 153, 1, 20, 181, 172, 50, 195, 21, 192, 74, 84, 90, 173, 106, 149, 167, 156, 92, 185, 183, 191, 58, 108, 180, 17, 46, 168, 43, 105, 117, 196, 145, 115, 119, 25, 96, 131, 76, 13, 161, 0, 39, 4, 30, 64, 35, 70, 42, 75, 91, 48, 150, 97, 78, 146, 5, 15, 157, 53, 143, 132, 37, 2, 19, 114, 52, 8, 102, 44, 11, 61, 81, 159, 123, 169, 31, 72, 177, 54, 26, 83, 41, 71, 164, 86, 175, 104, 136, 89, 98, 129, 107, 165, 111, 186, 55, 126, 189, 9, 24, 93, 34, 113, 147, 178, 109, 171, 152, 179, 68, 7, 77, 10, 198, 40, 190, 188, 99, 133, 176, 162, 184, 38, 163, 101, 193, 140, 138, 187, 49, 59, 141, 66, 120, 3, 155, 16, 148, 160, 121, 154, 94, 33, 139, 151, 60]
=============================================
*****************************************
====================== 1 =======================
Incremental class: Old valid output dimension: 0
Incremental class: New Valid output dimension: 20
/root/miniconda3/envs/apt/lib/python3.10/site-packages/torch/utils/data/dataloader.py:557: UserWarning: This DataLoader will create 4 worker processes in total. Our suggested max number of worker in current system is 3, which is smaller than what this DataLoader is going to create. Please be aware that excessive worker creation might get DataLoader running slow or even freeze, lower the worker number to avoid potential slowness/freeze if necessary.
  warnings.warn(_create_warning_msg(
Overwriting ...
/root/dl_project/Additive-Prompt-Tuning/learners/default.py:239: FutureWarning: You are using `torch.load` with `weights_only=False` (the current default value), which uses the default pickle module implicitly. It is possible to construct malicious pickle data which will execute arbitrary code during unpickling (See https://github.com/pytorch/pytorch/blob/main/SECURITY.md#untrusted-models for more details). In a future release, the default value for `weights_only` will be flipped to `True`. This limits the functions that could be executed during unpickling. Arbitrary objects will no longer be allowed to be loaded via this mode unless they are explicitly allowlisted by the user via `torch.serialization.add_safe_globals`. We recommend you start setting `weights_only=True` for any use case where you don't have full control of the loaded file. Please open an issue on GitHub for any issues related to this experimental feature.
  model_dict = torch.load(filename + 'class.pth')
Optimizer is reset!
*****************************************
LR: 0.02
Epoch:1/25
 * Loss 1.042 | Train Acc 69.336
LR: 0.02
Epoch:2/25
 * Loss 0.319 | Train Acc 90.625
LR: 0.01995803031515996
Epoch:3/25
 * Loss 0.285 | Train Acc 92.188
LR: 0.019832297406084384
Epoch:4/25
 * Loss 0.278 | Train Acc 91.016
LR: 0.01962332896983008
Epoch:5/25
 * Loss 0.233 | Train Acc 93.164
LR: 0.019332002040338147
Epoch:6/25
 * Loss 0.159 | Train Acc 96.094
LR: 0.01895953930755021
Epoch:7/25
 * Loss 0.183 | Train Acc 94.727
LR: 0.018507503985817242
Epoch:8/25
 * Loss 0.160 | Train Acc 95.117
LR: 0.017977793253138218
Epoch:9/25
 * Loss 0.173 | Train Acc 94.727
LR: 0.017372630288763825
Epoch:10/25
 * Loss 0.158 | Train Acc 94.922
LR: 0.016694554942583234
Epoch:11/25
 * Loss 0.152 | Train Acc 95.898
LR: 0.015946413075454142
Epoch:12/25
 * Loss 0.088 | Train Acc 97.656
LR: 0.015131344615214457
Epoch:13/25
 * Loss 0.119 | Train Acc 97.070
LR: 0.014252770378504108
Epoch:14/25
 * Loss 0.067 | Train Acc 98.047
LR: 0.013314377713705425
Epoch:15/25
 * Loss 0.133 | Train Acc 96.094
LR: 0.012320105025258196
Epoch:16/25
 * Loss 0.090 | Train Acc 97.656
LR: 0.011274125244300335
Epoch:17/25
 * Loss 0.115 | Train Acc 96.680
LR: 0.010180828315007424
Epoch:18/25
 * Loss 0.138 | Train Acc 95.898
LR: 0.009044802770135373
Epoch:19/25
 * Loss 0.170 | Train Acc 95.117
LR: 0.007870816473093028
Epoch:20/25
 * Loss 0.137 | Train Acc 96.680
LR: 0.00666379660736973
Epoch:21/25
 * Loss 0.105 | Train Acc 97.070
LR: 0.005428808997301486
Epoch:22/25
 * Loss 0.113 | Train Acc 97.070
LR: 0.004171036846965889
Epoch:23/25
 * Loss 0.105 | Train Acc 97.070
LR: 0.0028957589864379565
Epoch:24/25
 * Loss 0.084 | Train Acc 97.656
LR: 0.0016083277167066668
Epoch:25/25
 * Loss 0.110 | Train Acc 97.070
=> Saving class model to: ./checkpoints/CUB200-imp-v2/seed3/models/repeat-1/task-1/
=> Save Done
validation split name: 1 local = False
 * Val Acc 95.833, Total time 2.51
====================== 2 =======================
Incremental class: Old valid output dimension: 20
Incremental class: New Valid output dimension: 40
Overwriting ...
Optimizer is reset!
*****************************************
LR: 0.02
Epoch:1/25
 * Loss 0.912 | Train Acc 75.977
LR: 0.02
Epoch:2/25
 * Loss 0.246 | Train Acc 91.797
LR: 0.01995803031515996
Epoch:3/25
 * Loss 0.208 | Train Acc 94.141
LR: 0.019832297406084384
Epoch:4/25
 * Loss 0.148 | Train Acc 95.312
LR: 0.01962332896983008
Epoch:5/25
 * Loss 0.161 | Train Acc 95.117
LR: 0.019332002040338147
Epoch:6/25
 * Loss 0.103 | Train Acc 96.875
LR: 0.01895953930755021
Epoch:7/25
 * Loss 0.149 | Train Acc 95.508
LR: 0.018507503985817242
Epoch:8/25
 * Loss 0.147 | Train Acc 96.680
LR: 0.017977793253138218
Epoch:9/25
 * Loss 0.139 | Train Acc 95.508
LR: 0.017372630288763825
Epoch:10/25
 * Loss 0.129 | Train Acc 96.289
LR: 0.016694554942583234
Epoch:11/25
 * Loss 0.111 | Train Acc 96.289
LR: 0.015946413075454142
Epoch:12/25
 * Loss 0.142 | Train Acc 95.898
LR: 0.015131344615214457
Epoch:13/25
 * Loss 0.124 | Train Acc 96.484
LR: 0.014252770378504108
Epoch:14/25
 * Loss 0.122 | Train Acc 97.070
LR: 0.013314377713705425
Epoch:15/25
 * Loss 0.100 | Train Acc 98.047
LR: 0.012320105025258196
Epoch:16/25
 * Loss 0.104 | Train Acc 96.875
LR: 0.011274125244300335
Epoch:17/25
 * Loss 0.109 | Train Acc 97.266
LR: 0.010180828315007424
Epoch:18/25
 * Loss 0.089 | Train Acc 97.266
LR: 0.009044802770135373
Epoch:19/25
 * Loss 0.118 | Train Acc 96.289
LR: 0.007870816473093028
Epoch:20/25
 * Loss 0.103 | Train Acc 96.484
LR: 0.00666379660736973
Epoch:21/25
 * Loss 0.060 | Train Acc 97.852
LR: 0.005428808997301486
Epoch:22/25
 * Loss 0.087 | Train Acc 96.875
LR: 0.004171036846965889
Epoch:23/25
 * Loss 0.091 | Train Acc 96.875
LR: 0.0028957589864379565
Epoch:24/25
 * Loss 0.099 | Train Acc 97.070
LR: 0.0016083277167066668
Epoch:25/25
 * Loss 0.067 | Train Acc 97.852
=> Saving class model to: ./checkpoints/CUB200-imp-v2/seed3/models/repeat-1/task-2/
=> Save Done
validation split name: 1 local = False
 * Val Acc 94.097, Total time 2.34
validation split name: 2 local = False
 * Val Acc 87.695, Total time 2.00
====================== 3 =======================
Incremental class: Old valid output dimension: 40
Incremental class: New Valid output dimension: 60
Overwriting ...
Optimizer is reset!
*****************************************
LR: 0.02
Epoch:1/25
 * Loss 1.073 | Train Acc 70.703
LR: 0.02
Epoch:2/25
 * Loss 0.244 | Train Acc 91.602
LR: 0.01995803031515996
Epoch:3/25
 * Loss 0.235 | Train Acc 92.188
LR: 0.019832297406084384
Epoch:4/25
 * Loss 0.221 | Train Acc 93.555
LR: 0.01962332896983008
Epoch:5/25
 * Loss 0.210 | Train Acc 92.383
LR: 0.019332002040338147
Epoch:6/25
 * Loss 0.140 | Train Acc 95.508
LR: 0.01895953930755021
Epoch:7/25
 * Loss 0.185 | Train Acc 94.727
LR: 0.018507503985817242
Epoch:8/25
 * Loss 0.180 | Train Acc 93.945
LR: 0.017977793253138218
Epoch:9/25
 * Loss 0.128 | Train Acc 96.289
LR: 0.017372630288763825
Epoch:10/25
 * Loss 0.141 | Train Acc 95.703
LR: 0.016694554942583234
Epoch:11/25
 * Loss 0.171 | Train Acc 93.945
LR: 0.015946413075454142
Epoch:12/25
 * Loss 0.142 | Train Acc 95.898
LR: 0.015131344615214457
Epoch:13/25
 * Loss 0.104 | Train Acc 97.266
LR: 0.014252770378504108
Epoch:14/25
 * Loss 0.119 | Train Acc 96.875
LR: 0.013314377713705425
Epoch:15/25
 * Loss 0.102 | Train Acc 97.070
LR: 0.012320105025258196
Epoch:16/25
 * Loss 0.145 | Train Acc 95.898
LR: 0.011274125244300335
Epoch:17/25
 * Loss 0.090 | Train Acc 97.461
LR: 0.010180828315007424
Epoch:18/25
 * Loss 0.120 | Train Acc 96.875
LR: 0.009044802770135373
Epoch:19/25
 * Loss 0.110 | Train Acc 96.680
LR: 0.007870816473093028
Epoch:20/25
 * Loss 0.135 | Train Acc 96.484
LR: 0.00666379660736973
Epoch:21/25
 * Loss 0.114 | Train Acc 96.289
LR: 0.005428808997301486
Epoch:22/25
 * Loss 0.134 | Train Acc 95.898
LR: 0.004171036846965889
Epoch:23/25
 * Loss 0.111 | Train Acc 97.070
LR: 0.0028957589864379565
Epoch:24/25
 * Loss 0.120 | Train Acc 95.898
LR: 0.0016083277167066668
Epoch:25/25
 * Loss 0.102 | Train Acc 97.266
=> Saving class model to: ./checkpoints/CUB200-imp-v2/seed3/models/repeat-1/task-3/
=> Save Done
validation split name: 1 local = False
 * Val Acc 93.576, Total time 2.29
validation split name: 2 local = False
 * Val Acc 83.984, Total time 2.19
validation split name: 3 local = False
 * Val Acc 94.618, Total time 2.19
====================== 4 =======================
Incremental class: Old valid output dimension: 60
Incremental class: New Valid output dimension: 80
Overwriting ...
Optimizer is reset!
*****************************************
LR: 0.02
Epoch:1/25
 * Loss 0.758 | Train Acc 79.492
LR: 0.02
Epoch:2/25
 * Loss 0.211 | Train Acc 93.359
LR: 0.01995803031515996
Epoch:3/25
 * Loss 0.202 | Train Acc 94.531
LR: 0.019832297406084384
Epoch:4/25
 * Loss 0.174 | Train Acc 94.727
LR: 0.01962332896983008
Epoch:5/25
 * Loss 0.118 | Train Acc 95.508
LR: 0.019332002040338147
Epoch:6/25
 * Loss 0.112 | Train Acc 95.898
LR: 0.01895953930755021
Epoch:7/25
 * Loss 0.134 | Train Acc 95.508
LR: 0.018507503985817242
Epoch:8/25
 * Loss 0.145 | Train Acc 95.508
LR: 0.017977793253138218
Epoch:9/25
 * Loss 0.117 | Train Acc 96.484
LR: 0.017372630288763825
Epoch:10/25
 * Loss 0.115 | Train Acc 97.070
LR: 0.016694554942583234
Epoch:11/25
 * Loss 0.090 | Train Acc 96.680
LR: 0.015946413075454142
Epoch:12/25
 * Loss 0.113 | Train Acc 95.898
LR: 0.015131344615214457
Epoch:13/25
 * Loss 0.092 | Train Acc 97.266
LR: 0.014252770378504108
Epoch:14/25
 * Loss 0.126 | Train Acc 96.680
LR: 0.013314377713705425
Epoch:15/25
 * Loss 0.122 | Train Acc 95.703
LR: 0.012320105025258196
Epoch:16/25
 * Loss 0.075 | Train Acc 98.047
LR: 0.011274125244300335
Epoch:17/25
 * Loss 0.117 | Train Acc 97.070
LR: 0.010180828315007424
Epoch:18/25
 * Loss 0.102 | Train Acc 96.484
LR: 0.009044802770135373
Epoch:19/25
 * Loss 0.127 | Train Acc 95.703
LR: 0.007870816473093028
Epoch:20/25
 * Loss 0.108 | Train Acc 96.484
LR: 0.00666379660736973
Epoch:21/25
 * Loss 0.124 | Train Acc 95.703
LR: 0.005428808997301486
Epoch:22/25
 * Loss 0.092 | Train Acc 97.070
LR: 0.004171036846965889
Epoch:23/25
 * Loss 0.076 | Train Acc 98.047
LR: 0.0028957589864379565
Epoch:24/25
 * Loss 0.083 | Train Acc 96.875
LR: 0.0016083277167066668
Epoch:25/25
 * Loss 0.074 | Train Acc 98.242
=> Saving class model to: ./checkpoints/CUB200-imp-v2/seed3/models/repeat-1/task-4/
=> Save Done
validation split name: 1 local = False
 * Val Acc 87.847, Total time 2.46
validation split name: 2 local = False
 * Val Acc 82.812, Total time 1.95
validation split name: 3 local = False
 * Val Acc 91.146, Total time 2.21
validation split name: 4 local = False
 * Val Acc 95.139, Total time 2.34
====================== 5 =======================
Incremental class: Old valid output dimension: 80
Incremental class: New Valid output dimension: 100
Overwriting ...
Optimizer is reset!
*****************************************
LR: 0.02
Epoch:1/25
 * Loss 1.381 | Train Acc 65.039
LR: 0.02
Epoch:2/25
 * Loss 0.367 | Train Acc 88.867
LR: 0.01995803031515996
Epoch:3/25
 * Loss 0.371 | Train Acc 88.672
LR: 0.019832297406084384
Epoch:4/25
 * Loss 0.295 | Train Acc 90.234
LR: 0.01962332896983008
Epoch:5/25
 * Loss 0.252 | Train Acc 92.188
LR: 0.019332002040338147
Epoch:6/25
 * Loss 0.213 | Train Acc 92.773
LR: 0.01895953930755021
Epoch:7/25
 * Loss 0.226 | Train Acc 93.164
LR: 0.018507503985817242
Epoch:8/25
 * Loss 0.205 | Train Acc 93.359
LR: 0.017977793253138218
Epoch:9/25
 * Loss 0.187 | Train Acc 94.531
LR: 0.017372630288763825
Epoch:10/25
 * Loss 0.167 | Train Acc 95.898
LR: 0.016694554942583234
Epoch:11/25
 * Loss 0.190 | Train Acc 95.508
LR: 0.015946413075454142
Epoch:12/25
 * Loss 0.167 | Train Acc 94.727
LR: 0.015131344615214457
Epoch:13/25
 * Loss 0.165 | Train Acc 95.312
LR: 0.014252770378504108
Epoch:14/25
 * Loss 0.136 | Train Acc 96.875
LR: 0.013314377713705425
Epoch:15/25
 * Loss 0.136 | Train Acc 95.703
LR: 0.012320105025258196
Epoch:16/25
 * Loss 0.171 | Train Acc 95.312
LR: 0.011274125244300335
Epoch:17/25
 * Loss 0.108 | Train Acc 96.680
LR: 0.010180828315007424
Epoch:18/25
 * Loss 0.162 | Train Acc 94.336
LR: 0.009044802770135373
Epoch:19/25
 * Loss 0.120 | Train Acc 96.094
LR: 0.007870816473093028
Epoch:20/25
 * Loss 0.158 | Train Acc 96.094
LR: 0.00666379660736973
Epoch:21/25
 * Loss 0.135 | Train Acc 96.680
LR: 0.005428808997301486
Epoch:22/25
 * Loss 0.126 | Train Acc 96.484
LR: 0.004171036846965889
Epoch:23/25
 * Loss 0.199 | Train Acc 94.727
LR: 0.0028957589864379565
Epoch:24/25
 * Loss 0.131 | Train Acc 96.680
LR: 0.0016083277167066668
Epoch:25/25
 * Loss 0.102 | Train Acc 97.266
=> Saving class model to: ./checkpoints/CUB200-imp-v2/seed3/models/repeat-1/task-5/
=> Save Done
validation split name: 1 local = False
 * Val Acc 86.806, Total time 2.33
validation split name: 2 local = False
 * Val Acc 79.688, Total time 2.04
validation split name: 3 local = False
 * Val Acc 90.451, Total time 2.22
validation split name: 4 local = False
 * Val Acc 94.792, Total time 2.27
validation split name: 5 local = False
 * Val Acc 57.617, Total time 2.29
====================== 6 =======================
Incremental class: Old valid output dimension: 100
Incremental class: New Valid output dimension: 120
Overwriting ...
Optimizer is reset!
*****************************************
LR: 0.02
Epoch:1/25
 * Loss 0.882 | Train Acc 76.172
LR: 0.02
Epoch:2/25
 * Loss 0.230 | Train Acc 91.602
LR: 0.01995803031515996
Epoch:3/25
 * Loss 0.220 | Train Acc 93.750
LR: 0.019832297406084384
Epoch:4/25
 * Loss 0.236 | Train Acc 92.383
LR: 0.01962332896983008
Epoch:5/25
 * Loss 0.212 | Train Acc 92.383
LR: 0.019332002040338147
Epoch:6/25
 * Loss 0.192 | Train Acc 95.117
LR: 0.01895953930755021
Epoch:7/25
 * Loss 0.138 | Train Acc 95.117
LR: 0.018507503985817242
Epoch:8/25
 * Loss 0.165 | Train Acc 94.727
LR: 0.017977793253138218
Epoch:9/25
 * Loss 0.136 | Train Acc 96.094
LR: 0.017372630288763825
Epoch:10/25
 * Loss 0.161 | Train Acc 95.703
LR: 0.016694554942583234
Epoch:11/25
 * Loss 0.181 | Train Acc 94.922
LR: 0.015946413075454142
Epoch:12/25
 * Loss 0.138 | Train Acc 95.508
LR: 0.015131344615214457
Epoch:13/25
 * Loss 0.164 | Train Acc 94.336
LR: 0.014252770378504108
Epoch:14/25
 * Loss 0.116 | Train Acc 96.289
LR: 0.013314377713705425
Epoch:15/25
 * Loss 0.121 | Train Acc 96.680
LR: 0.012320105025258196
Epoch:16/25
 * Loss 0.129 | Train Acc 96.094
LR: 0.011274125244300335
Epoch:17/25
 * Loss 0.082 | Train Acc 97.656
LR: 0.010180828315007424
Epoch:18/25
 * Loss 0.137 | Train Acc 95.703
LR: 0.009044802770135373
Epoch:19/25
 * Loss 0.118 | Train Acc 96.094
LR: 0.007870816473093028
Epoch:20/25
 * Loss 0.142 | Train Acc 95.703
LR: 0.00666379660736973
Epoch:21/25
 * Loss 0.146 | Train Acc 94.531
LR: 0.005428808997301486
Epoch:22/25
 * Loss 0.152 | Train Acc 95.508
LR: 0.004171036846965889
Epoch:23/25
 * Loss 0.112 | Train Acc 96.094
LR: 0.0028957589864379565
Epoch:24/25
 * Loss 0.125 | Train Acc 95.703
LR: 0.0016083277167066668
Epoch:25/25
 * Loss 0.097 | Train Acc 97.266
=> Saving class model to: ./checkpoints/CUB200-imp-v2/seed3/models/repeat-1/task-6/
=> Save Done
validation split name: 1 local = False
 * Val Acc 76.042, Total time 2.32
validation split name: 2 local = False
 * Val Acc 79.297, Total time 2.14
validation split name: 3 local = False
 * Val Acc 88.715, Total time 2.19
validation split name: 4 local = False
 * Val Acc 94.271, Total time 2.19
validation split name: 5 local = False
 * Val Acc 51.562, Total time 2.18
validation split name: 6 local = False
 * Val Acc 84.570, Total time 2.08
====================== 7 =======================
Incremental class: Old valid output dimension: 120
Incremental class: New Valid output dimension: 140
Overwriting ...
Optimizer is reset!
*****************************************
LR: 0.02
Epoch:1/25
 * Loss 0.901 | Train Acc 73.242
LR: 0.02
Epoch:2/25
 * Loss 0.311 | Train Acc 89.648
LR: 0.01995803031515996
Epoch:3/25
 * Loss 0.260 | Train Acc 91.016
LR: 0.019832297406084384
Epoch:4/25
 * Loss 0.198 | Train Acc 94.141
LR: 0.01962332896983008
Epoch:5/25
 * Loss 0.200 | Train Acc 94.336
LR: 0.019332002040338147
Epoch:6/25
 * Loss 0.229 | Train Acc 92.969
LR: 0.01895953930755021
Epoch:7/25
 * Loss 0.183 | Train Acc 93.555
LR: 0.018507503985817242
Epoch:8/25
 * Loss 0.147 | Train Acc 95.703
LR: 0.017977793253138218
Epoch:9/25
 * Loss 0.169 | Train Acc 94.336
LR: 0.017372630288763825
Epoch:10/25
 * Loss 0.128 | Train Acc 96.289
LR: 0.016694554942583234
Epoch:11/25
 * Loss 0.157 | Train Acc 95.312
LR: 0.015946413075454142
Epoch:12/25
 * Loss 0.110 | Train Acc 97.070
LR: 0.015131344615214457
Epoch:13/25
 * Loss 0.136 | Train Acc 96.094
LR: 0.014252770378504108
Epoch:14/25
 * Loss 0.126 | Train Acc 96.484
LR: 0.013314377713705425
Epoch:15/25
 * Loss 0.160 | Train Acc 95.117
LR: 0.012320105025258196
Epoch:16/25
 * Loss 0.086 | Train Acc 97.852
LR: 0.011274125244300335
Epoch:17/25
 * Loss 0.120 | Train Acc 97.070
LR: 0.010180828315007424
Epoch:18/25
 * Loss 0.090 | Train Acc 97.656
LR: 0.009044802770135373
Epoch:19/25
 * Loss 0.104 | Train Acc 96.680
LR: 0.007870816473093028
Epoch:20/25
 * Loss 0.112 | Train Acc 96.680
LR: 0.00666379660736973
Epoch:21/25
 * Loss 0.064 | Train Acc 98.438
LR: 0.005428808997301486
Epoch:22/25
 * Loss 0.080 | Train Acc 97.852
LR: 0.004171036846965889
Epoch:23/25
 * Loss 0.122 | Train Acc 96.680
LR: 0.0028957589864379565
Epoch:24/25
 * Loss 0.078 | Train Acc 98.242
LR: 0.0016083277167066668
Epoch:25/25
 * Loss 0.158 | Train Acc 95.703
=> Saving class model to: ./checkpoints/CUB200-imp-v2/seed3/models/repeat-1/task-7/
=> Save Done
validation split name: 1 local = False
 * Val Acc 75.868, Total time 2.17
validation split name: 2 local = False
 * Val Acc 77.148, Total time 1.96
validation split name: 3 local = False
 * Val Acc 83.854, Total time 2.24
validation split name: 4 local = False
 * Val Acc 94.097, Total time 2.24
validation split name: 5 local = False
 * Val Acc 50.000, Total time 2.10
validation split name: 6 local = False
 * Val Acc 81.836, Total time 2.06
validation split name: 7 local = False
 * Val Acc 77.778, Total time 2.29
====================== 8 =======================
Incremental class: Old valid output dimension: 140
Incremental class: New Valid output dimension: 160
Overwriting ...
Optimizer is reset!
*****************************************
LR: 0.02
Epoch:1/25
 * Loss 0.849 | Train Acc 77.734
LR: 0.02
Epoch:2/25
 * Loss 0.162 | Train Acc 94.727
LR: 0.01995803031515996
Epoch:3/25
 * Loss 0.190 | Train Acc 94.922
LR: 0.019832297406084384
Epoch:4/25
 * Loss 0.102 | Train Acc 97.461
LR: 0.01962332896983008
Epoch:5/25
 * Loss 0.107 | Train Acc 96.289
LR: 0.019332002040338147
Epoch:6/25
 * Loss 0.146 | Train Acc 95.898
LR: 0.01895953930755021
Epoch:7/25
 * Loss 0.129 | Train Acc 95.703
LR: 0.018507503985817242
Epoch:8/25
 * Loss 0.122 | Train Acc 96.484
LR: 0.017977793253138218
Epoch:9/25
 * Loss 0.094 | Train Acc 96.484
LR: 0.017372630288763825
Epoch:10/25
 * Loss 0.133 | Train Acc 96.289
LR: 0.016694554942583234
Epoch:11/25
 * Loss 0.115 | Train Acc 97.070
LR: 0.015946413075454142
Epoch:12/25
 * Loss 0.060 | Train Acc 97.852
LR: 0.015131344615214457
Epoch:13/25
 * Loss 0.082 | Train Acc 97.852
LR: 0.014252770378504108
Epoch:14/25
 * Loss 0.143 | Train Acc 95.508
LR: 0.013314377713705425
Epoch:15/25
 * Loss 0.094 | Train Acc 97.070
LR: 0.012320105025258196
Epoch:16/25
 * Loss 0.092 | Train Acc 97.461
LR: 0.011274125244300335
Epoch:17/25
 * Loss 0.115 | Train Acc 96.484
LR: 0.010180828315007424
Epoch:18/25
 * Loss 0.126 | Train Acc 96.484
LR: 0.009044802770135373
Epoch:19/25
 * Loss 0.088 | Train Acc 97.656
LR: 0.007870816473093028
Epoch:20/25
 * Loss 0.100 | Train Acc 97.266
LR: 0.00666379660736973
Epoch:21/25
 * Loss 0.078 | Train Acc 97.852
LR: 0.005428808997301486
Epoch:22/25
 * Loss 0.095 | Train Acc 96.875
LR: 0.004171036846965889
Epoch:23/25
 * Loss 0.126 | Train Acc 96.875
LR: 0.0028957589864379565
Epoch:24/25
 * Loss 0.087 | Train Acc 97.852
LR: 0.0016083277167066668
Epoch:25/25
 * Loss 0.079 | Train Acc 97.266
=> Saving class model to: ./checkpoints/CUB200-imp-v2/seed3/models/repeat-1/task-8/
=> Save Done
validation split name: 1 local = False
 * Val Acc 74.826, Total time 2.12
validation split name: 2 local = False
 * Val Acc 75.391, Total time 2.06
validation split name: 3 local = False
 * Val Acc 82.292, Total time 2.15
validation split name: 4 local = False
 * Val Acc 92.361, Total time 2.25
validation split name: 5 local = False
 * Val Acc 47.461, Total time 2.07
validation split name: 6 local = False
 * Val Acc 81.250, Total time 2.08
validation split name: 7 local = False
 * Val Acc 77.257, Total time 2.18
validation split name: 8 local = False
 * Val Acc 78.125, Total time 2.35
====================== 9 =======================
Incremental class: Old valid output dimension: 160
Incremental class: New Valid output dimension: 180
Overwriting ...
Optimizer is reset!
*****************************************
LR: 0.02
Epoch:1/25
 * Loss 1.051 | Train Acc 70.312
LR: 0.02
Epoch:2/25
 * Loss 0.358 | Train Acc 89.844
LR: 0.01995803031515996
Epoch:3/25
 * Loss 0.171 | Train Acc 95.312
LR: 0.019832297406084384
Epoch:4/25
 * Loss 0.201 | Train Acc 94.531
LR: 0.01962332896983008
Epoch:5/25
 * Loss 0.172 | Train Acc 94.727
LR: 0.019332002040338147
Epoch:6/25
 * Loss 0.184 | Train Acc 95.508
LR: 0.01895953930755021
Epoch:7/25
 * Loss 0.161 | Train Acc 95.117
LR: 0.018507503985817242
Epoch:8/25
 * Loss 0.189 | Train Acc 94.141
LR: 0.017977793253138218
Epoch:9/25
 * Loss 0.166 | Train Acc 95.312
LR: 0.017372630288763825
Epoch:10/25
 * Loss 0.172 | Train Acc 94.922
LR: 0.016694554942583234
Epoch:11/25
 * Loss 0.156 | Train Acc 95.898
LR: 0.015946413075454142
Epoch:12/25
 * Loss 0.124 | Train Acc 96.094
LR: 0.015131344615214457
Epoch:13/25
 * Loss 0.149 | Train Acc 95.312
LR: 0.014252770378504108
Epoch:14/25
 * Loss 0.107 | Train Acc 97.070
LR: 0.013314377713705425
Epoch:15/25
 * Loss 0.135 | Train Acc 95.312
LR: 0.012320105025258196
Epoch:16/25
 * Loss 0.148 | Train Acc 95.312
LR: 0.011274125244300335
Epoch:17/25
 * Loss 0.080 | Train Acc 97.656
LR: 0.010180828315007424
Epoch:18/25
 * Loss 0.159 | Train Acc 95.312
LR: 0.009044802770135373
Epoch:19/25
 * Loss 0.168 | Train Acc 94.531
LR: 0.007870816473093028
Epoch:20/25
 * Loss 0.125 | Train Acc 95.898
LR: 0.00666379660736973
Epoch:21/25
 * Loss 0.102 | Train Acc 97.266
LR: 0.005428808997301486
Epoch:22/25
 * Loss 0.121 | Train Acc 96.680
LR: 0.004171036846965889
Epoch:23/25
 * Loss 0.080 | Train Acc 98.047
LR: 0.0028957589864379565
Epoch:24/25
 * Loss 0.107 | Train Acc 96.875
LR: 0.0016083277167066668
Epoch:25/25
 * Loss 0.101 | Train Acc 97.070
=> Saving class model to: ./checkpoints/CUB200-imp-v2/seed3/models/repeat-1/task-9/
=> Save Done
validation split name: 1 local = False
 * Val Acc 73.264, Total time 2.26
validation split name: 2 local = False
 * Val Acc 75.391, Total time 2.16
validation split name: 3 local = False
 * Val Acc 81.424, Total time 2.17
validation split name: 4 local = False
 * Val Acc 90.278, Total time 2.29
validation split name: 5 local = False
 * Val Acc 47.461, Total time 1.99
validation split name: 6 local = False
 * Val Acc 81.250, Total time 2.11
validation split name: 7 local = False
 * Val Acc 76.910, Total time 2.20
validation split name: 8 local = False
 * Val Acc 78.125, Total time 2.14
validation split name: 9 local = False
 * Val Acc 62.847, Total time 2.21
====================== 10 =======================
Incremental class: Old valid output dimension: 180
Incremental class: New Valid output dimension: 200
Overwriting ...
Optimizer is reset!
*****************************************
LR: 0.02
Epoch:1/25
 * Loss 1.020 | Train Acc 70.703
LR: 0.02
Epoch:2/25
 * Loss 0.392 | Train Acc 87.891
LR: 0.01995803031515996
Epoch:3/25
 * Loss 0.306 | Train Acc 90.430
LR: 0.019832297406084384
Epoch:4/25
 * Loss 0.241 | Train Acc 93.750
LR: 0.01962332896983008
Epoch:5/25
 * Loss 0.202 | Train Acc 93.164
LR: 0.019332002040338147
Epoch:6/25
 * Loss 0.189 | Train Acc 93.164
LR: 0.01895953930755021
Epoch:7/25
 * Loss 0.164 | Train Acc 95.703
LR: 0.018507503985817242
Epoch:8/25
 * Loss 0.163 | Train Acc 95.508
LR: 0.017977793253138218
Epoch:9/25
 * Loss 0.155 | Train Acc 95.312
LR: 0.017372630288763825
Epoch:10/25
 * Loss 0.150 | Train Acc 95.898
LR: 0.016694554942583234
Epoch:11/25
 * Loss 0.136 | Train Acc 95.703
LR: 0.015946413075454142
Epoch:12/25
 * Loss 0.155 | Train Acc 95.898
LR: 0.015131344615214457
Epoch:13/25
 * Loss 0.194 | Train Acc 94.531
LR: 0.014252770378504108
Epoch:14/25
 * Loss 0.147 | Train Acc 95.898
LR: 0.013314377713705425
Epoch:15/25
 * Loss 0.154 | Train Acc 95.703
LR: 0.012320105025258196
Epoch:16/25
 * Loss 0.164 | Train Acc 94.727
LR: 0.011274125244300335
Epoch:17/25
 * Loss 0.133 | Train Acc 95.508
LR: 0.010180828315007424
Epoch:18/25
 * Loss 0.151 | Train Acc 96.484
LR: 0.009044802770135373
Epoch:19/25
 * Loss 0.158 | Train Acc 95.898
LR: 0.007870816473093028
Epoch:20/25
 * Loss 0.139 | Train Acc 96.289
LR: 0.00666379660736973
Epoch:21/25
 * Loss 0.101 | Train Acc 98.438
LR: 0.005428808997301486
Epoch:22/25
 * Loss 0.102 | Train Acc 97.656
LR: 0.004171036846965889
Epoch:23/25
 * Loss 0.063 | Train Acc 98.828
LR: 0.0028957589864379565
Epoch:24/25
 * Loss 0.144 | Train Acc 96.484
LR: 0.0016083277167066668
Epoch:25/25
 * Loss 0.142 | Train Acc 96.094
=> Saving class model to: ./checkpoints/CUB200-imp-v2/seed3/models/repeat-1/task-10/
=> Save Done
validation split name: 1 local = False
 * Val Acc 73.264, Total time 2.32
validation split name: 2 local = False
 * Val Acc 74.023, Total time 2.05
validation split name: 3 local = False
 * Val Acc 78.819, Total time 2.27
validation split name: 4 local = False
 * Val Acc 89.583, Total time 2.25
validation split name: 5 local = False
 * Val Acc 46.289, Total time 2.15
validation split name: 6 local = False
 * Val Acc 81.055, Total time 2.45
validation split name: 7 local = False
 * Val Acc 75.174, Total time 2.29
validation split name: 8 local = False
 * Val Acc 77.257, Total time 2.23
validation split name: 9 local = False
 * Val Acc 60.590, Total time 2.30
validation split name: 10 local = False
 * Val Acc 68.945, Total time 2.13
*****************************************
Incremental class: Old valid output dimension: 0
Incremental class: New Valid output dimension: 20
=> Load Done
===global validation====
test task 1, using model 1
validation split name: 1 local = False
 * Val Acc 95.833, Total time 2.41
Incremental class: Old valid output dimension: 20
Incremental class: New Valid output dimension: 40
Merging prompt with importance-based fusion...
=> Load Done
===global validation====
test task 1, using model 2
validation split name: 1 local = False
 * Val Acc 94.097, Total time 2.29
test task 2, using model 2
validation split name: 2 local = False
 * Val Acc 87.695, Total time 2.69
Incremental class: Old valid output dimension: 40
Incremental class: New Valid output dimension: 60
Merging prompt with importance-based fusion...
=> Load Done
===global validation====
test task 1, using model 3
validation split name: 1 local = False
 * Val Acc 93.576, Total time 2.54
test task 2, using model 3
validation split name: 2 local = False
 * Val Acc 83.984, Total time 2.04
test task 3, using model 3
validation split name: 3 local = False
 * Val Acc 94.618, Total time 2.26
Incremental class: Old valid output dimension: 60
Incremental class: New Valid output dimension: 80
Merging prompt with importance-based fusion...
=> Load Done
===global validation====
test task 1, using model 4
validation split name: 1 local = False
 * Val Acc 87.847, Total time 2.27
test task 2, using model 4
validation split name: 2 local = False
 * Val Acc 82.812, Total time 2.02
test task 3, using model 4
validation split name: 3 local = False
 * Val Acc 91.146, Total time 2.25
test task 4, using model 4
validation split name: 4 local = False
 * Val Acc 95.139, Total time 2.23
Incremental class: Old valid output dimension: 80
Incremental class: New Valid output dimension: 100
Merging prompt with importance-based fusion...
=> Load Done
===global validation====
test task 1, using model 5
validation split name: 1 local = False
 * Val Acc 86.806, Total time 2.27
test task 2, using model 5
validation split name: 2 local = False
 * Val Acc 79.688, Total time 2.23
test task 3, using model 5
validation split name: 3 local = False
 * Val Acc 90.451, Total time 2.32
test task 4, using model 5
validation split name: 4 local = False
 * Val Acc 94.792, Total time 2.19
test task 5, using model 5
validation split name: 5 local = False
 * Val Acc 57.617, Total time 2.10
Incremental class: Old valid output dimension: 100
Incremental class: New Valid output dimension: 120
Merging prompt with importance-based fusion...
=> Load Done
===global validation====
test task 1, using model 6
validation split name: 1 local = False
 * Val Acc 76.042, Total time 2.25
test task 2, using model 6
validation split name: 2 local = False
 * Val Acc 79.297, Total time 2.05
test task 3, using model 6
validation split name: 3 local = False
 * Val Acc 88.715, Total time 2.71
test task 4, using model 6
validation split name: 4 local = False
 * Val Acc 94.271, Total time 2.34
test task 5, using model 6
validation split name: 5 local = False
 * Val Acc 51.562, Total time 2.11
test task 6, using model 6
validation split name: 6 local = False
 * Val Acc 84.570, Total time 2.11
Incremental class: Old valid output dimension: 120
Incremental class: New Valid output dimension: 140
Merging prompt with importance-based fusion...
=> Load Done
===global validation====
test task 1, using model 7
validation split name: 1 local = False
 * Val Acc 75.868, Total time 2.28
test task 2, using model 7
validation split name: 2 local = False
 * Val Acc 77.148, Total time 2.07
test task 3, using model 7
validation split name: 3 local = False
 * Val Acc 83.854, Total time 2.22
test task 4, using model 7
validation split name: 4 local = False
 * Val Acc 94.097, Total time 2.22
test task 5, using model 7
validation split name: 5 local = False
 * Val Acc 50.000, Total time 2.08
test task 6, using model 7
validation split name: 6 local = False
 * Val Acc 81.836, Total time 2.03
test task 7, using model 7
validation split name: 7 local = False
 * Val Acc 77.778, Total time 2.17
Incremental class: Old valid output dimension: 140
Incremental class: New Valid output dimension: 160
Merging prompt with importance-based fusion...
=> Load Done
===global validation====
test task 1, using model 8
validation split name: 1 local = False
 * Val Acc 74.826, Total time 2.51
test task 2, using model 8
validation split name: 2 local = False
 * Val Acc 75.391, Total time 2.34
test task 3, using model 8
validation split name: 3 local = False
 * Val Acc 82.292, Total time 2.30
test task 4, using model 8
validation split name: 4 local = False
 * Val Acc 92.361, Total time 2.41
test task 5, using model 8
validation split name: 5 local = False
 * Val Acc 47.461, Total time 2.04
test task 6, using model 8
validation split name: 6 local = False
 * Val Acc 81.250, Total time 2.18
test task 7, using model 8
validation split name: 7 local = False
 * Val Acc 77.257, Total time 2.28
test task 8, using model 8
validation split name: 8 local = False
 * Val Acc 78.125, Total time 2.25
Incremental class: Old valid output dimension: 160
Incremental class: New Valid output dimension: 180
Merging prompt with importance-based fusion...
=> Load Done
===global validation====
test task 1, using model 9
validation split name: 1 local = False
 * Val Acc 73.264, Total time 2.44
test task 2, using model 9
validation split name: 2 local = False
 * Val Acc 75.391, Total time 2.22
test task 3, using model 9
validation split name: 3 local = False
 * Val Acc 81.424, Total time 2.52
test task 4, using model 9
validation split name: 4 local = False
 * Val Acc 90.278, Total time 2.41
test task 5, using model 9
validation split name: 5 local = False
 * Val Acc 47.461, Total time 2.68
test task 6, using model 9
validation split name: 6 local = False
 * Val Acc 81.250, Total time 2.04
test task 7, using model 9
validation split name: 7 local = False
 * Val Acc 76.910, Total time 2.20
test task 8, using model 9
validation split name: 8 local = False
 * Val Acc 78.125, Total time 2.16
test task 9, using model 9
validation split name: 9 local = False
 * Val Acc 62.847, Total time 2.23
Incremental class: Old valid output dimension: 180
Incremental class: New Valid output dimension: 200
Merging prompt with importance-based fusion...
=> Load Done
===global validation====
test task 1, using model 10
validation split name: 1 local = False
 * Val Acc 73.264, Total time 2.25
test task 2, using model 10
validation split name: 2 local = False
 * Val Acc 74.023, Total time 2.70
test task 3, using model 10
validation split name: 3 local = False
 * Val Acc 78.819, Total time 2.51
test task 4, using model 10
validation split name: 4 local = False
 * Val Acc 89.583, Total time 2.26
test task 5, using model 10
validation split name: 5 local = False
 * Val Acc 46.289, Total time 2.00
test task 6, using model 10
validation split name: 6 local = False
 * Val Acc 81.055, Total time 2.03
test task 7, using model 10
validation split name: 7 local = False
 * Val Acc 75.174, Total time 2.25
test task 8, using model 10
validation split name: 8 local = False
 * Val Acc 77.257, Total time 2.26
test task 9, using model 10
validation split name: 9 local = False
 * Val Acc 60.590, Total time 2.23
test task 10, using model 10
validation split name: 10 local = False
 * Val Acc 68.945, Total time 2.03
coda_forgetting= (np.float64(1.9619356873407778), np.float64(0.0))
general_forgetting= (np.float64(8.685378086419753), np.float64(0.0))
acctable, {'1': OrderedDict([('1', 95.83333333333333), ('2', 94.09722222222223), ('3', 93.57638888888889), ('4', 87.84722222222223), ('5', 86.80555555555556), ('6', 76.04166666666667), ('7', 75.86805555555556), ('8', 74.82638888888889), ('9', 73.26388888888889), ('10', 73.26388888888889)]), '2': OrderedDict([('2', 87.6953125), ('3', 83.984375), ('4', 82.8125), ('5', 79.6875), ('6', 79.296875), ('7', 77.1484375), ('8', 75.390625), ('9', 75.390625), ('10', 74.0234375)]), '3': OrderedDict([('3', 94.61805555555556), ('4', 91.14583333333333), ('5', 90.45138888888889), ('6', 88.71527777777777), ('7', 83.85416666666667), ('8', 82.29166666666667), ('9', 81.42361111111111), ('10', 78.81944444444444)]), '4': OrderedDict([('4', 95.13888888888889), ('5', 94.79166666666667), ('6', 94.27083333333333), ('7', 94.09722222222223), ('8', 92.36111111111111), ('9', 90.27777777777777), ('10', 89.58333333333333)]), '5': OrderedDict([('5', 57.6171875), ('6', 51.5625), ('7', 50.0), ('8', 47.4609375), ('9', 47.4609375), ('10', 46.2890625)]), '6': OrderedDict([('6', 84.5703125), ('7', 81.8359375), ('8', 81.25), ('9', 81.25), ('10', 81.0546875)]), '7': OrderedDict([('7', 77.77777777777777), ('8', 77.25694444444444), ('9', 76.90972222222223), ('10', 75.17361111111111)]), '8': OrderedDict([('8', 78.125), ('9', 78.125), ('10', 77.25694444444444)]), '9': OrderedDict([('9', 62.84722222222222), ('10', 60.59027777777778)]), '10': OrderedDict([('10', 68.9453125)])}
dropmatrix: [[95.83333333333333, 94.09722222222223, 93.57638888888889, 87.84722222222223, 86.80555555555556, 76.04166666666667, 75.86805555555556, 74.82638888888889, 73.26388888888889, 73.26388888888889], [87.6953125, 83.984375, 82.8125, 79.6875, 79.296875, 77.1484375, 75.390625, 75.390625, 74.0234375], [94.61805555555556, 91.14583333333333, 90.45138888888889, 88.71527777777777, 83.85416666666667, 82.29166666666667, 81.42361111111111, 78.81944444444444], [95.13888888888889, 94.79166666666667, 94.27083333333333, 94.09722222222223, 92.36111111111111, 90.27777777777777, 89.58333333333333], [57.6171875, 51.5625, 50.0, 47.4609375, 47.4609375, 46.2890625], [84.5703125, 81.8359375, 81.25, 81.25, 81.0546875], [77.77777777777777, 77.25694444444444, 76.90972222222223, 75.17361111111111], [78.125, 78.125, 77.25694444444444], [62.84722222222222, 60.59027777777778], [68.9453125]]
global acc [[95.83333333]
 [90.89626736]
 [90.72627315]
 [89.23611111]
 [81.87065972]
 [79.07624421]
 [77.22594246]
 [76.1203342 ]
 [74.10542052]
 [72.5       ]]
pt acc [[[95.83333333]
  [94.09722222]
  [93.57638889]
  [87.84722222]
  [86.80555556]
  [76.04166667]
  [75.86805556]
  [74.82638889]
  [73.26388889]
  [73.26388889]]

 [[ 0.        ]
  [87.6953125 ]
  [83.984375  ]
  [82.8125    ]
  [79.6875    ]
  [79.296875  ]
  [77.1484375 ]
  [75.390625  ]
  [75.390625  ]
  [74.0234375 ]]

 [[ 0.        ]
  [ 0.        ]
  [94.61805556]
  [91.14583333]
  [90.45138889]
  [88.71527778]
  [83.85416667]
  [82.29166667]
  [81.42361111]
  [78.81944444]]

 [[ 0.        ]
  [ 0.        ]
  [ 0.        ]
  [95.13888889]
  [94.79166667]
  [94.27083333]
  [94.09722222]
  [92.36111111]
  [90.27777778]
  [89.58333333]]

 [[ 0.        ]
  [ 0.        ]
  [ 0.        ]
  [ 0.        ]
  [57.6171875 ]
  [51.5625    ]
  [50.        ]
  [47.4609375 ]
  [47.4609375 ]
  [46.2890625 ]]

 [[ 0.        ]
  [ 0.        ]
  [ 0.        ]
  [ 0.        ]
  [ 0.        ]
  [84.5703125 ]
  [81.8359375 ]
  [81.25      ]
  [81.25      ]
  [81.0546875 ]]

 [[ 0.        ]
  [ 0.        ]
  [ 0.        ]
  [ 0.        ]
  [ 0.        ]
  [ 0.        ]
  [77.77777778]
  [77.25694444]
  [76.90972222]
  [75.17361111]]

 [[ 0.        ]
  [ 0.        ]
  [ 0.        ]
  [ 0.        ]
  [ 0.        ]
  [ 0.        ]
  [ 0.        ]
  [78.125     ]
  [78.125     ]
  [77.25694444]]

 [[ 0.        ]
  [ 0.        ]
  [ 0.        ]
  [ 0.        ]
  [ 0.        ]
  [ 0.        ]
  [ 0.        ]
  [ 0.        ]
  [62.84722222]
  [60.59027778]]

 [[ 0.        ]
  [ 0.        ]
  [ 0.        ]
  [ 0.        ]
  [ 0.        ]
  [ 0.        ]
  [ 0.        ]
  [ 0.        ]
  [ 0.        ]
  [68.9453125 ]]]
===Summary of experiment repeats: 1 / 1 ===
acc  | mean: 72.5 std: 0.0
72.5 \pm 0.0
time  | mean: 0.20882319092750548 std: 0.0
0.21 \pm 0.0
