Namespace(dataset='CUB200', first_split_size=20, other_split_size=20, schedule=25, schedule_type='cosine', batch_size=64, optimizer='Adam', momentum=0.9, weight_decay=0, model_type='zoo', model_name='vit_pt_imnet', max_task=-1, dataroot='data', workers=4, validation=False, train_aug=True, rand_split=True, gpuid=[0], log_dir='./checkpoints/CUB200-imp/seed3', learner_type='apt_imp', learner_name='APT_IMP_Learner', debug_mode=0, repeat=1, overwrite=0, oracle_flag=False, upper_bound_flag=False, memory=0, temp=2.0, DW=False, prompt_param=['0.01'], seed=3, lr=0.02, ema_coeff=0.7, config='configs/cub200_imp.yaml')
************************************
* STARTING TRIAL 1
************************************
=============================================
Shuffling....seed is 3
pre-shuffle:[0, 1, 2, 3, 4, 5, 6, 7, 8, 9, 10, 11, 12, 13, 14, 15, 16, 17, 18, 19, 20, 21, 22, 23, 24, 25, 26, 27, 28, 29, 30, 31, 32, 33, 34, 35, 36, 37, 38, 39, 40, 41, 42, 43, 44, 45, 46, 47, 48, 49, 50, 51, 52, 53, 54, 55, 56, 57, 58, 59, 60, 61, 62, 63, 64, 65, 66, 67, 68, 69, 70, 71, 72, 73, 74, 75, 76, 77, 78, 79, 80, 81, 82, 83, 84, 85, 86, 87, 88, 89, 90, 91, 92, 93, 94, 95, 96, 97, 98, 99, 100, 101, 102, 103, 104, 105, 106, 107, 108, 109, 110, 111, 112, 113, 114, 115, 116, 117, 118, 119, 120, 121, 122, 123, 124, 125, 126, 127, 128, 129, 130, 131, 132, 133, 134, 135, 136, 137, 138, 139, 140, 141, 142, 143, 144, 145, 146, 147, 148, 149, 150, 151, 152, 153, 154, 155, 156, 157, 158, 159, 160, 161, 162, 163, 164, 165, 166, 167, 168, 169, 170, 171, 172, 173, 174, 175, 176, 177, 178, 179, 180, 181, 182, 183, 184, 185, 186, 187, 188, 189, 190, 191, 192, 193, 194, 195, 196, 197, 198, 199]
post-shuffle:[158, 62, 14, 69, 47, 137, 110, 6, 116, 88, 130, 100, 118, 67, 79, 56, 142, 199, 36, 12, 194, 197, 32, 174, 28, 27, 127, 82, 166, 112, 18, 134, 45, 128, 23, 135, 73, 87, 65, 144, 85, 63, 122, 125, 22, 29, 124, 103, 51, 170, 182, 80, 57, 95, 153, 1, 20, 181, 172, 50, 195, 21, 192, 74, 84, 90, 173, 106, 149, 167, 156, 92, 185, 183, 191, 58, 108, 180, 17, 46, 168, 43, 105, 117, 196, 145, 115, 119, 25, 96, 131, 76, 13, 161, 0, 39, 4, 30, 64, 35, 70, 42, 75, 91, 48, 150, 97, 78, 146, 5, 15, 157, 53, 143, 132, 37, 2, 19, 114, 52, 8, 102, 44, 11, 61, 81, 159, 123, 169, 31, 72, 177, 54, 26, 83, 41, 71, 164, 86, 175, 104, 136, 89, 98, 129, 107, 165, 111, 186, 55, 126, 189, 9, 24, 93, 34, 113, 147, 178, 109, 171, 152, 179, 68, 7, 77, 10, 198, 40, 190, 188, 99, 133, 176, 162, 184, 38, 163, 101, 193, 140, 138, 187, 49, 59, 141, 66, 120, 3, 155, 16, 148, 160, 121, 154, 94, 33, 139, 151, 60]
=============================================
*****************************************
====================== 1 =======================
Incremental class: Old valid output dimension: 0
Incremental class: New Valid output dimension: 20
/root/miniconda3/envs/apt/lib/python3.10/site-packages/torch/utils/data/dataloader.py:557: UserWarning: This DataLoader will create 4 worker processes in total. Our suggested max number of worker in current system is 3, which is smaller than what this DataLoader is going to create. Please be aware that excessive worker creation might get DataLoader running slow or even freeze, lower the worker number to avoid potential slowness/freeze if necessary.
  warnings.warn(_create_warning_msg(
Overwriting ...
/root/dl_project/Additive-Prompt-Tuning/learners/default.py:239: FutureWarning: You are using `torch.load` with `weights_only=False` (the current default value), which uses the default pickle module implicitly. It is possible to construct malicious pickle data which will execute arbitrary code during unpickling (See https://github.com/pytorch/pytorch/blob/main/SECURITY.md#untrusted-models for more details). In a future release, the default value for `weights_only` will be flipped to `True`. This limits the functions that could be executed during unpickling. Arbitrary objects will no longer be allowed to be loaded via this mode unless they are explicitly allowlisted by the user via `torch.serialization.add_safe_globals`. We recommend you start setting `weights_only=True` for any use case where you don't have full control of the loaded file. Please open an issue on GitHub for any issues related to this experimental feature.
  model_dict = torch.load(filename + 'class.pth')
Optimizer is reset!
*****************************************
LR: 0.02
Epoch:1/25
 * Loss 1.097 | Train Acc 70.703
LR: 0.02
Epoch:2/25
 * Loss 0.359 | Train Acc 89.453
LR: 0.01995803031515996
Epoch:3/25
 * Loss 0.356 | Train Acc 88.477
LR: 0.019832297406084384
Epoch:4/25
 * Loss 0.266 | Train Acc 92.578
LR: 0.01962332896983008
Epoch:5/25
 * Loss 0.251 | Train Acc 92.969
LR: 0.019332002040338147
Epoch:6/25
 * Loss 0.204 | Train Acc 92.578
LR: 0.01895953930755021
Epoch:7/25
 * Loss 0.198 | Train Acc 94.727
LR: 0.018507503985817242
Epoch:8/25
 * Loss 0.198 | Train Acc 94.336
LR: 0.017977793253138218
Epoch:9/25
 * Loss 0.174 | Train Acc 95.312
LR: 0.017372630288763825
Epoch:10/25
 * Loss 0.175 | Train Acc 94.922
LR: 0.016694554942583234
Epoch:11/25
 * Loss 0.205 | Train Acc 93.555
LR: 0.015946413075454142
Epoch:12/25
 * Loss 0.156 | Train Acc 96.484
LR: 0.015131344615214457
Epoch:13/25
 * Loss 0.116 | Train Acc 97.070
LR: 0.014252770378504108
Epoch:14/25
 * Loss 0.107 | Train Acc 97.852
LR: 0.013314377713705425
Epoch:15/25
 * Loss 0.134 | Train Acc 96.484
LR: 0.012320105025258196
Epoch:16/25
 * Loss 0.131 | Train Acc 96.094
LR: 0.011274125244300335
Epoch:17/25
 * Loss 0.158 | Train Acc 95.703
LR: 0.010180828315007424
Epoch:18/25
 * Loss 0.113 | Train Acc 97.070
LR: 0.009044802770135373
Epoch:19/25
 * Loss 0.123 | Train Acc 96.484
LR: 0.007870816473093028
Epoch:20/25
 * Loss 0.112 | Train Acc 96.484
LR: 0.00666379660736973
Epoch:21/25
 * Loss 0.101 | Train Acc 97.070
LR: 0.005428808997301486
Epoch:22/25
 * Loss 0.115 | Train Acc 96.680
LR: 0.004171036846965889
Epoch:23/25
 * Loss 0.090 | Train Acc 97.461
LR: 0.0028957589864379565
Epoch:24/25
 * Loss 0.096 | Train Acc 97.266
LR: 0.0016083277167066668
Epoch:25/25
 * Loss 0.114 | Train Acc 97.070
=> Saving class model to: ./checkpoints/CUB200-imp/seed3/models/repeat-1/task-1/
=> Save Done
Calculating prompt importance (Fisher Information)...
Importance calculation complete.
validation split name: 1 local = False
 * Val Acc 96.528, Total time 2.17
====================== 2 =======================
Incremental class: Old valid output dimension: 20
Incremental class: New Valid output dimension: 40
Overwriting ...
Optimizer is reset!
*****************************************
LR: 0.02
Epoch:1/25
 * Loss 0.982 | Train Acc 72.656
LR: 0.02
Epoch:2/25
 * Loss 0.228 | Train Acc 93.555
LR: 0.01995803031515996
Epoch:3/25
 * Loss 0.237 | Train Acc 93.359
LR: 0.019832297406084384
Epoch:4/25
 * Loss 0.175 | Train Acc 95.312
LR: 0.01962332896983008
Epoch:5/25
 * Loss 0.128 | Train Acc 96.094
LR: 0.019332002040338147
Epoch:6/25
 * Loss 0.183 | Train Acc 94.336
LR: 0.01895953930755021
Epoch:7/25
 * Loss 0.159 | Train Acc 94.922
LR: 0.018507503985817242
Epoch:8/25
 * Loss 0.149 | Train Acc 96.094
LR: 0.017977793253138218
Epoch:9/25
 * Loss 0.111 | Train Acc 96.680
LR: 0.017372630288763825
Epoch:10/25
 * Loss 0.088 | Train Acc 97.461
LR: 0.016694554942583234
Epoch:11/25
 * Loss 0.120 | Train Acc 96.484
LR: 0.015946413075454142
Epoch:12/25
 * Loss 0.151 | Train Acc 96.094
LR: 0.015131344615214457
Epoch:13/25
 * Loss 0.096 | Train Acc 97.461
LR: 0.014252770378504108
Epoch:14/25
 * Loss 0.103 | Train Acc 97.461
LR: 0.013314377713705425
Epoch:15/25
 * Loss 0.078 | Train Acc 97.852
LR: 0.012320105025258196
Epoch:16/25
 * Loss 0.105 | Train Acc 97.266
LR: 0.011274125244300335
Epoch:17/25
 * Loss 0.099 | Train Acc 97.266
LR: 0.010180828315007424
Epoch:18/25
 * Loss 0.132 | Train Acc 96.484
LR: 0.009044802770135373
Epoch:19/25
 * Loss 0.082 | Train Acc 97.461
LR: 0.007870816473093028
Epoch:20/25
 * Loss 0.081 | Train Acc 98.242
LR: 0.00666379660736973
Epoch:21/25
 * Loss 0.109 | Train Acc 96.875
LR: 0.005428808997301486
Epoch:22/25
 * Loss 0.067 | Train Acc 98.242
LR: 0.004171036846965889
Epoch:23/25
 * Loss 0.106 | Train Acc 97.656
LR: 0.0028957589864379565
Epoch:24/25
 * Loss 0.089 | Train Acc 98.242
LR: 0.0016083277167066668
Epoch:25/25
 * Loss 0.125 | Train Acc 96.289
=> Saving class model to: ./checkpoints/CUB200-imp/seed3/models/repeat-1/task-2/
=> Save Done
Calculating prompt importance (Fisher Information)...
Importance calculation complete.
validation split name: 1 local = False
 * Val Acc 94.792, Total time 2.13
validation split name: 2 local = False
 * Val Acc 92.383, Total time 1.95
====================== 3 =======================
Incremental class: Old valid output dimension: 40
Incremental class: New Valid output dimension: 60
Overwriting ...
Optimizer is reset!
*****************************************
LR: 0.02
Epoch:1/25
 * Loss 1.175 | Train Acc 68.359
LR: 0.02
Epoch:2/25
 * Loss 0.282 | Train Acc 91.016
LR: 0.01995803031515996
Epoch:3/25
 * Loss 0.248 | Train Acc 92.773
LR: 0.019832297406084384
Epoch:4/25
 * Loss 0.189 | Train Acc 95.117
LR: 0.01962332896983008
Epoch:5/25
 * Loss 0.170 | Train Acc 95.117
LR: 0.019332002040338147
Epoch:6/25
 * Loss 0.144 | Train Acc 94.922
LR: 0.01895953930755021
Epoch:7/25
 * Loss 0.185 | Train Acc 94.336
LR: 0.018507503985817242
Epoch:8/25
 * Loss 0.153 | Train Acc 95.508
LR: 0.017977793253138218
Epoch:9/25
 * Loss 0.135 | Train Acc 95.703
LR: 0.017372630288763825
Epoch:10/25
 * Loss 0.154 | Train Acc 93.945
LR: 0.016694554942583234
Epoch:11/25
 * Loss 0.109 | Train Acc 97.461
LR: 0.015946413075454142
Epoch:12/25
 * Loss 0.149 | Train Acc 95.508
LR: 0.015131344615214457
Epoch:13/25
 * Loss 0.176 | Train Acc 94.727
LR: 0.014252770378504108
Epoch:14/25
 * Loss 0.119 | Train Acc 96.680
LR: 0.013314377713705425
Epoch:15/25
 * Loss 0.121 | Train Acc 97.070
LR: 0.012320105025258196
Epoch:16/25
 * Loss 0.114 | Train Acc 96.289
LR: 0.011274125244300335
Epoch:17/25
 * Loss 0.125 | Train Acc 96.094
LR: 0.010180828315007424
Epoch:18/25
 * Loss 0.131 | Train Acc 96.094
LR: 0.009044802770135373
Epoch:19/25
 * Loss 0.137 | Train Acc 96.094
LR: 0.007870816473093028
Epoch:20/25
 * Loss 0.092 | Train Acc 96.680
LR: 0.00666379660736973
Epoch:21/25
 * Loss 0.116 | Train Acc 96.875
LR: 0.005428808997301486
Epoch:22/25
 * Loss 0.091 | Train Acc 98.438
LR: 0.004171036846965889
Epoch:23/25
 * Loss 0.131 | Train Acc 96.094
LR: 0.0028957589864379565
Epoch:24/25
 * Loss 0.086 | Train Acc 97.852
LR: 0.0016083277167066668
Epoch:25/25
 * Loss 0.093 | Train Acc 97.852
=> Saving class model to: ./checkpoints/CUB200-imp/seed3/models/repeat-1/task-3/
=> Save Done
Calculating prompt importance (Fisher Information)...
Importance calculation complete.
validation split name: 1 local = False
 * Val Acc 94.444, Total time 2.26
validation split name: 2 local = False
 * Val Acc 91.016, Total time 1.97
validation split name: 3 local = False
 * Val Acc 87.847, Total time 2.27
====================== 4 =======================
Incremental class: Old valid output dimension: 60
Incremental class: New Valid output dimension: 80
Overwriting ...
Optimizer is reset!
*****************************************
LR: 0.02
Epoch:1/25
 * Loss 0.745 | Train Acc 78.320
LR: 0.02
Epoch:2/25
 * Loss 0.195 | Train Acc 93.555
LR: 0.01995803031515996
Epoch:3/25
 * Loss 0.183 | Train Acc 94.727
LR: 0.019832297406084384
Epoch:4/25
 * Loss 0.182 | Train Acc 94.141
LR: 0.01962332896983008
Epoch:5/25
 * Loss 0.132 | Train Acc 95.312
LR: 0.019332002040338147
Epoch:6/25
 * Loss 0.164 | Train Acc 94.531
LR: 0.01895953930755021
Epoch:7/25
 * Loss 0.133 | Train Acc 95.703
LR: 0.018507503985817242
Epoch:8/25
 * Loss 0.121 | Train Acc 97.070
LR: 0.017977793253138218
Epoch:9/25
 * Loss 0.149 | Train Acc 95.117
LR: 0.017372630288763825
Epoch:10/25
 * Loss 0.172 | Train Acc 94.336
LR: 0.016694554942583234
Epoch:11/25
 * Loss 0.120 | Train Acc 95.508
LR: 0.015946413075454142
Epoch:12/25
 * Loss 0.155 | Train Acc 94.922
LR: 0.015131344615214457
Epoch:13/25
 * Loss 0.122 | Train Acc 96.680
LR: 0.014252770378504108
Epoch:14/25
 * Loss 0.107 | Train Acc 96.875
LR: 0.013314377713705425
Epoch:15/25
 * Loss 0.110 | Train Acc 96.875
LR: 0.012320105025258196
Epoch:16/25
 * Loss 0.088 | Train Acc 97.461
LR: 0.011274125244300335
Epoch:17/25
 * Loss 0.144 | Train Acc 95.703
LR: 0.010180828315007424
Epoch:18/25
 * Loss 0.104 | Train Acc 97.070
LR: 0.009044802770135373
Epoch:19/25
 * Loss 0.110 | Train Acc 96.680
LR: 0.007870816473093028
Epoch:20/25
 * Loss 0.084 | Train Acc 97.656
LR: 0.00666379660736973
Epoch:21/25
 * Loss 0.085 | Train Acc 96.680
LR: 0.005428808997301486
Epoch:22/25
 * Loss 0.094 | Train Acc 96.875
LR: 0.004171036846965889
Epoch:23/25
 * Loss 0.104 | Train Acc 96.680
LR: 0.0028957589864379565
Epoch:24/25
 * Loss 0.074 | Train Acc 98.047
LR: 0.0016083277167066668
Epoch:25/25
 * Loss 0.092 | Train Acc 97.266
=> Saving class model to: ./checkpoints/CUB200-imp/seed3/models/repeat-1/task-4/
=> Save Done
Calculating prompt importance (Fisher Information)...
Importance calculation complete.
validation split name: 1 local = False
 * Val Acc 92.882, Total time 2.25
validation split name: 2 local = False
 * Val Acc 88.281, Total time 1.98
validation split name: 3 local = False
 * Val Acc 86.458, Total time 2.30
validation split name: 4 local = False
 * Val Acc 95.139, Total time 2.19
====================== 5 =======================
Incremental class: Old valid output dimension: 80
Incremental class: New Valid output dimension: 100
Overwriting ...
Optimizer is reset!
*****************************************
LR: 0.02
Epoch:1/25
 * Loss 1.270 | Train Acc 71.289
LR: 0.02
Epoch:2/25
 * Loss 0.430 | Train Acc 86.523
LR: 0.01995803031515996
Epoch:3/25
 * Loss 0.274 | Train Acc 91.406
LR: 0.019832297406084384
Epoch:4/25
 * Loss 0.273 | Train Acc 90.820
LR: 0.01962332896983008
Epoch:5/25
 * Loss 0.252 | Train Acc 92.383
LR: 0.019332002040338147
Epoch:6/25
 * Loss 0.208 | Train Acc 93.555
LR: 0.01895953930755021
Epoch:7/25
 * Loss 0.197 | Train Acc 93.164
LR: 0.018507503985817242
Epoch:8/25
 * Loss 0.207 | Train Acc 93.164
LR: 0.017977793253138218
Epoch:9/25
 * Loss 0.159 | Train Acc 95.898
LR: 0.017372630288763825
Epoch:10/25
 * Loss 0.177 | Train Acc 93.164
LR: 0.016694554942583234
Epoch:11/25
 * Loss 0.169 | Train Acc 95.508
LR: 0.015946413075454142
Epoch:12/25
 * Loss 0.189 | Train Acc 93.945
LR: 0.015131344615214457
Epoch:13/25
 * Loss 0.158 | Train Acc 95.312
LR: 0.014252770378504108
Epoch:14/25
 * Loss 0.140 | Train Acc 96.484
LR: 0.013314377713705425
Epoch:15/25
 * Loss 0.142 | Train Acc 95.703
LR: 0.012320105025258196
Epoch:16/25
 * Loss 0.144 | Train Acc 95.898
LR: 0.011274125244300335
Epoch:17/25
 * Loss 0.149 | Train Acc 95.312
LR: 0.010180828315007424
Epoch:18/25
 * Loss 0.122 | Train Acc 96.094
LR: 0.009044802770135373
Epoch:19/25
 * Loss 0.132 | Train Acc 96.094
LR: 0.007870816473093028
Epoch:20/25
 * Loss 0.138 | Train Acc 96.484
LR: 0.00666379660736973
Epoch:21/25
 * Loss 0.173 | Train Acc 94.727
LR: 0.005428808997301486
Epoch:22/25
 * Loss 0.129 | Train Acc 96.875
LR: 0.004171036846965889
Epoch:23/25
 * Loss 0.129 | Train Acc 96.289
LR: 0.0028957589864379565
Epoch:24/25
 * Loss 0.125 | Train Acc 96.484
LR: 0.0016083277167066668
Epoch:25/25
 * Loss 0.146 | Train Acc 95.117
=> Saving class model to: ./checkpoints/CUB200-imp/seed3/models/repeat-1/task-5/
=> Save Done
Calculating prompt importance (Fisher Information)...
Importance calculation complete.
validation split name: 1 local = False
 * Val Acc 92.361, Total time 2.55
validation split name: 2 local = False
 * Val Acc 83.594, Total time 2.47
validation split name: 3 local = False
 * Val Acc 79.514, Total time 2.35
validation split name: 4 local = False
 * Val Acc 93.750, Total time 2.28
validation split name: 5 local = False
 * Val Acc 64.648, Total time 2.14
====================== 6 =======================
Incremental class: Old valid output dimension: 100
Incremental class: New Valid output dimension: 120
Overwriting ...
Optimizer is reset!
*****************************************
LR: 0.02
Epoch:1/25
 * Loss 0.860 | Train Acc 75.586
LR: 0.02
Epoch:2/25
 * Loss 0.297 | Train Acc 89.648
LR: 0.01995803031515996
Epoch:3/25
 * Loss 0.243 | Train Acc 93.164
LR: 0.019832297406084384
Epoch:4/25
 * Loss 0.194 | Train Acc 92.773
LR: 0.01962332896983008
Epoch:5/25
 * Loss 0.158 | Train Acc 94.922
LR: 0.019332002040338147
Epoch:6/25
 * Loss 0.120 | Train Acc 95.508
LR: 0.01895953930755021
Epoch:7/25
 * Loss 0.190 | Train Acc 94.922
LR: 0.018507503985817242
Epoch:8/25
 * Loss 0.187 | Train Acc 93.750
LR: 0.017977793253138218
Epoch:9/25
 * Loss 0.193 | Train Acc 94.922
LR: 0.017372630288763825
Epoch:10/25
 * Loss 0.112 | Train Acc 96.875
LR: 0.016694554942583234
Epoch:11/25
 * Loss 0.139 | Train Acc 95.703
LR: 0.015946413075454142
Epoch:12/25
 * Loss 0.187 | Train Acc 93.359
LR: 0.015131344615214457
Epoch:13/25
 * Loss 0.133 | Train Acc 95.898
LR: 0.014252770378504108
Epoch:14/25
 * Loss 0.152 | Train Acc 95.898
LR: 0.013314377713705425
Epoch:15/25
 * Loss 0.157 | Train Acc 95.898
LR: 0.012320105025258196
Epoch:16/25
 * Loss 0.132 | Train Acc 96.094
LR: 0.011274125244300335
Epoch:17/25
 * Loss 0.102 | Train Acc 97.070
LR: 0.010180828315007424
Epoch:18/25
 * Loss 0.125 | Train Acc 96.484
LR: 0.009044802770135373
Epoch:19/25
 * Loss 0.112 | Train Acc 97.070
LR: 0.007870816473093028
Epoch:20/25
 * Loss 0.110 | Train Acc 96.289
LR: 0.00666379660736973
Epoch:21/25
 * Loss 0.097 | Train Acc 96.875
LR: 0.005428808997301486
Epoch:22/25
 * Loss 0.112 | Train Acc 95.898
LR: 0.004171036846965889
Epoch:23/25
 * Loss 0.100 | Train Acc 97.266
LR: 0.0028957589864379565
Epoch:24/25
 * Loss 0.114 | Train Acc 97.070
LR: 0.0016083277167066668
Epoch:25/25
 * Loss 0.112 | Train Acc 96.875
=> Saving class model to: ./checkpoints/CUB200-imp/seed3/models/repeat-1/task-6/
=> Save Done
Calculating prompt importance (Fisher Information)...
Importance calculation complete.
validation split name: 1 local = False
 * Val Acc 87.674, Total time 2.24
validation split name: 2 local = False
 * Val Acc 83.008, Total time 2.03
validation split name: 3 local = False
 * Val Acc 77.083, Total time 2.53
validation split name: 4 local = False
 * Val Acc 93.403, Total time 2.27
validation split name: 5 local = False
 * Val Acc 61.719, Total time 2.13
validation split name: 6 local = False
 * Val Acc 81.055, Total time 2.26
====================== 7 =======================
Incremental class: Old valid output dimension: 120
Incremental class: New Valid output dimension: 140
Overwriting ...
Optimizer is reset!
*****************************************
LR: 0.02
Epoch:1/25
 * Loss 1.353 | Train Acc 72.070
LR: 0.02
Epoch:2/25
 * Loss 0.432 | Train Acc 87.891
LR: 0.01995803031515996
Epoch:3/25
 * Loss 0.235 | Train Acc 91.016
LR: 0.019832297406084384
Epoch:4/25
 * Loss 0.175 | Train Acc 95.117
LR: 0.01962332896983008
Epoch:5/25
 * Loss 0.179 | Train Acc 94.336
LR: 0.019332002040338147
Epoch:6/25
 * Loss 0.185 | Train Acc 94.141
LR: 0.01895953930755021
Epoch:7/25
 * Loss 0.209 | Train Acc 93.945
LR: 0.018507503985817242
Epoch:8/25
 * Loss 0.174 | Train Acc 94.922
LR: 0.017977793253138218
Epoch:9/25
 * Loss 0.141 | Train Acc 96.680
LR: 0.017372630288763825
Epoch:10/25
 * Loss 0.169 | Train Acc 95.312
LR: 0.016694554942583234
Epoch:11/25
 * Loss 0.151 | Train Acc 94.336
LR: 0.015946413075454142
Epoch:12/25
 * Loss 0.133 | Train Acc 96.484
LR: 0.015131344615214457
Epoch:13/25
 * Loss 0.102 | Train Acc 97.070
LR: 0.014252770378504108
Epoch:14/25
 * Loss 0.184 | Train Acc 95.117
LR: 0.013314377713705425
Epoch:15/25
 * Loss 0.150 | Train Acc 95.312
LR: 0.012320105025258196
Epoch:16/25
 * Loss 0.123 | Train Acc 96.680
LR: 0.011274125244300335
Epoch:17/25
 * Loss 0.122 | Train Acc 95.898
LR: 0.010180828315007424
Epoch:18/25
 * Loss 0.137 | Train Acc 96.484
LR: 0.009044802770135373
Epoch:19/25
 * Loss 0.090 | Train Acc 97.852
LR: 0.007870816473093028
Epoch:20/25
 * Loss 0.104 | Train Acc 97.266
LR: 0.00666379660736973
Epoch:21/25
 * Loss 0.117 | Train Acc 96.289
LR: 0.005428808997301486
Epoch:22/25
 * Loss 0.099 | Train Acc 97.266
LR: 0.004171036846965889
Epoch:23/25
 * Loss 0.105 | Train Acc 97.070
LR: 0.0028957589864379565
Epoch:24/25
 * Loss 0.114 | Train Acc 96.680
LR: 0.0016083277167066668
Epoch:25/25
 * Loss 0.114 | Train Acc 96.875
=> Saving class model to: ./checkpoints/CUB200-imp/seed3/models/repeat-1/task-7/
=> Save Done
Calculating prompt importance (Fisher Information)...
Importance calculation complete.
validation split name: 1 local = False
 * Val Acc 87.674, Total time 2.28
validation split name: 2 local = False
 * Val Acc 82.422, Total time 2.04
validation split name: 3 local = False
 * Val Acc 75.868, Total time 2.27
validation split name: 4 local = False
 * Val Acc 93.229, Total time 2.28
validation split name: 5 local = False
 * Val Acc 60.938, Total time 2.35
validation split name: 6 local = False
 * Val Acc 80.859, Total time 2.10
validation split name: 7 local = False
 * Val Acc 76.562, Total time 2.38
====================== 8 =======================
Incremental class: Old valid output dimension: 140
Incremental class: New Valid output dimension: 160
Overwriting ...
Optimizer is reset!
*****************************************
LR: 0.02
Epoch:1/25
 * Loss 0.736 | Train Acc 79.688
LR: 0.02
Epoch:2/25
 * Loss 0.137 | Train Acc 95.898
LR: 0.01995803031515996
Epoch:3/25
 * Loss 0.116 | Train Acc 97.070
LR: 0.019832297406084384
Epoch:4/25
 * Loss 0.161 | Train Acc 94.727
LR: 0.01962332896983008
Epoch:5/25
 * Loss 0.120 | Train Acc 96.094
LR: 0.019332002040338147
Epoch:6/25
 * Loss 0.145 | Train Acc 95.898
LR: 0.01895953930755021
Epoch:7/25
 * Loss 0.112 | Train Acc 96.680
LR: 0.018507503985817242
Epoch:8/25
 * Loss 0.080 | Train Acc 97.656
LR: 0.017977793253138218
Epoch:9/25
 * Loss 0.146 | Train Acc 95.703
LR: 0.017372630288763825
Epoch:10/25
 * Loss 0.104 | Train Acc 96.875
LR: 0.016694554942583234
Epoch:11/25
 * Loss 0.128 | Train Acc 96.094
LR: 0.015946413075454142
Epoch:12/25
 * Loss 0.102 | Train Acc 96.875
LR: 0.015131344615214457
Epoch:13/25
 * Loss 0.104 | Train Acc 96.289
LR: 0.014252770378504108
Epoch:14/25
 * Loss 0.124 | Train Acc 96.289
LR: 0.013314377713705425
Epoch:15/25
 * Loss 0.086 | Train Acc 97.070
LR: 0.012320105025258196
Epoch:16/25
 * Loss 0.069 | Train Acc 97.656
LR: 0.011274125244300335
Epoch:17/25
 * Loss 0.052 | Train Acc 98.047
LR: 0.010180828315007424
Epoch:18/25
 * Loss 0.112 | Train Acc 96.484
LR: 0.009044802770135373
Epoch:19/25
 * Loss 0.093 | Train Acc 97.656
LR: 0.007870816473093028
Epoch:20/25
 * Loss 0.067 | Train Acc 98.047
LR: 0.00666379660736973
Epoch:21/25
 * Loss 0.113 | Train Acc 96.680
LR: 0.005428808997301486
Epoch:22/25
 * Loss 0.120 | Train Acc 96.289
LR: 0.004171036846965889
Epoch:23/25
 * Loss 0.081 | Train Acc 97.461
LR: 0.0028957589864379565
Epoch:24/25
 * Loss 0.106 | Train Acc 97.070
LR: 0.0016083277167066668
Epoch:25/25
 * Loss 0.073 | Train Acc 97.461
=> Saving class model to: ./checkpoints/CUB200-imp/seed3/models/repeat-1/task-8/
=> Save Done
Calculating prompt importance (Fisher Information)...
Importance calculation complete.
validation split name: 1 local = False
 * Val Acc 86.979, Total time 2.16
validation split name: 2 local = False
 * Val Acc 77.930, Total time 2.06
validation split name: 3 local = False
 * Val Acc 73.785, Total time 2.25
validation split name: 4 local = False
 * Val Acc 90.799, Total time 2.23
validation split name: 5 local = False
 * Val Acc 55.273, Total time 2.13
validation split name: 6 local = False
 * Val Acc 80.273, Total time 2.05
validation split name: 7 local = False
 * Val Acc 75.347, Total time 2.39
validation split name: 8 local = False
 * Val Acc 79.514, Total time 2.26
====================== 9 =======================
Incremental class: Old valid output dimension: 160
Incremental class: New Valid output dimension: 180
Overwriting ...
Optimizer is reset!
*****************************************
LR: 0.02
Epoch:1/25
 * Loss 0.919 | Train Acc 75.195
LR: 0.02
Epoch:2/25
 * Loss 0.323 | Train Acc 91.016
LR: 0.01995803031515996
Epoch:3/25
 * Loss 0.310 | Train Acc 91.797
LR: 0.019832297406084384
Epoch:4/25
 * Loss 0.201 | Train Acc 93.750
LR: 0.01962332896983008
Epoch:5/25
 * Loss 0.179 | Train Acc 94.727
LR: 0.019332002040338147
Epoch:6/25
 * Loss 0.222 | Train Acc 93.750
LR: 0.01895953930755021
Epoch:7/25
 * Loss 0.264 | Train Acc 92.578
LR: 0.018507503985817242
Epoch:8/25
 * Loss 0.120 | Train Acc 95.898
LR: 0.017977793253138218
Epoch:9/25
 * Loss 0.160 | Train Acc 96.094
LR: 0.017372630288763825
Epoch:10/25
 * Loss 0.174 | Train Acc 95.508
LR: 0.016694554942583234
Epoch:11/25
 * Loss 0.145 | Train Acc 96.289
LR: 0.015946413075454142
Epoch:12/25
 * Loss 0.114 | Train Acc 96.875
LR: 0.015131344615214457
Epoch:13/25
 * Loss 0.105 | Train Acc 97.656
LR: 0.014252770378504108
Epoch:14/25
 * Loss 0.143 | Train Acc 95.312
LR: 0.013314377713705425
Epoch:15/25
 * Loss 0.092 | Train Acc 97.461
LR: 0.012320105025258196
Epoch:16/25
 * Loss 0.157 | Train Acc 96.289
LR: 0.011274125244300335
Epoch:17/25
 * Loss 0.136 | Train Acc 96.484
LR: 0.010180828315007424
Epoch:18/25
 * Loss 0.149 | Train Acc 95.898
LR: 0.009044802770135373
Epoch:19/25
 * Loss 0.119 | Train Acc 97.070
LR: 0.007870816473093028
Epoch:20/25
 * Loss 0.106 | Train Acc 97.070
LR: 0.00666379660736973
Epoch:21/25
 * Loss 0.150 | Train Acc 95.117
LR: 0.005428808997301486
Epoch:22/25
 * Loss 0.074 | Train Acc 98.047
LR: 0.004171036846965889
Epoch:23/25
 * Loss 0.109 | Train Acc 96.680
LR: 0.0028957589864379565
Epoch:24/25
 * Loss 0.098 | Train Acc 97.852
LR: 0.0016083277167066668
Epoch:25/25
 * Loss 0.093 | Train Acc 97.656
=> Saving class model to: ./checkpoints/CUB200-imp/seed3/models/repeat-1/task-9/
=> Save Done
Calculating prompt importance (Fisher Information)...
Importance calculation complete.
validation split name: 1 local = False
 * Val Acc 82.986, Total time 2.35
validation split name: 2 local = False
 * Val Acc 77.734, Total time 2.07
validation split name: 3 local = False
 * Val Acc 73.611, Total time 2.32
validation split name: 4 local = False
 * Val Acc 88.889, Total time 2.29
validation split name: 5 local = False
 * Val Acc 55.078, Total time 2.08
validation split name: 6 local = False
 * Val Acc 80.078, Total time 2.05
validation split name: 7 local = False
 * Val Acc 75.000, Total time 2.20
validation split name: 8 local = False
 * Val Acc 79.514, Total time 2.24
validation split name: 9 local = False
 * Val Acc 72.569, Total time 2.35
====================== 10 =======================
Incremental class: Old valid output dimension: 180
Incremental class: New Valid output dimension: 200
Overwriting ...
Optimizer is reset!
*****************************************
LR: 0.02
Epoch:1/25
 * Loss 1.006 | Train Acc 68.750
LR: 0.02
Epoch:2/25
 * Loss 0.342 | Train Acc 89.648
LR: 0.01995803031515996
Epoch:3/25
 * Loss 0.219 | Train Acc 92.969
LR: 0.019832297406084384
Epoch:4/25
 * Loss 0.216 | Train Acc 93.164
LR: 0.01962332896983008
Epoch:5/25
 * Loss 0.205 | Train Acc 93.164
LR: 0.019332002040338147
Epoch:6/25
 * Loss 0.206 | Train Acc 94.141
LR: 0.01895953930755021
Epoch:7/25
 * Loss 0.224 | Train Acc 93.750
LR: 0.018507503985817242
Epoch:8/25
 * Loss 0.216 | Train Acc 93.555
LR: 0.017977793253138218
Epoch:9/25
 * Loss 0.190 | Train Acc 93.359
LR: 0.017372630288763825
Epoch:10/25
 * Loss 0.175 | Train Acc 95.117
LR: 0.016694554942583234
Epoch:11/25
 * Loss 0.135 | Train Acc 95.898
LR: 0.015946413075454142
Epoch:12/25
 * Loss 0.183 | Train Acc 93.945
LR: 0.015131344615214457
Epoch:13/25
 * Loss 0.146 | Train Acc 95.117
LR: 0.014252770378504108
Epoch:14/25
 * Loss 0.166 | Train Acc 95.117
LR: 0.013314377713705425
Epoch:15/25
 * Loss 0.164 | Train Acc 96.484
LR: 0.012320105025258196
Epoch:16/25
 * Loss 0.153 | Train Acc 95.312
LR: 0.011274125244300335
Epoch:17/25
 * Loss 0.125 | Train Acc 95.703
LR: 0.010180828315007424
Epoch:18/25
 * Loss 0.167 | Train Acc 94.531
LR: 0.009044802770135373
Epoch:19/25
 * Loss 0.142 | Train Acc 95.117
LR: 0.007870816473093028
Epoch:20/25
 * Loss 0.126 | Train Acc 95.312
LR: 0.00666379660736973
Epoch:21/25
 * Loss 0.130 | Train Acc 96.680
LR: 0.005428808997301486
Epoch:22/25
 * Loss 0.126 | Train Acc 96.289
LR: 0.004171036846965889
Epoch:23/25
 * Loss 0.136 | Train Acc 94.922
LR: 0.0028957589864379565
Epoch:24/25
 * Loss 0.113 | Train Acc 96.680
LR: 0.0016083277167066668
Epoch:25/25
 * Loss 0.119 | Train Acc 96.484
=> Saving class model to: ./checkpoints/CUB200-imp/seed3/models/repeat-1/task-10/
=> Save Done
Calculating prompt importance (Fisher Information)...
Importance calculation complete.
validation split name: 1 local = False
 * Val Acc 82.986, Total time 2.34
validation split name: 2 local = False
 * Val Acc 75.781, Total time 2.16
validation split name: 3 local = False
 * Val Acc 73.611, Total time 2.23
validation split name: 4 local = False
 * Val Acc 88.194, Total time 2.42
validation split name: 5 local = False
 * Val Acc 54.492, Total time 2.08
validation split name: 6 local = False
 * Val Acc 80.078, Total time 2.11
validation split name: 7 local = False
 * Val Acc 74.132, Total time 2.25
validation split name: 8 local = False
 * Val Acc 78.125, Total time 2.28
validation split name: 9 local = False
 * Val Acc 72.222, Total time 2.33
validation split name: 10 local = False
 * Val Acc 65.234, Total time 2.16
*****************************************
Incremental class: Old valid output dimension: 0
Incremental class: New Valid output dimension: 20
=> Load Done
===global validation====
test task 1, using model 1
validation split name: 1 local = False
 * Val Acc 96.528, Total time 2.35
Incremental class: Old valid output dimension: 20
Incremental class: New Valid output dimension: 40
Merging prompt with importance-based fusion...
=> Load Done
===global validation====
test task 1, using model 2
validation split name: 1 local = False
 * Val Acc 94.792, Total time 2.29
test task 2, using model 2
validation split name: 2 local = False
 * Val Acc 92.383, Total time 2.12
Incremental class: Old valid output dimension: 40
Incremental class: New Valid output dimension: 60
Merging prompt with importance-based fusion...
=> Load Done
===global validation====
test task 1, using model 3
validation split name: 1 local = False
 * Val Acc 94.444, Total time 2.38
test task 2, using model 3
validation split name: 2 local = False
 * Val Acc 91.016, Total time 2.16
test task 3, using model 3
validation split name: 3 local = False
 * Val Acc 87.847, Total time 2.26
Incremental class: Old valid output dimension: 60
Incremental class: New Valid output dimension: 80
Merging prompt with importance-based fusion...
=> Load Done
===global validation====
test task 1, using model 4
validation split name: 1 local = False
 * Val Acc 92.882, Total time 2.34
test task 2, using model 4
validation split name: 2 local = False
 * Val Acc 88.281, Total time 2.21
test task 3, using model 4
validation split name: 3 local = False
 * Val Acc 86.458, Total time 2.57
test task 4, using model 4
validation split name: 4 local = False
 * Val Acc 95.139, Total time 2.34
Incremental class: Old valid output dimension: 80
Incremental class: New Valid output dimension: 100
Merging prompt with importance-based fusion...
=> Load Done
===global validation====
test task 1, using model 5
validation split name: 1 local = False
 * Val Acc 92.361, Total time 2.28
test task 2, using model 5
validation split name: 2 local = False
 * Val Acc 83.594, Total time 2.16
test task 3, using model 5
validation split name: 3 local = False
 * Val Acc 79.514, Total time 2.38
test task 4, using model 5
validation split name: 4 local = False
 * Val Acc 93.750, Total time 2.27
test task 5, using model 5
validation split name: 5 local = False
 * Val Acc 64.648, Total time 2.24
Incremental class: Old valid output dimension: 100
Incremental class: New Valid output dimension: 120
Merging prompt with importance-based fusion...
=> Load Done
===global validation====
test task 1, using model 6
validation split name: 1 local = False
 * Val Acc 87.674, Total time 2.26
test task 2, using model 6
validation split name: 2 local = False
 * Val Acc 83.008, Total time 2.08
test task 3, using model 6
validation split name: 3 local = False
 * Val Acc 77.083, Total time 2.38
test task 4, using model 6
validation split name: 4 local = False
 * Val Acc 93.403, Total time 2.34
test task 5, using model 6
validation split name: 5 local = False
 * Val Acc 61.719, Total time 2.19
test task 6, using model 6
validation split name: 6 local = False
 * Val Acc 81.055, Total time 2.14
Incremental class: Old valid output dimension: 120
Incremental class: New Valid output dimension: 140
Merging prompt with importance-based fusion...
=> Load Done
===global validation====
test task 1, using model 7
validation split name: 1 local = False
 * Val Acc 87.674, Total time 2.41
test task 2, using model 7
validation split name: 2 local = False
 * Val Acc 82.422, Total time 2.09
test task 3, using model 7
validation split name: 3 local = False
 * Val Acc 75.868, Total time 2.33
test task 4, using model 7
validation split name: 4 local = False
 * Val Acc 93.229, Total time 2.45
test task 5, using model 7
validation split name: 5 local = False
 * Val Acc 60.938, Total time 2.56
test task 6, using model 7
validation split name: 6 local = False
 * Val Acc 80.859, Total time 2.37
test task 7, using model 7
validation split name: 7 local = False
 * Val Acc 76.562, Total time 2.63
Incremental class: Old valid output dimension: 140
Incremental class: New Valid output dimension: 160
Merging prompt with importance-based fusion...
=> Load Done
===global validation====
test task 1, using model 8
validation split name: 1 local = False
 * Val Acc 86.979, Total time 2.59
test task 2, using model 8
validation split name: 2 local = False
 * Val Acc 77.930, Total time 2.22
test task 3, using model 8
validation split name: 3 local = False
 * Val Acc 73.785, Total time 2.56
test task 4, using model 8
validation split name: 4 local = False
 * Val Acc 90.799, Total time 2.50
test task 5, using model 8
validation split name: 5 local = False
 * Val Acc 55.273, Total time 2.27
test task 6, using model 8
validation split name: 6 local = False
 * Val Acc 80.273, Total time 2.11
test task 7, using model 8
validation split name: 7 local = False
 * Val Acc 75.347, Total time 2.39
test task 8, using model 8
validation split name: 8 local = False
 * Val Acc 79.514, Total time 2.28
Incremental class: Old valid output dimension: 160
Incremental class: New Valid output dimension: 180
Merging prompt with importance-based fusion...
=> Load Done
===global validation====
test task 1, using model 9
validation split name: 1 local = False
 * Val Acc 82.986, Total time 2.40
test task 2, using model 9
validation split name: 2 local = False
 * Val Acc 77.734, Total time 2.29
test task 3, using model 9
validation split name: 3 local = False
 * Val Acc 73.611, Total time 2.55
test task 4, using model 9
validation split name: 4 local = False
 * Val Acc 88.889, Total time 2.72
test task 5, using model 9
validation split name: 5 local = False
 * Val Acc 55.078, Total time 2.11
test task 6, using model 9
validation split name: 6 local = False
 * Val Acc 80.078, Total time 2.23
test task 7, using model 9
validation split name: 7 local = False
 * Val Acc 75.000, Total time 2.38
test task 8, using model 9
validation split name: 8 local = False
 * Val Acc 79.514, Total time 2.32
test task 9, using model 9
validation split name: 9 local = False
 * Val Acc 72.569, Total time 2.54
Incremental class: Old valid output dimension: 180
Incremental class: New Valid output dimension: 200
Merging prompt with importance-based fusion...
=> Load Done
===global validation====
test task 1, using model 10
validation split name: 1 local = False
 * Val Acc 82.986, Total time 2.40
test task 2, using model 10
validation split name: 2 local = False
 * Val Acc 75.781, Total time 2.16
test task 3, using model 10
validation split name: 3 local = False
 * Val Acc 73.611, Total time 2.25
test task 4, using model 10
validation split name: 4 local = False
 * Val Acc 88.194, Total time 2.26
test task 5, using model 10
validation split name: 5 local = False
 * Val Acc 54.492, Total time 2.07
test task 6, using model 10
validation split name: 6 local = False
 * Val Acc 80.078, Total time 2.10
test task 7, using model 10
validation split name: 7 local = False
 * Val Acc 74.132, Total time 2.27
test task 8, using model 10
validation split name: 8 local = False
 * Val Acc 78.125, Total time 2.34
test task 9, using model 10
validation split name: 9 local = False
 * Val Acc 72.222, Total time 2.32
test task 10, using model 10
validation split name: 10 local = False
 * Val Acc 65.234, Total time 2.73
coda_forgetting= (np.float64(1.6154607660322355), np.float64(0.0))
general_forgetting= (np.float64(7.402584876543208), np.float64(0.0))
acctable, {'1': OrderedDict([('1', 96.52777777777777), ('2', 94.79166666666667), ('3', 94.44444444444444), ('4', 92.88194444444444), ('5', 92.36111111111111), ('6', 87.67361111111111), ('7', 87.67361111111111), ('8', 86.97916666666667), ('9', 82.98611111111111), ('10', 82.98611111111111)]), '2': OrderedDict([('2', 92.3828125), ('3', 91.015625), ('4', 88.28125), ('5', 83.59375), ('6', 83.0078125), ('7', 82.421875), ('8', 77.9296875), ('9', 77.734375), ('10', 75.78125)]), '3': OrderedDict([('3', 87.84722222222223), ('4', 86.45833333333333), ('5', 79.51388888888889), ('6', 77.08333333333333), ('7', 75.86805555555556), ('8', 73.78472222222223), ('9', 73.61111111111111), ('10', 73.61111111111111)]), '4': OrderedDict([('4', 95.13888888888889), ('5', 93.75), ('6', 93.40277777777777), ('7', 93.22916666666667), ('8', 90.79861111111111), ('9', 88.88888888888889), ('10', 88.19444444444444)]), '5': OrderedDict([('5', 64.6484375), ('6', 61.71875), ('7', 60.9375), ('8', 55.2734375), ('9', 55.078125), ('10', 54.4921875)]), '6': OrderedDict([('6', 81.0546875), ('7', 80.859375), ('8', 80.2734375), ('9', 80.078125), ('10', 80.078125)]), '7': OrderedDict([('7', 76.5625), ('8', 75.34722222222223), ('9', 75.0), ('10', 74.13194444444444)]), '8': OrderedDict([('8', 79.51388888888889), ('9', 79.51388888888889), ('10', 78.125)]), '9': OrderedDict([('9', 72.56944444444444), ('10', 72.22222222222223)]), '10': OrderedDict([('10', 65.234375)])}
dropmatrix: [[96.52777777777777, 94.79166666666667, 94.44444444444444, 92.88194444444444, 92.36111111111111, 87.67361111111111, 87.67361111111111, 86.97916666666667, 82.98611111111111, 82.98611111111111], [92.3828125, 91.015625, 88.28125, 83.59375, 83.0078125, 82.421875, 77.9296875, 77.734375, 75.78125], [87.84722222222223, 86.45833333333333, 79.51388888888889, 77.08333333333333, 75.86805555555556, 73.78472222222223, 73.61111111111111, 73.61111111111111], [95.13888888888889, 93.75, 93.40277777777777, 93.22916666666667, 90.79861111111111, 88.88888888888889, 88.19444444444444], [64.6484375, 61.71875, 60.9375, 55.2734375, 55.078125, 54.4921875], [81.0546875, 80.859375, 80.2734375, 80.078125, 80.078125], [76.5625, 75.34722222222223, 75.0, 74.13194444444444], [79.51388888888889, 79.51388888888889, 78.125], [72.56944444444444, 72.22222222222223], [65.234375]]
global acc [[96.52777778]
 [93.58723958]
 [91.10243056]
 [90.69010417]
 [82.7734375 ]
 [80.6568287 ]
 [79.65029762]
 [77.4875217 ]
 [76.16222994]
 [74.48567708]]
pt acc [[[96.52777778]
  [94.79166667]
  [94.44444444]
  [92.88194444]
  [92.36111111]
  [87.67361111]
  [87.67361111]
  [86.97916667]
  [82.98611111]
  [82.98611111]]

 [[ 0.        ]
  [92.3828125 ]
  [91.015625  ]
  [88.28125   ]
  [83.59375   ]
  [83.0078125 ]
  [82.421875  ]
  [77.9296875 ]
  [77.734375  ]
  [75.78125   ]]

 [[ 0.        ]
  [ 0.        ]
  [87.84722222]
  [86.45833333]
  [79.51388889]
  [77.08333333]
  [75.86805556]
  [73.78472222]
  [73.61111111]
  [73.61111111]]

 [[ 0.        ]
  [ 0.        ]
  [ 0.        ]
  [95.13888889]
  [93.75      ]
  [93.40277778]
  [93.22916667]
  [90.79861111]
  [88.88888889]
  [88.19444444]]

 [[ 0.        ]
  [ 0.        ]
  [ 0.        ]
  [ 0.        ]
  [64.6484375 ]
  [61.71875   ]
  [60.9375    ]
  [55.2734375 ]
  [55.078125  ]
  [54.4921875 ]]

 [[ 0.        ]
  [ 0.        ]
  [ 0.        ]
  [ 0.        ]
  [ 0.        ]
  [81.0546875 ]
  [80.859375  ]
  [80.2734375 ]
  [80.078125  ]
  [80.078125  ]]

 [[ 0.        ]
  [ 0.        ]
  [ 0.        ]
  [ 0.        ]
  [ 0.        ]
  [ 0.        ]
  [76.5625    ]
  [75.34722222]
  [75.        ]
  [74.13194444]]

 [[ 0.        ]
  [ 0.        ]
  [ 0.        ]
  [ 0.        ]
  [ 0.        ]
  [ 0.        ]
  [ 0.        ]
  [79.51388889]
  [79.51388889]
  [78.125     ]]

 [[ 0.        ]
  [ 0.        ]
  [ 0.        ]
  [ 0.        ]
  [ 0.        ]
  [ 0.        ]
  [ 0.        ]
  [ 0.        ]
  [72.56944444]
  [72.22222222]]

 [[ 0.        ]
  [ 0.        ]
  [ 0.        ]
  [ 0.        ]
  [ 0.        ]
  [ 0.        ]
  [ 0.        ]
  [ 0.        ]
  [ 0.        ]
  [65.234375  ]]]
===Summary of experiment repeats: 1 / 1 ===
acc  | mean: 74.48567708333333 std: 0.0
74.49 \pm 0.0
time  | mean: 0.2169423496723175 std: 0.0
0.22 \pm 0.0
[]
/root/miniconda3/envs/apt/lib/python3.10/site-packages/numpy/_core/fromnumeric.py:3860: RuntimeWarning: Mean of empty slice.
  return _methods._mean(a, axis=axis, dtype=dtype,
/root/miniconda3/envs/apt/lib/python3.10/site-packages/numpy/_core/_methods.py:145: RuntimeWarning: invalid value encountered in scalar divide
  ret = ret.dtype.type(ret / rcount)
/root/miniconda3/envs/apt/lib/python3.10/site-packages/numpy/_core/_methods.py:223: RuntimeWarning: Degrees of freedom <= 0 for slice
  ret = _var(a, axis=axis, dtype=dtype, out=out, ddof=ddof,
/root/miniconda3/envs/apt/lib/python3.10/site-packages/numpy/_core/_methods.py:181: RuntimeWarning: invalid value encountered in divide
  arrmean = um.true_divide(arrmean, div, out=arrmean,
/root/miniconda3/envs/apt/lib/python3.10/site-packages/numpy/_core/_methods.py:215: RuntimeWarning: invalid value encountered in scalar divide
  ret = ret.dtype.type(ret / rcount)
forgetting , nan \pm nan
