Namespace(dataset='CUB200', first_split_size=20, other_split_size=20, schedule=25, schedule_type='cosine', batch_size=64, optimizer='Adam', momentum=0.9, weight_decay=0, model_type='zoo', model_name='vit_pt_imnet', max_task=-1, dataroot='data', workers=4, validation=False, train_aug=True, rand_split=True, gpuid=[0], log_dir='./checkpoints/CUB200-imp/seed1', learner_type='apt_imp', learner_name='APT_IMP_Learner', debug_mode=0, repeat=1, overwrite=0, oracle_flag=False, upper_bound_flag=False, memory=0, temp=2.0, DW=False, prompt_param=['0.01'], seed=1, lr=0.02, ema_coeff=0.7, config='configs/cub200_imp.yaml')
************************************
* STARTING TRIAL 1
************************************
=============================================
Shuffling....seed is 1
pre-shuffle:[0, 1, 2, 3, 4, 5, 6, 7, 8, 9, 10, 11, 12, 13, 14, 15, 16, 17, 18, 19, 20, 21, 22, 23, 24, 25, 26, 27, 28, 29, 30, 31, 32, 33, 34, 35, 36, 37, 38, 39, 40, 41, 42, 43, 44, 45, 46, 47, 48, 49, 50, 51, 52, 53, 54, 55, 56, 57, 58, 59, 60, 61, 62, 63, 64, 65, 66, 67, 68, 69, 70, 71, 72, 73, 74, 75, 76, 77, 78, 79, 80, 81, 82, 83, 84, 85, 86, 87, 88, 89, 90, 91, 92, 93, 94, 95, 96, 97, 98, 99, 100, 101, 102, 103, 104, 105, 106, 107, 108, 109, 110, 111, 112, 113, 114, 115, 116, 117, 118, 119, 120, 121, 122, 123, 124, 125, 126, 127, 128, 129, 130, 131, 132, 133, 134, 135, 136, 137, 138, 139, 140, 141, 142, 143, 144, 145, 146, 147, 148, 149, 150, 151, 152, 153, 154, 155, 156, 157, 158, 159, 160, 161, 162, 163, 164, 165, 166, 167, 168, 169, 170, 171, 172, 173, 174, 175, 176, 177, 178, 179, 180, 181, 182, 183, 184, 185, 186, 187, 188, 189, 190, 191, 192, 193, 194, 195, 196, 197, 198, 199]
post-shuffle:[33, 146, 79, 19, 23, 131, 12, 187, 174, 32, 86, 123, 109, 171, 42, 170, 179, 31, 36, 10, 180, 9, 121, 27, 57, 157, 96, 163, 160, 41, 43, 18, 169, 154, 119, 159, 15, 17, 63, 28, 76, 183, 4, 168, 80, 104, 161, 156, 37, 35, 11, 40, 14, 192, 134, 38, 94, 102, 113, 105, 111, 67, 87, 83, 91, 188, 89, 116, 52, 101, 167, 198, 139, 46, 61, 164, 54, 175, 71, 191, 196, 92, 49, 181, 140, 144, 125, 199, 177, 45, 73, 130, 186, 51, 136, 70, 69, 149, 98, 1, 29, 64, 132, 21, 82, 118, 153, 147, 78, 143, 90, 39, 152, 60, 3, 137, 133, 148, 50, 107, 66, 20, 184, 13, 197, 84, 182, 22, 95, 93, 44, 176, 103, 62, 122, 8, 100, 150, 127, 72, 77, 48, 129, 165, 128, 85, 194, 75, 47, 25, 142, 106, 172, 74, 117, 162, 158, 88, 59, 141, 193, 112, 56, 135, 173, 108, 55, 189, 2, 138, 190, 6, 5, 185, 81, 26, 151, 58, 68, 114, 178, 0, 155, 110, 99, 7, 124, 24, 53, 97, 166, 120, 115, 126, 30, 65, 16, 195, 145, 34]
=============================================
*****************************************
====================== 1 =======================
Incremental class: Old valid output dimension: 0
Incremental class: New Valid output dimension: 20
/root/miniconda3/envs/apt/lib/python3.10/site-packages/torch/utils/data/dataloader.py:557: UserWarning: This DataLoader will create 4 worker processes in total. Our suggested max number of worker in current system is 3, which is smaller than what this DataLoader is going to create. Please be aware that excessive worker creation might get DataLoader running slow or even freeze, lower the worker number to avoid potential slowness/freeze if necessary.
  warnings.warn(_create_warning_msg(
Overwriting ...
/root/dl_project/Additive-Prompt-Tuning/learners/default.py:239: FutureWarning: You are using `torch.load` with `weights_only=False` (the current default value), which uses the default pickle module implicitly. It is possible to construct malicious pickle data which will execute arbitrary code during unpickling (See https://github.com/pytorch/pytorch/blob/main/SECURITY.md#untrusted-models for more details). In a future release, the default value for `weights_only` will be flipped to `True`. This limits the functions that could be executed during unpickling. Arbitrary objects will no longer be allowed to be loaded via this mode unless they are explicitly allowlisted by the user via `torch.serialization.add_safe_globals`. We recommend you start setting `weights_only=True` for any use case where you don't have full control of the loaded file. Please open an issue on GitHub for any issues related to this experimental feature.
  model_dict = torch.load(filename + 'class.pth')
Optimizer is reset!
*****************************************
LR: 0.02
Epoch:1/25
 * Loss 1.213 | Train Acc 66.016
LR: 0.02
Epoch:2/25
 * Loss 0.275 | Train Acc 91.797
LR: 0.01995803031515996
Epoch:3/25
 * Loss 0.223 | Train Acc 91.797
LR: 0.019832297406084384
Epoch:4/25
 * Loss 0.178 | Train Acc 95.312
LR: 0.01962332896983008
Epoch:5/25
 * Loss 0.226 | Train Acc 93.164
LR: 0.019332002040338147
Epoch:6/25
 * Loss 0.197 | Train Acc 94.531
LR: 0.01895953930755021
Epoch:7/25
 * Loss 0.221 | Train Acc 93.164
LR: 0.018507503985817242
Epoch:8/25
 * Loss 0.219 | Train Acc 93.359
LR: 0.017977793253138218
Epoch:9/25
 * Loss 0.227 | Train Acc 92.969
LR: 0.017372630288763825
Epoch:10/25
 * Loss 0.137 | Train Acc 96.094
LR: 0.016694554942583234
Epoch:11/25
 * Loss 0.177 | Train Acc 95.117
LR: 0.015946413075454142
Epoch:12/25
 * Loss 0.146 | Train Acc 95.703
LR: 0.015131344615214457
Epoch:13/25
 * Loss 0.172 | Train Acc 94.336
LR: 0.014252770378504108
Epoch:14/25
 * Loss 0.145 | Train Acc 95.703
LR: 0.013314377713705425
Epoch:15/25
 * Loss 0.158 | Train Acc 96.094
LR: 0.012320105025258196
Epoch:16/25
 * Loss 0.119 | Train Acc 96.680
LR: 0.011274125244300335
Epoch:17/25
 * Loss 0.124 | Train Acc 96.289
LR: 0.010180828315007424
Epoch:18/25
 * Loss 0.140 | Train Acc 95.508
LR: 0.009044802770135373
Epoch:19/25
 * Loss 0.142 | Train Acc 96.680
LR: 0.007870816473093028
Epoch:20/25
 * Loss 0.146 | Train Acc 95.508
LR: 0.00666379660736973
Epoch:21/25
 * Loss 0.138 | Train Acc 95.703
LR: 0.005428808997301486
Epoch:22/25
 * Loss 0.166 | Train Acc 94.531
LR: 0.004171036846965889
Epoch:23/25
 * Loss 0.113 | Train Acc 96.484
LR: 0.0028957589864379565
Epoch:24/25
 * Loss 0.119 | Train Acc 97.266
LR: 0.0016083277167066668
Epoch:25/25
 * Loss 0.128 | Train Acc 96.680
=> Saving class model to: ./checkpoints/CUB200-imp/seed1/models/repeat-1/task-1/
=> Save Done
Calculating prompt importance (Fisher Information)...
Importance calculation complete.
validation split name: 1 local = False
 * Val Acc 97.461, Total time 2.19
====================== 2 =======================
Incremental class: Old valid output dimension: 20
Incremental class: New Valid output dimension: 40
Overwriting ...
Optimizer is reset!
*****************************************
LR: 0.02
Epoch:1/25
 * Loss 1.108 | Train Acc 70.312
LR: 0.02
Epoch:2/25
 * Loss 0.344 | Train Acc 89.648
LR: 0.01995803031515996
Epoch:3/25
 * Loss 0.251 | Train Acc 92.969
LR: 0.019832297406084384
Epoch:4/25
 * Loss 0.213 | Train Acc 92.773
LR: 0.01962332896983008
Epoch:5/25
 * Loss 0.243 | Train Acc 92.578
LR: 0.019332002040338147
Epoch:6/25
 * Loss 0.187 | Train Acc 94.531
LR: 0.01895953930755021
Epoch:7/25
 * Loss 0.175 | Train Acc 94.531
LR: 0.018507503985817242
Epoch:8/25
 * Loss 0.153 | Train Acc 95.703
LR: 0.017977793253138218
Epoch:9/25
 * Loss 0.188 | Train Acc 94.727
LR: 0.017372630288763825
Epoch:10/25
 * Loss 0.150 | Train Acc 95.898
LR: 0.016694554942583234
Epoch:11/25
 * Loss 0.126 | Train Acc 97.070
LR: 0.015946413075454142
Epoch:12/25
 * Loss 0.151 | Train Acc 95.898
LR: 0.015131344615214457
Epoch:13/25
 * Loss 0.189 | Train Acc 95.117
LR: 0.014252770378504108
Epoch:14/25
 * Loss 0.159 | Train Acc 94.727
LR: 0.013314377713705425
Epoch:15/25
 * Loss 0.144 | Train Acc 95.508
LR: 0.012320105025258196
Epoch:16/25
 * Loss 0.117 | Train Acc 96.875
LR: 0.011274125244300335
Epoch:17/25
 * Loss 0.112 | Train Acc 97.070
LR: 0.010180828315007424
Epoch:18/25
 * Loss 0.166 | Train Acc 95.508
LR: 0.009044802770135373
Epoch:19/25
 * Loss 0.176 | Train Acc 94.922
LR: 0.007870816473093028
Epoch:20/25
 * Loss 0.152 | Train Acc 95.312
LR: 0.00666379660736973
Epoch:21/25
 * Loss 0.125 | Train Acc 96.484
LR: 0.005428808997301486
Epoch:22/25
 * Loss 0.124 | Train Acc 96.875
LR: 0.004171036846965889
Epoch:23/25
 * Loss 0.149 | Train Acc 95.508
LR: 0.0028957589864379565
Epoch:24/25
 * Loss 0.130 | Train Acc 96.094
LR: 0.0016083277167066668
Epoch:25/25
 * Loss 0.129 | Train Acc 96.484
=> Saving class model to: ./checkpoints/CUB200-imp/seed1/models/repeat-1/task-2/
=> Save Done
Calculating prompt importance (Fisher Information)...
Importance calculation complete.
validation split name: 1 local = False
 * Val Acc 96.094, Total time 2.30
validation split name: 2 local = False
 * Val Acc 92.578, Total time 2.05
====================== 3 =======================
Incremental class: Old valid output dimension: 40
Incremental class: New Valid output dimension: 60
Overwriting ...
Optimizer is reset!
*****************************************
LR: 0.02
Epoch:1/25
 * Loss 1.080 | Train Acc 73.047
LR: 0.02
Epoch:2/25
 * Loss 0.324 | Train Acc 91.016
LR: 0.01995803031515996
Epoch:3/25
 * Loss 0.294 | Train Acc 90.820
LR: 0.019832297406084384
Epoch:4/25
 * Loss 0.228 | Train Acc 93.750
LR: 0.01962332896983008
Epoch:5/25
 * Loss 0.190 | Train Acc 94.531
LR: 0.019332002040338147
Epoch:6/25
 * Loss 0.165 | Train Acc 95.117
LR: 0.01895953930755021
Epoch:7/25
 * Loss 0.169 | Train Acc 95.117
LR: 0.018507503985817242
Epoch:8/25
 * Loss 0.159 | Train Acc 96.094
LR: 0.017977793253138218
Epoch:9/25
 * Loss 0.133 | Train Acc 96.484
LR: 0.017372630288763825
Epoch:10/25
 * Loss 0.159 | Train Acc 95.703
LR: 0.016694554942583234
Epoch:11/25
 * Loss 0.143 | Train Acc 95.898
LR: 0.015946413075454142
Epoch:12/25
 * Loss 0.121 | Train Acc 96.094
LR: 0.015131344615214457
Epoch:13/25
 * Loss 0.184 | Train Acc 94.531
LR: 0.014252770378504108
Epoch:14/25
 * Loss 0.138 | Train Acc 95.703
LR: 0.013314377713705425
Epoch:15/25
 * Loss 0.194 | Train Acc 93.750
LR: 0.012320105025258196
Epoch:16/25
 * Loss 0.125 | Train Acc 97.656
LR: 0.011274125244300335
Epoch:17/25
 * Loss 0.217 | Train Acc 94.336
LR: 0.010180828315007424
Epoch:18/25
 * Loss 0.137 | Train Acc 96.094
LR: 0.009044802770135373
Epoch:19/25
 * Loss 0.142 | Train Acc 95.508
LR: 0.007870816473093028
Epoch:20/25
 * Loss 0.142 | Train Acc 96.094
LR: 0.00666379660736973
Epoch:21/25
 * Loss 0.132 | Train Acc 96.289
LR: 0.005428808997301486
Epoch:22/25
 * Loss 0.123 | Train Acc 96.094
LR: 0.004171036846965889
Epoch:23/25
 * Loss 0.121 | Train Acc 96.484
LR: 0.0028957589864379565
Epoch:24/25
 * Loss 0.097 | Train Acc 96.484
LR: 0.0016083277167066668
Epoch:25/25
 * Loss 0.135 | Train Acc 95.703
=> Saving class model to: ./checkpoints/CUB200-imp/seed1/models/repeat-1/task-3/
=> Save Done
Calculating prompt importance (Fisher Information)...
Importance calculation complete.
validation split name: 1 local = False
 * Val Acc 91.016, Total time 2.10
validation split name: 2 local = False
 * Val Acc 89.258, Total time 2.09
validation split name: 3 local = False
 * Val Acc 80.556, Total time 2.49
====================== 4 =======================
Incremental class: Old valid output dimension: 60
Incremental class: New Valid output dimension: 80
Overwriting ...
Optimizer is reset!
*****************************************
LR: 0.02
Epoch:1/25
 * Loss 0.740 | Train Acc 77.734
LR: 0.02
Epoch:2/25
 * Loss 0.223 | Train Acc 93.750
LR: 0.01995803031515996
Epoch:3/25
 * Loss 0.189 | Train Acc 94.141
LR: 0.019832297406084384
Epoch:4/25
 * Loss 0.164 | Train Acc 94.531
LR: 0.01962332896983008
Epoch:5/25
 * Loss 0.134 | Train Acc 95.508
LR: 0.019332002040338147
Epoch:6/25
 * Loss 0.136 | Train Acc 96.094
LR: 0.01895953930755021
Epoch:7/25
 * Loss 0.121 | Train Acc 96.484
LR: 0.018507503985817242
Epoch:8/25
 * Loss 0.139 | Train Acc 95.898
LR: 0.017977793253138218
Epoch:9/25
 * Loss 0.099 | Train Acc 97.266
LR: 0.017372630288763825
Epoch:10/25
 * Loss 0.105 | Train Acc 96.289
LR: 0.016694554942583234
Epoch:11/25
 * Loss 0.072 | Train Acc 98.047
LR: 0.015946413075454142
Epoch:12/25
 * Loss 0.067 | Train Acc 98.242
LR: 0.015131344615214457
Epoch:13/25
 * Loss 0.082 | Train Acc 97.461
LR: 0.014252770378504108
Epoch:14/25
 * Loss 0.081 | Train Acc 97.461
LR: 0.013314377713705425
Epoch:15/25
 * Loss 0.079 | Train Acc 97.656
LR: 0.012320105025258196
Epoch:16/25
 * Loss 0.141 | Train Acc 95.898
LR: 0.011274125244300335
Epoch:17/25
 * Loss 0.098 | Train Acc 96.484
LR: 0.010180828315007424
Epoch:18/25
 * Loss 0.066 | Train Acc 98.242
LR: 0.009044802770135373
Epoch:19/25
 * Loss 0.150 | Train Acc 95.703
LR: 0.007870816473093028
Epoch:20/25
 * Loss 0.105 | Train Acc 97.266
LR: 0.00666379660736973
Epoch:21/25
 * Loss 0.062 | Train Acc 98.438
LR: 0.005428808997301486
Epoch:22/25
 * Loss 0.085 | Train Acc 97.656
LR: 0.004171036846965889
Epoch:23/25
 * Loss 0.084 | Train Acc 97.656
LR: 0.0028957589864379565
Epoch:24/25
 * Loss 0.105 | Train Acc 97.070
LR: 0.0016083277167066668
Epoch:25/25
 * Loss 0.072 | Train Acc 97.852
=> Saving class model to: ./checkpoints/CUB200-imp/seed1/models/repeat-1/task-4/
=> Save Done
Calculating prompt importance (Fisher Information)...
Importance calculation complete.
validation split name: 1 local = False
 * Val Acc 88.086, Total time 2.06
validation split name: 2 local = False
 * Val Acc 76.953, Total time 2.14
validation split name: 3 local = False
 * Val Acc 75.521, Total time 2.54
validation split name: 4 local = False
 * Val Acc 97.049, Total time 2.34
====================== 5 =======================
Incremental class: Old valid output dimension: 80
Incremental class: New Valid output dimension: 100
Overwriting ...
Optimizer is reset!
*****************************************
LR: 0.02
Epoch:1/25
 * Loss 0.861 | Train Acc 77.344
LR: 0.02
Epoch:2/25
 * Loss 0.274 | Train Acc 91.602
LR: 0.01995803031515996
Epoch:3/25
 * Loss 0.153 | Train Acc 95.703
LR: 0.019832297406084384
Epoch:4/25
 * Loss 0.143 | Train Acc 95.703
LR: 0.01962332896983008
Epoch:5/25
 * Loss 0.183 | Train Acc 93.359
LR: 0.019332002040338147
Epoch:6/25
 * Loss 0.153 | Train Acc 95.508
LR: 0.01895953930755021
Epoch:7/25
 * Loss 0.161 | Train Acc 96.094
LR: 0.018507503985817242
Epoch:8/25
 * Loss 0.184 | Train Acc 94.531
LR: 0.017977793253138218
Epoch:9/25
 * Loss 0.078 | Train Acc 97.852
LR: 0.017372630288763825
Epoch:10/25
 * Loss 0.156 | Train Acc 94.922
LR: 0.016694554942583234
Epoch:11/25
 * Loss 0.111 | Train Acc 97.266
LR: 0.015946413075454142
Epoch:12/25
 * Loss 0.132 | Train Acc 96.289
LR: 0.015131344615214457
Epoch:13/25
 * Loss 0.118 | Train Acc 96.484
LR: 0.014252770378504108
Epoch:14/25
 * Loss 0.093 | Train Acc 98.047
LR: 0.013314377713705425
Epoch:15/25
 * Loss 0.071 | Train Acc 98.242
LR: 0.012320105025258196
Epoch:16/25
 * Loss 0.093 | Train Acc 97.656
LR: 0.011274125244300335
Epoch:17/25
 * Loss 0.081 | Train Acc 97.461
LR: 0.010180828315007424
Epoch:18/25
 * Loss 0.119 | Train Acc 96.680
LR: 0.009044802770135373
Epoch:19/25
 * Loss 0.121 | Train Acc 96.680
LR: 0.007870816473093028
Epoch:20/25
 * Loss 0.096 | Train Acc 97.461
LR: 0.00666379660736973
Epoch:21/25
 * Loss 0.126 | Train Acc 96.484
LR: 0.005428808997301486
Epoch:22/25
 * Loss 0.114 | Train Acc 96.289
LR: 0.004171036846965889
Epoch:23/25
 * Loss 0.102 | Train Acc 97.656
LR: 0.0028957589864379565
Epoch:24/25
 * Loss 0.062 | Train Acc 98.242
LR: 0.0016083277167066668
Epoch:25/25
 * Loss 0.068 | Train Acc 98.242
=> Saving class model to: ./checkpoints/CUB200-imp/seed1/models/repeat-1/task-5/
=> Save Done
Calculating prompt importance (Fisher Information)...
Importance calculation complete.
validation split name: 1 local = False
 * Val Acc 87.695, Total time 2.25
validation split name: 2 local = False
 * Val Acc 71.094, Total time 2.01
validation split name: 3 local = False
 * Val Acc 71.701, Total time 2.15
validation split name: 4 local = False
 * Val Acc 95.833, Total time 2.36
validation split name: 5 local = False
 * Val Acc 80.556, Total time 2.32
====================== 6 =======================
Incremental class: Old valid output dimension: 100
Incremental class: New Valid output dimension: 120
Overwriting ...
Optimizer is reset!
*****************************************
LR: 0.02
Epoch:1/25
 * Loss 1.059 | Train Acc 70.508
LR: 0.02
Epoch:2/25
 * Loss 0.313 | Train Acc 89.258
LR: 0.01995803031515996
Epoch:3/25
 * Loss 0.301 | Train Acc 88.672
LR: 0.019832297406084384
Epoch:4/25
 * Loss 0.234 | Train Acc 91.406
LR: 0.01962332896983008
Epoch:5/25
 * Loss 0.226 | Train Acc 92.188
LR: 0.019332002040338147
Epoch:6/25
 * Loss 0.210 | Train Acc 92.578
LR: 0.01895953930755021
Epoch:7/25
 * Loss 0.225 | Train Acc 93.945
LR: 0.018507503985817242
Epoch:8/25
 * Loss 0.172 | Train Acc 93.945
LR: 0.017977793253138218
Epoch:9/25
 * Loss 0.176 | Train Acc 94.141
LR: 0.017372630288763825
Epoch:10/25
 * Loss 0.176 | Train Acc 93.945
LR: 0.016694554942583234
Epoch:11/25
 * Loss 0.128 | Train Acc 96.289
LR: 0.015946413075454142
Epoch:12/25
 * Loss 0.180 | Train Acc 94.336
LR: 0.015131344615214457
Epoch:13/25
 * Loss 0.144 | Train Acc 96.094
LR: 0.014252770378504108
Epoch:14/25
 * Loss 0.159 | Train Acc 94.727
LR: 0.013314377713705425
Epoch:15/25
 * Loss 0.154 | Train Acc 95.117
LR: 0.012320105025258196
Epoch:16/25
 * Loss 0.168 | Train Acc 94.727
LR: 0.011274125244300335
Epoch:17/25
 * Loss 0.165 | Train Acc 95.312
LR: 0.010180828315007424
Epoch:18/25
 * Loss 0.175 | Train Acc 95.703
LR: 0.009044802770135373
Epoch:19/25
 * Loss 0.147 | Train Acc 96.289
LR: 0.007870816473093028
Epoch:20/25
 * Loss 0.131 | Train Acc 96.289
LR: 0.00666379660736973
Epoch:21/25
 * Loss 0.134 | Train Acc 95.703
LR: 0.005428808997301486
Epoch:22/25
 * Loss 0.112 | Train Acc 97.266
LR: 0.004171036846965889
Epoch:23/25
 * Loss 0.134 | Train Acc 95.312
LR: 0.0028957589864379565
Epoch:24/25
 * Loss 0.152 | Train Acc 95.312
LR: 0.0016083277167066668
Epoch:25/25
 * Loss 0.136 | Train Acc 96.289
=> Saving class model to: ./checkpoints/CUB200-imp/seed1/models/repeat-1/task-6/
=> Save Done
Calculating prompt importance (Fisher Information)...
Importance calculation complete.
validation split name: 1 local = False
 * Val Acc 87.305, Total time 2.04
validation split name: 2 local = False
 * Val Acc 68.945, Total time 2.03
validation split name: 3 local = False
 * Val Acc 70.486, Total time 2.44
validation split name: 4 local = False
 * Val Acc 94.792, Total time 2.23
validation split name: 5 local = False
 * Val Acc 77.778, Total time 2.55
validation split name: 6 local = False
 * Val Acc 65.972, Total time 2.28
====================== 7 =======================
Incremental class: Old valid output dimension: 120
Incremental class: New Valid output dimension: 140
Overwriting ...
Optimizer is reset!
*****************************************
LR: 0.02
Epoch:1/25
 * Loss 0.962 | Train Acc 75.586
LR: 0.02
Epoch:2/25
 * Loss 0.238 | Train Acc 92.578
LR: 0.01995803031515996
Epoch:3/25
 * Loss 0.261 | Train Acc 91.992
LR: 0.019832297406084384
Epoch:4/25
 * Loss 0.188 | Train Acc 93.945
LR: 0.01962332896983008
Epoch:5/25
 * Loss 0.164 | Train Acc 95.508
LR: 0.019332002040338147
Epoch:6/25
 * Loss 0.135 | Train Acc 95.312
LR: 0.01895953930755021
Epoch:7/25
 * Loss 0.174 | Train Acc 94.727
LR: 0.018507503985817242
Epoch:8/25
 * Loss 0.114 | Train Acc 96.875
LR: 0.017977793253138218
Epoch:9/25
 * Loss 0.126 | Train Acc 96.094
LR: 0.017372630288763825
Epoch:10/25
 * Loss 0.168 | Train Acc 95.312
LR: 0.016694554942583234
Epoch:11/25
 * Loss 0.144 | Train Acc 95.898
LR: 0.015946413075454142
Epoch:12/25
 * Loss 0.129 | Train Acc 95.898
LR: 0.015131344615214457
Epoch:13/25
 * Loss 0.122 | Train Acc 96.680
LR: 0.014252770378504108
Epoch:14/25
 * Loss 0.111 | Train Acc 96.875
LR: 0.013314377713705425
Epoch:15/25
 * Loss 0.145 | Train Acc 95.508
LR: 0.012320105025258196
Epoch:16/25
 * Loss 0.127 | Train Acc 96.875
LR: 0.011274125244300335
Epoch:17/25
 * Loss 0.098 | Train Acc 97.461
LR: 0.010180828315007424
Epoch:18/25
 * Loss 0.062 | Train Acc 98.828
LR: 0.009044802770135373
Epoch:19/25
 * Loss 0.109 | Train Acc 97.070
LR: 0.007870816473093028
Epoch:20/25
 * Loss 0.106 | Train Acc 97.070
LR: 0.00666379660736973
Epoch:21/25
 * Loss 0.139 | Train Acc 96.875
LR: 0.005428808997301486
Epoch:22/25
 * Loss 0.099 | Train Acc 96.875
LR: 0.004171036846965889
Epoch:23/25
 * Loss 0.135 | Train Acc 95.703
LR: 0.0028957589864379565
Epoch:24/25
 * Loss 0.120 | Train Acc 96.289
LR: 0.0016083277167066668
Epoch:25/25
 * Loss 0.077 | Train Acc 97.656
=> Saving class model to: ./checkpoints/CUB200-imp/seed1/models/repeat-1/task-7/
=> Save Done
Calculating prompt importance (Fisher Information)...
Importance calculation complete.
validation split name: 1 local = False
 * Val Acc 86.523, Total time 2.01
validation split name: 2 local = False
 * Val Acc 67.383, Total time 2.13
validation split name: 3 local = False
 * Val Acc 64.236, Total time 2.29
validation split name: 4 local = False
 * Val Acc 94.444, Total time 2.56
validation split name: 5 local = False
 * Val Acc 76.389, Total time 2.24
validation split name: 6 local = False
 * Val Acc 65.625, Total time 2.38
validation split name: 7 local = False
 * Val Acc 71.354, Total time 2.25
====================== 8 =======================
Incremental class: Old valid output dimension: 140
Incremental class: New Valid output dimension: 160
Overwriting ...
Optimizer is reset!
*****************************************
LR: 0.02
Epoch:1/25
 * Loss 0.894 | Train Acc 71.484
LR: 0.02
Epoch:2/25
 * Loss 0.314 | Train Acc 92.383
LR: 0.01995803031515996
Epoch:3/25
 * Loss 0.213 | Train Acc 93.359
LR: 0.019832297406084384
Epoch:4/25
 * Loss 0.212 | Train Acc 94.336
LR: 0.01962332896983008
Epoch:5/25
 * Loss 0.163 | Train Acc 95.117
LR: 0.019332002040338147
Epoch:6/25
 * Loss 0.227 | Train Acc 93.359
LR: 0.01895953930755021
Epoch:7/25
 * Loss 0.165 | Train Acc 94.141
LR: 0.018507503985817242
Epoch:8/25
 * Loss 0.097 | Train Acc 97.461
LR: 0.017977793253138218
Epoch:9/25
 * Loss 0.152 | Train Acc 94.727
LR: 0.017372630288763825
Epoch:10/25
 * Loss 0.198 | Train Acc 94.727
LR: 0.016694554942583234
Epoch:11/25
 * Loss 0.182 | Train Acc 94.727
LR: 0.015946413075454142
Epoch:12/25
 * Loss 0.140 | Train Acc 95.703
LR: 0.015131344615214457
Epoch:13/25
 * Loss 0.100 | Train Acc 96.680
LR: 0.014252770378504108
Epoch:14/25
 * Loss 0.115 | Train Acc 96.289
LR: 0.013314377713705425
Epoch:15/25
 * Loss 0.097 | Train Acc 97.266
LR: 0.012320105025258196
Epoch:16/25
 * Loss 0.158 | Train Acc 95.117
LR: 0.011274125244300335
Epoch:17/25
 * Loss 0.111 | Train Acc 96.680
LR: 0.010180828315007424
Epoch:18/25
 * Loss 0.091 | Train Acc 97.852
LR: 0.009044802770135373
Epoch:19/25
 * Loss 0.137 | Train Acc 94.922
LR: 0.007870816473093028
Epoch:20/25
 * Loss 0.071 | Train Acc 98.047
LR: 0.00666379660736973
Epoch:21/25
 * Loss 0.102 | Train Acc 97.656
LR: 0.005428808997301486
Epoch:22/25
 * Loss 0.116 | Train Acc 96.484
LR: 0.004171036846965889
Epoch:23/25
 * Loss 0.144 | Train Acc 95.703
LR: 0.0028957589864379565
Epoch:24/25
 * Loss 0.106 | Train Acc 96.680
LR: 0.0016083277167066668
Epoch:25/25
 * Loss 0.086 | Train Acc 97.852
=> Saving class model to: ./checkpoints/CUB200-imp/seed1/models/repeat-1/task-8/
=> Save Done
Calculating prompt importance (Fisher Information)...
Importance calculation complete.
validation split name: 1 local = False
 * Val Acc 84.961, Total time 2.02
validation split name: 2 local = False
 * Val Acc 66.602, Total time 2.12
validation split name: 3 local = False
 * Val Acc 63.368, Total time 2.21
validation split name: 4 local = False
 * Val Acc 94.097, Total time 2.39
validation split name: 5 local = False
 * Val Acc 76.215, Total time 2.15
validation split name: 6 local = False
 * Val Acc 62.153, Total time 2.21
validation split name: 7 local = False
 * Val Acc 71.007, Total time 2.44
validation split name: 8 local = False
 * Val Acc 70.312, Total time 2.40
====================== 9 =======================
Incremental class: Old valid output dimension: 160
Incremental class: New Valid output dimension: 180
Overwriting ...
Optimizer is reset!
*****************************************
LR: 0.02
Epoch:1/25
 * Loss 0.870 | Train Acc 75.391
LR: 0.02
Epoch:2/25
 * Loss 0.254 | Train Acc 92.578
LR: 0.01995803031515996
Epoch:3/25
 * Loss 0.188 | Train Acc 93.555
LR: 0.019832297406084384
Epoch:4/25
 * Loss 0.197 | Train Acc 93.555
LR: 0.01962332896983008
Epoch:5/25
 * Loss 0.167 | Train Acc 94.922
LR: 0.019332002040338147
Epoch:6/25
 * Loss 0.184 | Train Acc 93.750
LR: 0.01895953930755021
Epoch:7/25
 * Loss 0.129 | Train Acc 96.094
LR: 0.018507503985817242
Epoch:8/25
 * Loss 0.123 | Train Acc 96.289
LR: 0.017977793253138218
Epoch:9/25
 * Loss 0.110 | Train Acc 97.461
LR: 0.017372630288763825
Epoch:10/25
 * Loss 0.140 | Train Acc 95.117
LR: 0.016694554942583234
Epoch:11/25
 * Loss 0.155 | Train Acc 95.508
LR: 0.015946413075454142
Epoch:12/25
 * Loss 0.145 | Train Acc 95.508
LR: 0.015131344615214457
Epoch:13/25
 * Loss 0.120 | Train Acc 96.289
LR: 0.014252770378504108
Epoch:14/25
 * Loss 0.140 | Train Acc 95.312
LR: 0.013314377713705425
Epoch:15/25
 * Loss 0.105 | Train Acc 97.070
LR: 0.012320105025258196
Epoch:16/25
 * Loss 0.095 | Train Acc 96.484
LR: 0.011274125244300335
Epoch:17/25
 * Loss 0.112 | Train Acc 96.094
LR: 0.010180828315007424
Epoch:18/25
 * Loss 0.102 | Train Acc 97.461
LR: 0.009044802770135373
Epoch:19/25
 * Loss 0.096 | Train Acc 97.656
LR: 0.007870816473093028
Epoch:20/25
 * Loss 0.079 | Train Acc 97.266
LR: 0.00666379660736973
Epoch:21/25
 * Loss 0.105 | Train Acc 97.461
LR: 0.005428808997301486
Epoch:22/25
 * Loss 0.117 | Train Acc 96.484
LR: 0.004171036846965889
Epoch:23/25
 * Loss 0.093 | Train Acc 96.289
LR: 0.0028957589864379565
Epoch:24/25
 * Loss 0.134 | Train Acc 95.703
LR: 0.0016083277167066668
Epoch:25/25
 * Loss 0.089 | Train Acc 97.656
=> Saving class model to: ./checkpoints/CUB200-imp/seed1/models/repeat-1/task-9/
=> Save Done
Calculating prompt importance (Fisher Information)...
Importance calculation complete.
validation split name: 1 local = False
 * Val Acc 84.961, Total time 2.19
validation split name: 2 local = False
 * Val Acc 66.016, Total time 2.14
validation split name: 3 local = False
 * Val Acc 62.847, Total time 2.45
validation split name: 4 local = False
 * Val Acc 93.229, Total time 2.76
validation split name: 5 local = False
 * Val Acc 74.479, Total time 2.29
validation split name: 6 local = False
 * Val Acc 61.979, Total time 2.21
validation split name: 7 local = False
 * Val Acc 70.833, Total time 2.24
validation split name: 8 local = False
 * Val Acc 69.965, Total time 2.19
validation split name: 9 local = False
 * Val Acc 73.438, Total time 2.00
====================== 10 =======================
Incremental class: Old valid output dimension: 180
Incremental class: New Valid output dimension: 200
Overwriting ...
Optimizer is reset!
*****************************************
LR: 0.02
Epoch:1/25
 * Loss 0.711 | Train Acc 78.516
LR: 0.02
Epoch:2/25
 * Loss 0.196 | Train Acc 94.336
LR: 0.01995803031515996
Epoch:3/25
 * Loss 0.155 | Train Acc 96.094
LR: 0.019832297406084384
Epoch:4/25
 * Loss 0.157 | Train Acc 95.312
LR: 0.01962332896983008
Epoch:5/25
 * Loss 0.113 | Train Acc 97.070
LR: 0.019332002040338147
Epoch:6/25
 * Loss 0.142 | Train Acc 95.508
LR: 0.01895953930755021
Epoch:7/25
 * Loss 0.118 | Train Acc 96.289
LR: 0.018507503985817242
Epoch:8/25
 * Loss 0.121 | Train Acc 97.266
LR: 0.017977793253138218
Epoch:9/25
 * Loss 0.089 | Train Acc 97.461
LR: 0.017372630288763825
Epoch:10/25
 * Loss 0.090 | Train Acc 97.656
LR: 0.016694554942583234
Epoch:11/25
 * Loss 0.080 | Train Acc 97.461
LR: 0.015946413075454142
Epoch:12/25
 * Loss 0.071 | Train Acc 98.047
LR: 0.015131344615214457
Epoch:13/25
 * Loss 0.103 | Train Acc 96.289
LR: 0.014252770378504108
Epoch:14/25
 * Loss 0.136 | Train Acc 96.289
LR: 0.013314377713705425
Epoch:15/25
 * Loss 0.123 | Train Acc 96.875
LR: 0.012320105025258196
Epoch:16/25
 * Loss 0.108 | Train Acc 96.484
LR: 0.011274125244300335
Epoch:17/25
 * Loss 0.057 | Train Acc 98.242
LR: 0.010180828315007424
Epoch:18/25
 * Loss 0.078 | Train Acc 97.852
LR: 0.009044802770135373
Epoch:19/25
 * Loss 0.089 | Train Acc 97.070
LR: 0.007870816473093028
Epoch:20/25
 * Loss 0.112 | Train Acc 96.680
LR: 0.00666379660736973
Epoch:21/25
 * Loss 0.088 | Train Acc 97.656
LR: 0.005428808997301486
Epoch:22/25
 * Loss 0.104 | Train Acc 96.875
LR: 0.004171036846965889
Epoch:23/25
 * Loss 0.060 | Train Acc 98.438
LR: 0.0028957589864379565
Epoch:24/25
 * Loss 0.096 | Train Acc 96.875
LR: 0.0016083277167066668
Epoch:25/25
 * Loss 0.077 | Train Acc 97.461
=> Saving class model to: ./checkpoints/CUB200-imp/seed1/models/repeat-1/task-10/
=> Save Done
Calculating prompt importance (Fisher Information)...
Importance calculation complete.
validation split name: 1 local = False
 * Val Acc 83.984, Total time 2.04
validation split name: 2 local = False
 * Val Acc 65.625, Total time 2.12
validation split name: 3 local = False
 * Val Acc 62.847, Total time 2.61
validation split name: 4 local = False
 * Val Acc 93.056, Total time 2.49
validation split name: 5 local = False
 * Val Acc 74.132, Total time 2.76
validation split name: 6 local = False
 * Val Acc 58.681, Total time 2.25
validation split name: 7 local = False
 * Val Acc 69.618, Total time 2.15
validation split name: 8 local = False
 * Val Acc 66.840, Total time 2.21
validation split name: 9 local = False
 * Val Acc 73.047, Total time 1.95
validation split name: 10 local = False
 * Val Acc 69.336, Total time 2.02
*****************************************
Incremental class: Old valid output dimension: 0
Incremental class: New Valid output dimension: 20
=> Load Done
===global validation====
test task 1, using model 1
validation split name: 1 local = False
 * Val Acc 97.461, Total time 2.52
Incremental class: Old valid output dimension: 20
Incremental class: New Valid output dimension: 40
Merging prompt with importance-based fusion...
=> Load Done
===global validation====
test task 1, using model 2
validation split name: 1 local = False
 * Val Acc 96.094, Total time 2.20
test task 2, using model 2
validation split name: 2 local = False
 * Val Acc 92.578, Total time 2.22
Incremental class: Old valid output dimension: 40
Incremental class: New Valid output dimension: 60
Merging prompt with importance-based fusion...
=> Load Done
===global validation====
test task 1, using model 3
validation split name: 1 local = False
 * Val Acc 91.016, Total time 2.19
test task 2, using model 3
validation split name: 2 local = False
 * Val Acc 89.258, Total time 2.29
test task 3, using model 3
validation split name: 3 local = False
 * Val Acc 80.556, Total time 2.35
Incremental class: Old valid output dimension: 60
Incremental class: New Valid output dimension: 80
Merging prompt with importance-based fusion...
=> Load Done
===global validation====
test task 1, using model 4
validation split name: 1 local = False
 * Val Acc 88.086, Total time 2.22
test task 2, using model 4
validation split name: 2 local = False
 * Val Acc 76.953, Total time 2.12
test task 3, using model 4
validation split name: 3 local = False
 * Val Acc 75.521, Total time 2.43
test task 4, using model 4
validation split name: 4 local = False
 * Val Acc 97.049, Total time 2.32
Incremental class: Old valid output dimension: 80
Incremental class: New Valid output dimension: 100
Merging prompt with importance-based fusion...
=> Load Done
===global validation====
test task 1, using model 5
validation split name: 1 local = False
 * Val Acc 87.695, Total time 2.12
test task 2, using model 5
validation split name: 2 local = False
 * Val Acc 71.094, Total time 2.21
test task 3, using model 5
validation split name: 3 local = False
 * Val Acc 71.701, Total time 2.34
test task 4, using model 5
validation split name: 4 local = False
 * Val Acc 95.833, Total time 2.38
test task 5, using model 5
validation split name: 5 local = False
 * Val Acc 80.556, Total time 2.71
Incremental class: Old valid output dimension: 100
Incremental class: New Valid output dimension: 120
Merging prompt with importance-based fusion...
=> Load Done
===global validation====
test task 1, using model 6
validation split name: 1 local = False
 * Val Acc 87.305, Total time 2.26
test task 2, using model 6
validation split name: 2 local = False
 * Val Acc 68.945, Total time 2.26
test task 3, using model 6
validation split name: 3 local = False
 * Val Acc 70.486, Total time 2.32
test task 4, using model 6
validation split name: 4 local = False
 * Val Acc 94.792, Total time 2.35
test task 5, using model 6
validation split name: 5 local = False
 * Val Acc 77.778, Total time 2.29
test task 6, using model 6
validation split name: 6 local = False
 * Val Acc 65.972, Total time 2.49
Incremental class: Old valid output dimension: 120
Incremental class: New Valid output dimension: 140
Merging prompt with importance-based fusion...
=> Load Done
===global validation====
test task 1, using model 7
validation split name: 1 local = False
 * Val Acc 86.523, Total time 2.38
test task 2, using model 7
validation split name: 2 local = False
 * Val Acc 67.383, Total time 2.16
test task 3, using model 7
validation split name: 3 local = False
 * Val Acc 64.236, Total time 2.47
test task 4, using model 7
validation split name: 4 local = False
 * Val Acc 94.444, Total time 2.81
test task 5, using model 7
validation split name: 5 local = False
 * Val Acc 76.389, Total time 2.25
test task 6, using model 7
validation split name: 6 local = False
 * Val Acc 65.625, Total time 2.47
test task 7, using model 7
validation split name: 7 local = False
 * Val Acc 71.354, Total time 2.52
Incremental class: Old valid output dimension: 140
Incremental class: New Valid output dimension: 160
Merging prompt with importance-based fusion...
=> Load Done
===global validation====
test task 1, using model 8
validation split name: 1 local = False
 * Val Acc 84.961, Total time 2.57
test task 2, using model 8
validation split name: 2 local = False
 * Val Acc 66.602, Total time 2.16
test task 3, using model 8
validation split name: 3 local = False
 * Val Acc 63.368, Total time 2.89
test task 4, using model 8
validation split name: 4 local = False
 * Val Acc 94.097, Total time 2.51
test task 5, using model 8
validation split name: 5 local = False
 * Val Acc 76.215, Total time 2.39
test task 6, using model 8
validation split name: 6 local = False
 * Val Acc 62.153, Total time 2.45
test task 7, using model 8
validation split name: 7 local = False
 * Val Acc 71.007, Total time 2.41
test task 8, using model 8
validation split name: 8 local = False
 * Val Acc 70.312, Total time 2.35
Incremental class: Old valid output dimension: 160
Incremental class: New Valid output dimension: 180
Merging prompt with importance-based fusion...
=> Load Done
===global validation====
test task 1, using model 9
validation split name: 1 local = False
 * Val Acc 84.961, Total time 2.08
test task 2, using model 9
validation split name: 2 local = False
 * Val Acc 66.016, Total time 2.54
test task 3, using model 9
validation split name: 3 local = False
 * Val Acc 62.847, Total time 2.33
test task 4, using model 9
validation split name: 4 local = False
 * Val Acc 93.229, Total time 2.41
test task 5, using model 9
validation split name: 5 local = False
 * Val Acc 74.479, Total time 2.43
test task 6, using model 9
validation split name: 6 local = False
 * Val Acc 61.979, Total time 2.54
test task 7, using model 9
validation split name: 7 local = False
 * Val Acc 70.833, Total time 2.28
test task 8, using model 9
validation split name: 8 local = False
 * Val Acc 69.965, Total time 2.36
test task 9, using model 9
validation split name: 9 local = False
 * Val Acc 73.438, Total time 2.33
Incremental class: Old valid output dimension: 180
Incremental class: New Valid output dimension: 200
Merging prompt with importance-based fusion...
=> Load Done
===global validation====
test task 1, using model 10
validation split name: 1 local = False
 * Val Acc 83.984, Total time 2.42
test task 2, using model 10
validation split name: 2 local = False
 * Val Acc 65.625, Total time 2.19
test task 3, using model 10
validation split name: 3 local = False
 * Val Acc 62.847, Total time 2.36
test task 4, using model 10
validation split name: 4 local = False
 * Val Acc 93.056, Total time 2.20
test task 5, using model 10
validation split name: 5 local = False
 * Val Acc 74.132, Total time 2.45
test task 6, using model 10
validation split name: 6 local = False
 * Val Acc 58.681, Total time 2.32
test task 7, using model 10
validation split name: 7 local = False
 * Val Acc 69.618, Total time 2.37
test task 8, using model 10
validation split name: 8 local = False
 * Val Acc 66.840, Total time 2.36
test task 9, using model 10
validation split name: 9 local = False
 * Val Acc 73.047, Total time 2.11
test task 10, using model 10
validation split name: 10 local = False
 * Val Acc 69.336, Total time 2.19
coda_forgetting= (np.float64(2.3521903858637083), np.float64(0.0))
general_forgetting= (np.float64(9.049479166666668), np.float64(0.0))
acctable, {'1': OrderedDict([('1', 97.4609375), ('2', 96.09375), ('3', 91.015625), ('4', 88.0859375), ('5', 87.6953125), ('6', 87.3046875), ('7', 86.5234375), ('8', 84.9609375), ('9', 84.9609375), ('10', 83.984375)]), '2': OrderedDict([('2', 92.578125), ('3', 89.2578125), ('4', 76.953125), ('5', 71.09375), ('6', 68.9453125), ('7', 67.3828125), ('8', 66.6015625), ('9', 66.015625), ('10', 65.625)]), '3': OrderedDict([('3', 80.55555555555556), ('4', 75.52083333333333), ('5', 71.70138888888889), ('6', 70.48611111111111), ('7', 64.23611111111111), ('8', 63.36805555555556), ('9', 62.84722222222222), ('10', 62.84722222222222)]), '4': OrderedDict([('4', 97.04861111111111), ('5', 95.83333333333333), ('6', 94.79166666666667), ('7', 94.44444444444444), ('8', 94.09722222222223), ('9', 93.22916666666667), ('10', 93.05555555555556)]), '5': OrderedDict([('5', 80.55555555555556), ('6', 77.77777777777777), ('7', 76.38888888888889), ('8', 76.21527777777777), ('9', 74.47916666666667), ('10', 74.13194444444444)]), '6': OrderedDict([('6', 65.97222222222223), ('7', 65.625), ('8', 62.15277777777778), ('9', 61.979166666666664), ('10', 58.68055555555556)]), '7': OrderedDict([('7', 71.35416666666667), ('8', 71.00694444444444), ('9', 70.83333333333333), ('10', 69.61805555555556)]), '8': OrderedDict([('8', 70.3125), ('9', 69.96527777777777), ('10', 66.84027777777777)]), '9': OrderedDict([('9', 73.4375), ('10', 73.046875)]), '10': OrderedDict([('10', 69.3359375)])}
dropmatrix: [[97.4609375, 96.09375, 91.015625, 88.0859375, 87.6953125, 87.3046875, 86.5234375, 84.9609375, 84.9609375, 83.984375], [92.578125, 89.2578125, 76.953125, 71.09375, 68.9453125, 67.3828125, 66.6015625, 66.015625, 65.625], [80.55555555555556, 75.52083333333333, 71.70138888888889, 70.48611111111111, 64.23611111111111, 63.36805555555556, 62.84722222222222, 62.84722222222222], [97.04861111111111, 95.83333333333333, 94.79166666666667, 94.44444444444444, 94.09722222222223, 93.22916666666667, 93.05555555555556], [80.55555555555556, 77.77777777777777, 76.38888888888889, 76.21527777777777, 74.47916666666667, 74.13194444444444], [65.97222222222223, 65.625, 62.15277777777778, 61.979166666666664, 58.68055555555556], [71.35416666666667, 71.00694444444444, 70.83333333333333, 69.61805555555556], [70.3125, 69.96527777777777, 66.84027777777777], [73.4375, 73.046875], [69.3359375]]
global acc [[97.4609375 ]
 [94.3359375 ]
 [86.94299769]
 [84.40212674]
 [81.37586806]
 [77.5462963 ]
 [75.13640873]
 [73.58940972]
 [73.08304398]
 [71.71657986]]
pt acc [[[97.4609375 ]
  [96.09375   ]
  [91.015625  ]
  [88.0859375 ]
  [87.6953125 ]
  [87.3046875 ]
  [86.5234375 ]
  [84.9609375 ]
  [84.9609375 ]
  [83.984375  ]]

 [[ 0.        ]
  [92.578125  ]
  [89.2578125 ]
  [76.953125  ]
  [71.09375   ]
  [68.9453125 ]
  [67.3828125 ]
  [66.6015625 ]
  [66.015625  ]
  [65.625     ]]

 [[ 0.        ]
  [ 0.        ]
  [80.55555556]
  [75.52083333]
  [71.70138889]
  [70.48611111]
  [64.23611111]
  [63.36805556]
  [62.84722222]
  [62.84722222]]

 [[ 0.        ]
  [ 0.        ]
  [ 0.        ]
  [97.04861111]
  [95.83333333]
  [94.79166667]
  [94.44444444]
  [94.09722222]
  [93.22916667]
  [93.05555556]]

 [[ 0.        ]
  [ 0.        ]
  [ 0.        ]
  [ 0.        ]
  [80.55555556]
  [77.77777778]
  [76.38888889]
  [76.21527778]
  [74.47916667]
  [74.13194444]]

 [[ 0.        ]
  [ 0.        ]
  [ 0.        ]
  [ 0.        ]
  [ 0.        ]
  [65.97222222]
  [65.625     ]
  [62.15277778]
  [61.97916667]
  [58.68055556]]

 [[ 0.        ]
  [ 0.        ]
  [ 0.        ]
  [ 0.        ]
  [ 0.        ]
  [ 0.        ]
  [71.35416667]
  [71.00694444]
  [70.83333333]
  [69.61805556]]

 [[ 0.        ]
  [ 0.        ]
  [ 0.        ]
  [ 0.        ]
  [ 0.        ]
  [ 0.        ]
  [ 0.        ]
  [70.3125    ]
  [69.96527778]
  [66.84027778]]

 [[ 0.        ]
  [ 0.        ]
  [ 0.        ]
  [ 0.        ]
  [ 0.        ]
  [ 0.        ]
  [ 0.        ]
  [ 0.        ]
  [73.4375    ]
  [73.046875  ]]

 [[ 0.        ]
  [ 0.        ]
  [ 0.        ]
  [ 0.        ]
  [ 0.        ]
  [ 0.        ]
  [ 0.        ]
  [ 0.        ]
  [ 0.        ]
  [69.3359375 ]]]
===Summary of experiment repeats: 1 / 1 ===
acc  | mean: 71.71657986111111 std: 0.0
71.72 \pm 0.0
time  | mean: 0.21873573064804078 std: 0.0
0.22 \pm 0.0
[]
/root/miniconda3/envs/apt/lib/python3.10/site-packages/numpy/_core/fromnumeric.py:3860: RuntimeWarning: Mean of empty slice.
  return _methods._mean(a, axis=axis, dtype=dtype,
/root/miniconda3/envs/apt/lib/python3.10/site-packages/numpy/_core/_methods.py:145: RuntimeWarning: invalid value encountered in scalar divide
  ret = ret.dtype.type(ret / rcount)
/root/miniconda3/envs/apt/lib/python3.10/site-packages/numpy/_core/_methods.py:223: RuntimeWarning: Degrees of freedom <= 0 for slice
  ret = _var(a, axis=axis, dtype=dtype, out=out, ddof=ddof,
/root/miniconda3/envs/apt/lib/python3.10/site-packages/numpy/_core/_methods.py:181: RuntimeWarning: invalid value encountered in divide
  arrmean = um.true_divide(arrmean, div, out=arrmean,
/root/miniconda3/envs/apt/lib/python3.10/site-packages/numpy/_core/_methods.py:215: RuntimeWarning: invalid value encountered in scalar divide
  ret = ret.dtype.type(ret / rcount)
forgetting , nan \pm nan
