Namespace(dataset='CIFAR100', first_split_size=10, other_split_size=10, schedule_type='cosine', optimizer='Adam', momentum=0.9, weight_decay=0, model_type='zoo', model_name='vit_pt_imnet', max_task=-1, dataroot='data', workers=4, validation=False, train_aug=True, rand_split=True, gpuid=[0], log_dir='./checkpoints/cifar-100-imp/seed3', learner_type='apt_imp', learner_name='APT_IMP_Learner', debug_mode=0, repeat=1, overwrite=0, oracle_flag=False, upper_bound_flag=False, memory=0, temp=2.0, DW=False, prompt_param=['0.01'], seed=3, batch_size=64, lr=0.004, ema_coeff=0.7, schedule=30, config='configs/cifar-100_imp.yaml')
************************************
* STARTING TRIAL 1
************************************
=============================================
Shuffling....seed is 3
pre-shuffle:[0, 1, 2, 3, 4, 5, 6, 7, 8, 9, 10, 11, 12, 13, 14, 15, 16, 17, 18, 19, 20, 21, 22, 23, 24, 25, 26, 27, 28, 29, 30, 31, 32, 33, 34, 35, 36, 37, 38, 39, 40, 41, 42, 43, 44, 45, 46, 47, 48, 49, 50, 51, 52, 53, 54, 55, 56, 57, 58, 59, 60, 61, 62, 63, 64, 65, 66, 67, 68, 69, 70, 71, 72, 73, 74, 75, 76, 77, 78, 79, 80, 81, 82, 83, 84, 85, 86, 87, 88, 89, 90, 91, 92, 93, 94, 95, 96, 97, 98, 99]
post-shuffle:[35, 41, 45, 4, 76, 12, 0, 64, 42, 11, 81, 39, 7, 48, 78, 15, 53, 62, 9, 52, 68, 55, 63, 65, 61, 67, 95, 18, 58, 86, 99, 92, 10, 17, 72, 21, 14, 44, 37, 91, 22, 59, 83, 32, 26, 98, 40, 27, 43, 96, 13, 31, 57, 2, 6, 23, 56, 71, 28, 36, 51, 46, 25, 54, 73, 79, 34, 3, 38, 5, 20, 90, 88, 49, 66, 89, 84, 19, 50, 82, 85, 97, 87, 24, 29, 70, 33, 93, 1, 94, 8, 74, 80, 60, 77, 47, 16, 69, 75, 30]
=============================================
Files already downloaded and verified
*****************************************
====================== 1 =======================
Incremental class: Old valid output dimension: 0
Incremental class: New Valid output dimension: 10
/root/miniconda3/envs/apt/lib/python3.10/site-packages/torch/utils/data/dataloader.py:557: UserWarning: This DataLoader will create 4 worker processes in total. Our suggested max number of worker in current system is 3, which is smaller than what this DataLoader is going to create. Please be aware that excessive worker creation might get DataLoader running slow or even freeze, lower the worker number to avoid potential slowness/freeze if necessary.
  warnings.warn(_create_warning_msg(
Overwriting ...
/root/dl_project/Additive-Prompt-Tuning/learners/default.py:239: FutureWarning: You are using `torch.load` with `weights_only=False` (the current default value), which uses the default pickle module implicitly. It is possible to construct malicious pickle data which will execute arbitrary code during unpickling (See https://github.com/pytorch/pytorch/blob/main/SECURITY.md#untrusted-models for more details). In a future release, the default value for `weights_only` will be flipped to `True`. This limits the functions that could be executed during unpickling. Arbitrary objects will no longer be allowed to be loaded via this mode unless they are explicitly allowlisted by the user via `torch.serialization.add_safe_globals`. We recommend you start setting `weights_only=True` for any use case where you don't have full control of the loaded file. Please open an issue on GitHub for any issues related to this experimental feature.
  model_dict = torch.load(filename + 'class.pth')
=> Load Done
Optimizer is reset!
*****************************************
=> Saving class model to: ./checkpoints/cifar-100-imp/seed3/models/repeat-1/task-1/
=> Save Done
Calculating prompt importance (Fisher Information)...
Importance calculation complete.
validation split name: 1 local = False
 * Val Acc 97.083, Total time 3.26
====================== 2 =======================
Incremental class: Old valid output dimension: 10
Incremental class: New Valid output dimension: 20
Overwriting ...
Optimizer is reset!
*****************************************
LR: 0.004
Epoch:1/30
 * Loss 0.303 | Train Acc 90.605
LR: 0.004
Epoch:2/30
 * Loss 0.193 | Train Acc 94.151
LR: 0.003994250367686589
Epoch:3/30
 * Loss 0.163 | Train Acc 94.852
LR: 0.003977017999882228
Epoch:4/30
 * Loss 0.190 | Train Acc 94.071
LR: 0.0039483524364762965
Epoch:5/30
 * Loss 0.175 | Train Acc 94.551
LR: 0.003908336085693616
Epoch:6/30
 * Loss 0.172 | Train Acc 94.391
LR: 0.00385708398718595
Epoch:7/30
 * Loss 0.159 | Train Acc 94.852
LR: 0.003794743481314153
Epoch:8/30
 * Loss 0.160 | Train Acc 94.752
LR: 0.003721493785571721
Epoch:9/30
 * Loss 0.152 | Train Acc 94.992
LR: 0.00363754547936745
Epoch:10/30
 * Loss 0.156 | Train Acc 95.353
LR: 0.003543139898648343
Epoch:11/30
 * Loss 0.144 | Train Acc 95.312
LR: 0.003438548442103134
Epoch:12/30
 * Loss 0.152 | Train Acc 94.992
LR: 0.0033240717909409543
Epoch:13/30
 * Loss 0.154 | Train Acc 94.631
LR: 0.003200039044488128
Epoch:14/30
 * Loss 0.130 | Train Acc 95.994
LR: 0.00306680677408812
Epoch:15/30
 * Loss 0.143 | Train Acc 95.252
LR: 0.0029247579980244704
Epoch:16/30
 * Loss 0.155 | Train Acc 94.972
LR: 0.0027743010804136474
Epoch:17/30
 * Loss 0.139 | Train Acc 95.493
LR: 0.0026158685572332855
Epoch:18/30
 * Loss 0.150 | Train Acc 95.192
LR: 0.0024499158928607727
Epoch:19/30
 * Loss 0.142 | Train Acc 95.673
LR: 0.0022769201706968945
Epoch:20/30
 * Loss 0.139 | Train Acc 95.753
LR: 0.0020973787216387683
Epoch:21/30
 * Loss 0.145 | Train Acc 95.312
LR: 0.0019118076943449456
Epoch:22/30
 * Loss 0.138 | Train Acc 95.433
LR: 0.0017207405714029067
Epoch:23/30
 * Loss 0.137 | Train Acc 96.014
LR: 0.0015247266356647002
Epoch:24/30
 * Loss 0.129 | Train Acc 95.653
LR: 0.0013243293911597263
Epoch:25/30
 * Loss 0.145 | Train Acc 95.252
LR: 0.0011201249431242457
Epoch:26/30
 * Loss 0.139 | Train Acc 95.613
LR: 0.0009127003418047438
Epoch:27/30
 * Loss 0.127 | Train Acc 95.833
LR: 0.0007026518947963905
Epoch:28/30
 * Loss 0.130 | Train Acc 96.234
LR: 0.0004905834527683376
Epoch:29/30
 * Loss 0.119 | Train Acc 96.234
LR: 0.0002771046735040541
Epoch:30/30
 * Loss 0.119 | Train Acc 96.154
=> Saving class model to: ./checkpoints/cifar-100-imp/seed3/models/repeat-1/task-2/
=> Save Done
Calculating prompt importance (Fisher Information)...
Importance calculation complete.
validation split name: 1 local = False
 * Val Acc 96.458, Total time 2.90
validation split name: 2 local = False
 * Val Acc 98.854, Total time 2.89
====================== 3 =======================
Incremental class: Old valid output dimension: 20
Incremental class: New Valid output dimension: 30
Overwriting ...
Optimizer is reset!
*****************************************
LR: 0.004
Epoch:1/30
 * Loss 0.453 | Train Acc 85.457
LR: 0.004
Epoch:2/30
 * Loss 0.327 | Train Acc 89.704
LR: 0.003994250367686589
Epoch:3/30
 * Loss 0.306 | Train Acc 90.144
LR: 0.003977017999882228
Epoch:4/30
 * Loss 0.295 | Train Acc 90.525
LR: 0.0039483524364762965
Epoch:5/30
 * Loss 0.268 | Train Acc 91.466
LR: 0.003908336085693616
Epoch:6/30
 * Loss 0.295 | Train Acc 90.505
LR: 0.00385708398718595
Epoch:7/30
 * Loss 0.273 | Train Acc 91.066
LR: 0.003794743481314153
Epoch:8/30
 * Loss 0.279 | Train Acc 90.785
LR: 0.003721493785571721
Epoch:9/30
 * Loss 0.268 | Train Acc 91.186
LR: 0.00363754547936745
Epoch:10/30
 * Loss 0.262 | Train Acc 91.186
LR: 0.003543139898648343
Epoch:11/30
 * Loss 0.257 | Train Acc 91.506
LR: 0.003438548442103134
Epoch:12/30
 * Loss 0.266 | Train Acc 91.306
LR: 0.0033240717909409543
Epoch:13/30
 * Loss 0.249 | Train Acc 91.647
LR: 0.003200039044488128
Epoch:14/30
 * Loss 0.257 | Train Acc 91.627
LR: 0.00306680677408812
Epoch:15/30
 * Loss 0.259 | Train Acc 91.767
LR: 0.0029247579980244704
Epoch:16/30
 * Loss 0.260 | Train Acc 91.546
LR: 0.0027743010804136474
Epoch:17/30
 * Loss 0.241 | Train Acc 92.268
LR: 0.0026158685572332855
Epoch:18/30
 * Loss 0.239 | Train Acc 91.967
LR: 0.0024499158928607727
Epoch:19/30
 * Loss 0.241 | Train Acc 92.147
LR: 0.0022769201706968945
Epoch:20/30
 * Loss 0.244 | Train Acc 91.887
LR: 0.0020973787216387683
Epoch:21/30
 * Loss 0.244 | Train Acc 92.007
LR: 0.0019118076943449456
Epoch:22/30
 * Loss 0.248 | Train Acc 91.787
LR: 0.0017207405714029067
Epoch:23/30
 * Loss 0.230 | Train Acc 92.788
LR: 0.0015247266356647002
Epoch:24/30
 * Loss 0.235 | Train Acc 92.588
LR: 0.0013243293911597263
Epoch:25/30
 * Loss 0.233 | Train Acc 92.368
LR: 0.0011201249431242457
Epoch:26/30
 * Loss 0.241 | Train Acc 91.967
LR: 0.0009127003418047438
Epoch:27/30
 * Loss 0.222 | Train Acc 92.829
LR: 0.0007026518947963905
Epoch:28/30
 * Loss 0.202 | Train Acc 93.530
LR: 0.0004905834527683376
Epoch:29/30
 * Loss 0.224 | Train Acc 92.428
LR: 0.0002771046735040541
Epoch:30/30
 * Loss 0.239 | Train Acc 92.107
=> Saving class model to: ./checkpoints/cifar-100-imp/seed3/models/repeat-1/task-3/
=> Save Done
Calculating prompt importance (Fisher Information)...
Importance calculation complete.
validation split name: 1 local = False
 * Val Acc 95.729, Total time 2.99
validation split name: 2 local = False
 * Val Acc 98.125, Total time 2.98
validation split name: 3 local = False
 * Val Acc 93.438, Total time 2.93
====================== 4 =======================
Incremental class: Old valid output dimension: 30
Incremental class: New Valid output dimension: 40
Overwriting ...
Optimizer is reset!
*****************************************
LR: 0.004
Epoch:1/30
 * Loss 0.428 | Train Acc 86.158
LR: 0.004
Epoch:2/30
 * Loss 0.338 | Train Acc 89.203
LR: 0.003994250367686589
Epoch:3/30
 * Loss 0.306 | Train Acc 89.643
LR: 0.003977017999882228
Epoch:4/30
 * Loss 0.317 | Train Acc 89.824
LR: 0.0039483524364762965
Epoch:5/30
 * Loss 0.285 | Train Acc 90.785
LR: 0.003908336085693616
Epoch:6/30
 * Loss 0.276 | Train Acc 90.585
LR: 0.00385708398718595
Epoch:7/30
 * Loss 0.299 | Train Acc 90.244
LR: 0.003794743481314153
Epoch:8/30
 * Loss 0.278 | Train Acc 90.845
LR: 0.003721493785571721
Epoch:9/30
 * Loss 0.270 | Train Acc 90.665
LR: 0.00363754547936745
Epoch:10/30
 * Loss 0.274 | Train Acc 91.046
LR: 0.003543139898648343
Epoch:11/30
 * Loss 0.264 | Train Acc 90.966
LR: 0.003438548442103134
Epoch:12/30
 * Loss 0.271 | Train Acc 91.066
LR: 0.0033240717909409543
Epoch:13/30
 * Loss 0.265 | Train Acc 90.905
LR: 0.003200039044488128
Epoch:14/30
 * Loss 0.263 | Train Acc 91.366
LR: 0.00306680677408812
Epoch:15/30
 * Loss 0.259 | Train Acc 91.266
LR: 0.0029247579980244704
Epoch:16/30
 * Loss 0.253 | Train Acc 91.526
LR: 0.0027743010804136474
Epoch:17/30
 * Loss 0.256 | Train Acc 91.206
LR: 0.0026158685572332855
Epoch:18/30
 * Loss 0.249 | Train Acc 91.907
LR: 0.0024499158928607727
Epoch:19/30
 * Loss 0.271 | Train Acc 90.925
LR: 0.0022769201706968945
Epoch:20/30
 * Loss 0.251 | Train Acc 91.627
LR: 0.0020973787216387683
Epoch:21/30
 * Loss 0.239 | Train Acc 91.807
LR: 0.0019118076943449456
Epoch:22/30
 * Loss 0.247 | Train Acc 91.526
LR: 0.0017207405714029067
Epoch:23/30
 * Loss 0.223 | Train Acc 92.248
LR: 0.0015247266356647002
Epoch:24/30
 * Loss 0.234 | Train Acc 92.448
LR: 0.0013243293911597263
Epoch:25/30
 * Loss 0.220 | Train Acc 93.009
LR: 0.0011201249431242457
Epoch:26/30
 * Loss 0.241 | Train Acc 92.067
LR: 0.0009127003418047438
Epoch:27/30
 * Loss 0.228 | Train Acc 92.248
LR: 0.0007026518947963905
Epoch:28/30
 * Loss 0.238 | Train Acc 92.027
LR: 0.0004905834527683376
Epoch:29/30
 * Loss 0.242 | Train Acc 92.188
LR: 0.0002771046735040541
Epoch:30/30
 * Loss 0.229 | Train Acc 92.268
=> Saving class model to: ./checkpoints/cifar-100-imp/seed3/models/repeat-1/task-4/
=> Save Done
Calculating prompt importance (Fisher Information)...
Importance calculation complete.
validation split name: 1 local = False
 * Val Acc 95.521, Total time 2.91
validation split name: 2 local = False
 * Val Acc 96.979, Total time 2.98
validation split name: 3 local = False
 * Val Acc 91.458, Total time 2.98
validation split name: 4 local = False
 * Val Acc 89.688, Total time 2.92
====================== 5 =======================
Incremental class: Old valid output dimension: 40
Incremental class: New Valid output dimension: 50
Overwriting ...
Optimizer is reset!
*****************************************
LR: 0.004
Epoch:1/30
 * Loss 0.457 | Train Acc 85.517
LR: 0.004
Epoch:2/30
 * Loss 0.316 | Train Acc 89.503
LR: 0.003994250367686589
Epoch:3/30
 * Loss 0.283 | Train Acc 90.405
LR: 0.003977017999882228
Epoch:4/30
 * Loss 0.303 | Train Acc 89.924
LR: 0.0039483524364762965
Epoch:5/30
 * Loss 0.291 | Train Acc 90.345
LR: 0.003908336085693616
Epoch:6/30
 * Loss 0.279 | Train Acc 90.865
LR: 0.00385708398718595
Epoch:7/30
 * Loss 0.293 | Train Acc 90.345
LR: 0.003794743481314153
Epoch:8/30
 * Loss 0.274 | Train Acc 90.805
LR: 0.003721493785571721
Epoch:9/30
 * Loss 0.274 | Train Acc 90.785
LR: 0.00363754547936745
Epoch:10/30
 * Loss 0.268 | Train Acc 90.725
LR: 0.003543139898648343
Epoch:11/30
 * Loss 0.277 | Train Acc 91.086
LR: 0.003438548442103134
Epoch:12/30
 * Loss 0.270 | Train Acc 90.705
LR: 0.0033240717909409543
Epoch:13/30
 * Loss 0.267 | Train Acc 91.166
LR: 0.003200039044488128
Epoch:14/30
 * Loss 0.263 | Train Acc 91.246
LR: 0.00306680677408812
Epoch:15/30
 * Loss 0.240 | Train Acc 92.107
LR: 0.0029247579980244704
Epoch:16/30
 * Loss 0.248 | Train Acc 91.867
LR: 0.0027743010804136474
Epoch:17/30
 * Loss 0.239 | Train Acc 91.747
LR: 0.0026158685572332855
Epoch:18/30
 * Loss 0.243 | Train Acc 91.687
LR: 0.0024499158928607727
Epoch:19/30
 * Loss 0.233 | Train Acc 92.448
LR: 0.0022769201706968945
Epoch:20/30
 * Loss 0.244 | Train Acc 92.067
LR: 0.0020973787216387683
Epoch:21/30
 * Loss 0.221 | Train Acc 92.508
LR: 0.0019118076943449456
Epoch:22/30
 * Loss 0.245 | Train Acc 92.087
LR: 0.0017207405714029067
Epoch:23/30
 * Loss 0.245 | Train Acc 91.707
LR: 0.0015247266356647002
Epoch:24/30
 * Loss 0.237 | Train Acc 92.368
LR: 0.0013243293911597263
Epoch:25/30
 * Loss 0.230 | Train Acc 92.808
LR: 0.0011201249431242457
Epoch:26/30
 * Loss 0.229 | Train Acc 92.448
LR: 0.0009127003418047438
Epoch:27/30
 * Loss 0.232 | Train Acc 92.308
LR: 0.0007026518947963905
Epoch:28/30
 * Loss 0.235 | Train Acc 91.807
LR: 0.0004905834527683376
Epoch:29/30
 * Loss 0.220 | Train Acc 92.548
LR: 0.0002771046735040541
Epoch:30/30
 * Loss 0.220 | Train Acc 92.548
=> Saving class model to: ./checkpoints/cifar-100-imp/seed3/models/repeat-1/task-5/
=> Save Done
Calculating prompt importance (Fisher Information)...
Importance calculation complete.
validation split name: 1 local = False
 * Val Acc 93.750, Total time 2.92
validation split name: 2 local = False
 * Val Acc 96.771, Total time 2.92
validation split name: 3 local = False
 * Val Acc 91.146, Total time 2.89
validation split name: 4 local = False
 * Val Acc 89.479, Total time 2.86
validation split name: 5 local = False
 * Val Acc 83.958, Total time 2.99
====================== 6 =======================
Incremental class: Old valid output dimension: 50
Incremental class: New Valid output dimension: 60
Overwriting ...
Optimizer is reset!
*****************************************
LR: 0.004
Epoch:1/30
 * Loss 0.365 | Train Acc 88.241
LR: 0.004
Epoch:2/30
 * Loss 0.253 | Train Acc 91.787
LR: 0.003994250367686589
Epoch:3/30
 * Loss 0.242 | Train Acc 92.368
LR: 0.003977017999882228
Epoch:4/30
 * Loss 0.239 | Train Acc 92.188
LR: 0.0039483524364762965
Epoch:5/30
 * Loss 0.231 | Train Acc 92.147
LR: 0.003908336085693616
Epoch:6/30
 * Loss 0.230 | Train Acc 92.788
LR: 0.00385708398718595
Epoch:7/30
 * Loss 0.220 | Train Acc 92.849
LR: 0.003794743481314153
Epoch:8/30
 * Loss 0.212 | Train Acc 92.989
LR: 0.003721493785571721
Epoch:9/30
 * Loss 0.223 | Train Acc 92.628
LR: 0.00363754547936745
Epoch:10/30
 * Loss 0.214 | Train Acc 92.688
LR: 0.003543139898648343
Epoch:11/30
 * Loss 0.221 | Train Acc 92.648
LR: 0.003438548442103134
Epoch:12/30
 * Loss 0.217 | Train Acc 93.189
LR: 0.0033240717909409543
Epoch:13/30
 * Loss 0.203 | Train Acc 93.169
LR: 0.003200039044488128
Epoch:14/30
 * Loss 0.213 | Train Acc 93.109
LR: 0.00306680677408812
Epoch:15/30
 * Loss 0.233 | Train Acc 92.428
LR: 0.0029247579980244704
Epoch:16/30
 * Loss 0.205 | Train Acc 93.089
LR: 0.0027743010804136474
Epoch:17/30
 * Loss 0.192 | Train Acc 93.550
LR: 0.0026158685572332855
Epoch:18/30
 * Loss 0.210 | Train Acc 93.229
LR: 0.0024499158928607727
Epoch:19/30
 * Loss 0.208 | Train Acc 93.089
LR: 0.0022769201706968945
Epoch:20/30
 * Loss 0.191 | Train Acc 93.590
LR: 0.0020973787216387683
Epoch:21/30
 * Loss 0.200 | Train Acc 93.409
LR: 0.0019118076943449456
Epoch:22/30
 * Loss 0.190 | Train Acc 93.570
LR: 0.0017207405714029067
Epoch:23/30
 * Loss 0.202 | Train Acc 93.269
LR: 0.0015247266356647002
Epoch:24/30
 * Loss 0.193 | Train Acc 94.010
LR: 0.0013243293911597263
Epoch:25/30
 * Loss 0.201 | Train Acc 92.869
LR: 0.0011201249431242457
Epoch:26/30
 * Loss 0.199 | Train Acc 93.570
LR: 0.0009127003418047438
Epoch:27/30
 * Loss 0.170 | Train Acc 94.611
LR: 0.0007026518947963905
Epoch:28/30
 * Loss 0.172 | Train Acc 94.271
LR: 0.0004905834527683376
Epoch:29/30
 * Loss 0.178 | Train Acc 93.910
LR: 0.0002771046735040541
Epoch:30/30
 * Loss 0.175 | Train Acc 94.050
=> Saving class model to: ./checkpoints/cifar-100-imp/seed3/models/repeat-1/task-6/
=> Save Done
Calculating prompt importance (Fisher Information)...
Importance calculation complete.
validation split name: 1 local = False
 * Val Acc 91.250, Total time 2.88
validation split name: 2 local = False
 * Val Acc 95.938, Total time 2.90
validation split name: 3 local = False
 * Val Acc 90.833, Total time 2.87
validation split name: 4 local = False
 * Val Acc 88.854, Total time 2.97
validation split name: 5 local = False
 * Val Acc 83.750, Total time 2.94
validation split name: 6 local = False
 * Val Acc 88.125, Total time 2.86
====================== 7 =======================
Incremental class: Old valid output dimension: 60
Incremental class: New Valid output dimension: 70
Overwriting ...
Optimizer is reset!
*****************************************
LR: 0.004
Epoch:1/30
 * Loss 0.455 | Train Acc 84.816
LR: 0.004
Epoch:2/30
 * Loss 0.325 | Train Acc 89.343
LR: 0.003994250367686589
Epoch:3/30
 * Loss 0.316 | Train Acc 89.203
LR: 0.003977017999882228
Epoch:4/30
 * Loss 0.282 | Train Acc 90.925
LR: 0.0039483524364762965
Epoch:5/30
 * Loss 0.288 | Train Acc 90.505
LR: 0.003908336085693616
Epoch:6/30
 * Loss 0.277 | Train Acc 90.765
LR: 0.00385708398718595
Epoch:7/30
 * Loss 0.284 | Train Acc 90.825
LR: 0.003794743481314153
Epoch:8/30
 * Loss 0.256 | Train Acc 91.587
LR: 0.003721493785571721
Epoch:9/30
 * Loss 0.252 | Train Acc 91.847
LR: 0.00363754547936745
Epoch:10/30
 * Loss 0.265 | Train Acc 91.306
LR: 0.003543139898648343
Epoch:11/30
 * Loss 0.253 | Train Acc 91.847
LR: 0.003438548442103134
Epoch:12/30
 * Loss 0.253 | Train Acc 91.466
LR: 0.0033240717909409543
Epoch:13/30
 * Loss 0.270 | Train Acc 91.006
LR: 0.003200039044488128
Epoch:14/30
 * Loss 0.247 | Train Acc 91.987
LR: 0.00306680677408812
Epoch:15/30
 * Loss 0.252 | Train Acc 91.567
LR: 0.0029247579980244704
Epoch:16/30
 * Loss 0.249 | Train Acc 91.827
LR: 0.0027743010804136474
Epoch:17/30
 * Loss 0.235 | Train Acc 92.007
LR: 0.0026158685572332855
Epoch:18/30
 * Loss 0.243 | Train Acc 91.767
LR: 0.0024499158928607727
Epoch:19/30
 * Loss 0.238 | Train Acc 91.587
LR: 0.0022769201706968945
Epoch:20/30
 * Loss 0.250 | Train Acc 91.767
LR: 0.0020973787216387683
Epoch:21/30
 * Loss 0.236 | Train Acc 91.827
LR: 0.0019118076943449456
Epoch:22/30
 * Loss 0.241 | Train Acc 91.607
LR: 0.0017207405714029067
Epoch:23/30
 * Loss 0.237 | Train Acc 92.308
LR: 0.0015247266356647002
Epoch:24/30
 * Loss 0.240 | Train Acc 91.767
LR: 0.0013243293911597263
Epoch:25/30
 * Loss 0.238 | Train Acc 92.208
LR: 0.0011201249431242457
Epoch:26/30
 * Loss 0.239 | Train Acc 91.967
LR: 0.0009127003418047438
Epoch:27/30
 * Loss 0.228 | Train Acc 92.708
LR: 0.0007026518947963905
Epoch:28/30
 * Loss 0.223 | Train Acc 92.628
LR: 0.0004905834527683376
Epoch:29/30
 * Loss 0.228 | Train Acc 92.228
LR: 0.0002771046735040541
Epoch:30/30
 * Loss 0.221 | Train Acc 92.308
=> Saving class model to: ./checkpoints/cifar-100-imp/seed3/models/repeat-1/task-7/
=> Save Done
Calculating prompt importance (Fisher Information)...
Importance calculation complete.
validation split name: 1 local = False
 * Val Acc 90.729, Total time 2.96
validation split name: 2 local = False
 * Val Acc 95.833, Total time 2.97
validation split name: 3 local = False
 * Val Acc 89.479, Total time 2.93
validation split name: 4 local = False
 * Val Acc 88.333, Total time 2.96
validation split name: 5 local = False
 * Val Acc 83.542, Total time 2.97
validation split name: 6 local = False
 * Val Acc 87.812, Total time 3.03
validation split name: 7 local = False
 * Val Acc 91.146, Total time 2.90
====================== 8 =======================
Incremental class: Old valid output dimension: 70
Incremental class: New Valid output dimension: 80
Overwriting ...
Optimizer is reset!
*****************************************
LR: 0.004
Epoch:1/30
 * Loss 0.367 | Train Acc 88.101
LR: 0.004
Epoch:2/30
 * Loss 0.267 | Train Acc 91.406
LR: 0.003994250367686589
Epoch:3/30
 * Loss 0.261 | Train Acc 91.186
LR: 0.003977017999882228
Epoch:4/30
 * Loss 0.246 | Train Acc 91.847
LR: 0.0039483524364762965
Epoch:5/30
 * Loss 0.242 | Train Acc 92.127
LR: 0.003908336085693616
Epoch:6/30
 * Loss 0.234 | Train Acc 92.268
LR: 0.00385708398718595
Epoch:7/30
 * Loss 0.247 | Train Acc 91.767
LR: 0.003794743481314153
Epoch:8/30
 * Loss 0.224 | Train Acc 92.268
LR: 0.003721493785571721
Epoch:9/30
 * Loss 0.235 | Train Acc 92.127
LR: 0.00363754547936745
Epoch:10/30
 * Loss 0.207 | Train Acc 93.249
LR: 0.003543139898648343
Epoch:11/30
 * Loss 0.226 | Train Acc 92.608
LR: 0.003438548442103134
Epoch:12/30
 * Loss 0.209 | Train Acc 93.069
LR: 0.0033240717909409543
Epoch:13/30
 * Loss 0.230 | Train Acc 92.348
LR: 0.003200039044488128
Epoch:14/30
 * Loss 0.224 | Train Acc 92.388
LR: 0.00306680677408812
Epoch:15/30
 * Loss 0.220 | Train Acc 92.608
LR: 0.0029247579980244704
Epoch:16/30
 * Loss 0.203 | Train Acc 93.650
LR: 0.0027743010804136474
Epoch:17/30
 * Loss 0.209 | Train Acc 92.909
LR: 0.0026158685572332855
Epoch:18/30
 * Loss 0.197 | Train Acc 93.690
LR: 0.0024499158928607727
Epoch:19/30
 * Loss 0.211 | Train Acc 93.009
LR: 0.0022769201706968945
Epoch:20/30
 * Loss 0.210 | Train Acc 93.149
LR: 0.0020973787216387683
Epoch:21/30
 * Loss 0.219 | Train Acc 92.808
LR: 0.0019118076943449456
Epoch:22/30
 * Loss 0.204 | Train Acc 93.189
LR: 0.0017207405714029067
Epoch:23/30
 * Loss 0.200 | Train Acc 93.610
LR: 0.0015247266356647002
Epoch:24/30
 * Loss 0.194 | Train Acc 93.269
LR: 0.0013243293911597263
Epoch:25/30
 * Loss 0.194 | Train Acc 93.730
LR: 0.0011201249431242457
Epoch:26/30
 * Loss 0.212 | Train Acc 92.929
LR: 0.0009127003418047438
Epoch:27/30
 * Loss 0.204 | Train Acc 93.209
LR: 0.0007026518947963905
Epoch:28/30
 * Loss 0.195 | Train Acc 93.510
LR: 0.0004905834527683376
Epoch:29/30
 * Loss 0.200 | Train Acc 93.610
LR: 0.0002771046735040541
Epoch:30/30
 * Loss 0.198 | Train Acc 93.690
=> Saving class model to: ./checkpoints/cifar-100-imp/seed3/models/repeat-1/task-8/
=> Save Done
Calculating prompt importance (Fisher Information)...
Importance calculation complete.
validation split name: 1 local = False
 * Val Acc 89.896, Total time 2.91
validation split name: 2 local = False
 * Val Acc 95.521, Total time 3.02
validation split name: 3 local = False
 * Val Acc 89.167, Total time 2.88
validation split name: 4 local = False
 * Val Acc 88.021, Total time 2.84
validation split name: 5 local = False
 * Val Acc 83.542, Total time 2.97
validation split name: 6 local = False
 * Val Acc 86.771, Total time 2.92
validation split name: 7 local = False
 * Val Acc 89.583, Total time 3.00
validation split name: 8 local = False
 * Val Acc 91.250, Total time 2.98
====================== 9 =======================
Incremental class: Old valid output dimension: 80
Incremental class: New Valid output dimension: 90
Overwriting ...
Optimizer is reset!
*****************************************
LR: 0.004
Epoch:1/30
 * Loss 0.333 | Train Acc 88.982
LR: 0.004
Epoch:2/30
 * Loss 0.258 | Train Acc 91.226
LR: 0.003994250367686589
Epoch:3/30
 * Loss 0.239 | Train Acc 91.947
LR: 0.003977017999882228
Epoch:4/30
 * Loss 0.233 | Train Acc 92.288
LR: 0.0039483524364762965
Epoch:5/30
 * Loss 0.222 | Train Acc 93.009
LR: 0.003908336085693616
Epoch:6/30
 * Loss 0.217 | Train Acc 92.889
LR: 0.00385708398718595
Epoch:7/30
 * Loss 0.223 | Train Acc 92.748
LR: 0.003794743481314153
Epoch:8/30
 * Loss 0.205 | Train Acc 93.389
LR: 0.003721493785571721
Epoch:9/30
 * Loss 0.204 | Train Acc 93.349
LR: 0.00363754547936745
Epoch:10/30
 * Loss 0.198 | Train Acc 93.369
LR: 0.003543139898648343
Epoch:11/30
 * Loss 0.204 | Train Acc 93.389
LR: 0.003438548442103134
Epoch:12/30
 * Loss 0.190 | Train Acc 93.830
LR: 0.0033240717909409543
Epoch:13/30
 * Loss 0.188 | Train Acc 93.950
LR: 0.003200039044488128
Epoch:14/30
 * Loss 0.192 | Train Acc 93.570
LR: 0.00306680677408812
Epoch:15/30
 * Loss 0.193 | Train Acc 93.990
LR: 0.0029247579980244704
Epoch:16/30
 * Loss 0.187 | Train Acc 93.910
LR: 0.0027743010804136474
Epoch:17/30
 * Loss 0.195 | Train Acc 93.590
LR: 0.0026158685572332855
Epoch:18/30
 * Loss 0.181 | Train Acc 94.151
LR: 0.0024499158928607727
Epoch:19/30
 * Loss 0.196 | Train Acc 93.329
LR: 0.0022769201706968945
Epoch:20/30
 * Loss 0.175 | Train Acc 94.010
LR: 0.0020973787216387683
Epoch:21/30
 * Loss 0.179 | Train Acc 93.910
LR: 0.0019118076943449456
Epoch:22/30
 * Loss 0.180 | Train Acc 93.990
LR: 0.0017207405714029067
Epoch:23/30
 * Loss 0.181 | Train Acc 94.071
LR: 0.0015247266356647002
Epoch:24/30
 * Loss 0.182 | Train Acc 94.231
LR: 0.0013243293911597263
Epoch:25/30
 * Loss 0.181 | Train Acc 93.910
LR: 0.0011201249431242457
Epoch:26/30
 * Loss 0.170 | Train Acc 94.351
LR: 0.0009127003418047438
Epoch:27/30
 * Loss 0.172 | Train Acc 94.611
LR: 0.0007026518947963905
Epoch:28/30
 * Loss 0.173 | Train Acc 94.351
LR: 0.0004905834527683376
Epoch:29/30
 * Loss 0.171 | Train Acc 94.591
LR: 0.0002771046735040541
Epoch:30/30
 * Loss 0.171 | Train Acc 94.611
=> Saving class model to: ./checkpoints/cifar-100-imp/seed3/models/repeat-1/task-9/
=> Save Done
Calculating prompt importance (Fisher Information)...
Importance calculation complete.
validation split name: 1 local = False
 * Val Acc 89.792, Total time 3.03
validation split name: 2 local = False
 * Val Acc 94.688, Total time 2.90
validation split name: 3 local = False
 * Val Acc 88.542, Total time 3.04
validation split name: 4 local = False
 * Val Acc 87.188, Total time 2.97
validation split name: 5 local = False
 * Val Acc 82.917, Total time 2.93
validation split name: 6 local = False
 * Val Acc 86.667, Total time 3.03
validation split name: 7 local = False
 * Val Acc 89.167, Total time 2.92
validation split name: 8 local = False
 * Val Acc 91.042, Total time 2.92
validation split name: 9 local = False
 * Val Acc 89.479, Total time 2.91
====================== 10 =======================
Incremental class: Old valid output dimension: 90
Incremental class: New Valid output dimension: 100
Overwriting ...
Optimizer is reset!
*****************************************
LR: 0.004
Epoch:1/30
 * Loss 0.374 | Train Acc 87.720
LR: 0.004
Epoch:2/30
 * Loss 0.259 | Train Acc 91.687
LR: 0.003994250367686589
Epoch:3/30
 * Loss 0.236 | Train Acc 92.288
LR: 0.003977017999882228
Epoch:4/30
 * Loss 0.237 | Train Acc 91.967
LR: 0.0039483524364762965
Epoch:5/30
 * Loss 0.230 | Train Acc 92.488
LR: 0.003908336085693616
Epoch:6/30
 * Loss 0.233 | Train Acc 92.147
LR: 0.00385708398718595
Epoch:7/30
 * Loss 0.218 | Train Acc 92.909
LR: 0.003794743481314153
Epoch:8/30
 * Loss 0.214 | Train Acc 93.009
LR: 0.003721493785571721
Epoch:9/30
 * Loss 0.240 | Train Acc 92.628
LR: 0.00363754547936745
Epoch:10/30
 * Loss 0.216 | Train Acc 92.788
LR: 0.003543139898648343
Epoch:11/30
 * Loss 0.205 | Train Acc 93.109
LR: 0.003438548442103134
Epoch:12/30
 * Loss 0.213 | Train Acc 92.909
LR: 0.0033240717909409543
Epoch:13/30
 * Loss 0.203 | Train Acc 93.149
LR: 0.003200039044488128
Epoch:14/30
 * Loss 0.209 | Train Acc 93.029
LR: 0.00306680677408812
Epoch:15/30
 * Loss 0.207 | Train Acc 93.369
LR: 0.0029247579980244704
Epoch:16/30
 * Loss 0.200 | Train Acc 93.510
LR: 0.0027743010804136474
Epoch:17/30
 * Loss 0.205 | Train Acc 93.209
LR: 0.0026158685572332855
Epoch:18/30
 * Loss 0.214 | Train Acc 92.989
LR: 0.0024499158928607727
Epoch:19/30
 * Loss 0.183 | Train Acc 93.790
LR: 0.0022769201706968945
Epoch:20/30
 * Loss 0.208 | Train Acc 93.109
LR: 0.0020973787216387683
Epoch:21/30
 * Loss 0.208 | Train Acc 93.049
LR: 0.0019118076943449456
Epoch:22/30
 * Loss 0.189 | Train Acc 93.690
LR: 0.0017207405714029067
Epoch:23/30
 * Loss 0.192 | Train Acc 93.610
LR: 0.0015247266356647002
Epoch:24/30
 * Loss 0.201 | Train Acc 93.470
LR: 0.0013243293911597263
Epoch:25/30
 * Loss 0.183 | Train Acc 93.870
LR: 0.0011201249431242457
Epoch:26/30
 * Loss 0.170 | Train Acc 94.431
LR: 0.0009127003418047438
Epoch:27/30
 * Loss 0.179 | Train Acc 94.211
LR: 0.0007026518947963905
Epoch:28/30
 * Loss 0.165 | Train Acc 94.832
LR: 0.0004905834527683376
Epoch:29/30
 * Loss 0.172 | Train Acc 94.291
LR: 0.0002771046735040541
Epoch:30/30
 * Loss 0.197 | Train Acc 93.590
=> Saving class model to: ./checkpoints/cifar-100-imp/seed3/models/repeat-1/task-10/
=> Save Done
Calculating prompt importance (Fisher Information)...
Importance calculation complete.
validation split name: 1 local = False
 * Val Acc 89.688, Total time 2.90
validation split name: 2 local = False
 * Val Acc 91.146, Total time 2.90
validation split name: 3 local = False
 * Val Acc 88.229, Total time 2.90
validation split name: 4 local = False
 * Val Acc 86.771, Total time 2.96
validation split name: 5 local = False
 * Val Acc 80.417, Total time 2.94
validation split name: 6 local = False
 * Val Acc 84.062, Total time 2.96
validation split name: 7 local = False
 * Val Acc 88.646, Total time 2.98
validation split name: 8 local = False
 * Val Acc 90.625, Total time 3.07
validation split name: 9 local = False
 * Val Acc 88.958, Total time 2.93
validation split name: 10 local = False
 * Val Acc 85.000, Total time 2.91
*****************************************
Incremental class: Old valid output dimension: 0
Incremental class: New Valid output dimension: 10
=> Load Done
===global validation====
test task 1, using model 1
validation split name: 1 local = False
 * Val Acc 97.083, Total time 2.99
Incremental class: Old valid output dimension: 10
Incremental class: New Valid output dimension: 20
Merging prompt with importance-based fusion...
=> Load Done
===global validation====
test task 1, using model 2
validation split name: 1 local = False
 * Val Acc 96.458, Total time 2.94
test task 2, using model 2
validation split name: 2 local = False
 * Val Acc 98.854, Total time 2.94
Incremental class: Old valid output dimension: 20
Incremental class: New Valid output dimension: 30
Merging prompt with importance-based fusion...
=> Load Done
===global validation====
test task 1, using model 3
validation split name: 1 local = False
 * Val Acc 95.729, Total time 2.93
test task 2, using model 3
validation split name: 2 local = False
 * Val Acc 98.125, Total time 2.95
test task 3, using model 3
validation split name: 3 local = False
 * Val Acc 93.438, Total time 3.03
Incremental class: Old valid output dimension: 30
Incremental class: New Valid output dimension: 40
Merging prompt with importance-based fusion...
=> Load Done
===global validation====
test task 1, using model 4
validation split name: 1 local = False
 * Val Acc 95.521, Total time 2.92
test task 2, using model 4
validation split name: 2 local = False
 * Val Acc 96.979, Total time 2.89
test task 3, using model 4
validation split name: 3 local = False
 * Val Acc 91.458, Total time 2.91
test task 4, using model 4
validation split name: 4 local = False
 * Val Acc 89.688, Total time 2.99
Incremental class: Old valid output dimension: 40
Incremental class: New Valid output dimension: 50
Merging prompt with importance-based fusion...
=> Load Done
===global validation====
test task 1, using model 5
validation split name: 1 local = False
 * Val Acc 93.750, Total time 2.91
test task 2, using model 5
validation split name: 2 local = False
 * Val Acc 96.771, Total time 2.90
test task 3, using model 5
validation split name: 3 local = False
 * Val Acc 91.146, Total time 3.02
test task 4, using model 5
validation split name: 4 local = False
 * Val Acc 89.479, Total time 2.92
test task 5, using model 5
validation split name: 5 local = False
 * Val Acc 83.958, Total time 2.90
Incremental class: Old valid output dimension: 50
Incremental class: New Valid output dimension: 60
Merging prompt with importance-based fusion...
=> Load Done
===global validation====
test task 1, using model 6
validation split name: 1 local = False
 * Val Acc 91.250, Total time 2.97
test task 2, using model 6
validation split name: 2 local = False
 * Val Acc 95.938, Total time 2.88
test task 3, using model 6
validation split name: 3 local = False
 * Val Acc 90.833, Total time 2.98
test task 4, using model 6
validation split name: 4 local = False
 * Val Acc 88.854, Total time 2.87
test task 5, using model 6
validation split name: 5 local = False
 * Val Acc 83.750, Total time 2.98
test task 6, using model 6
validation split name: 6 local = False
 * Val Acc 88.125, Total time 2.90
Incremental class: Old valid output dimension: 60
Incremental class: New Valid output dimension: 70
Merging prompt with importance-based fusion...
=> Load Done
===global validation====
test task 1, using model 7
validation split name: 1 local = False
 * Val Acc 90.729, Total time 3.04
test task 2, using model 7
validation split name: 2 local = False
 * Val Acc 95.833, Total time 2.93
test task 3, using model 7
validation split name: 3 local = False
 * Val Acc 89.479, Total time 2.94
test task 4, using model 7
validation split name: 4 local = False
 * Val Acc 88.333, Total time 2.96
test task 5, using model 7
validation split name: 5 local = False
 * Val Acc 83.542, Total time 3.08
test task 6, using model 7
validation split name: 6 local = False
 * Val Acc 87.812, Total time 3.06
test task 7, using model 7
validation split name: 7 local = False
 * Val Acc 91.146, Total time 2.97
Incremental class: Old valid output dimension: 70
Incremental class: New Valid output dimension: 80
Merging prompt with importance-based fusion...
=> Load Done
===global validation====
test task 1, using model 8
validation split name: 1 local = False
 * Val Acc 89.896, Total time 3.04
test task 2, using model 8
validation split name: 2 local = False
 * Val Acc 95.521, Total time 3.01
test task 3, using model 8
validation split name: 3 local = False
 * Val Acc 89.167, Total time 3.00
test task 4, using model 8
validation split name: 4 local = False
 * Val Acc 88.021, Total time 2.96
test task 5, using model 8
validation split name: 5 local = False
 * Val Acc 83.542, Total time 2.93
test task 6, using model 8
validation split name: 6 local = False
 * Val Acc 86.771, Total time 2.92
test task 7, using model 8
validation split name: 7 local = False
 * Val Acc 89.583, Total time 2.95
test task 8, using model 8
validation split name: 8 local = False
 * Val Acc 91.250, Total time 2.93
Incremental class: Old valid output dimension: 80
Incremental class: New Valid output dimension: 90
Merging prompt with importance-based fusion...
=> Load Done
===global validation====
test task 1, using model 9
validation split name: 1 local = False
 * Val Acc 89.792, Total time 2.96
test task 2, using model 9
validation split name: 2 local = False
 * Val Acc 94.688, Total time 2.98
test task 3, using model 9
validation split name: 3 local = False
 * Val Acc 88.542, Total time 3.01
test task 4, using model 9
validation split name: 4 local = False
 * Val Acc 87.188, Total time 3.01
test task 5, using model 9
validation split name: 5 local = False
 * Val Acc 82.917, Total time 2.88
test task 6, using model 9
validation split name: 6 local = False
 * Val Acc 86.667, Total time 3.00
test task 7, using model 9
validation split name: 7 local = False
 * Val Acc 89.167, Total time 2.97
test task 8, using model 9
validation split name: 8 local = False
 * Val Acc 91.042, Total time 3.04
test task 9, using model 9
validation split name: 9 local = False
 * Val Acc 89.479, Total time 3.04
Incremental class: Old valid output dimension: 90
Incremental class: New Valid output dimension: 100
Merging prompt with importance-based fusion...
=> Load Done
===global validation====
test task 1, using model 10
validation split name: 1 local = False
 * Val Acc 89.688, Total time 2.94
test task 2, using model 10
validation split name: 2 local = False
 * Val Acc 91.146, Total time 2.92
test task 3, using model 10
validation split name: 3 local = False
 * Val Acc 88.229, Total time 3.01
test task 4, using model 10
validation split name: 4 local = False
 * Val Acc 86.771, Total time 2.98
test task 5, using model 10
validation split name: 5 local = False
 * Val Acc 80.417, Total time 3.04
test task 6, using model 10
validation split name: 6 local = False
 * Val Acc 84.062, Total time 2.96
test task 7, using model 10
validation split name: 7 local = False
 * Val Acc 88.646, Total time 2.93
test task 8, using model 10
validation split name: 8 local = False
 * Val Acc 90.625, Total time 2.95
test task 9, using model 10
validation split name: 9 local = False
 * Val Acc 88.958, Total time 2.95
test task 10, using model 10
validation split name: 10 local = False
 * Val Acc 85.000, Total time 2.93
coda_forgetting= (np.float64(0.7554012345679008), np.float64(0.0))
general_forgetting= (np.float64(3.831018518518519), np.float64(0.0))
acctable, {'1': OrderedDict([('1', 97.08333333333333), ('2', 96.45833333333333), ('3', 95.72916666666667), ('4', 95.52083333333333), ('5', 93.75), ('6', 91.25), ('7', 90.72916666666667), ('8', 89.89583333333333), ('9', 89.79166666666667), ('10', 89.6875)]), '2': OrderedDict([('2', 98.85416666666667), ('3', 98.125), ('4', 96.97916666666667), ('5', 96.77083333333333), ('6', 95.9375), ('7', 95.83333333333333), ('8', 95.52083333333333), ('9', 94.6875), ('10', 91.14583333333333)]), '3': OrderedDict([('3', 93.4375), ('4', 91.45833333333333), ('5', 91.14583333333333), ('6', 90.83333333333333), ('7', 89.47916666666667), ('8', 89.16666666666667), ('9', 88.54166666666667), ('10', 88.22916666666667)]), '4': OrderedDict([('4', 89.6875), ('5', 89.47916666666667), ('6', 88.85416666666667), ('7', 88.33333333333333), ('8', 88.02083333333333), ('9', 87.1875), ('10', 86.77083333333333)]), '5': OrderedDict([('5', 83.95833333333333), ('6', 83.75), ('7', 83.54166666666667), ('8', 83.54166666666667), ('9', 82.91666666666667), ('10', 80.41666666666667)]), '6': OrderedDict([('6', 88.125), ('7', 87.8125), ('8', 86.77083333333333), ('9', 86.66666666666667), ('10', 84.0625)]), '7': OrderedDict([('7', 91.14583333333333), ('8', 89.58333333333333), ('9', 89.16666666666667), ('10', 88.64583333333333)]), '8': OrderedDict([('8', 91.25), ('9', 91.04166666666667), ('10', 90.625)]), '9': OrderedDict([('9', 89.47916666666667), ('10', 88.95833333333333)]), '10': OrderedDict([('10', 85.0)])}
dropmatrix: [[97.08333333333333, 96.45833333333333, 95.72916666666667, 95.52083333333333, 93.75, 91.25, 90.72916666666667, 89.89583333333333, 89.79166666666667, 89.6875], [98.85416666666667, 98.125, 96.97916666666667, 96.77083333333333, 95.9375, 95.83333333333333, 95.52083333333333, 94.6875, 91.14583333333333], [93.4375, 91.45833333333333, 91.14583333333333, 90.83333333333333, 89.47916666666667, 89.16666666666667, 88.54166666666667, 88.22916666666667], [89.6875, 89.47916666666667, 88.85416666666667, 88.33333333333333, 88.02083333333333, 87.1875, 86.77083333333333], [83.95833333333333, 83.75, 83.54166666666667, 83.54166666666667, 82.91666666666667, 80.41666666666667], [88.125, 87.8125, 86.77083333333333, 86.66666666666667, 84.0625], [91.14583333333333, 89.58333333333333, 89.16666666666667, 88.64583333333333], [91.25, 91.04166666666667, 90.625], [89.47916666666667, 88.95833333333333], [85.0]]
global acc [[97.08333333]
 [97.65625   ]
 [95.76388889]
 [93.41145833]
 [91.02083333]
 [89.79166667]
 [89.55357143]
 [89.21875   ]
 [88.83101852]
 [87.35416667]]
pt acc [[[97.08333333]
  [96.45833333]
  [95.72916667]
  [95.52083333]
  [93.75      ]
  [91.25      ]
  [90.72916667]
  [89.89583333]
  [89.79166667]
  [89.6875    ]]

 [[ 0.        ]
  [98.85416667]
  [98.125     ]
  [96.97916667]
  [96.77083333]
  [95.9375    ]
  [95.83333333]
  [95.52083333]
  [94.6875    ]
  [91.14583333]]

 [[ 0.        ]
  [ 0.        ]
  [93.4375    ]
  [91.45833333]
  [91.14583333]
  [90.83333333]
  [89.47916667]
  [89.16666667]
  [88.54166667]
  [88.22916667]]

 [[ 0.        ]
  [ 0.        ]
  [ 0.        ]
  [89.6875    ]
  [89.47916667]
  [88.85416667]
  [88.33333333]
  [88.02083333]
  [87.1875    ]
  [86.77083333]]

 [[ 0.        ]
  [ 0.        ]
  [ 0.        ]
  [ 0.        ]
  [83.95833333]
  [83.75      ]
  [83.54166667]
  [83.54166667]
  [82.91666667]
  [80.41666667]]

 [[ 0.        ]
  [ 0.        ]
  [ 0.        ]
  [ 0.        ]
  [ 0.        ]
  [88.125     ]
  [87.8125    ]
  [86.77083333]
  [86.66666667]
  [84.0625    ]]

 [[ 0.        ]
  [ 0.        ]
  [ 0.        ]
  [ 0.        ]
  [ 0.        ]
  [ 0.        ]
  [91.14583333]
  [89.58333333]
  [89.16666667]
  [88.64583333]]

 [[ 0.        ]
  [ 0.        ]
  [ 0.        ]
  [ 0.        ]
  [ 0.        ]
  [ 0.        ]
  [ 0.        ]
  [91.25      ]
  [91.04166667]
  [90.625     ]]

 [[ 0.        ]
  [ 0.        ]
  [ 0.        ]
  [ 0.        ]
  [ 0.        ]
  [ 0.        ]
  [ 0.        ]
  [ 0.        ]
  [89.47916667]
  [88.95833333]]

 [[ 0.        ]
  [ 0.        ]
  [ 0.        ]
  [ 0.        ]
  [ 0.        ]
  [ 0.        ]
  [ 0.        ]
  [ 0.        ]
  [ 0.        ]
  [85.        ]]]
===Summary of experiment repeats: 1 / 1 ===
acc  | mean: 87.35416666666667 std: 0.0
87.35 \pm 0.0
time  | mean: 0.11590463086071177 std: 0.0
0.12 \pm 0.0
[]
/root/miniconda3/envs/apt/lib/python3.10/site-packages/numpy/_core/fromnumeric.py:3860: RuntimeWarning: Mean of empty slice.
  return _methods._mean(a, axis=axis, dtype=dtype,
/root/miniconda3/envs/apt/lib/python3.10/site-packages/numpy/_core/_methods.py:145: RuntimeWarning: invalid value encountered in scalar divide
  ret = ret.dtype.type(ret / rcount)
/root/miniconda3/envs/apt/lib/python3.10/site-packages/numpy/_core/_methods.py:223: RuntimeWarning: Degrees of freedom <= 0 for slice
  ret = _var(a, axis=axis, dtype=dtype, out=out, ddof=ddof,
/root/miniconda3/envs/apt/lib/python3.10/site-packages/numpy/_core/_methods.py:181: RuntimeWarning: invalid value encountered in divide
  arrmean = um.true_divide(arrmean, div, out=arrmean,
/root/miniconda3/envs/apt/lib/python3.10/site-packages/numpy/_core/_methods.py:215: RuntimeWarning: invalid value encountered in scalar divide
  ret = ret.dtype.type(ret / rcount)
forgetting , nan \pm nan
