Namespace(dataset='CIFAR100', first_split_size=10, other_split_size=10, schedule_type='cosine', optimizer='Adam', momentum=0.9, weight_decay=0, model_type='zoo', model_name='vit_pt_imnet', max_task=-1, dataroot='data', workers=4, validation=False, train_aug=True, rand_split=True, gpuid=[0], log_dir='./checkpoints/cifar-100-imp/seed1', learner_type='apt_imp', learner_name='APT_IMP_Learner', debug_mode=0, repeat=1, overwrite=0, oracle_flag=False, upper_bound_flag=False, memory=0, temp=2.0, DW=False, prompt_param=['0.01'], seed=1, batch_size=64, lr=0.004, ema_coeff=0.7, schedule=30, config='configs/cifar-100_imp.yaml')
************************************
* STARTING TRIAL 1
************************************
=============================================
Shuffling....seed is 1
pre-shuffle:[0, 1, 2, 3, 4, 5, 6, 7, 8, 9, 10, 11, 12, 13, 14, 15, 16, 17, 18, 19, 20, 21, 22, 23, 24, 25, 26, 27, 28, 29, 30, 31, 32, 33, 34, 35, 36, 37, 38, 39, 40, 41, 42, 43, 44, 45, 46, 47, 48, 49, 50, 51, 52, 53, 54, 55, 56, 57, 58, 59, 60, 61, 62, 63, 64, 65, 66, 67, 68, 69, 70, 71, 72, 73, 74, 75, 76, 77, 78, 79, 80, 81, 82, 83, 84, 85, 86, 87, 88, 89, 90, 91, 92, 93, 94, 95, 96, 97, 98, 99]
post-shuffle:[53, 37, 65, 51, 4, 20, 38, 9, 10, 81, 44, 36, 84, 50, 96, 90, 66, 16, 80, 33, 24, 52, 91, 99, 64, 5, 58, 76, 39, 79, 23, 94, 30, 73, 25, 47, 31, 45, 19, 87, 42, 68, 95, 21, 7, 67, 46, 82, 11, 6, 41, 86, 88, 70, 18, 78, 71, 59, 43, 61, 22, 14, 35, 93, 56, 28, 98, 54, 27, 89, 1, 69, 74, 2, 85, 40, 13, 75, 29, 34, 92, 0, 77, 55, 49, 3, 62, 12, 26, 48, 83, 60, 57, 63, 15, 32, 8, 97, 72, 17]
=============================================
Files already downloaded and verified
*****************************************
====================== 1 =======================
Incremental class: Old valid output dimension: 0
Incremental class: New Valid output dimension: 10
/root/miniconda3/envs/apt/lib/python3.10/site-packages/torch/utils/data/dataloader.py:557: UserWarning: This DataLoader will create 4 worker processes in total. Our suggested max number of worker in current system is 3, which is smaller than what this DataLoader is going to create. Please be aware that excessive worker creation might get DataLoader running slow or even freeze, lower the worker number to avoid potential slowness/freeze if necessary.
  warnings.warn(_create_warning_msg(
Overwriting ...
/root/dl_project/Additive-Prompt-Tuning/learners/default.py:239: FutureWarning: You are using `torch.load` with `weights_only=False` (the current default value), which uses the default pickle module implicitly. It is possible to construct malicious pickle data which will execute arbitrary code during unpickling (See https://github.com/pytorch/pytorch/blob/main/SECURITY.md#untrusted-models for more details). In a future release, the default value for `weights_only` will be flipped to `True`. This limits the functions that could be executed during unpickling. Arbitrary objects will no longer be allowed to be loaded via this mode unless they are explicitly allowlisted by the user via `torch.serialization.add_safe_globals`. We recommend you start setting `weights_only=True` for any use case where you don't have full control of the loaded file. Please open an issue on GitHub for any issues related to this experimental feature.
  model_dict = torch.load(filename + 'class.pth')
=> Load Done
Optimizer is reset!
*****************************************
=> Saving class model to: ./checkpoints/cifar-100-imp/seed1/models/repeat-1/task-1/
=> Save Done
Calculating prompt importance (Fisher Information)...
Importance calculation complete.
validation split name: 1 local = False
 * Val Acc 99.271, Total time 3.25
====================== 2 =======================
Incremental class: Old valid output dimension: 10
Incremental class: New Valid output dimension: 20
Overwriting ...
Optimizer is reset!
*****************************************
LR: 0.004
Epoch:1/30
 * Loss 0.559 | Train Acc 81.290
LR: 0.004
Epoch:2/30
 * Loss 0.438 | Train Acc 85.116
LR: 0.003994250367686589
Epoch:3/30
 * Loss 0.401 | Train Acc 86.438
LR: 0.003977017999882228
Epoch:4/30
 * Loss 0.385 | Train Acc 87.280
LR: 0.0039483524364762965
Epoch:5/30
 * Loss 0.392 | Train Acc 86.879
LR: 0.003908336085693616
Epoch:6/30
 * Loss 0.383 | Train Acc 87.059
LR: 0.00385708398718595
Epoch:7/30
 * Loss 0.369 | Train Acc 87.500
LR: 0.003794743481314153
Epoch:8/30
 * Loss 0.371 | Train Acc 87.720
LR: 0.003721493785571721
Epoch:9/30
 * Loss 0.358 | Train Acc 88.001
LR: 0.00363754547936745
Epoch:10/30
 * Loss 0.375 | Train Acc 86.999
LR: 0.003543139898648343
Epoch:11/30
 * Loss 0.345 | Train Acc 88.442
LR: 0.003438548442103134
Epoch:12/30
 * Loss 0.368 | Train Acc 87.780
LR: 0.0033240717909409543
Epoch:13/30
 * Loss 0.335 | Train Acc 88.742
LR: 0.003200039044488128
Epoch:14/30
 * Loss 0.325 | Train Acc 89.303
LR: 0.00306680677408812
Epoch:15/30
 * Loss 0.345 | Train Acc 88.502
LR: 0.0029247579980244704
Epoch:16/30
 * Loss 0.318 | Train Acc 89.183
LR: 0.0027743010804136474
Epoch:17/30
 * Loss 0.346 | Train Acc 88.442
LR: 0.0026158685572332855
Epoch:18/30
 * Loss 0.324 | Train Acc 89.083
LR: 0.0024499158928607727
Epoch:19/30
 * Loss 0.348 | Train Acc 88.562
LR: 0.0022769201706968945
Epoch:20/30
 * Loss 0.317 | Train Acc 89.503
LR: 0.0020973787216387683
Epoch:21/30
 * Loss 0.315 | Train Acc 89.022
LR: 0.0019118076943449456
Epoch:22/30
 * Loss 0.331 | Train Acc 88.822
LR: 0.0017207405714029067
Epoch:23/30
 * Loss 0.315 | Train Acc 89.443
LR: 0.0015247266356647002
Epoch:24/30
 * Loss 0.311 | Train Acc 89.663
LR: 0.0013243293911597263
Epoch:25/30
 * Loss 0.314 | Train Acc 89.483
LR: 0.0011201249431242457
Epoch:26/30
 * Loss 0.314 | Train Acc 89.563
LR: 0.0009127003418047438
Epoch:27/30
 * Loss 0.297 | Train Acc 89.844
LR: 0.0007026518947963905
Epoch:28/30
 * Loss 0.316 | Train Acc 89.303
LR: 0.0004905834527683376
Epoch:29/30
 * Loss 0.307 | Train Acc 89.663
LR: 0.0002771046735040541
Epoch:30/30
 * Loss 0.289 | Train Acc 90.725
=> Saving class model to: ./checkpoints/cifar-100-imp/seed1/models/repeat-1/task-2/
=> Save Done
Calculating prompt importance (Fisher Information)...
Importance calculation complete.
validation split name: 1 local = False
 * Val Acc 97.917, Total time 3.01
validation split name: 2 local = False
 * Val Acc 92.188, Total time 2.90
====================== 3 =======================
Incremental class: Old valid output dimension: 20
Incremental class: New Valid output dimension: 30
Overwriting ...
Optimizer is reset!
*****************************************
LR: 0.004
Epoch:1/30
 * Loss 0.358 | Train Acc 88.982
LR: 0.004
Epoch:2/30
 * Loss 0.219 | Train Acc 92.808
LR: 0.003994250367686589
Epoch:3/30
 * Loss 0.234 | Train Acc 92.428
LR: 0.003977017999882228
Epoch:4/30
 * Loss 0.213 | Train Acc 93.069
LR: 0.0039483524364762965
Epoch:5/30
 * Loss 0.207 | Train Acc 93.450
LR: 0.003908336085693616
Epoch:6/30
 * Loss 0.202 | Train Acc 93.470
LR: 0.00385708398718595
Epoch:7/30
 * Loss 0.209 | Train Acc 93.450
LR: 0.003794743481314153
Epoch:8/30
 * Loss 0.195 | Train Acc 93.570
LR: 0.003721493785571721
Epoch:9/30
 * Loss 0.194 | Train Acc 93.870
LR: 0.00363754547936745
Epoch:10/30
 * Loss 0.182 | Train Acc 94.211
LR: 0.003543139898648343
Epoch:11/30
 * Loss 0.184 | Train Acc 93.870
LR: 0.003438548442103134
Epoch:12/30
 * Loss 0.201 | Train Acc 93.590
LR: 0.0033240717909409543
Epoch:13/30
 * Loss 0.181 | Train Acc 94.291
LR: 0.003200039044488128
Epoch:14/30
 * Loss 0.197 | Train Acc 93.550
LR: 0.00306680677408812
Epoch:15/30
 * Loss 0.185 | Train Acc 94.251
LR: 0.0029247579980244704
Epoch:16/30
 * Loss 0.183 | Train Acc 94.211
LR: 0.0027743010804136474
Epoch:17/30
 * Loss 0.164 | Train Acc 94.792
LR: 0.0026158685572332855
Epoch:18/30
 * Loss 0.177 | Train Acc 94.291
LR: 0.0024499158928607727
Epoch:19/30
 * Loss 0.184 | Train Acc 94.071
LR: 0.0022769201706968945
Epoch:20/30
 * Loss 0.183 | Train Acc 94.211
LR: 0.0020973787216387683
Epoch:21/30
 * Loss 0.172 | Train Acc 94.231
LR: 0.0019118076943449456
Epoch:22/30
 * Loss 0.179 | Train Acc 94.151
LR: 0.0017207405714029067
Epoch:23/30
 * Loss 0.171 | Train Acc 94.491
LR: 0.0015247266356647002
Epoch:24/30
 * Loss 0.178 | Train Acc 93.910
LR: 0.0013243293911597263
Epoch:25/30
 * Loss 0.176 | Train Acc 94.391
LR: 0.0011201249431242457
Epoch:26/30
 * Loss 0.165 | Train Acc 94.611
LR: 0.0009127003418047438
Epoch:27/30
 * Loss 0.156 | Train Acc 94.832
LR: 0.0007026518947963905
Epoch:28/30
 * Loss 0.154 | Train Acc 94.732
LR: 0.0004905834527683376
Epoch:29/30
 * Loss 0.170 | Train Acc 94.511
LR: 0.0002771046735040541
Epoch:30/30
 * Loss 0.172 | Train Acc 94.471
=> Saving class model to: ./checkpoints/cifar-100-imp/seed1/models/repeat-1/task-3/
=> Save Done
Calculating prompt importance (Fisher Information)...
Importance calculation complete.
validation split name: 1 local = False
 * Val Acc 97.396, Total time 2.99
validation split name: 2 local = False
 * Val Acc 88.750, Total time 3.06
validation split name: 3 local = False
 * Val Acc 96.146, Total time 3.17
====================== 4 =======================
Incremental class: Old valid output dimension: 30
Incremental class: New Valid output dimension: 40
Overwriting ...
Optimizer is reset!
*****************************************
LR: 0.004
Epoch:1/30
 * Loss 0.444 | Train Acc 85.076
LR: 0.004
Epoch:2/30
 * Loss 0.333 | Train Acc 88.942
LR: 0.003994250367686589
Epoch:3/30
 * Loss 0.290 | Train Acc 89.984
LR: 0.003977017999882228
Epoch:4/30
 * Loss 0.292 | Train Acc 90.525
LR: 0.0039483524364762965
Epoch:5/30
 * Loss 0.287 | Train Acc 90.385
LR: 0.003908336085693616
Epoch:6/30
 * Loss 0.275 | Train Acc 90.946
LR: 0.00385708398718595
Epoch:7/30
 * Loss 0.274 | Train Acc 90.966
LR: 0.003794743481314153
Epoch:8/30
 * Loss 0.277 | Train Acc 90.345
LR: 0.003721493785571721
Epoch:9/30
 * Loss 0.278 | Train Acc 90.565
LR: 0.00363754547936745
Epoch:10/30
 * Loss 0.269 | Train Acc 90.986
LR: 0.003543139898648343
Epoch:11/30
 * Loss 0.245 | Train Acc 91.947
LR: 0.003438548442103134
Epoch:12/30
 * Loss 0.241 | Train Acc 91.546
LR: 0.0033240717909409543
Epoch:13/30
 * Loss 0.246 | Train Acc 91.466
LR: 0.003200039044488128
Epoch:14/30
 * Loss 0.252 | Train Acc 91.426
LR: 0.00306680677408812
Epoch:15/30
 * Loss 0.251 | Train Acc 91.867
LR: 0.0029247579980244704
Epoch:16/30
 * Loss 0.244 | Train Acc 91.947
LR: 0.0027743010804136474
Epoch:17/30
 * Loss 0.258 | Train Acc 90.845
LR: 0.0026158685572332855
Epoch:18/30
 * Loss 0.237 | Train Acc 92.067
LR: 0.0024499158928607727
Epoch:19/30
 * Loss 0.235 | Train Acc 92.288
LR: 0.0022769201706968945
Epoch:20/30
 * Loss 0.235 | Train Acc 91.907
LR: 0.0020973787216387683
Epoch:21/30
 * Loss 0.249 | Train Acc 91.627
LR: 0.0019118076943449456
Epoch:22/30
 * Loss 0.231 | Train Acc 92.027
LR: 0.0017207405714029067
Epoch:23/30
 * Loss 0.240 | Train Acc 91.727
LR: 0.0015247266356647002
Epoch:24/30
 * Loss 0.223 | Train Acc 92.568
LR: 0.0013243293911597263
Epoch:25/30
 * Loss 0.235 | Train Acc 91.947
LR: 0.0011201249431242457
Epoch:26/30
 * Loss 0.237 | Train Acc 91.967
LR: 0.0009127003418047438
Epoch:27/30
 * Loss 0.239 | Train Acc 91.867
LR: 0.0007026518947963905
Epoch:28/30
 * Loss 0.231 | Train Acc 92.127
LR: 0.0004905834527683376
Epoch:29/30
 * Loss 0.238 | Train Acc 92.228
LR: 0.0002771046735040541
Epoch:30/30
 * Loss 0.222 | Train Acc 92.768
=> Saving class model to: ./checkpoints/cifar-100-imp/seed1/models/repeat-1/task-4/
=> Save Done
Calculating prompt importance (Fisher Information)...
Importance calculation complete.
validation split name: 1 local = False
 * Val Acc 97.083, Total time 2.92
validation split name: 2 local = False
 * Val Acc 87.604, Total time 3.00
validation split name: 3 local = False
 * Val Acc 92.812, Total time 3.04
validation split name: 4 local = False
 * Val Acc 88.646, Total time 3.00
====================== 5 =======================
Incremental class: Old valid output dimension: 40
Incremental class: New Valid output dimension: 50
Overwriting ...
Optimizer is reset!
*****************************************
LR: 0.004
Epoch:1/30
 * Loss 0.445 | Train Acc 85.276
LR: 0.004
Epoch:2/30
 * Loss 0.319 | Train Acc 89.363
LR: 0.003994250367686589
Epoch:3/30
 * Loss 0.307 | Train Acc 89.483
LR: 0.003977017999882228
Epoch:4/30
 * Loss 0.282 | Train Acc 90.525
LR: 0.0039483524364762965
Epoch:5/30
 * Loss 0.294 | Train Acc 90.244
LR: 0.003908336085693616
Epoch:6/30
 * Loss 0.268 | Train Acc 90.725
LR: 0.00385708398718595
Epoch:7/30
 * Loss 0.259 | Train Acc 91.346
LR: 0.003794743481314153
Epoch:8/30
 * Loss 0.275 | Train Acc 90.645
LR: 0.003721493785571721
Epoch:9/30
 * Loss 0.253 | Train Acc 91.366
LR: 0.00363754547936745
Epoch:10/30
 * Loss 0.267 | Train Acc 90.986
LR: 0.003543139898648343
Epoch:11/30
 * Loss 0.248 | Train Acc 91.486
LR: 0.003438548442103134
Epoch:12/30
 * Loss 0.247 | Train Acc 92.107
LR: 0.0033240717909409543
Epoch:13/30
 * Loss 0.247 | Train Acc 91.446
LR: 0.003200039044488128
Epoch:14/30
 * Loss 0.253 | Train Acc 91.406
LR: 0.00306680677408812
Epoch:15/30
 * Loss 0.240 | Train Acc 91.727
LR: 0.0029247579980244704
Epoch:16/30
 * Loss 0.236 | Train Acc 91.727
LR: 0.0027743010804136474
Epoch:17/30
 * Loss 0.231 | Train Acc 92.047
LR: 0.0026158685572332855
Epoch:18/30
 * Loss 0.239 | Train Acc 92.127
LR: 0.0024499158928607727
Epoch:19/30
 * Loss 0.236 | Train Acc 91.787
LR: 0.0022769201706968945
Epoch:20/30
 * Loss 0.233 | Train Acc 92.228
LR: 0.0020973787216387683
Epoch:21/30
 * Loss 0.211 | Train Acc 92.929
LR: 0.0019118076943449456
Epoch:22/30
 * Loss 0.237 | Train Acc 91.967
LR: 0.0017207405714029067
Epoch:23/30
 * Loss 0.224 | Train Acc 92.508
LR: 0.0015247266356647002
Epoch:24/30
 * Loss 0.217 | Train Acc 92.568
LR: 0.0013243293911597263
Epoch:25/30
 * Loss 0.235 | Train Acc 91.827
LR: 0.0011201249431242457
Epoch:26/30
 * Loss 0.219 | Train Acc 92.087
LR: 0.0009127003418047438
Epoch:27/30
 * Loss 0.219 | Train Acc 93.009
LR: 0.0007026518947963905
Epoch:28/30
 * Loss 0.225 | Train Acc 92.288
LR: 0.0004905834527683376
Epoch:29/30
 * Loss 0.223 | Train Acc 92.628
LR: 0.0002771046735040541
Epoch:30/30
 * Loss 0.214 | Train Acc 93.069
=> Saving class model to: ./checkpoints/cifar-100-imp/seed1/models/repeat-1/task-5/
=> Save Done
Calculating prompt importance (Fisher Information)...
Importance calculation complete.
validation split name: 1 local = False
 * Val Acc 96.979, Total time 2.92
validation split name: 2 local = False
 * Val Acc 87.292, Total time 2.88
validation split name: 3 local = False
 * Val Acc 92.396, Total time 3.03
validation split name: 4 local = False
 * Val Acc 86.771, Total time 2.93
validation split name: 5 local = False
 * Val Acc 93.125, Total time 2.89
====================== 6 =======================
Incremental class: Old valid output dimension: 50
Incremental class: New Valid output dimension: 60
Overwriting ...
Optimizer is reset!
*****************************************
LR: 0.004
Epoch:1/30
 * Loss 0.324 | Train Acc 89.804
LR: 0.004
Epoch:2/30
 * Loss 0.212 | Train Acc 93.289
LR: 0.003994250367686589
Epoch:3/30
 * Loss 0.188 | Train Acc 93.750
LR: 0.003977017999882228
Epoch:4/30
 * Loss 0.183 | Train Acc 94.531
LR: 0.0039483524364762965
Epoch:5/30
 * Loss 0.168 | Train Acc 94.932
LR: 0.003908336085693616
Epoch:6/30
 * Loss 0.174 | Train Acc 94.491
LR: 0.00385708398718595
Epoch:7/30
 * Loss 0.164 | Train Acc 94.952
LR: 0.003794743481314153
Epoch:8/30
 * Loss 0.170 | Train Acc 94.631
LR: 0.003721493785571721
Epoch:9/30
 * Loss 0.157 | Train Acc 94.972
LR: 0.00363754547936745
Epoch:10/30
 * Loss 0.167 | Train Acc 95.012
LR: 0.003543139898648343
Epoch:11/30
 * Loss 0.165 | Train Acc 94.792
LR: 0.003438548442103134
Epoch:12/30
 * Loss 0.169 | Train Acc 94.812
LR: 0.0033240717909409543
Epoch:13/30
 * Loss 0.155 | Train Acc 95.012
LR: 0.003200039044488128
Epoch:14/30
 * Loss 0.147 | Train Acc 95.593
LR: 0.00306680677408812
Epoch:15/30
 * Loss 0.142 | Train Acc 95.613
LR: 0.0029247579980244704
Epoch:16/30
 * Loss 0.158 | Train Acc 94.531
LR: 0.0027743010804136474
Epoch:17/30
 * Loss 0.158 | Train Acc 94.832
LR: 0.0026158685572332855
Epoch:18/30
 * Loss 0.162 | Train Acc 94.932
LR: 0.0024499158928607727
Epoch:19/30
 * Loss 0.151 | Train Acc 95.493
LR: 0.0022769201706968945
Epoch:20/30
 * Loss 0.141 | Train Acc 95.473
LR: 0.0020973787216387683
Epoch:21/30
 * Loss 0.137 | Train Acc 95.713
LR: 0.0019118076943449456
Epoch:22/30
 * Loss 0.139 | Train Acc 95.433
LR: 0.0017207405714029067
Epoch:23/30
 * Loss 0.139 | Train Acc 95.533
LR: 0.0015247266356647002
Epoch:24/30
 * Loss 0.140 | Train Acc 95.573
LR: 0.0013243293911597263
Epoch:25/30
 * Loss 0.144 | Train Acc 95.353
LR: 0.0011201249431242457
Epoch:26/30
 * Loss 0.131 | Train Acc 96.054
LR: 0.0009127003418047438
Epoch:27/30
 * Loss 0.145 | Train Acc 95.653
LR: 0.0007026518947963905
Epoch:28/30
 * Loss 0.134 | Train Acc 95.853
LR: 0.0004905834527683376
Epoch:29/30
 * Loss 0.136 | Train Acc 95.653
LR: 0.0002771046735040541
Epoch:30/30
 * Loss 0.139 | Train Acc 95.653
=> Saving class model to: ./checkpoints/cifar-100-imp/seed1/models/repeat-1/task-6/
=> Save Done
Calculating prompt importance (Fisher Information)...
Importance calculation complete.
validation split name: 1 local = False
 * Val Acc 95.938, Total time 2.99
validation split name: 2 local = False
 * Val Acc 86.562, Total time 2.90
validation split name: 3 local = False
 * Val Acc 92.188, Total time 2.94
validation split name: 4 local = False
 * Val Acc 84.271, Total time 2.98
validation split name: 5 local = False
 * Val Acc 92.292, Total time 2.92
validation split name: 6 local = False
 * Val Acc 87.708, Total time 2.98
====================== 7 =======================
Incremental class: Old valid output dimension: 60
Incremental class: New Valid output dimension: 70
Overwriting ...
Optimizer is reset!
*****************************************
LR: 0.004
Epoch:1/30
 * Loss 0.416 | Train Acc 85.577
LR: 0.004
Epoch:2/30
 * Loss 0.292 | Train Acc 89.603
LR: 0.003994250367686589
Epoch:3/30
 * Loss 0.308 | Train Acc 89.042
LR: 0.003977017999882228
Epoch:4/30
 * Loss 0.277 | Train Acc 90.345
LR: 0.0039483524364762965
Epoch:5/30
 * Loss 0.279 | Train Acc 90.625
LR: 0.003908336085693616
Epoch:6/30
 * Loss 0.284 | Train Acc 90.485
LR: 0.00385708398718595
Epoch:7/30
 * Loss 0.268 | Train Acc 90.745
LR: 0.003794743481314153
Epoch:8/30
 * Loss 0.262 | Train Acc 91.046
LR: 0.003721493785571721
Epoch:9/30
 * Loss 0.266 | Train Acc 90.925
LR: 0.00363754547936745
Epoch:10/30
 * Loss 0.265 | Train Acc 91.086
LR: 0.003543139898648343
Epoch:11/30
 * Loss 0.241 | Train Acc 91.647
LR: 0.003438548442103134
Epoch:12/30
 * Loss 0.251 | Train Acc 91.687
LR: 0.0033240717909409543
Epoch:13/30
 * Loss 0.249 | Train Acc 91.546
LR: 0.003200039044488128
Epoch:14/30
 * Loss 0.246 | Train Acc 91.667
LR: 0.00306680677408812
Epoch:15/30
 * Loss 0.227 | Train Acc 92.568
LR: 0.0029247579980244704
Epoch:16/30
 * Loss 0.232 | Train Acc 92.188
LR: 0.0027743010804136474
Epoch:17/30
 * Loss 0.234 | Train Acc 91.727
LR: 0.0026158685572332855
Epoch:18/30
 * Loss 0.221 | Train Acc 92.648
LR: 0.0024499158928607727
Epoch:19/30
 * Loss 0.232 | Train Acc 91.927
LR: 0.0022769201706968945
Epoch:20/30
 * Loss 0.230 | Train Acc 92.027
LR: 0.0020973787216387683
Epoch:21/30
 * Loss 0.231 | Train Acc 92.027
LR: 0.0019118076943449456
Epoch:22/30
 * Loss 0.227 | Train Acc 92.127
LR: 0.0017207405714029067
Epoch:23/30
 * Loss 0.251 | Train Acc 91.346
LR: 0.0015247266356647002
Epoch:24/30
 * Loss 0.236 | Train Acc 91.867
LR: 0.0013243293911597263
Epoch:25/30
 * Loss 0.222 | Train Acc 92.188
LR: 0.0011201249431242457
Epoch:26/30
 * Loss 0.227 | Train Acc 92.127
LR: 0.0009127003418047438
Epoch:27/30
 * Loss 0.229 | Train Acc 92.007
LR: 0.0007026518947963905
Epoch:28/30
 * Loss 0.216 | Train Acc 92.588
LR: 0.0004905834527683376
Epoch:29/30
 * Loss 0.221 | Train Acc 92.668
LR: 0.0002771046735040541
Epoch:30/30
 * Loss 0.225 | Train Acc 91.727
=> Saving class model to: ./checkpoints/cifar-100-imp/seed1/models/repeat-1/task-7/
=> Save Done
Calculating prompt importance (Fisher Information)...
Importance calculation complete.
validation split name: 1 local = False
 * Val Acc 95.625, Total time 2.97
validation split name: 2 local = False
 * Val Acc 86.354, Total time 2.97
validation split name: 3 local = False
 * Val Acc 91.875, Total time 2.93
validation split name: 4 local = False
 * Val Acc 84.062, Total time 3.02
validation split name: 5 local = False
 * Val Acc 91.042, Total time 2.97
validation split name: 6 local = False
 * Val Acc 87.188, Total time 3.03
validation split name: 7 local = False
 * Val Acc 83.958, Total time 3.03
====================== 8 =======================
Incremental class: Old valid output dimension: 70
Incremental class: New Valid output dimension: 80
Overwriting ...
Optimizer is reset!
*****************************************
LR: 0.004
Epoch:1/30
 * Loss 0.423 | Train Acc 86.478
LR: 0.004
Epoch:2/30
 * Loss 0.291 | Train Acc 90.405
LR: 0.003994250367686589
Epoch:3/30
 * Loss 0.281 | Train Acc 90.785
LR: 0.003977017999882228
Epoch:4/30
 * Loss 0.278 | Train Acc 91.026
LR: 0.0039483524364762965
Epoch:5/30
 * Loss 0.267 | Train Acc 91.526
LR: 0.003908336085693616
Epoch:6/30
 * Loss 0.274 | Train Acc 90.865
LR: 0.00385708398718595
Epoch:7/30
 * Loss 0.260 | Train Acc 91.446
LR: 0.003794743481314153
Epoch:8/30
 * Loss 0.263 | Train Acc 91.546
LR: 0.003721493785571721
Epoch:9/30
 * Loss 0.251 | Train Acc 92.127
LR: 0.00363754547936745
Epoch:10/30
 * Loss 0.234 | Train Acc 92.067
LR: 0.003543139898648343
Epoch:11/30
 * Loss 0.261 | Train Acc 91.567
LR: 0.003438548442103134
Epoch:12/30
 * Loss 0.225 | Train Acc 92.768
LR: 0.0033240717909409543
Epoch:13/30
 * Loss 0.248 | Train Acc 91.747
LR: 0.003200039044488128
Epoch:14/30
 * Loss 0.234 | Train Acc 92.288
LR: 0.00306680677408812
Epoch:15/30
 * Loss 0.228 | Train Acc 92.208
LR: 0.0029247579980244704
Epoch:16/30
 * Loss 0.226 | Train Acc 92.668
LR: 0.0027743010804136474
Epoch:17/30
 * Loss 0.247 | Train Acc 92.047
LR: 0.0026158685572332855
Epoch:18/30
 * Loss 0.210 | Train Acc 93.490
LR: 0.0024499158928607727
Epoch:19/30
 * Loss 0.224 | Train Acc 92.488
LR: 0.0022769201706968945
Epoch:20/30
 * Loss 0.237 | Train Acc 92.308
LR: 0.0020973787216387683
Epoch:21/30
 * Loss 0.234 | Train Acc 92.067
LR: 0.0019118076943449456
Epoch:22/30
 * Loss 0.219 | Train Acc 93.069
LR: 0.0017207405714029067
Epoch:23/30
 * Loss 0.223 | Train Acc 92.648
LR: 0.0015247266356647002
Epoch:24/30
 * Loss 0.220 | Train Acc 92.748
LR: 0.0013243293911597263
Epoch:25/30
 * Loss 0.216 | Train Acc 93.209
LR: 0.0011201249431242457
Epoch:26/30
 * Loss 0.226 | Train Acc 92.568
LR: 0.0009127003418047438
Epoch:27/30
 * Loss 0.213 | Train Acc 93.089
LR: 0.0007026518947963905
Epoch:28/30
 * Loss 0.225 | Train Acc 92.608
LR: 0.0004905834527683376
Epoch:29/30
 * Loss 0.219 | Train Acc 92.949
LR: 0.0002771046735040541
Epoch:30/30
 * Loss 0.221 | Train Acc 93.169
=> Saving class model to: ./checkpoints/cifar-100-imp/seed1/models/repeat-1/task-8/
=> Save Done
Calculating prompt importance (Fisher Information)...
Importance calculation complete.
validation split name: 1 local = False
 * Val Acc 94.688, Total time 3.01
validation split name: 2 local = False
 * Val Acc 85.833, Total time 3.06
validation split name: 3 local = False
 * Val Acc 91.458, Total time 2.93
validation split name: 4 local = False
 * Val Acc 83.854, Total time 2.91
validation split name: 5 local = False
 * Val Acc 89.583, Total time 2.94
validation split name: 6 local = False
 * Val Acc 86.979, Total time 3.04
validation split name: 7 local = False
 * Val Acc 83.438, Total time 2.96
validation split name: 8 local = False
 * Val Acc 87.708, Total time 2.88
====================== 9 =======================
Incremental class: Old valid output dimension: 80
Incremental class: New Valid output dimension: 90
Overwriting ...
Optimizer is reset!
*****************************************
LR: 0.004
Epoch:1/30
 * Loss 0.390 | Train Acc 86.338
LR: 0.004
Epoch:2/30
 * Loss 0.321 | Train Acc 89.583
LR: 0.003994250367686589
Epoch:3/30
 * Loss 0.288 | Train Acc 90.084
LR: 0.003977017999882228
Epoch:4/30
 * Loss 0.258 | Train Acc 91.366
LR: 0.0039483524364762965
Epoch:5/30
 * Loss 0.244 | Train Acc 91.346
LR: 0.003908336085693616
Epoch:6/30
 * Loss 0.256 | Train Acc 91.446
LR: 0.00385708398718595
Epoch:7/30
 * Loss 0.234 | Train Acc 91.546
LR: 0.003794743481314153
Epoch:8/30
 * Loss 0.255 | Train Acc 90.966
LR: 0.003721493785571721
Epoch:9/30
 * Loss 0.226 | Train Acc 92.588
LR: 0.00363754547936745
Epoch:10/30
 * Loss 0.242 | Train Acc 91.687
LR: 0.003543139898648343
Epoch:11/30
 * Loss 0.229 | Train Acc 92.067
LR: 0.003438548442103134
Epoch:12/30
 * Loss 0.220 | Train Acc 92.368
LR: 0.0033240717909409543
Epoch:13/30
 * Loss 0.218 | Train Acc 91.987
LR: 0.003200039044488128
Epoch:14/30
 * Loss 0.236 | Train Acc 91.747
LR: 0.00306680677408812
Epoch:15/30
 * Loss 0.219 | Train Acc 92.648
LR: 0.0029247579980244704
Epoch:16/30
 * Loss 0.234 | Train Acc 91.807
LR: 0.0027743010804136474
Epoch:17/30
 * Loss 0.230 | Train Acc 91.767
LR: 0.0026158685572332855
Epoch:18/30
 * Loss 0.214 | Train Acc 93.009
LR: 0.0024499158928607727
Epoch:19/30
 * Loss 0.216 | Train Acc 92.849
LR: 0.0022769201706968945
Epoch:20/30
 * Loss 0.209 | Train Acc 93.129
LR: 0.0020973787216387683
Epoch:21/30
 * Loss 0.211 | Train Acc 93.109
LR: 0.0019118076943449456
Epoch:22/30
 * Loss 0.211 | Train Acc 93.009
LR: 0.0017207405714029067
Epoch:23/30
 * Loss 0.202 | Train Acc 93.289
LR: 0.0015247266356647002
Epoch:24/30
 * Loss 0.208 | Train Acc 92.829
LR: 0.0013243293911597263
Epoch:25/30
 * Loss 0.209 | Train Acc 92.949
LR: 0.0011201249431242457
Epoch:26/30
 * Loss 0.208 | Train Acc 92.909
LR: 0.0009127003418047438
Epoch:27/30
 * Loss 0.193 | Train Acc 93.550
LR: 0.0007026518947963905
Epoch:28/30
 * Loss 0.222 | Train Acc 92.328
LR: 0.0004905834527683376
Epoch:29/30
 * Loss 0.197 | Train Acc 93.510
LR: 0.0002771046735040541
Epoch:30/30
 * Loss 0.213 | Train Acc 93.009
=> Saving class model to: ./checkpoints/cifar-100-imp/seed1/models/repeat-1/task-9/
=> Save Done
Calculating prompt importance (Fisher Information)...
Importance calculation complete.
validation split name: 1 local = False
 * Val Acc 94.688, Total time 3.42
validation split name: 2 local = False
 * Val Acc 85.312, Total time 3.36
validation split name: 3 local = False
 * Val Acc 91.042, Total time 3.41
validation split name: 4 local = False
 * Val Acc 83.333, Total time 3.40
validation split name: 5 local = False
 * Val Acc 88.750, Total time 3.32
validation split name: 6 local = False
 * Val Acc 86.667, Total time 3.33
validation split name: 7 local = False
 * Val Acc 83.021, Total time 3.42
validation split name: 8 local = False
 * Val Acc 87.500, Total time 3.33
validation split name: 9 local = False
 * Val Acc 88.229, Total time 3.37
====================== 10 =======================
Incremental class: Old valid output dimension: 90
Incremental class: New Valid output dimension: 100
Overwriting ...
Optimizer is reset!
*****************************************
LR: 0.004
Epoch:1/30
 * Loss 0.398 | Train Acc 85.958
LR: 0.004
Epoch:2/30
 * Loss 0.284 | Train Acc 90.445
LR: 0.003994250367686589
Epoch:3/30
 * Loss 0.283 | Train Acc 90.685
LR: 0.003977017999882228
Epoch:4/30
 * Loss 0.270 | Train Acc 91.647
LR: 0.0039483524364762965
Epoch:5/30
 * Loss 0.278 | Train Acc 90.565
LR: 0.003908336085693616
Epoch:6/30
 * Loss 0.261 | Train Acc 91.026
LR: 0.00385708398718595
Epoch:7/30
 * Loss 0.259 | Train Acc 91.506
LR: 0.003794743481314153
Epoch:8/30
 * Loss 0.251 | Train Acc 91.186
LR: 0.003721493785571721
Epoch:9/30
 * Loss 0.242 | Train Acc 91.827
LR: 0.00363754547936745
Epoch:10/30
 * Loss 0.260 | Train Acc 91.206
LR: 0.003543139898648343
Epoch:11/30
 * Loss 0.232 | Train Acc 91.987
LR: 0.003438548442103134
Epoch:12/30
 * Loss 0.231 | Train Acc 92.107
LR: 0.0033240717909409543
Epoch:13/30
 * Loss 0.223 | Train Acc 92.808
LR: 0.003200039044488128
Epoch:14/30
 * Loss 0.249 | Train Acc 91.667
LR: 0.00306680677408812
Epoch:15/30
 * Loss 0.238 | Train Acc 92.027
LR: 0.0029247579980244704
Epoch:16/30
 * Loss 0.224 | Train Acc 92.608
LR: 0.0027743010804136474
Epoch:17/30
 * Loss 0.237 | Train Acc 91.667
LR: 0.0026158685572332855
Epoch:18/30
 * Loss 0.229 | Train Acc 92.748
LR: 0.0024499158928607727
Epoch:19/30
 * Loss 0.221 | Train Acc 92.328
LR: 0.0022769201706968945
Epoch:20/30
 * Loss 0.222 | Train Acc 92.648
LR: 0.0020973787216387683
Epoch:21/30
 * Loss 0.208 | Train Acc 93.109
LR: 0.0019118076943449456
Epoch:22/30
 * Loss 0.230 | Train Acc 91.967
LR: 0.0017207405714029067
Epoch:23/30
 * Loss 0.219 | Train Acc 92.829
LR: 0.0015247266356647002
Epoch:24/30
 * Loss 0.222 | Train Acc 92.929
LR: 0.0013243293911597263
Epoch:25/30
 * Loss 0.220 | Train Acc 92.768
LR: 0.0011201249431242457
Epoch:26/30
 * Loss 0.202 | Train Acc 93.229
LR: 0.0009127003418047438
Epoch:27/30
 * Loss 0.199 | Train Acc 93.249
LR: 0.0007026518947963905
Epoch:28/30
 * Loss 0.193 | Train Acc 93.369
LR: 0.0004905834527683376
Epoch:29/30
 * Loss 0.225 | Train Acc 92.087
LR: 0.0002771046735040541
Epoch:30/30
 * Loss 0.212 | Train Acc 92.849
=> Saving class model to: ./checkpoints/cifar-100-imp/seed1/models/repeat-1/task-10/
=> Save Done
Calculating prompt importance (Fisher Information)...
Importance calculation complete.
validation split name: 1 local = False
 * Val Acc 94.375, Total time 3.30
validation split name: 2 local = False
 * Val Acc 85.312, Total time 3.29
validation split name: 3 local = False
 * Val Acc 90.938, Total time 3.51
validation split name: 4 local = False
 * Val Acc 82.500, Total time 3.41
validation split name: 5 local = False
 * Val Acc 88.438, Total time 3.35
validation split name: 6 local = False
 * Val Acc 86.667, Total time 3.35
validation split name: 7 local = False
 * Val Acc 82.708, Total time 3.28
validation split name: 8 local = False
 * Val Acc 87.292, Total time 3.33
validation split name: 9 local = False
 * Val Acc 87.917, Total time 3.21
validation split name: 10 local = False
 * Val Acc 85.208, Total time 3.35
*****************************************
Incremental class: Old valid output dimension: 0
Incremental class: New Valid output dimension: 10
=> Load Done
===global validation====
test task 1, using model 1
validation split name: 1 local = False
 * Val Acc 99.271, Total time 3.35
Incremental class: Old valid output dimension: 10
Incremental class: New Valid output dimension: 20
Merging prompt with importance-based fusion...
=> Load Done
===global validation====
test task 1, using model 2
validation split name: 1 local = False
 * Val Acc 97.917, Total time 3.29
test task 2, using model 2
validation split name: 2 local = False
 * Val Acc 92.188, Total time 3.32
Incremental class: Old valid output dimension: 20
Incremental class: New Valid output dimension: 30
Merging prompt with importance-based fusion...
=> Load Done
===global validation====
test task 1, using model 3
validation split name: 1 local = False
 * Val Acc 97.396, Total time 3.33
test task 2, using model 3
validation split name: 2 local = False
 * Val Acc 88.750, Total time 3.36
test task 3, using model 3
validation split name: 3 local = False
 * Val Acc 96.146, Total time 3.38
Incremental class: Old valid output dimension: 30
Incremental class: New Valid output dimension: 40
Merging prompt with importance-based fusion...
=> Load Done
===global validation====
test task 1, using model 4
validation split name: 1 local = False
 * Val Acc 97.083, Total time 3.36
test task 2, using model 4
validation split name: 2 local = False
 * Val Acc 87.604, Total time 3.38
test task 3, using model 4
validation split name: 3 local = False
 * Val Acc 92.812, Total time 3.34
test task 4, using model 4
validation split name: 4 local = False
 * Val Acc 88.646, Total time 3.44
Incremental class: Old valid output dimension: 40
Incremental class: New Valid output dimension: 50
Merging prompt with importance-based fusion...
=> Load Done
===global validation====
test task 1, using model 5
validation split name: 1 local = False
 * Val Acc 96.979, Total time 3.40
test task 2, using model 5
validation split name: 2 local = False
 * Val Acc 87.292, Total time 3.32
test task 3, using model 5
validation split name: 3 local = False
 * Val Acc 92.396, Total time 3.44
test task 4, using model 5
validation split name: 4 local = False
 * Val Acc 86.771, Total time 3.33
test task 5, using model 5
validation split name: 5 local = False
 * Val Acc 93.125, Total time 3.38
Incremental class: Old valid output dimension: 50
Incremental class: New Valid output dimension: 60
Merging prompt with importance-based fusion...
=> Load Done
===global validation====
test task 1, using model 6
validation split name: 1 local = False
 * Val Acc 95.938, Total time 3.41
test task 2, using model 6
validation split name: 2 local = False
 * Val Acc 86.562, Total time 3.34
test task 3, using model 6
validation split name: 3 local = False
 * Val Acc 92.188, Total time 3.36
test task 4, using model 6
validation split name: 4 local = False
 * Val Acc 84.271, Total time 3.37
test task 5, using model 6
validation split name: 5 local = False
 * Val Acc 92.292, Total time 3.41
test task 6, using model 6
validation split name: 6 local = False
 * Val Acc 87.708, Total time 3.38
Incremental class: Old valid output dimension: 60
Incremental class: New Valid output dimension: 70
Merging prompt with importance-based fusion...
=> Load Done
===global validation====
test task 1, using model 7
validation split name: 1 local = False
 * Val Acc 95.625, Total time 3.35
test task 2, using model 7
validation split name: 2 local = False
 * Val Acc 86.354, Total time 3.31
test task 3, using model 7
validation split name: 3 local = False
 * Val Acc 91.875, Total time 3.33
test task 4, using model 7
validation split name: 4 local = False
 * Val Acc 84.062, Total time 3.32
test task 5, using model 7
validation split name: 5 local = False
 * Val Acc 91.042, Total time 3.36
test task 6, using model 7
validation split name: 6 local = False
 * Val Acc 87.188, Total time 3.44
test task 7, using model 7
validation split name: 7 local = False
 * Val Acc 83.958, Total time 3.27
Incremental class: Old valid output dimension: 70
Incremental class: New Valid output dimension: 80
Merging prompt with importance-based fusion...
=> Load Done
===global validation====
test task 1, using model 8
validation split name: 1 local = False
 * Val Acc 94.688, Total time 3.43
test task 2, using model 8
validation split name: 2 local = False
 * Val Acc 85.833, Total time 3.36
test task 3, using model 8
validation split name: 3 local = False
 * Val Acc 91.458, Total time 3.26
test task 4, using model 8
validation split name: 4 local = False
 * Val Acc 83.854, Total time 3.41
test task 5, using model 8
validation split name: 5 local = False
 * Val Acc 89.583, Total time 3.31
test task 6, using model 8
validation split name: 6 local = False
 * Val Acc 86.979, Total time 3.42
test task 7, using model 8
validation split name: 7 local = False
 * Val Acc 83.438, Total time 3.40
test task 8, using model 8
validation split name: 8 local = False
 * Val Acc 87.708, Total time 3.38
Incremental class: Old valid output dimension: 80
Incremental class: New Valid output dimension: 90
Merging prompt with importance-based fusion...
=> Load Done
===global validation====
test task 1, using model 9
validation split name: 1 local = False
 * Val Acc 94.688, Total time 3.37
test task 2, using model 9
validation split name: 2 local = False
 * Val Acc 85.312, Total time 3.32
test task 3, using model 9
validation split name: 3 local = False
 * Val Acc 91.042, Total time 3.42
test task 4, using model 9
validation split name: 4 local = False
 * Val Acc 83.333, Total time 3.37
test task 5, using model 9
validation split name: 5 local = False
 * Val Acc 88.750, Total time 3.31
test task 6, using model 9
validation split name: 6 local = False
 * Val Acc 86.667, Total time 3.38
test task 7, using model 9
validation split name: 7 local = False
 * Val Acc 83.021, Total time 3.33
test task 8, using model 9
validation split name: 8 local = False
 * Val Acc 87.500, Total time 3.34
test task 9, using model 9
validation split name: 9 local = False
 * Val Acc 88.229, Total time 3.38
Incremental class: Old valid output dimension: 90
Incremental class: New Valid output dimension: 100
Merging prompt with importance-based fusion...
=> Load Done
===global validation====
test task 1, using model 10
validation split name: 1 local = False
 * Val Acc 94.375, Total time 3.50
test task 2, using model 10
validation split name: 2 local = False
 * Val Acc 85.312, Total time 3.28
test task 3, using model 10
validation split name: 3 local = False
 * Val Acc 90.938, Total time 3.38
test task 4, using model 10
validation split name: 4 local = False
 * Val Acc 82.500, Total time 3.30
test task 5, using model 10
validation split name: 5 local = False
 * Val Acc 88.438, Total time 3.26
test task 6, using model 10
validation split name: 6 local = False
 * Val Acc 86.667, Total time 3.33
test task 7, using model 10
validation split name: 7 local = False
 * Val Acc 82.708, Total time 3.34
test task 8, using model 10
validation split name: 8 local = False
 * Val Acc 87.292, Total time 3.36
test task 9, using model 10
validation split name: 9 local = False
 * Val Acc 87.917, Total time 3.28
test task 10, using model 10
validation split name: 10 local = False
 * Val Acc 85.208, Total time 3.44
coda_forgetting= (np.float64(0.9354286081716618), np.float64(0.0))
general_forgetting= (np.float64(3.425925925925922), np.float64(0.0))
acctable, {'1': OrderedDict([('1', 99.27083333333333), ('2', 97.91666666666667), ('3', 97.39583333333333), ('4', 97.08333333333333), ('5', 96.97916666666667), ('6', 95.9375), ('7', 95.625), ('8', 94.6875), ('9', 94.6875), ('10', 94.375)]), '2': OrderedDict([('2', 92.1875), ('3', 88.75), ('4', 87.60416666666667), ('5', 87.29166666666667), ('6', 86.5625), ('7', 86.35416666666667), ('8', 85.83333333333333), ('9', 85.3125), ('10', 85.3125)]), '3': OrderedDict([('3', 96.14583333333333), ('4', 92.8125), ('5', 92.39583333333333), ('6', 92.1875), ('7', 91.875), ('8', 91.45833333333333), ('9', 91.04166666666667), ('10', 90.9375)]), '4': OrderedDict([('4', 88.64583333333333), ('5', 86.77083333333333), ('6', 84.27083333333333), ('7', 84.0625), ('8', 83.85416666666667), ('9', 83.33333333333333), ('10', 82.5)]), '5': OrderedDict([('5', 93.125), ('6', 92.29166666666667), ('7', 91.04166666666667), ('8', 89.58333333333333), ('9', 88.75), ('10', 88.4375)]), '6': OrderedDict([('6', 87.70833333333333), ('7', 87.1875), ('8', 86.97916666666667), ('9', 86.66666666666667), ('10', 86.66666666666667)]), '7': OrderedDict([('7', 83.95833333333333), ('8', 83.4375), ('9', 83.02083333333333), ('10', 82.70833333333333)]), '8': OrderedDict([('8', 87.70833333333333), ('9', 87.5), ('10', 87.29166666666667)]), '9': OrderedDict([('9', 88.22916666666667), ('10', 87.91666666666667)]), '10': OrderedDict([('10', 85.20833333333333)])}
dropmatrix: [[99.27083333333333, 97.91666666666667, 97.39583333333333, 97.08333333333333, 96.97916666666667, 95.9375, 95.625, 94.6875, 94.6875, 94.375], [92.1875, 88.75, 87.60416666666667, 87.29166666666667, 86.5625, 86.35416666666667, 85.83333333333333, 85.3125, 85.3125], [96.14583333333333, 92.8125, 92.39583333333333, 92.1875, 91.875, 91.45833333333333, 91.04166666666667, 90.9375], [88.64583333333333, 86.77083333333333, 84.27083333333333, 84.0625, 83.85416666666667, 83.33333333333333, 82.5], [93.125, 92.29166666666667, 91.04166666666667, 89.58333333333333, 88.75, 88.4375], [87.70833333333333, 87.1875, 86.97916666666667, 86.66666666666667, 86.66666666666667], [83.95833333333333, 83.4375, 83.02083333333333, 82.70833333333333], [87.70833333333333, 87.5, 87.29166666666667], [88.22916666666667, 87.91666666666667], [85.20833333333333]]
global acc [[99.27083333]
 [95.05208333]
 [94.09722222]
 [91.53645833]
 [91.3125    ]
 [89.82638889]
 [88.58630952]
 [87.94270833]
 [87.61574074]
 [87.13541667]]
pt acc [[[99.27083333]
  [97.91666667]
  [97.39583333]
  [97.08333333]
  [96.97916667]
  [95.9375    ]
  [95.625     ]
  [94.6875    ]
  [94.6875    ]
  [94.375     ]]

 [[ 0.        ]
  [92.1875    ]
  [88.75      ]
  [87.60416667]
  [87.29166667]
  [86.5625    ]
  [86.35416667]
  [85.83333333]
  [85.3125    ]
  [85.3125    ]]

 [[ 0.        ]
  [ 0.        ]
  [96.14583333]
  [92.8125    ]
  [92.39583333]
  [92.1875    ]
  [91.875     ]
  [91.45833333]
  [91.04166667]
  [90.9375    ]]

 [[ 0.        ]
  [ 0.        ]
  [ 0.        ]
  [88.64583333]
  [86.77083333]
  [84.27083333]
  [84.0625    ]
  [83.85416667]
  [83.33333333]
  [82.5       ]]

 [[ 0.        ]
  [ 0.        ]
  [ 0.        ]
  [ 0.        ]
  [93.125     ]
  [92.29166667]
  [91.04166667]
  [89.58333333]
  [88.75      ]
  [88.4375    ]]

 [[ 0.        ]
  [ 0.        ]
  [ 0.        ]
  [ 0.        ]
  [ 0.        ]
  [87.70833333]
  [87.1875    ]
  [86.97916667]
  [86.66666667]
  [86.66666667]]

 [[ 0.        ]
  [ 0.        ]
  [ 0.        ]
  [ 0.        ]
  [ 0.        ]
  [ 0.        ]
  [83.95833333]
  [83.4375    ]
  [83.02083333]
  [82.70833333]]

 [[ 0.        ]
  [ 0.        ]
  [ 0.        ]
  [ 0.        ]
  [ 0.        ]
  [ 0.        ]
  [ 0.        ]
  [87.70833333]
  [87.5       ]
  [87.29166667]]

 [[ 0.        ]
  [ 0.        ]
  [ 0.        ]
  [ 0.        ]
  [ 0.        ]
  [ 0.        ]
  [ 0.        ]
  [ 0.        ]
  [88.22916667]
  [87.91666667]]

 [[ 0.        ]
  [ 0.        ]
  [ 0.        ]
  [ 0.        ]
  [ 0.        ]
  [ 0.        ]
  [ 0.        ]
  [ 0.        ]
  [ 0.        ]
  [85.20833333]]]
===Summary of experiment repeats: 1 / 1 ===
acc  | mean: 87.13541666666666 std: 0.0
87.14 \pm 0.0
time  | mean: 0.12367897909930628 std: 0.0
0.12 \pm 0.0
[]
/root/miniconda3/envs/apt/lib/python3.10/site-packages/numpy/_core/fromnumeric.py:3860: RuntimeWarning: Mean of empty slice.
  return _methods._mean(a, axis=axis, dtype=dtype,
/root/miniconda3/envs/apt/lib/python3.10/site-packages/numpy/_core/_methods.py:145: RuntimeWarning: invalid value encountered in scalar divide
  ret = ret.dtype.type(ret / rcount)
/root/miniconda3/envs/apt/lib/python3.10/site-packages/numpy/_core/_methods.py:223: RuntimeWarning: Degrees of freedom <= 0 for slice
  ret = _var(a, axis=axis, dtype=dtype, out=out, ddof=ddof,
/root/miniconda3/envs/apt/lib/python3.10/site-packages/numpy/_core/_methods.py:181: RuntimeWarning: invalid value encountered in divide
  arrmean = um.true_divide(arrmean, div, out=arrmean,
/root/miniconda3/envs/apt/lib/python3.10/site-packages/numpy/_core/_methods.py:215: RuntimeWarning: invalid value encountered in scalar divide
  ret = ret.dtype.type(ret / rcount)
forgetting , nan \pm nan
