Namespace(dataset='CIFAR100', first_split_size=10, other_split_size=10, schedule_type='cosine', optimizer='Adam', momentum=0.9, weight_decay=0, model_type='zoo', model_name='vit_pt_imnet', max_task=-1, dataroot='data', workers=4, validation=False, train_aug=True, rand_split=True, k_patches=2, alpha_cls=0.7, alpha_patch=0.5, use_layer_wise=True, gpuid=[0], log_dir='./checkpoints/cifar-100-pa-apt-v2/seed1', learner_type='pa_apt_v2', learner_name='PA_APT_V2_Learner', debug_mode=0, repeat=1, overwrite=0, oracle_flag=False, upper_bound_flag=False, memory=0, temp=2.0, DW=False, prompt_param=['1', '1', '1'], seed=1, batch_size=64, lr=0.004, ema_coeff=0.7, schedule=30, config='configs/cifar-100_pa_apt_v2.yaml')
************************************
* STARTING TRIAL 1
************************************
=============================================
Shuffling....seed is 1
pre-shuffle:[0, 1, 2, 3, 4, 5, 6, 7, 8, 9, 10, 11, 12, 13, 14, 15, 16, 17, 18, 19, 20, 21, 22, 23, 24, 25, 26, 27, 28, 29, 30, 31, 32, 33, 34, 35, 36, 37, 38, 39, 40, 41, 42, 43, 44, 45, 46, 47, 48, 49, 50, 51, 52, 53, 54, 55, 56, 57, 58, 59, 60, 61, 62, 63, 64, 65, 66, 67, 68, 69, 70, 71, 72, 73, 74, 75, 76, 77, 78, 79, 80, 81, 82, 83, 84, 85, 86, 87, 88, 89, 90, 91, 92, 93, 94, 95, 96, 97, 98, 99]
post-shuffle:[53, 37, 65, 51, 4, 20, 38, 9, 10, 81, 44, 36, 84, 50, 96, 90, 66, 16, 80, 33, 24, 52, 91, 99, 64, 5, 58, 76, 39, 79, 23, 94, 30, 73, 25, 47, 31, 45, 19, 87, 42, 68, 95, 21, 7, 67, 46, 82, 11, 6, 41, 86, 88, 70, 18, 78, 71, 59, 43, 61, 22, 14, 35, 93, 56, 28, 98, 54, 27, 89, 1, 69, 74, 2, 85, 40, 13, 75, 29, 34, 92, 0, 77, 55, 49, 3, 62, 12, 26, 48, 83, 60, 57, 63, 15, 32, 8, 97, 72, 17]
=============================================
Files already downloaded and verified
*****************************************
====================== 1 =======================
Incremental class: Old valid output dimension: 0
Incremental class: New Valid output dimension: 10
/root/miniconda3/envs/apt/lib/python3.10/site-packages/torch/utils/data/dataloader.py:557: UserWarning: This DataLoader will create 4 worker processes in total. Our suggested max number of worker in current system is 3, which is smaller than what this DataLoader is going to create. Please be aware that excessive worker creation might get DataLoader running slow or even freeze, lower the worker number to avoid potential slowness/freeze if necessary.
  warnings.warn(_create_warning_msg(
Overwriting ...
/root/dl_project/Additive-Prompt-Tuning/learners/default.py:239: FutureWarning: You are using `torch.load` with `weights_only=False` (the current default value), which uses the default pickle module implicitly. It is possible to construct malicious pickle data which will execute arbitrary code during unpickling (See https://github.com/pytorch/pytorch/blob/main/SECURITY.md#untrusted-models for more details). In a future release, the default value for `weights_only` will be flipped to `True`. This limits the functions that could be executed during unpickling. Arbitrary objects will no longer be allowed to be loaded via this mode unless they are explicitly allowlisted by the user via `torch.serialization.add_safe_globals`. We recommend you start setting `weights_only=True` for any use case where you don't have full control of the loaded file. Please open an issue on GitHub for any issues related to this experimental feature.
  model_dict = torch.load(filename + 'class.pth')
Optimizer is reset!
*****************************************
LR: 0.004
Epoch:1/30
 * Loss 0.711 | Train Acc 76.002
LR: 0.004
Epoch:2/30
 * Loss 0.426 | Train Acc 85.817
LR: 0.003994250367686589
Epoch:3/30
 * Loss 0.378 | Train Acc 86.919
LR: 0.003977017999882228
Epoch:4/30
 * Loss 0.357 | Train Acc 88.161
LR: 0.0039483524364762965
Epoch:5/30
 * Loss 0.353 | Train Acc 88.081
LR: 0.003908336085693616
Epoch:6/30
 * Loss 0.316 | Train Acc 89.183
LR: 0.00385708398718595
Epoch:7/30
 * Loss 0.304 | Train Acc 90.144
LR: 0.003794743481314153
Epoch:8/30
 * Loss 0.300 | Train Acc 89.663
LR: 0.003721493785571721
Epoch:9/30
 * Loss 0.284 | Train Acc 90.665
LR: 0.00363754547936745
Epoch:10/30
 * Loss 0.302 | Train Acc 89.964
LR: 0.003543139898648343
Epoch:11/30
 * Loss 0.284 | Train Acc 90.665
LR: 0.003438548442103134
Epoch:12/30
 * Loss 0.275 | Train Acc 91.166
LR: 0.0033240717909409543
Epoch:13/30
 * Loss 0.289 | Train Acc 90.184
LR: 0.003200039044488128
Epoch:14/30
 * Loss 0.272 | Train Acc 90.465
LR: 0.00306680677408812
Epoch:15/30
 * Loss 0.267 | Train Acc 90.885
LR: 0.0029247579980244704
Epoch:16/30
 * Loss 0.275 | Train Acc 91.066
LR: 0.0027743010804136474
Epoch:17/30
 * Loss 0.270 | Train Acc 90.905
LR: 0.0026158685572332855
Epoch:18/30
 * Loss 0.263 | Train Acc 91.166
LR: 0.0024499158928607727
Epoch:19/30
 * Loss 0.260 | Train Acc 91.306
LR: 0.0022769201706968945
Epoch:20/30
 * Loss 0.239 | Train Acc 92.228
LR: 0.0020973787216387683
Epoch:21/30
 * Loss 0.258 | Train Acc 91.086
LR: 0.0019118076943449456
Epoch:22/30
 * Loss 0.264 | Train Acc 91.206
LR: 0.0017207405714029067
Epoch:23/30
 * Loss 0.259 | Train Acc 91.426
LR: 0.0015247266356647002
Epoch:24/30
 * Loss 0.240 | Train Acc 92.107
LR: 0.0013243293911597263
Epoch:25/30
 * Loss 0.244 | Train Acc 91.867
LR: 0.0011201249431242457
Epoch:26/30
 * Loss 0.244 | Train Acc 91.647
LR: 0.0009127003418047438
Epoch:27/30
 * Loss 0.247 | Train Acc 91.887
LR: 0.0007026518947963905
Epoch:28/30
 * Loss 0.224 | Train Acc 92.348
LR: 0.0004905834527683376
Epoch:29/30
 * Loss 0.242 | Train Acc 91.887
LR: 0.0002771046735040541
Epoch:30/30
 * Loss 0.230 | Train Acc 92.188
=> Saving class model to: ./checkpoints/cifar-100-pa-apt-v2/seed1/models/repeat-1/task-1/
=> Save Done
validation split name: 1 local = False
 * Val Acc 98.958, Total time 3.14
====================== 2 =======================
Incremental class: Old valid output dimension: 10
Incremental class: New Valid output dimension: 20
Overwriting ...
Optimizer is reset!
*****************************************
LR: 0.004
Epoch:1/30
 * Loss 0.577 | Train Acc 80.028
LR: 0.004
Epoch:2/30
 * Loss 0.438 | Train Acc 85.817
LR: 0.003994250367686589
Epoch:3/30
 * Loss 0.400 | Train Acc 86.338
LR: 0.003977017999882228
Epoch:4/30
 * Loss 0.394 | Train Acc 86.739
LR: 0.0039483524364762965
Epoch:5/30
 * Loss 0.381 | Train Acc 86.739
LR: 0.003908336085693616
Epoch:6/30
 * Loss 0.392 | Train Acc 87.179
LR: 0.00385708398718595
Epoch:7/30
 * Loss 0.386 | Train Acc 87.480
LR: 0.003794743481314153
Epoch:8/30
 * Loss 0.386 | Train Acc 87.340
LR: 0.003721493785571721
Epoch:9/30
 * Loss 0.364 | Train Acc 87.780
LR: 0.00363754547936745
Epoch:10/30
 * Loss 0.369 | Train Acc 87.540
LR: 0.003543139898648343
Epoch:11/30
 * Loss 0.351 | Train Acc 88.542
LR: 0.003438548442103134
Epoch:12/30
 * Loss 0.349 | Train Acc 88.141
LR: 0.0033240717909409543
Epoch:13/30
 * Loss 0.350 | Train Acc 88.261
LR: 0.003200039044488128
Epoch:14/30
 * Loss 0.316 | Train Acc 89.303
LR: 0.00306680677408812
Epoch:15/30
 * Loss 0.351 | Train Acc 88.041
LR: 0.0029247579980244704
Epoch:16/30
 * Loss 0.345 | Train Acc 88.622
LR: 0.0027743010804136474
Epoch:17/30
 * Loss 0.355 | Train Acc 88.261
LR: 0.0026158685572332855
Epoch:18/30
 * Loss 0.323 | Train Acc 88.482
LR: 0.0024499158928607727
Epoch:19/30
 * Loss 0.315 | Train Acc 89.483
LR: 0.0022769201706968945
Epoch:20/30
 * Loss 0.327 | Train Acc 88.902
LR: 0.0020973787216387683
Epoch:21/30
 * Loss 0.331 | Train Acc 88.542
LR: 0.0019118076943449456
Epoch:22/30
 * Loss 0.315 | Train Acc 89.563
LR: 0.0017207405714029067
Epoch:23/30
 * Loss 0.306 | Train Acc 89.403
LR: 0.0015247266356647002
Epoch:24/30
 * Loss 0.334 | Train Acc 88.401
LR: 0.0013243293911597263
Epoch:25/30
 * Loss 0.321 | Train Acc 90.124
LR: 0.0011201249431242457
Epoch:26/30
 * Loss 0.325 | Train Acc 88.802
LR: 0.0009127003418047438
Epoch:27/30
 * Loss 0.315 | Train Acc 89.143
LR: 0.0007026518947963905
Epoch:28/30
 * Loss 0.309 | Train Acc 89.403
LR: 0.0004905834527683376
Epoch:29/30
 * Loss 0.299 | Train Acc 89.944
LR: 0.0002771046735040541
Epoch:30/30
 * Loss 0.326 | Train Acc 89.303
Merging prompt ... 
Applied Selective PPF: alpha_cls=0.7, alpha_patch=0.5
=> Saving class model to: ./checkpoints/cifar-100-pa-apt-v2/seed1/models/repeat-1/task-2/
=> Save Done
validation split name: 1 local = False
 * Val Acc 97.500, Total time 3.11
validation split name: 2 local = False
 * Val Acc 93.021, Total time 3.09
====================== 3 =======================
Incremental class: Old valid output dimension: 20
Incremental class: New Valid output dimension: 30
Overwriting ...
Optimizer is reset!
*****************************************
LR: 0.004
Epoch:1/30
 * Loss 0.346 | Train Acc 89.243
LR: 0.004
Epoch:2/30
 * Loss 0.226 | Train Acc 93.049
LR: 0.003994250367686589
Epoch:3/30
 * Loss 0.233 | Train Acc 92.408
LR: 0.003977017999882228
Epoch:4/30
 * Loss 0.222 | Train Acc 92.949
LR: 0.0039483524364762965
Epoch:5/30
 * Loss 0.192 | Train Acc 94.091
LR: 0.003908336085693616
Epoch:6/30
 * Loss 0.204 | Train Acc 93.289
LR: 0.00385708398718595
Epoch:7/30
 * Loss 0.201 | Train Acc 93.670
LR: 0.003794743481314153
Epoch:8/30
 * Loss 0.207 | Train Acc 93.309
LR: 0.003721493785571721
Epoch:9/30
 * Loss 0.209 | Train Acc 93.490
LR: 0.00363754547936745
Epoch:10/30
 * Loss 0.199 | Train Acc 93.610
LR: 0.003543139898648343
Epoch:11/30
 * Loss 0.191 | Train Acc 93.530
LR: 0.003438548442103134
Epoch:12/30
 * Loss 0.193 | Train Acc 93.790
LR: 0.0033240717909409543
Epoch:13/30
 * Loss 0.176 | Train Acc 94.111
LR: 0.003200039044488128
Epoch:14/30
 * Loss 0.197 | Train Acc 93.510
LR: 0.00306680677408812
Epoch:15/30
 * Loss 0.190 | Train Acc 93.750
LR: 0.0029247579980244704
Epoch:16/30
 * Loss 0.176 | Train Acc 94.471
LR: 0.0027743010804136474
Epoch:17/30
 * Loss 0.176 | Train Acc 94.411
LR: 0.0026158685572332855
Epoch:18/30
 * Loss 0.188 | Train Acc 94.231
LR: 0.0024499158928607727
Epoch:19/30
 * Loss 0.184 | Train Acc 94.211
LR: 0.0022769201706968945
Epoch:20/30
 * Loss 0.181 | Train Acc 94.511
LR: 0.0020973787216387683
Epoch:21/30
 * Loss 0.176 | Train Acc 94.511
LR: 0.0019118076943449456
Epoch:22/30
 * Loss 0.164 | Train Acc 94.832
LR: 0.0017207405714029067
Epoch:23/30
 * Loss 0.171 | Train Acc 94.712
LR: 0.0015247266356647002
Epoch:24/30
 * Loss 0.162 | Train Acc 94.752
LR: 0.0013243293911597263
Epoch:25/30
 * Loss 0.183 | Train Acc 94.411
LR: 0.0011201249431242457
Epoch:26/30
 * Loss 0.173 | Train Acc 94.431
LR: 0.0009127003418047438
Epoch:27/30
 * Loss 0.169 | Train Acc 94.531
LR: 0.0007026518947963905
Epoch:28/30
 * Loss 0.174 | Train Acc 94.651
LR: 0.0004905834527683376
Epoch:29/30
 * Loss 0.154 | Train Acc 95.072
LR: 0.0002771046735040541
Epoch:30/30
 * Loss 0.161 | Train Acc 94.371
Merging prompt ... 
Applied Selective PPF: alpha_cls=0.7, alpha_patch=0.5
=> Saving class model to: ./checkpoints/cifar-100-pa-apt-v2/seed1/models/repeat-1/task-3/
=> Save Done
validation split name: 1 local = False
 * Val Acc 97.188, Total time 3.13
validation split name: 2 local = False
 * Val Acc 90.312, Total time 3.08
validation split name: 3 local = False
 * Val Acc 96.771, Total time 3.07
====================== 4 =======================
Incremental class: Old valid output dimension: 30
Incremental class: New Valid output dimension: 40
Overwriting ...
Optimizer is reset!
*****************************************
LR: 0.004
Epoch:1/30
 * Loss 0.466 | Train Acc 84.395
LR: 0.004
Epoch:2/30
 * Loss 0.334 | Train Acc 88.902
LR: 0.003994250367686589
Epoch:3/30
 * Loss 0.295 | Train Acc 90.084
LR: 0.003977017999882228
Epoch:4/30
 * Loss 0.291 | Train Acc 90.485
LR: 0.0039483524364762965
Epoch:5/30
 * Loss 0.283 | Train Acc 90.605
LR: 0.003908336085693616
Epoch:6/30
 * Loss 0.294 | Train Acc 90.304
LR: 0.00385708398718595
Epoch:7/30
 * Loss 0.282 | Train Acc 90.465
LR: 0.003794743481314153
Epoch:8/30
 * Loss 0.265 | Train Acc 91.306
LR: 0.003721493785571721
Epoch:9/30
 * Loss 0.277 | Train Acc 90.605
LR: 0.00363754547936745
Epoch:10/30
 * Loss 0.273 | Train Acc 90.705
LR: 0.003543139898648343
Epoch:11/30
 * Loss 0.280 | Train Acc 90.525
LR: 0.003438548442103134
Epoch:12/30
 * Loss 0.254 | Train Acc 91.607
LR: 0.0033240717909409543
Epoch:13/30
 * Loss 0.240 | Train Acc 92.147
LR: 0.003200039044488128
Epoch:14/30
 * Loss 0.249 | Train Acc 91.466
LR: 0.00306680677408812
Epoch:15/30
 * Loss 0.258 | Train Acc 90.946
LR: 0.0029247579980244704
Epoch:16/30
 * Loss 0.259 | Train Acc 91.086
LR: 0.0027743010804136474
Epoch:17/30
 * Loss 0.227 | Train Acc 92.248
LR: 0.0026158685572332855
Epoch:18/30
 * Loss 0.240 | Train Acc 91.987
LR: 0.0024499158928607727
Epoch:19/30
 * Loss 0.245 | Train Acc 91.867
LR: 0.0022769201706968945
Epoch:20/30
 * Loss 0.249 | Train Acc 91.486
LR: 0.0020973787216387683
Epoch:21/30
 * Loss 0.227 | Train Acc 92.668
LR: 0.0019118076943449456
Epoch:22/30
 * Loss 0.230 | Train Acc 92.147
LR: 0.0017207405714029067
Epoch:23/30
 * Loss 0.257 | Train Acc 91.086
LR: 0.0015247266356647002
Epoch:24/30
 * Loss 0.234 | Train Acc 92.268
LR: 0.0013243293911597263
Epoch:25/30
 * Loss 0.241 | Train Acc 91.667
LR: 0.0011201249431242457
Epoch:26/30
 * Loss 0.236 | Train Acc 92.027
LR: 0.0009127003418047438
Epoch:27/30
 * Loss 0.225 | Train Acc 92.648
LR: 0.0007026518947963905
Epoch:28/30
 * Loss 0.209 | Train Acc 92.668
LR: 0.0004905834527683376
Epoch:29/30
 * Loss 0.201 | Train Acc 93.169
LR: 0.0002771046735040541
Epoch:30/30
 * Loss 0.205 | Train Acc 92.929
Merging prompt ... 
Applied Selective PPF: alpha_cls=0.7, alpha_patch=0.5
=> Saving class model to: ./checkpoints/cifar-100-pa-apt-v2/seed1/models/repeat-1/task-4/
=> Save Done
validation split name: 1 local = False
 * Val Acc 96.875, Total time 3.21
validation split name: 2 local = False
 * Val Acc 88.438, Total time 3.10
validation split name: 3 local = False
 * Val Acc 93.021, Total time 3.09
validation split name: 4 local = False
 * Val Acc 90.104, Total time 3.12
====================== 5 =======================
Incremental class: Old valid output dimension: 40
Incremental class: New Valid output dimension: 50
Overwriting ...
Optimizer is reset!
*****************************************
LR: 0.004
Epoch:1/30
 * Loss 0.442 | Train Acc 85.196
LR: 0.004
Epoch:2/30
 * Loss 0.324 | Train Acc 88.962
LR: 0.003994250367686589
Epoch:3/30
 * Loss 0.292 | Train Acc 89.904
LR: 0.003977017999882228
Epoch:4/30
 * Loss 0.278 | Train Acc 90.425
LR: 0.0039483524364762965
Epoch:5/30
 * Loss 0.283 | Train Acc 90.385
LR: 0.003908336085693616
Epoch:6/30
 * Loss 0.275 | Train Acc 90.785
LR: 0.00385708398718595
Epoch:7/30
 * Loss 0.295 | Train Acc 89.824
LR: 0.003794743481314153
Epoch:8/30
 * Loss 0.262 | Train Acc 90.865
LR: 0.003721493785571721
Epoch:9/30
 * Loss 0.273 | Train Acc 90.685
LR: 0.00363754547936745
Epoch:10/30
 * Loss 0.271 | Train Acc 90.485
LR: 0.003543139898648343
Epoch:11/30
 * Loss 0.252 | Train Acc 91.807
LR: 0.003438548442103134
Epoch:12/30
 * Loss 0.279 | Train Acc 90.224
LR: 0.0033240717909409543
Epoch:13/30
 * Loss 0.252 | Train Acc 91.406
LR: 0.003200039044488128
Epoch:14/30
 * Loss 0.235 | Train Acc 92.107
LR: 0.00306680677408812
Epoch:15/30
 * Loss 0.226 | Train Acc 92.448
LR: 0.0029247579980244704
Epoch:16/30
 * Loss 0.236 | Train Acc 92.188
LR: 0.0027743010804136474
Epoch:17/30
 * Loss 0.251 | Train Acc 91.506
LR: 0.0026158685572332855
Epoch:18/30
 * Loss 0.232 | Train Acc 92.228
LR: 0.0024499158928607727
Epoch:19/30
 * Loss 0.239 | Train Acc 91.627
LR: 0.0022769201706968945
Epoch:20/30
 * Loss 0.236 | Train Acc 91.987
LR: 0.0020973787216387683
Epoch:21/30
 * Loss 0.240 | Train Acc 91.767
LR: 0.0019118076943449456
Epoch:22/30
 * Loss 0.226 | Train Acc 92.628
LR: 0.0017207405714029067
Epoch:23/30
 * Loss 0.225 | Train Acc 92.208
LR: 0.0015247266356647002
Epoch:24/30
 * Loss 0.234 | Train Acc 91.987
LR: 0.0013243293911597263
Epoch:25/30
 * Loss 0.213 | Train Acc 92.889
LR: 0.0011201249431242457
Epoch:26/30
 * Loss 0.238 | Train Acc 91.727
LR: 0.0009127003418047438
Epoch:27/30
 * Loss 0.229 | Train Acc 92.087
LR: 0.0007026518947963905
Epoch:28/30
 * Loss 0.236 | Train Acc 91.687
LR: 0.0004905834527683376
Epoch:29/30
 * Loss 0.211 | Train Acc 92.748
LR: 0.0002771046735040541
Epoch:30/30
 * Loss 0.208 | Train Acc 93.009
Merging prompt ... 
Applied Selective PPF: alpha_cls=0.7, alpha_patch=0.5
=> Saving class model to: ./checkpoints/cifar-100-pa-apt-v2/seed1/models/repeat-1/task-5/
=> Save Done
validation split name: 1 local = False
 * Val Acc 96.771, Total time 3.08
validation split name: 2 local = False
 * Val Acc 88.125, Total time 3.16
validation split name: 3 local = False
 * Val Acc 92.708, Total time 3.09
validation split name: 4 local = False
 * Val Acc 89.375, Total time 3.16
validation split name: 5 local = False
 * Val Acc 95.312, Total time 3.07
====================== 6 =======================
Incremental class: Old valid output dimension: 50
Incremental class: New Valid output dimension: 60
Overwriting ...
Optimizer is reset!
*****************************************
LR: 0.004
Epoch:1/30
 * Loss 0.323 | Train Acc 89.784
LR: 0.004
Epoch:2/30
 * Loss 0.218 | Train Acc 93.289
LR: 0.003994250367686589
Epoch:3/30
 * Loss 0.198 | Train Acc 93.470
LR: 0.003977017999882228
Epoch:4/30
 * Loss 0.195 | Train Acc 93.950
LR: 0.0039483524364762965
Epoch:5/30
 * Loss 0.191 | Train Acc 93.910
LR: 0.003908336085693616
Epoch:6/30
 * Loss 0.164 | Train Acc 94.812
LR: 0.00385708398718595
Epoch:7/30
 * Loss 0.166 | Train Acc 94.531
LR: 0.003794743481314153
Epoch:8/30
 * Loss 0.170 | Train Acc 94.411
LR: 0.003721493785571721
Epoch:9/30
 * Loss 0.166 | Train Acc 95.052
LR: 0.00363754547936745
Epoch:10/30
 * Loss 0.168 | Train Acc 94.271
LR: 0.003543139898648343
Epoch:11/30
 * Loss 0.172 | Train Acc 94.491
LR: 0.003438548442103134
Epoch:12/30
 * Loss 0.167 | Train Acc 94.671
LR: 0.0033240717909409543
Epoch:13/30
 * Loss 0.165 | Train Acc 95.012
LR: 0.003200039044488128
Epoch:14/30
 * Loss 0.158 | Train Acc 94.832
LR: 0.00306680677408812
Epoch:15/30
 * Loss 0.151 | Train Acc 94.952
LR: 0.0029247579980244704
Epoch:16/30
 * Loss 0.156 | Train Acc 95.032
LR: 0.0027743010804136474
Epoch:17/30
 * Loss 0.164 | Train Acc 94.671
LR: 0.0026158685572332855
Epoch:18/30
 * Loss 0.163 | Train Acc 94.732
LR: 0.0024499158928607727
Epoch:19/30
 * Loss 0.166 | Train Acc 94.832
LR: 0.0022769201706968945
Epoch:20/30
 * Loss 0.156 | Train Acc 95.232
LR: 0.0020973787216387683
Epoch:21/30
 * Loss 0.156 | Train Acc 95.072
LR: 0.0019118076943449456
Epoch:22/30
 * Loss 0.160 | Train Acc 94.752
LR: 0.0017207405714029067
Epoch:23/30
 * Loss 0.145 | Train Acc 95.473
LR: 0.0015247266356647002
Epoch:24/30
 * Loss 0.153 | Train Acc 94.631
LR: 0.0013243293911597263
Epoch:25/30
 * Loss 0.150 | Train Acc 95.132
LR: 0.0011201249431242457
Epoch:26/30
 * Loss 0.136 | Train Acc 95.613
LR: 0.0009127003418047438
Epoch:27/30
 * Loss 0.135 | Train Acc 95.753
LR: 0.0007026518947963905
Epoch:28/30
 * Loss 0.151 | Train Acc 95.112
LR: 0.0004905834527683376
Epoch:29/30
 * Loss 0.145 | Train Acc 95.212
LR: 0.0002771046735040541
Epoch:30/30
 * Loss 0.146 | Train Acc 95.353
Merging prompt ... 
Applied Selective PPF: alpha_cls=0.7, alpha_patch=0.5
=> Saving class model to: ./checkpoints/cifar-100-pa-apt-v2/seed1/models/repeat-1/task-6/
=> Save Done
validation split name: 1 local = False
 * Val Acc 95.312, Total time 3.10
validation split name: 2 local = False
 * Val Acc 87.083, Total time 3.22
validation split name: 3 local = False
 * Val Acc 92.292, Total time 3.18
validation split name: 4 local = False
 * Val Acc 86.875, Total time 3.08
validation split name: 5 local = False
 * Val Acc 94.375, Total time 3.20
validation split name: 6 local = False
 * Val Acc 90.729, Total time 3.20
====================== 7 =======================
Incremental class: Old valid output dimension: 60
Incremental class: New Valid output dimension: 70
Overwriting ...
Optimizer is reset!
*****************************************
LR: 0.004
Epoch:1/30
 * Loss 0.426 | Train Acc 85.697
LR: 0.004
Epoch:2/30
 * Loss 0.315 | Train Acc 89.223
LR: 0.003994250367686589
Epoch:3/30
 * Loss 0.291 | Train Acc 90.304
LR: 0.003977017999882228
Epoch:4/30
 * Loss 0.282 | Train Acc 90.385
LR: 0.0039483524364762965
Epoch:5/30
 * Loss 0.283 | Train Acc 89.984
LR: 0.003908336085693616
Epoch:6/30
 * Loss 0.281 | Train Acc 90.825
LR: 0.00385708398718595
Epoch:7/30
 * Loss 0.269 | Train Acc 90.905
LR: 0.003794743481314153
Epoch:8/30
 * Loss 0.267 | Train Acc 90.685
LR: 0.003721493785571721
Epoch:9/30
 * Loss 0.284 | Train Acc 90.224
LR: 0.00363754547936745
Epoch:10/30
 * Loss 0.254 | Train Acc 91.126
LR: 0.003543139898648343
Epoch:11/30
 * Loss 0.260 | Train Acc 91.166
LR: 0.003438548442103134
Epoch:12/30
 * Loss 0.262 | Train Acc 91.166
LR: 0.0033240717909409543
Epoch:13/30
 * Loss 0.247 | Train Acc 91.366
LR: 0.003200039044488128
Epoch:14/30
 * Loss 0.255 | Train Acc 91.246
LR: 0.00306680677408812
Epoch:15/30
 * Loss 0.252 | Train Acc 91.546
LR: 0.0029247579980244704
Epoch:16/30
 * Loss 0.244 | Train Acc 91.627
LR: 0.0027743010804136474
Epoch:17/30
 * Loss 0.260 | Train Acc 90.986
LR: 0.0026158685572332855
Epoch:18/30
 * Loss 0.237 | Train Acc 91.667
LR: 0.0024499158928607727
Epoch:19/30
 * Loss 0.231 | Train Acc 92.047
LR: 0.0022769201706968945
Epoch:20/30
 * Loss 0.236 | Train Acc 91.747
LR: 0.0020973787216387683
Epoch:21/30
 * Loss 0.236 | Train Acc 92.188
LR: 0.0019118076943449456
Epoch:22/30
 * Loss 0.229 | Train Acc 92.228
LR: 0.0017207405714029067
Epoch:23/30
 * Loss 0.216 | Train Acc 92.388
LR: 0.0015247266356647002
Epoch:24/30
 * Loss 0.227 | Train Acc 91.987
LR: 0.0013243293911597263
Epoch:25/30
 * Loss 0.218 | Train Acc 92.328
LR: 0.0011201249431242457
Epoch:26/30
 * Loss 0.232 | Train Acc 92.087
LR: 0.0009127003418047438
Epoch:27/30
 * Loss 0.215 | Train Acc 92.788
LR: 0.0007026518947963905
Epoch:28/30
 * Loss 0.227 | Train Acc 91.967
LR: 0.0004905834527683376
Epoch:29/30
 * Loss 0.228 | Train Acc 92.368
LR: 0.0002771046735040541
Epoch:30/30
 * Loss 0.227 | Train Acc 92.087
Merging prompt ... 
Applied Selective PPF: alpha_cls=0.7, alpha_patch=0.5
=> Saving class model to: ./checkpoints/cifar-100-pa-apt-v2/seed1/models/repeat-1/task-7/
=> Save Done
validation split name: 1 local = False
 * Val Acc 94.896, Total time 3.14
validation split name: 2 local = False
 * Val Acc 86.667, Total time 3.11
validation split name: 3 local = False
 * Val Acc 91.979, Total time 3.12
validation split name: 4 local = False
 * Val Acc 86.146, Total time 3.16
validation split name: 5 local = False
 * Val Acc 93.646, Total time 3.08
validation split name: 6 local = False
 * Val Acc 90.625, Total time 3.24
validation split name: 7 local = False
 * Val Acc 89.167, Total time 3.18
====================== 8 =======================
Incremental class: Old valid output dimension: 70
Incremental class: New Valid output dimension: 80
Overwriting ...
Optimizer is reset!
*****************************************
LR: 0.004
Epoch:1/30
 * Loss 0.421 | Train Acc 86.719
LR: 0.004
Epoch:2/30
 * Loss 0.295 | Train Acc 90.385
LR: 0.003994250367686589
Epoch:3/30
 * Loss 0.284 | Train Acc 91.026
LR: 0.003977017999882228
Epoch:4/30
 * Loss 0.291 | Train Acc 90.665
LR: 0.0039483524364762965
Epoch:5/30
 * Loss 0.272 | Train Acc 91.326
LR: 0.003908336085693616
Epoch:6/30
 * Loss 0.269 | Train Acc 91.426
LR: 0.00385708398718595
Epoch:7/30
 * Loss 0.259 | Train Acc 91.907
LR: 0.003794743481314153
Epoch:8/30
 * Loss 0.276 | Train Acc 91.026
LR: 0.003721493785571721
Epoch:9/30
 * Loss 0.270 | Train Acc 91.266
LR: 0.00363754547936745
Epoch:10/30
 * Loss 0.256 | Train Acc 92.147
LR: 0.003543139898648343
Epoch:11/30
 * Loss 0.248 | Train Acc 92.107
LR: 0.003438548442103134
Epoch:12/30
 * Loss 0.249 | Train Acc 91.827
LR: 0.0033240717909409543
Epoch:13/30
 * Loss 0.243 | Train Acc 92.007
LR: 0.003200039044488128
Epoch:14/30
 * Loss 0.253 | Train Acc 91.847
LR: 0.00306680677408812
Epoch:15/30
 * Loss 0.242 | Train Acc 92.167
LR: 0.0029247579980244704
Epoch:16/30
 * Loss 0.242 | Train Acc 92.388
LR: 0.0027743010804136474
Epoch:17/30
 * Loss 0.231 | Train Acc 92.127
LR: 0.0026158685572332855
Epoch:18/30
 * Loss 0.228 | Train Acc 92.348
LR: 0.0024499158928607727
Epoch:19/30
 * Loss 0.236 | Train Acc 92.328
LR: 0.0022769201706968945
Epoch:20/30
 * Loss 0.228 | Train Acc 92.488
LR: 0.0020973787216387683
Epoch:21/30
 * Loss 0.233 | Train Acc 92.067
LR: 0.0019118076943449456
Epoch:22/30
 * Loss 0.240 | Train Acc 92.188
LR: 0.0017207405714029067
Epoch:23/30
 * Loss 0.234 | Train Acc 92.548
LR: 0.0015247266356647002
Epoch:24/30
 * Loss 0.211 | Train Acc 92.889
LR: 0.0013243293911597263
Epoch:25/30
 * Loss 0.212 | Train Acc 92.969
LR: 0.0011201249431242457
Epoch:26/30
 * Loss 0.212 | Train Acc 93.029
LR: 0.0009127003418047438
Epoch:27/30
 * Loss 0.230 | Train Acc 92.728
LR: 0.0007026518947963905
Epoch:28/30
 * Loss 0.223 | Train Acc 92.508
LR: 0.0004905834527683376
Epoch:29/30
 * Loss 0.208 | Train Acc 93.129
LR: 0.0002771046735040541
Epoch:30/30
 * Loss 0.221 | Train Acc 93.309
Merging prompt ... 
Applied Selective PPF: alpha_cls=0.7, alpha_patch=0.5
=> Saving class model to: ./checkpoints/cifar-100-pa-apt-v2/seed1/models/repeat-1/task-8/
=> Save Done
validation split name: 1 local = False
 * Val Acc 93.438, Total time 3.23
validation split name: 2 local = False
 * Val Acc 85.104, Total time 3.15
validation split name: 3 local = False
 * Val Acc 91.562, Total time 3.08
validation split name: 4 local = False
 * Val Acc 85.521, Total time 3.09
validation split name: 5 local = False
 * Val Acc 91.354, Total time 3.15
validation split name: 6 local = False
 * Val Acc 90.208, Total time 3.09
validation split name: 7 local = False
 * Val Acc 87.604, Total time 3.09
validation split name: 8 local = False
 * Val Acc 93.229, Total time 3.08
====================== 9 =======================
Incremental class: Old valid output dimension: 80
Incremental class: New Valid output dimension: 90
Overwriting ...
Optimizer is reset!
*****************************************
LR: 0.004
Epoch:1/30
 * Loss 0.392 | Train Acc 86.899
LR: 0.004
Epoch:2/30
 * Loss 0.292 | Train Acc 89.824
LR: 0.003994250367686589
Epoch:3/30
 * Loss 0.266 | Train Acc 90.565
LR: 0.003977017999882228
Epoch:4/30
 * Loss 0.262 | Train Acc 91.146
LR: 0.0039483524364762965
Epoch:5/30
 * Loss 0.274 | Train Acc 90.805
LR: 0.003908336085693616
Epoch:6/30
 * Loss 0.240 | Train Acc 91.847
LR: 0.00385708398718595
Epoch:7/30
 * Loss 0.271 | Train Acc 90.805
LR: 0.003794743481314153
Epoch:8/30
 * Loss 0.225 | Train Acc 92.248
LR: 0.003721493785571721
Epoch:9/30
 * Loss 0.246 | Train Acc 91.106
LR: 0.00363754547936745
Epoch:10/30
 * Loss 0.237 | Train Acc 91.667
LR: 0.003543139898648343
Epoch:11/30
 * Loss 0.219 | Train Acc 92.228
LR: 0.003438548442103134
Epoch:12/30
 * Loss 0.233 | Train Acc 92.167
LR: 0.0033240717909409543
Epoch:13/30
 * Loss 0.230 | Train Acc 92.047
LR: 0.003200039044488128
Epoch:14/30
 * Loss 0.243 | Train Acc 91.526
LR: 0.00306680677408812
Epoch:15/30
 * Loss 0.236 | Train Acc 91.887
LR: 0.0029247579980244704
Epoch:16/30
 * Loss 0.236 | Train Acc 91.867
LR: 0.0027743010804136474
Epoch:17/30
 * Loss 0.228 | Train Acc 92.368
LR: 0.0026158685572332855
Epoch:18/30
 * Loss 0.234 | Train Acc 91.967
LR: 0.0024499158928607727
Epoch:19/30
 * Loss 0.238 | Train Acc 92.047
LR: 0.0022769201706968945
Epoch:20/30
 * Loss 0.224 | Train Acc 92.147
LR: 0.0020973787216387683
Epoch:21/30
 * Loss 0.219 | Train Acc 92.448
LR: 0.0019118076943449456
Epoch:22/30
 * Loss 0.220 | Train Acc 92.608
LR: 0.0017207405714029067
Epoch:23/30
 * Loss 0.221 | Train Acc 92.167
LR: 0.0015247266356647002
Epoch:24/30
 * Loss 0.206 | Train Acc 93.089
LR: 0.0013243293911597263
Epoch:25/30
 * Loss 0.218 | Train Acc 92.007
LR: 0.0011201249431242457
Epoch:26/30
 * Loss 0.205 | Train Acc 92.688
LR: 0.0009127003418047438
Epoch:27/30
 * Loss 0.229 | Train Acc 92.368
LR: 0.0007026518947963905
Epoch:28/30
 * Loss 0.219 | Train Acc 92.548
LR: 0.0004905834527683376
Epoch:29/30
 * Loss 0.204 | Train Acc 92.768
LR: 0.0002771046735040541
Epoch:30/30
 * Loss 0.198 | Train Acc 93.289
Merging prompt ... 
Applied Selective PPF: alpha_cls=0.7, alpha_patch=0.5
=> Saving class model to: ./checkpoints/cifar-100-pa-apt-v2/seed1/models/repeat-1/task-9/
=> Save Done
validation split name: 1 local = False
 * Val Acc 92.396, Total time 3.20
validation split name: 2 local = False
 * Val Acc 83.854, Total time 3.09
validation split name: 3 local = False
 * Val Acc 91.250, Total time 3.16
validation split name: 4 local = False
 * Val Acc 84.896, Total time 3.07
validation split name: 5 local = False
 * Val Acc 90.312, Total time 3.08
validation split name: 6 local = False
 * Val Acc 90.104, Total time 3.14
validation split name: 7 local = False
 * Val Acc 86.875, Total time 3.14
validation split name: 8 local = False
 * Val Acc 93.021, Total time 3.13
validation split name: 9 local = False
 * Val Acc 92.708, Total time 3.12
====================== 10 =======================
Incremental class: Old valid output dimension: 90
Incremental class: New Valid output dimension: 100
Overwriting ...
Optimizer is reset!
*****************************************
LR: 0.004
Epoch:1/30
 * Loss 0.414 | Train Acc 86.639
LR: 0.004
Epoch:2/30
 * Loss 0.308 | Train Acc 89.804
LR: 0.003994250367686589
Epoch:3/30
 * Loss 0.281 | Train Acc 90.385
LR: 0.003977017999882228
Epoch:4/30
 * Loss 0.278 | Train Acc 90.565
LR: 0.0039483524364762965
Epoch:5/30
 * Loss 0.290 | Train Acc 90.284
LR: 0.003908336085693616
Epoch:6/30
 * Loss 0.282 | Train Acc 90.485
LR: 0.00385708398718595
Epoch:7/30
 * Loss 0.260 | Train Acc 91.106
LR: 0.003794743481314153
Epoch:8/30
 * Loss 0.270 | Train Acc 90.705
LR: 0.003721493785571721
Epoch:9/30
 * Loss 0.262 | Train Acc 91.486
LR: 0.00363754547936745
Epoch:10/30
 * Loss 0.259 | Train Acc 91.306
LR: 0.003543139898648343
Epoch:11/30
 * Loss 0.245 | Train Acc 91.707
LR: 0.003438548442103134
Epoch:12/30
 * Loss 0.231 | Train Acc 92.708
LR: 0.0033240717909409543
Epoch:13/30
 * Loss 0.243 | Train Acc 91.727
LR: 0.003200039044488128
Epoch:14/30
 * Loss 0.235 | Train Acc 92.308
LR: 0.00306680677408812
Epoch:15/30
 * Loss 0.233 | Train Acc 92.328
LR: 0.0029247579980244704
Epoch:16/30
 * Loss 0.235 | Train Acc 92.228
LR: 0.0027743010804136474
Epoch:17/30
 * Loss 0.232 | Train Acc 92.328
LR: 0.0026158685572332855
Epoch:18/30
 * Loss 0.224 | Train Acc 92.688
LR: 0.0024499158928607727
Epoch:19/30
 * Loss 0.204 | Train Acc 93.229
LR: 0.0022769201706968945
Epoch:20/30
 * Loss 0.222 | Train Acc 92.508
LR: 0.0020973787216387683
Epoch:21/30
 * Loss 0.225 | Train Acc 92.468
LR: 0.0019118076943449456
Epoch:22/30
 * Loss 0.249 | Train Acc 91.867
LR: 0.0017207405714029067
Epoch:23/30
 * Loss 0.236 | Train Acc 92.228
LR: 0.0015247266356647002
Epoch:24/30
 * Loss 0.215 | Train Acc 92.748
LR: 0.0013243293911597263
Epoch:25/30
 * Loss 0.211 | Train Acc 93.049
LR: 0.0011201249431242457
Epoch:26/30
 * Loss 0.216 | Train Acc 92.989
LR: 0.0009127003418047438
Epoch:27/30
 * Loss 0.207 | Train Acc 92.889
LR: 0.0007026518947963905
Epoch:28/30
 * Loss 0.202 | Train Acc 93.690
LR: 0.0004905834527683376
Epoch:29/30
 * Loss 0.210 | Train Acc 93.149
LR: 0.0002771046735040541
Epoch:30/30
 * Loss 0.208 | Train Acc 93.149
Merging prompt ... 
Applied Selective PPF: alpha_cls=0.7, alpha_patch=0.5
=> Saving class model to: ./checkpoints/cifar-100-pa-apt-v2/seed1/models/repeat-1/task-10/
=> Save Done
validation split name: 1 local = False
 * Val Acc 91.979, Total time 3.14
validation split name: 2 local = False
 * Val Acc 83.333, Total time 3.12
validation split name: 3 local = False
 * Val Acc 90.938, Total time 3.22
validation split name: 4 local = False
 * Val Acc 83.958, Total time 3.09
validation split name: 5 local = False
 * Val Acc 89.271, Total time 3.10
validation split name: 6 local = False
 * Val Acc 89.896, Total time 3.20
validation split name: 7 local = False
 * Val Acc 86.562, Total time 3.18
validation split name: 8 local = False
 * Val Acc 92.708, Total time 3.24
validation split name: 9 local = False
 * Val Acc 92.292, Total time 3.11
validation split name: 10 local = False
 * Val Acc 88.958, Total time 3.10
*****************************************
Incremental class: Old valid output dimension: 0
Incremental class: New Valid output dimension: 10
=> Load Done
===global validation====
test task 1, using model 1
validation split name: 1 local = False
 * Val Acc 98.958, Total time 3.12
Incremental class: Old valid output dimension: 10
Incremental class: New Valid output dimension: 20
=> Load Done
===global validation====
test task 1, using model 2
validation split name: 1 local = False
 * Val Acc 97.500, Total time 3.08
test task 2, using model 2
validation split name: 2 local = False
 * Val Acc 93.021, Total time 3.18
Incremental class: Old valid output dimension: 20
Incremental class: New Valid output dimension: 30
=> Load Done
===global validation====
test task 1, using model 3
validation split name: 1 local = False
 * Val Acc 97.188, Total time 3.10
test task 2, using model 3
validation split name: 2 local = False
 * Val Acc 90.312, Total time 3.14
test task 3, using model 3
validation split name: 3 local = False
 * Val Acc 96.771, Total time 3.12
Incremental class: Old valid output dimension: 30
Incremental class: New Valid output dimension: 40
=> Load Done
===global validation====
test task 1, using model 4
validation split name: 1 local = False
 * Val Acc 96.875, Total time 3.12
test task 2, using model 4
validation split name: 2 local = False
 * Val Acc 88.438, Total time 3.07
test task 3, using model 4
validation split name: 3 local = False
 * Val Acc 93.021, Total time 3.17
test task 4, using model 4
validation split name: 4 local = False
 * Val Acc 90.104, Total time 3.11
Incremental class: Old valid output dimension: 40
Incremental class: New Valid output dimension: 50
=> Load Done
===global validation====
test task 1, using model 5
validation split name: 1 local = False
 * Val Acc 96.771, Total time 3.24
test task 2, using model 5
validation split name: 2 local = False
 * Val Acc 88.125, Total time 3.20
test task 3, using model 5
validation split name: 3 local = False
 * Val Acc 92.708, Total time 3.10
test task 4, using model 5
validation split name: 4 local = False
 * Val Acc 89.375, Total time 3.07
test task 5, using model 5
validation split name: 5 local = False
 * Val Acc 95.312, Total time 3.08
Incremental class: Old valid output dimension: 50
Incremental class: New Valid output dimension: 60
=> Load Done
===global validation====
test task 1, using model 6
validation split name: 1 local = False
 * Val Acc 95.312, Total time 3.18
test task 2, using model 6
validation split name: 2 local = False
 * Val Acc 87.083, Total time 3.20
test task 3, using model 6
validation split name: 3 local = False
 * Val Acc 92.292, Total time 3.15
test task 4, using model 6
validation split name: 4 local = False
 * Val Acc 86.875, Total time 3.08
test task 5, using model 6
validation split name: 5 local = False
 * Val Acc 94.375, Total time 3.08
test task 6, using model 6
validation split name: 6 local = False
 * Val Acc 90.729, Total time 3.20
Incremental class: Old valid output dimension: 60
Incremental class: New Valid output dimension: 70
=> Load Done
===global validation====
test task 1, using model 7
validation split name: 1 local = False
 * Val Acc 94.896, Total time 3.17
test task 2, using model 7
validation split name: 2 local = False
 * Val Acc 86.667, Total time 3.22
test task 3, using model 7
validation split name: 3 local = False
 * Val Acc 91.979, Total time 3.26
test task 4, using model 7
validation split name: 4 local = False
 * Val Acc 86.146, Total time 3.23
test task 5, using model 7
validation split name: 5 local = False
 * Val Acc 93.646, Total time 3.09
test task 6, using model 7
validation split name: 6 local = False
 * Val Acc 90.625, Total time 3.17
test task 7, using model 7
validation split name: 7 local = False
 * Val Acc 89.167, Total time 3.20
Incremental class: Old valid output dimension: 70
Incremental class: New Valid output dimension: 80
=> Load Done
===global validation====
test task 1, using model 8
validation split name: 1 local = False
 * Val Acc 93.438, Total time 3.24
test task 2, using model 8
validation split name: 2 local = False
 * Val Acc 85.104, Total time 3.18
test task 3, using model 8
validation split name: 3 local = False
 * Val Acc 91.562, Total time 3.13
test task 4, using model 8
validation split name: 4 local = False
 * Val Acc 85.521, Total time 3.10
test task 5, using model 8
validation split name: 5 local = False
 * Val Acc 91.354, Total time 3.20
test task 6, using model 8
validation split name: 6 local = False
 * Val Acc 90.208, Total time 3.09
test task 7, using model 8
validation split name: 7 local = False
 * Val Acc 87.604, Total time 3.12
test task 8, using model 8
validation split name: 8 local = False
 * Val Acc 93.229, Total time 3.12
Incremental class: Old valid output dimension: 80
Incremental class: New Valid output dimension: 90
=> Load Done
===global validation====
test task 1, using model 9
validation split name: 1 local = False
 * Val Acc 92.396, Total time 3.12
test task 2, using model 9
validation split name: 2 local = False
 * Val Acc 83.854, Total time 3.12
test task 3, using model 9
validation split name: 3 local = False
 * Val Acc 91.250, Total time 3.22
test task 4, using model 9
validation split name: 4 local = False
 * Val Acc 84.896, Total time 3.06
test task 5, using model 9
validation split name: 5 local = False
 * Val Acc 90.312, Total time 3.12
test task 6, using model 9
validation split name: 6 local = False
 * Val Acc 90.104, Total time 3.08
test task 7, using model 9
validation split name: 7 local = False
 * Val Acc 86.875, Total time 3.16
test task 8, using model 9
validation split name: 8 local = False
 * Val Acc 93.021, Total time 3.20
test task 9, using model 9
validation split name: 9 local = False
 * Val Acc 92.708, Total time 3.07
Incremental class: Old valid output dimension: 90
Incremental class: New Valid output dimension: 100
=> Load Done
===global validation====
test task 1, using model 10
validation split name: 1 local = False
 * Val Acc 91.979, Total time 3.20
test task 2, using model 10
validation split name: 2 local = False
 * Val Acc 83.333, Total time 3.17
test task 3, using model 10
validation split name: 3 local = False
 * Val Acc 90.938, Total time 3.24
test task 4, using model 10
validation split name: 4 local = False
 * Val Acc 83.958, Total time 3.24
test task 5, using model 10
validation split name: 5 local = False
 * Val Acc 89.271, Total time 3.25
test task 6, using model 10
validation split name: 6 local = False
 * Val Acc 89.896, Total time 3.17
test task 7, using model 10
validation split name: 7 local = False
 * Val Acc 86.562, Total time 3.09
test task 8, using model 10
validation split name: 8 local = False
 * Val Acc 92.708, Total time 3.21
test task 9, using model 10
validation split name: 9 local = False
 * Val Acc 92.292, Total time 3.11
test task 10, using model 10
validation split name: 10 local = False
 * Val Acc 88.958, Total time 3.19
coda_forgetting= (np.float64(1.0429940108759546), np.float64(0.0))
general_forgetting= (np.float64(4.3402777777777795), np.float64(0.0))
acctable, {'1': OrderedDict([('1', 98.95833333333333), ('2', 97.5), ('3', 97.1875), ('4', 96.875), ('5', 96.77083333333333), ('6', 95.3125), ('7', 94.89583333333333), ('8', 93.4375), ('9', 92.39583333333333), ('10', 91.97916666666667)]), '2': OrderedDict([('2', 93.02083333333333), ('3', 90.3125), ('4', 88.4375), ('5', 88.125), ('6', 87.08333333333333), ('7', 86.66666666666667), ('8', 85.10416666666667), ('9', 83.85416666666667), ('10', 83.33333333333333)]), '3': OrderedDict([('3', 96.77083333333333), ('4', 93.02083333333333), ('5', 92.70833333333333), ('6', 92.29166666666667), ('7', 91.97916666666667), ('8', 91.5625), ('9', 91.25), ('10', 90.9375)]), '4': OrderedDict([('4', 90.10416666666667), ('5', 89.375), ('6', 86.875), ('7', 86.14583333333333), ('8', 85.52083333333333), ('9', 84.89583333333333), ('10', 83.95833333333333)]), '5': OrderedDict([('5', 95.3125), ('6', 94.375), ('7', 93.64583333333333), ('8', 91.35416666666667), ('9', 90.3125), ('10', 89.27083333333333)]), '6': OrderedDict([('6', 90.72916666666667), ('7', 90.625), ('8', 90.20833333333333), ('9', 90.10416666666667), ('10', 89.89583333333333)]), '7': OrderedDict([('7', 89.16666666666667), ('8', 87.60416666666667), ('9', 86.875), ('10', 86.5625)]), '8': OrderedDict([('8', 93.22916666666667), ('9', 93.02083333333333), ('10', 92.70833333333333)]), '9': OrderedDict([('9', 92.70833333333333), ('10', 92.29166666666667)]), '10': OrderedDict([('10', 88.95833333333333)])}
dropmatrix: [[98.95833333333333, 97.5, 97.1875, 96.875, 96.77083333333333, 95.3125, 94.89583333333333, 93.4375, 92.39583333333333, 91.97916666666667], [93.02083333333333, 90.3125, 88.4375, 88.125, 87.08333333333333, 86.66666666666667, 85.10416666666667, 83.85416666666667, 83.33333333333333], [96.77083333333333, 93.02083333333333, 92.70833333333333, 92.29166666666667, 91.97916666666667, 91.5625, 91.25, 90.9375], [90.10416666666667, 89.375, 86.875, 86.14583333333333, 85.52083333333333, 84.89583333333333, 83.95833333333333], [95.3125, 94.375, 93.64583333333333, 91.35416666666667, 90.3125, 89.27083333333333], [90.72916666666667, 90.625, 90.20833333333333, 90.10416666666667, 89.89583333333333], [89.16666666666667, 87.60416666666667, 86.875, 86.5625], [93.22916666666667, 93.02083333333333, 92.70833333333333], [92.70833333333333, 92.29166666666667], [88.95833333333333]]
global acc [[98.95833333]
 [95.26041667]
 [94.75694444]
 [92.109375  ]
 [92.45833333]
 [91.11111111]
 [90.44642857]
 [89.75260417]
 [89.49074074]
 [88.98958333]]
pt acc [[[98.95833333]
  [97.5       ]
  [97.1875    ]
  [96.875     ]
  [96.77083333]
  [95.3125    ]
  [94.89583333]
  [93.4375    ]
  [92.39583333]
  [91.97916667]]

 [[ 0.        ]
  [93.02083333]
  [90.3125    ]
  [88.4375    ]
  [88.125     ]
  [87.08333333]
  [86.66666667]
  [85.10416667]
  [83.85416667]
  [83.33333333]]

 [[ 0.        ]
  [ 0.        ]
  [96.77083333]
  [93.02083333]
  [92.70833333]
  [92.29166667]
  [91.97916667]
  [91.5625    ]
  [91.25      ]
  [90.9375    ]]

 [[ 0.        ]
  [ 0.        ]
  [ 0.        ]
  [90.10416667]
  [89.375     ]
  [86.875     ]
  [86.14583333]
  [85.52083333]
  [84.89583333]
  [83.95833333]]

 [[ 0.        ]
  [ 0.        ]
  [ 0.        ]
  [ 0.        ]
  [95.3125    ]
  [94.375     ]
  [93.64583333]
  [91.35416667]
  [90.3125    ]
  [89.27083333]]

 [[ 0.        ]
  [ 0.        ]
  [ 0.        ]
  [ 0.        ]
  [ 0.        ]
  [90.72916667]
  [90.625     ]
  [90.20833333]
  [90.10416667]
  [89.89583333]]

 [[ 0.        ]
  [ 0.        ]
  [ 0.        ]
  [ 0.        ]
  [ 0.        ]
  [ 0.        ]
  [89.16666667]
  [87.60416667]
  [86.875     ]
  [86.5625    ]]

 [[ 0.        ]
  [ 0.        ]
  [ 0.        ]
  [ 0.        ]
  [ 0.        ]
  [ 0.        ]
  [ 0.        ]
  [93.22916667]
  [93.02083333]
  [92.70833333]]

 [[ 0.        ]
  [ 0.        ]
  [ 0.        ]
  [ 0.        ]
  [ 0.        ]
  [ 0.        ]
  [ 0.        ]
  [ 0.        ]
  [92.70833333]
  [92.29166667]]

 [[ 0.        ]
  [ 0.        ]
  [ 0.        ]
  [ 0.        ]
  [ 0.        ]
  [ 0.        ]
  [ 0.        ]
  [ 0.        ]
  [ 0.        ]
  [88.95833333]]]
===Summary of experiment repeats: 1 / 1 ===
acc  | mean: 88.98958333333334 std: 0.0
88.99 \pm 0.0
time  | mean: 0.12407579136709881 std: 0.0
0.12 \pm 0.0
[]
/root/miniconda3/envs/apt/lib/python3.10/site-packages/numpy/_core/fromnumeric.py:3860: RuntimeWarning: Mean of empty slice.
  return _methods._mean(a, axis=axis, dtype=dtype,
/root/miniconda3/envs/apt/lib/python3.10/site-packages/numpy/_core/_methods.py:145: RuntimeWarning: invalid value encountered in scalar divide
  ret = ret.dtype.type(ret / rcount)
/root/miniconda3/envs/apt/lib/python3.10/site-packages/numpy/_core/_methods.py:223: RuntimeWarning: Degrees of freedom <= 0 for slice
  ret = _var(a, axis=axis, dtype=dtype, out=out, ddof=ddof,
/root/miniconda3/envs/apt/lib/python3.10/site-packages/numpy/_core/_methods.py:181: RuntimeWarning: invalid value encountered in divide
  arrmean = um.true_divide(arrmean, div, out=arrmean,
/root/miniconda3/envs/apt/lib/python3.10/site-packages/numpy/_core/_methods.py:215: RuntimeWarning: invalid value encountered in scalar divide
  ret = ret.dtype.type(ret / rcount)
forgetting , nan \pm nan
